This file contains any messages produced by compilers while
running configure, to aid debugging if configure makes a mistake.

configure:637: checking host system type
configure:658: checking target system type
configure:676: checking build system type
configure:701: checking cached system tuple
configure:730: checking for a BSD compatible install
configure:783: checking whether build environment is sane
configure:855: checking for gawk
configure:885: checking whether make sets ${MAKE}
configure:1014: checking whether to enable maintainer-specific portions of Makefiles
configure:1044: checking for style of include used by make
configure:1062: checking how to run the C preprocessor
configure:1083: cc -E  conftest.c >/dev/null 2>conftest.out
configure:1213: checking for ranlib
configure:1243: checking for gcc
configure:1356: checking whether the C compiler (gcc -O3 -march=i686 -fmessage-length=0 -funroll-all-loops -fomit-frame-pointer -malign-loops=2 -malign-jumps=2 -malign-functions=2 -I/usr/local/include ) works
configure:1372: gcc -o conftest -O3 -march=i686 -fmessage-length=0 -funroll-all-loops -fomit-frame-pointer -malign-loops=2 -malign-jumps=2 -malign-functions=2 -I/usr/local/include   conftest.c  1>&5
configure:1398: checking whether the C compiler (gcc -O3 -march=i686 -fmessage-length=0 -funroll-all-loops -fomit-frame-pointer -malign-loops=2 -malign-jumps=2 -malign-functions=2 -I/usr/local/include ) is a cross-compiler
configure:1403: checking whether we are using GNU C
configure:1412: gcc -E conftest.c
configure:1431: checking whether gcc accepts -g
configure:1468: checking dependency style of gcc
configure:1541: checking for ld used by GCC
configure:1603: checking if the linker (/usr/bin/ld) is GNU ld
GNU ld version 2.10.90 (with BFD 2.10.0.18)
configure:1619: checking for BSD-compatible nm
configure:1655: checking whether ln -s works
ltconfig:603: checking for object suffix
ltconfig:604: gcc -c -O3 -march=i686 -fmessage-length=0 -funroll-all-loops -fomit-frame-pointer -malign-loops=2 -malign-jumps=2 -malign-functions=2 -I/usr/local/include  conftest.c 1>&5
ltconfig:629: checking for executable suffix
ltconfig:630: gcc -o conftest -O3 -march=i686 -fmessage-length=0 -funroll-all-loops -fomit-frame-pointer -malign-loops=2 -malign-jumps=2 -malign-functions=2 -I/usr/local/include   conftest.c  1>&5
ltconfig:776: checking if gcc PIC flag -fPIC works
ltconfig:777: gcc -c -O3 -march=i686 -fmessage-length=0 -funroll-all-loops -fomit-frame-pointer -malign-loops=2 -malign-jumps=2 -malign-functions=2 -I/usr/local/include -fPIC -DPIC  conftest.c 1>&5
ltconfig:829: checking if gcc supports -c -o file.o
ltconfig:830: gcc -c -O3 -march=i686 -fmessage-length=0 -funroll-all-loops -fomit-frame-pointer -malign-loops=2 -malign-jumps=2 -malign-functions=2 -I/usr/local/include -o out/conftest2.o  conftest.c 1>&5
ltconfig:862: checking if gcc supports -c -o file.lo
ltconfig:863: gcc -c -O3 -march=i686 -fmessage-length=0 -funroll-all-loops -fomit-frame-pointer -malign-loops=2 -malign-jumps=2 -malign-functions=2 -I/usr/local/include -c -o conftest.lo  conftest.c 1>&5
ltconfig:914: checking if gcc supports -fno-rtti -fno-exceptions
ltconfig:915: gcc -c -O3 -march=i686 -fmessage-length=0 -funroll-all-loops -fomit-frame-pointer -malign-loops=2 -malign-jumps=2 -malign-functions=2 -I/usr/local/include -fno-rtti -fno-exceptions -c conftest.c  conftest.c 1>&5
ltconfig:958: checking if gcc static flag -static works
ltconfig:959: gcc -o conftest -O3 -march=i686 -fmessage-length=0 -funroll-all-loops -fomit-frame-pointer -malign-loops=2 -malign-jumps=2 -malign-functions=2 -I/usr/local/include   -static conftest.c  1>&5
GNU ld version 2.10.90 (with BFD 2.10.0.18)
ltconfig:1635: checking if global_symbol_pipe works
ltconfig:1636: gcc -c -O3 -march=i686 -fmessage-length=0 -funroll-all-loops -fomit-frame-pointer -malign-loops=2 -malign-jumps=2 -malign-functions=2 -I/usr/local/include  conftest.c 1>&5
ltconfig:1639: eval "/usr/bin/nm -B conftest.o | sed -n -e 's/^.*[ 	]\([ABCDGISTW]\)[ 	][ 	]*\(\)\([_A-Za-z][_A-Za-z0-9]*\)$/\1 \2\3 \3/p' > conftest.nm"
ltconfig:1691: gcc -o conftest -O3 -march=i686 -fmessage-length=0 -funroll-all-loops -fomit-frame-pointer -malign-loops=2 -malign-jumps=2 -malign-functions=2 -I/usr/local/include -fno-builtin -fno-rtti -fno-exceptions   conftest.c conftstm.o 1>&5
configure:1849: checking for AIX
configure:1873: checking for POSIXized ISC
configure:1895: checking for minix/config.h
configure:1905: cc -E  conftest.c >/dev/null 2>conftest.out
configure:1901:26: minix/config.h: No such file or directory
configure: failed program was:
#line 1900 "configure"
#include "confdefs.h"
#include <minix/config.h>
configure:1943: checking for Cygwin environment
configure:1959: gcc -c -O3 -march=i686 -fmessage-length=0 -funroll-all-loops -fomit-frame-pointer -malign-loops=2 -malign-jumps=2 -malign-functions=2 -I/usr/local/include  conftest.c 1>&5
configure: In function `main':
configure:1955: `__CYGWIN32__' undeclared (first use in this function)
configure:1955: (Each undeclared identifier is reported only once
configure:1955: for each function it appears in.)
configure: failed program was:
#line 1948 "configure"
#include "confdefs.h"

int main() {

#ifndef __CYGWIN__
#define __CYGWIN__ __CYGWIN32__
#endif
return __CYGWIN__;
; return 0; }
configure:1976: checking for mingw32 environment
configure:1988: gcc -c -O3 -march=i686 -fmessage-length=0 -funroll-all-loops -fomit-frame-pointer -malign-loops=2 -malign-jumps=2 -malign-functions=2 -I/usr/local/include  conftest.c 1>&5
configure: In function `main':
configure:1984: `__MINGW32__' undeclared (first use in this function)
configure:1984: (Each undeclared identifier is reported only once
configure:1984: for each function it appears in.)
configure: failed program was:
#line 1981 "configure"
#include "confdefs.h"

int main() {
return __MINGW32__;
; return 0; }
configure:2007: checking for executable suffix
configure:2051: checking for gcc option to accept ANSI C
configure:2105: gcc  -c -O3 -march=i686 -fmessage-length=0 -funroll-all-loops -fomit-frame-pointer -malign-loops=2 -malign-jumps=2 -malign-functions=2 -I/usr/local/include  conftest.c 1>&5
configure:2132: checking for function prototypes
configure:2146: checking for ANSI C header files
configure:2159: cc -E  conftest.c >/dev/null 2>conftest.out
configure:2226: gcc -o conftest -O3 -march=i686 -fmessage-length=0 -funroll-all-loops -fomit-frame-pointer -malign-loops=2 -malign-jumps=2 -malign-functions=2 -I/usr/local/include   conftest.c  1>&5
configure:2253: checking for string.h
configure:2263: cc -E  conftest.c >/dev/null 2>conftest.out
configure:2293: checking for dmalloc.h
configure:2303: cc -E  conftest.c >/dev/null 2>conftest.out
configure:2299:21: dmalloc.h: No such file or directory
configure: failed program was:
#line 2298 "configure"
#include "confdefs.h"
#include <dmalloc.h>
configure:2349: checking for ANSI C header files
configure:2464: checking for errno.h
configure:2474: cc -E  conftest.c >/dev/null 2>conftest.out
configure:2464: checking for fcntl.h
configure:2474: cc -E  conftest.c >/dev/null 2>conftest.out
configure:2464: checking for limits.h
configure:2474: cc -E  conftest.c >/dev/null 2>conftest.out
configure:2464: checking for string.h
configure:2464: checking for sys/soundcard.h
configure:2474: cc -E  conftest.c >/dev/null 2>conftest.out
configure:2464: checking for sys/time.h
configure:2474: cc -E  conftest.c >/dev/null 2>conftest.out
configure:2464: checking for unistd.h
configure:2474: cc -E  conftest.c >/dev/null 2>conftest.out
configure:2464: checking for linux/soundcard.h
configure:2474: cc -E  conftest.c >/dev/null 2>conftest.out
configure:2502: checking for working const
configure:2556: gcc -c -O3 -march=i686 -fmessage-length=0 -funroll-all-loops -fomit-frame-pointer -malign-loops=2 -malign-jumps=2 -malign-functions=2 -I/usr/local/include  conftest.c 1>&5
configure:2577: checking for inline
configure:2591: gcc -c -O3 -march=i686 -fmessage-length=0 -funroll-all-loops -fomit-frame-pointer -malign-loops=2 -malign-jumps=2 -malign-functions=2 -I/usr/local/include  conftest.c 1>&5
configure:2618: checking whether byte ordering is bigendian
configure:2636: gcc -c -O3 -march=i686 -fmessage-length=0 -funroll-all-loops -fomit-frame-pointer -malign-loops=2 -malign-jumps=2 -malign-functions=2 -I/usr/local/include  conftest.c 1>&5
configure:2651: gcc -c -O3 -march=i686 -fmessage-length=0 -funroll-all-loops -fomit-frame-pointer -malign-loops=2 -malign-jumps=2 -malign-functions=2 -I/usr/local/include  conftest.c 1>&5
configure: In function `main':
configure:2646: `not' undeclared (first use in this function)
configure:2646: (Each undeclared identifier is reported only once
configure:2646: for each function it appears in.)
configure:2646: parse error before "big"
configure: failed program was:
#line 2640 "configure"
#include "confdefs.h"
#include <sys/types.h>
#include <sys/param.h>
int main() {

#if BYTE_ORDER != BIG_ENDIAN
 not big endian
#endif
; return 0; }
configure:2711: checking version of GCC
configure:2717: checking size of short
configure:2736: gcc -o conftest -O3 -march=i686 -fmessage-length=0 -funroll-all-loops -fomit-frame-pointer -malign-loops=2 -malign-jumps=2 -malign-functions=2 -I/usr/local/include   conftest.c  1>&5
configure:2756: checking size of unsigned short
configure:2775: gcc -o conftest -O3 -march=i686 -fmessage-length=0 -funroll-all-loops -fomit-frame-pointer -malign-loops=2 -malign-jumps=2 -malign-functions=2 -I/usr/local/include   conftest.c  1>&5
configure:2795: checking size of int
configure:2814: gcc -o conftest -O3 -march=i686 -fmessage-length=0 -funroll-all-loops -fomit-frame-pointer -malign-loops=2 -malign-jumps=2 -malign-functions=2 -I/usr/local/include   conftest.c  1>&5
configure:2834: checking size of unsigned int
configure:2853: gcc -o conftest -O3 -march=i686 -fmessage-length=0 -funroll-all-loops -fomit-frame-pointer -malign-loops=2 -malign-jumps=2 -malign-functions=2 -I/usr/local/include   conftest.c  1>&5
configure:2873: checking size of long
configure:2892: gcc -o conftest -O3 -march=i686 -fmessage-length=0 -funroll-all-loops -fomit-frame-pointer -malign-loops=2 -malign-jumps=2 -malign-functions=2 -I/usr/local/include   conftest.c  1>&5
configure:2912: checking size of unsigned long
configure:2931: gcc -o conftest -O3 -march=i686 -fmessage-length=0 -funroll-all-loops -fomit-frame-pointer -malign-loops=2 -malign-jumps=2 -malign-functions=2 -I/usr/local/include   conftest.c  1>&5
configure:2951: checking size of long long
configure:2970: gcc -o conftest -O3 -march=i686 -fmessage-length=0 -funroll-all-loops -fomit-frame-pointer -malign-loops=2 -malign-jumps=2 -malign-functions=2 -I/usr/local/include   conftest.c  1>&5
configure:2990: checking size of unsigned long long
configure:3009: gcc -o conftest -O3 -march=i686 -fmessage-length=0 -funroll-all-loops -fomit-frame-pointer -malign-loops=2 -malign-jumps=2 -malign-functions=2 -I/usr/local/include   conftest.c  1>&5
configure:3029: checking size of float
configure:3048: gcc -o conftest -O3 -march=i686 -fmessage-length=0 -funroll-all-loops -fomit-frame-pointer -malign-loops=2 -malign-jumps=2 -malign-functions=2 -I/usr/local/include   conftest.c  1>&5
configure:3068: checking size of double
configure:3087: gcc -o conftest -O3 -march=i686 -fmessage-length=0 -funroll-all-loops -fomit-frame-pointer -malign-loops=2 -malign-jumps=2 -malign-functions=2 -I/usr/local/include   conftest.c  1>&5
configure:3109: checking for long double
configure:3195: checking for uint8_t
configure:3228: checking for int8_t
configure:3261: checking for uint16_t
configure:3294: checking for int16_t
configure:3328: checking for uint32_t
configure:3361: checking for int32_t
configure:3533: checking for uint64_t
configure:3566: checking for int64_t
configure:3604: checking for IEEE854 compliant 80 bit floats
configure:3638: gcc -o conftest -O3 -march=i686 -fmessage-length=0 -funroll-all-loops -fomit-frame-pointer -malign-loops=2 -malign-jumps=2 -malign-functions=2 -I/usr/local/include   conftest.c  1>&5
configure: failed program was:
#line 3613 "configure"
#include "confdefs.h"

int   float2long_IEEE_compliance ( void )
{
    float  f;
    f = 12582912.; if ( *(long*)(&f) != 1262485504l ) return 0;
    f = 12615679.; if ( *(long*)(&f) != 1262518271l ) return 0;
    f = 13582912.; if ( *(long*)(&f) != 1263485504l ) return 0;
    f = 12550145.; if ( *(long*)(&f) != 1262452737l ) return 0;
    f = 11582912.; if ( *(long*)(&f) != 1261485504l ) return 0;
    return 1;
}

int main(void)
{
    int retval;

    retval = float2long_IEEE_compliance();

    /* no error return -> success */
    return !retval;
}

configure:3695: checking for ieee754_float64_t
configure:3728: checking for ieee754_float32_t
configure:3792: checking for size_t
configure:3825: checking whether time.h and sys/time.h may both be included
configure:3839: gcc -c -O3 -march=i686 -fmessage-length=0 -funroll-all-loops -fomit-frame-pointer -malign-loops=2 -malign-jumps=2 -malign-functions=2 -I/usr/local/include  conftest.c 1>&5
configure:3863: checking for working alloca.h
configure:3875: gcc -o conftest -O3 -march=i686 -fmessage-length=0 -funroll-all-loops -fomit-frame-pointer -malign-loops=2 -malign-jumps=2 -malign-functions=2 -I/usr/local/include   conftest.c  1>&5
configure:3896: checking for alloca
configure:3929: gcc -o conftest -O3 -march=i686 -fmessage-length=0 -funroll-all-loops -fomit-frame-pointer -malign-loops=2 -malign-jumps=2 -malign-functions=2 -I/usr/local/include   conftest.c  1>&5
configure:4097: checking for gettimeofday
configure:4125: gcc -o conftest -O3 -march=i686 -fmessage-length=0 -funroll-all-loops -fomit-frame-pointer -malign-loops=2 -malign-jumps=2 -malign-functions=2 -I/usr/local/include   conftest.c  1>&5
configure:4097: checking for socket
configure:4125: gcc -o conftest -O3 -march=i686 -fmessage-length=0 -funroll-all-loops -fomit-frame-pointer -malign-loops=2 -malign-jumps=2 -malign-functions=2 -I/usr/local/include   conftest.c  1>&5
configure:4097: checking for strtol
configure:4125: gcc -o conftest -O3 -march=i686 -fmessage-length=0 -funroll-all-loops -fomit-frame-pointer -malign-loops=2 -malign-jumps=2 -malign-functions=2 -I/usr/local/include   conftest.c  1>&5
configure:4175: checking for termcap.h
configure:4185: cc -E  conftest.c >/dev/null 2>conftest.out
configure:4215: checking for ncurses/termcap.h
configure:4225: cc -E  conftest.c >/dev/null 2>conftest.out
configure:4252: checking for initscr in -ltermcap
configure:4271: gcc -o conftest -O3 -march=i686 -fmessage-length=0 -funroll-all-loops -fomit-frame-pointer -malign-loops=2 -malign-jumps=2 -malign-functions=2 -I/usr/local/include   conftest.c -ltermcap   1>&5
/tmp/ccaqDPYc.o: In function `main':
/tmp/ccaqDPYc.o(.text+0x4): undefined reference to `initscr'
collect2: ld returned 1 exit status
configure: failed program was:
#line 4260 "configure"
#include "confdefs.h"
/* Override any gcc2 internal prototype to avoid an error.  */
/* We use char because int might match the return type of a gcc2
    builtin and then its argument prototype would still apply.  */
char initscr();

int main() {
initscr()
; return 0; }
configure:4292: checking for initscr in -lcurses
configure:4311: gcc -o conftest -O3 -march=i686 -fmessage-length=0 -funroll-all-loops -fomit-frame-pointer -malign-loops=2 -malign-jumps=2 -malign-functions=2 -I/usr/local/include   conftest.c -lcurses   1>&5
configure:4332: checking for initscr in -lncurses
configure:4351: gcc -o conftest -O3 -march=i686 -fmessage-length=0 -funroll-all-loops -fomit-frame-pointer -malign-loops=2 -malign-jumps=2 -malign-functions=2 -I/usr/local/include   conftest.c -lncurses   1>&5
configure:4373: checking for cos in -lm
configure:4392: gcc -o conftest -O3 -march=i686 -fmessage-length=0 -funroll-all-loops -fomit-frame-pointer -malign-loops=2 -malign-jumps=2 -malign-functions=2 -I/usr/local/include   conftest.c -lm   1>&5
configure:4385: warning: conflicting types for built-in function `cos'
configure:4413: checking for cos in -lffm
configure:4432: gcc -o conftest -O3 -march=i686 -fmessage-length=0 -funroll-all-loops -fomit-frame-pointer -malign-loops=2 -malign-jumps=2 -malign-functions=2 -I/usr/local/include   conftest.c -lffm   1>&5
configure:4425: warning: conflicting types for built-in function `cos'
/usr/bin/ld: cannot find -lffm
collect2: ld returned 1 exit status
configure: failed program was:
#line 4421 "configure"
#include "confdefs.h"
/* Override any gcc2 internal prototype to avoid an error.  */
/* We use char because int might match the return type of a gcc2
    builtin and then its argument prototype would still apply.  */
char cos();

int main() {
cos()
; return 0; }
configure:4453: checking for cos in -lcpml
configure:4472: gcc -o conftest -O3 -march=i686 -fmessage-length=0 -funroll-all-loops -fomit-frame-pointer -malign-loops=2 -malign-jumps=2 -malign-functions=2 -I/usr/local/include   conftest.c -lcpml   1>&5
configure:4465: warning: conflicting types for built-in function `cos'
/usr/bin/ld: cannot find -lcpml
collect2: ld returned 1 exit status
configure: failed program was:
#line 4461 "configure"
#include "confdefs.h"
/* Override any gcc2 internal prototype to avoid an error.  */
/* We use char because int might match the return type of a gcc2
    builtin and then its argument prototype would still apply.  */
char cos();

int main() {
cos()
; return 0; }
configure:4495: checking for sf_open_read in -lsndfile
configure:4514: gcc -o conftest -O3 -march=i686 -fmessage-length=0 -funroll-all-loops -fomit-frame-pointer -malign-loops=2 -malign-jumps=2 -malign-functions=2 -I/usr/local/include   conftest.c -lsndfile   1>&5
/usr/bin/ld: cannot find -lsndfile
collect2: ld returned 1 exit status
configure: failed program was:
#line 4503 "configure"
#include "confdefs.h"
/* Override any gcc2 internal prototype to avoid an error.  */
/* We use char because int might match the return type of a gcc2
    builtin and then its argument prototype would still apply.  */
char sf_open_read();

int main() {
sf_open_read()
; return 0; }
configure:4587: checking for gtk-config
configure:4622: checking for GTK - version >= 1.2.0
configure:4723: gcc -o conftest -O3 -march=i686 -fmessage-length=0 -funroll-all-loops -fomit-frame-pointer -malign-loops=2 -malign-jumps=2 -malign-functions=2 -I/usr/local/include -I/usr/include/gtk-1.2 -I/usr/include/glib-1.2 -I/usr/lib/glib/include -I/usr/X11R6/include   conftest.c -L/usr/lib -L/usr/X11R6/lib -lgtk -lgdk -rdynamic -lgmodule -lglib -ldl -lXi -lXext -lX11 -lm  1>&5
configure:4814: checking use of ElectricFence malloc debugging
configure:4887: checking use of file io
configure:4965: checking use of analyzer hooks
configure:4992: checking use of mpg123 decoder
configure:5163: checking use of vorbis
configure:5172: checking if mp3x is requested
configure:5199: checking if mp3rtp is requested
configure:5246: checking glibc mathinline bug
configure:5296: checking use of VBR bitrate histogram
configure:5358: checking for FLOAT8 as float
configure:5387: checking for nasm
configure:5425: checking for assembler routines for this processor type
configure:5465: checking for additional optimizations
configure:5548: checking for debug options
