This file contains any messages produced by compilers while
running configure, to aid debugging if configure makes a mistake.

It was created by configure, which was
generated by GNU Autoconf 2.57.  Invocation command line was

  $ ./configure 

## --------- ##
## Platform. ##
## --------- ##

hostname = amazon
uname -m = x86_64
uname -r = 2.6.9
uname -s = Linux
uname -v = #1 Wed Apr 20 06:38:14 PDT 2005

/usr/bin/uname -p = unknown
/bin/uname -X     = unknown

/bin/arch              = x86_64
/usr/bin/arch -k       = unknown
/usr/convex/getsysinfo = unknown
hostinfo               = unknown
/bin/machine           = unknown
/usr/bin/oslevel       = unknown
/bin/universe          = unknown

PATH: .
PATH: .
PATH: /usr/kerberos/sbin
PATH: /usr/kerberos/bin
PATH: /usr/local/sbin
PATH: /usr/local/bin
PATH: /sbin
PATH: /bin
PATH: /usr/sbin
PATH: /usr/bin
PATH: /usr/X11R6/bin
PATH: /root/bin
PATH: /root/bin


## ----------- ##
## Core tests. ##
## ----------- ##

configure:1501: checking build system type
configure:1519: result: x86_64-unknown-linux
configure:1527: checking host system type
configure:1541: result: x86_64-unknown-linux
configure:1549: checking target system type
configure:1563: result: x86_64-unknown-linux
configure:1590: checking for a BSD-compatible install
configure:1644: result: /usr/bin/install -c
configure:1655: checking whether build environment is sane
configure:1698: result: yes
configure:1731: checking for gawk
configure:1747: found /bin/gawk
configure:1757: result: gawk
configure:1767: checking whether make -j2 sets $(MAKE)
configure:1787: result: yes
configure:2028: checking for gcc
configure:2044: found /usr/bin/gcc
configure:2054: result: gcc
configure:2298: checking for C compiler version
configure:2301: gcc --version </dev/null >&5
gcc (GCC) 3.4.2 20041017 (Red Hat 3.4.2-6.fc3)
Copyright (C) 2004 Free Software Foundation, Inc.
This is free software; see the source for copying conditions.  There is NO
warranty; not even for MERCHANTABILITY or FITNESS FOR A PARTICULAR PURPOSE.

configure:2304: $? = 0
configure:2306: gcc -v </dev/null >&5
Reading specs from /usr/lib/gcc/x86_64-redhat-linux/3.4.2/specs
Configured with: ../configure --prefix=/usr --mandir=/usr/share/man --infodir=/usr/share/info --enable-shared --enable-threads=posix --disable-checking --with-system-zlib --enable-__cxa_atexit --disable-libunwind-exceptions --enable-languages=c,c++,objc,java,f77 --enable-java-awt=gtk --host=x86_64-redhat-linux
Thread model: posix
gcc version 3.4.2 20041017 (Red Hat 3.4.2-6.fc3)
configure:2309: $? = 0
configure:2311: gcc -V </dev/null >&5
gcc: `-V' option must have argument
configure:2314: $? = 1
configure:2338: checking for C compiler default output
configure:2341: gcc    conftest.c  >&5
configure:2344: $? = 0
configure:2390: result: a.out
configure:2395: checking whether the C compiler works
configure:2401: ./a.out
configure:2404: $? = 0
configure:2421: result: yes
configure:2428: checking whether we are cross compiling
configure:2430: result: no
configure:2433: checking for suffix of executables
configure:2435: gcc -o conftest    conftest.c  >&5
configure:2438: $? = 0
configure:2463: result: 
configure:2469: checking for suffix of object files
configure:2491: gcc -c   conftest.c >&5
configure:2494: $? = 0
configure:2516: result: o
configure:2520: checking whether we are using the GNU C compiler
configure:2545: gcc -c   conftest.c >&5
configure:2548: $? = 0
configure:2551: test -s conftest.o
configure:2554: $? = 0
configure:2567: result: yes
configure:2573: checking whether gcc accepts -g
configure:2595: gcc -c -g  conftest.c >&5
configure:2598: $? = 0
configure:2601: test -s conftest.o
configure:2604: $? = 0
configure:2615: result: yes
configure:2632: checking for gcc option to accept ANSI C
configure:2693: gcc  -c -g -O2  conftest.c >&5
configure:2696: $? = 0
configure:2699: test -s conftest.o
configure:2702: $? = 0
configure:2720: result: none needed
configure:2738: gcc -c -g -O2  conftest.c >&5
conftest.c:2: error: syntax error before "me"
configure:2741: $? = 1
configure: failed program was:
| #ifndef __cplusplus
|   choke me
| #endif
configure:2861: checking for style of include used by make -j2
configure:2889: result: GNU
configure:2917: checking dependency style of gcc
configure:3000: result: gcc3
configure:3029: checking for a BSD-compatible install
configure:3083: result: /usr/bin/install -c
configure:3094: checking whether ln -s works
configure:3098: result: yes
configure:3180: checking for a sed that does not truncate output
configure:3234: result: /bin/sed
configure:3237: checking for egrep
configure:3247: result: grep -E
configure:3263: checking for ld used by gcc
configure:3330: result: /usr/bin/ld
configure:3339: checking if the linker (/usr/bin/ld) is GNU ld
configure:3354: result: yes
configure:3359: checking for /usr/bin/ld option to reload object files
configure:3366: result: -r
configure:3375: checking for BSD-compatible nm
configure:3417: result: /usr/bin/nm -B
configure:3421: checking how to recognise dependent libraries
configure:3621: result: pass_all
configure:3706: gcc -c -g -O2  conftest.c >&5
configure:3709: $? = 0
configure:3825: checking how to run the C preprocessor
configure:3861: gcc -E  conftest.c
configure:3867: $? = 0
configure:3899: gcc -E  conftest.c
configure:3900:28: ac_nonexistent.h: No such file or directory
configure:3905: $? = 1
configure: failed program was:
| #line 3890 "configure"
| /* confdefs.h.  */
| 
| #define PACKAGE_NAME ""
| #define PACKAGE_TARNAME ""
| #define PACKAGE_VERSION ""
| #define PACKAGE_STRING ""
| #define PACKAGE_BUGREPORT ""
| #define PACKAGE "alsa-lib"
| #define VERSION "1.0.8"
| /* end confdefs.h.  */
| #include <ac_nonexistent.h>
configure:3943: result: gcc -E
configure:3968: gcc -E  conftest.c
configure:3974: $? = 0
configure:4006: gcc -E  conftest.c
configure:4007:28: ac_nonexistent.h: No such file or directory
configure:4012: $? = 1
configure: failed program was:
| #line 3997 "configure"
| /* confdefs.h.  */
| 
| #define PACKAGE_NAME ""
| #define PACKAGE_TARNAME ""
| #define PACKAGE_VERSION ""
| #define PACKAGE_STRING ""
| #define PACKAGE_BUGREPORT ""
| #define PACKAGE "alsa-lib"
| #define VERSION "1.0.8"
| /* end confdefs.h.  */
| #include <ac_nonexistent.h>
configure:4055: checking for ANSI C header files
configure:4081: gcc -c -g -O2  conftest.c >&5
configure:4084: $? = 0
configure:4087: test -s conftest.o
configure:4090: $? = 0
configure:4182: gcc -o conftest -g -O2   conftest.c  >&5
configure:4185: $? = 0
configure:4187: ./conftest
configure:4190: $? = 0
configure:4205: result: yes
configure:4229: checking for sys/types.h
configure:4246: gcc -c -g -O2  conftest.c >&5
configure:4249: $? = 0
configure:4252: test -s conftest.o
configure:4255: $? = 0
configure:4266: result: yes
configure:4229: checking for sys/stat.h
configure:4246: gcc -c -g -O2  conftest.c >&5
configure:4249: $? = 0
configure:4252: test -s conftest.o
configure:4255: $? = 0
configure:4266: result: yes
configure:4229: checking for stdlib.h
configure:4246: gcc -c -g -O2  conftest.c >&5
configure:4249: $? = 0
configure:4252: test -s conftest.o
configure:4255: $? = 0
configure:4266: result: yes
configure:4229: checking for string.h
configure:4246: gcc -c -g -O2  conftest.c >&5
configure:4249: $? = 0
configure:4252: test -s conftest.o
configure:4255: $? = 0
configure:4266: result: yes
configure:4229: checking for memory.h
configure:4246: gcc -c -g -O2  conftest.c >&5
configure:4249: $? = 0
configure:4252: test -s conftest.o
configure:4255: $? = 0
configure:4266: result: yes
configure:4229: checking for strings.h
configure:4246: gcc -c -g -O2  conftest.c >&5
configure:4249: $? = 0
configure:4252: test -s conftest.o
configure:4255: $? = 0
configure:4266: result: yes
configure:4229: checking for inttypes.h
configure:4246: gcc -c -g -O2  conftest.c >&5
configure:4249: $? = 0
configure:4252: test -s conftest.o
configure:4255: $? = 0
configure:4266: result: yes
configure:4229: checking for stdint.h
configure:4246: gcc -c -g -O2  conftest.c >&5
configure:4249: $? = 0
configure:4252: test -s conftest.o
configure:4255: $? = 0
configure:4266: result: yes
configure:4229: checking for unistd.h
configure:4246: gcc -c -g -O2  conftest.c >&5
configure:4249: $? = 0
configure:4252: test -s conftest.o
configure:4255: $? = 0
configure:4266: result: yes
configure:4292: checking dlfcn.h usability
configure:4305: gcc -c -g -O2  conftest.c >&5
configure:4308: $? = 0
configure:4311: test -s conftest.o
configure:4314: $? = 0
configure:4324: result: yes
configure:4328: checking dlfcn.h presence
configure:4339: gcc -E  conftest.c
configure:4345: $? = 0
configure:4364: result: yes
configure:4400: checking for dlfcn.h
configure:4407: result: yes
configure:4472: checking for g++
configure:4488: found /usr/bin/g++
configure:4498: result: g++
configure:4514: checking for C++ compiler version
configure:4517: g++ --version </dev/null >&5
g++ (GCC) 3.4.2 20041017 (Red Hat 3.4.2-6.fc3)
Copyright (C) 2004 Free Software Foundation, Inc.
This is free software; see the source for copying conditions.  There is NO
warranty; not even for MERCHANTABILITY or FITNESS FOR A PARTICULAR PURPOSE.

configure:4520: $? = 0
configure:4522: g++ -v </dev/null >&5
Reading specs from /usr/lib/gcc/x86_64-redhat-linux/3.4.2/specs
Configured with: ../configure --prefix=/usr --mandir=/usr/share/man --infodir=/usr/share/info --enable-shared --enable-threads=posix --disable-checking --with-system-zlib --enable-__cxa_atexit --disable-libunwind-exceptions --enable-languages=c,c++,objc,java,f77 --enable-java-awt=gtk --host=x86_64-redhat-linux
Thread model: posix
gcc version 3.4.2 20041017 (Red Hat 3.4.2-6.fc3)
configure:4525: $? = 0
configure:4527: g++ -V </dev/null >&5
g++: `-V' option must have argument
configure:4530: $? = 1
configure:4533: checking whether we are using the GNU C++ compiler
configure:4558: g++ -c   conftest.cc >&5
configure:4561: $? = 0
configure:4564: test -s conftest.o
configure:4567: $? = 0
configure:4580: result: yes
configure:4586: checking whether g++ accepts -g
configure:4608: g++ -c -g  conftest.cc >&5
configure:4611: $? = 0
configure:4614: test -s conftest.o
configure:4617: $? = 0
configure:4628: result: yes
configure:4672: g++ -c -g -O2  conftest.cc >&5
configure:4675: $? = 0
configure:4678: test -s conftest.o
configure:4681: $? = 0
configure:4708: g++ -c -g -O2  conftest.cc >&5
configure: In function `int main()':
configure:4716: error: `exit' undeclared (first use this function)
configure:4716: error: (Each undeclared identifier is reported only once for each function it appears in.)
configure:4711: $? = 1
configure: failed program was:
| #line 4691 "configure"
| /* confdefs.h.  */
| 
| #define PACKAGE_NAME ""
| #define PACKAGE_TARNAME ""
| #define PACKAGE_VERSION ""
| #define PACKAGE_STRING ""
| #define PACKAGE_BUGREPORT ""
| #define PACKAGE "alsa-lib"
| #define VERSION "1.0.8"
| #define STDC_HEADERS 1
| #define HAVE_SYS_TYPES_H 1
| #define HAVE_SYS_STAT_H 1
| #define HAVE_STDLIB_H 1
| #define HAVE_STRING_H 1
| #define HAVE_MEMORY_H 1
| #define HAVE_STRINGS_H 1
| #define HAVE_INTTYPES_H 1
| #define HAVE_STDINT_H 1
| #define HAVE_UNISTD_H 1
| #define HAVE_DLFCN_H 1
| /* end confdefs.h.  */
| 
| int
| main ()
| {
| exit (42);
|   ;
|   return 0;
| }
configure:4672: g++ -c -g -O2  conftest.cc >&5
configure:4675: $? = 0
configure:4678: test -s conftest.o
configure:4681: $? = 0
configure:4708: g++ -c -g -O2  conftest.cc >&5
configure:4711: $? = 0
configure:4714: test -s conftest.o
configure:4717: $? = 0
configure:4742: checking dependency style of g++
configure:4825: result: gcc3
configure:4847: checking how to run the C++ preprocessor
configure:4879: g++ -E  conftest.cc
configure:4885: $? = 0
configure:4917: g++ -E  conftest.cc
configure:4932:28: ac_nonexistent.h: No such file or directory
configure:4923: $? = 1
configure: failed program was:
| #line 4908 "configure"
| /* confdefs.h.  */
| 
| #define PACKAGE_NAME ""
| #define PACKAGE_TARNAME ""
| #define PACKAGE_VERSION ""
| #define PACKAGE_STRING ""
| #define PACKAGE_BUGREPORT ""
| #define PACKAGE "alsa-lib"
| #define VERSION "1.0.8"
| #define STDC_HEADERS 1
| #define HAVE_SYS_TYPES_H 1
| #define HAVE_SYS_STAT_H 1
| #define HAVE_STDLIB_H 1
| #define HAVE_STRING_H 1
| #define HAVE_MEMORY_H 1
| #define HAVE_STRINGS_H 1
| #define HAVE_INTTYPES_H 1
| #define HAVE_STDINT_H 1
| #define HAVE_UNISTD_H 1
| #define HAVE_DLFCN_H 1
| #ifdef __cplusplus
| #include <stdlib.h>
| #endif
| /* end confdefs.h.  */
| #include <ac_nonexistent.h>
configure:4961: result: g++ -E
configure:4986: g++ -E  conftest.cc
configure:4992: $? = 0
configure:5024: g++ -E  conftest.cc
configure:5039:28: ac_nonexistent.h: No such file or directory
configure:5030: $? = 1
configure: failed program was:
| #line 5015 "configure"
| /* confdefs.h.  */
| 
| #define PACKAGE_NAME ""
| #define PACKAGE_TARNAME ""
| #define PACKAGE_VERSION ""
| #define PACKAGE_STRING ""
| #define PACKAGE_BUGREPORT ""
| #define PACKAGE "alsa-lib"
| #define VERSION "1.0.8"
| #define STDC_HEADERS 1
| #define HAVE_SYS_TYPES_H 1
| #define HAVE_SYS_STAT_H 1
| #define HAVE_STDLIB_H 1
| #define HAVE_STRING_H 1
| #define HAVE_MEMORY_H 1
| #define HAVE_STRINGS_H 1
| #define HAVE_INTTYPES_H 1
| #define HAVE_STDINT_H 1
| #define HAVE_UNISTD_H 1
| #define HAVE_DLFCN_H 1
| #ifdef __cplusplus
| #include <stdlib.h>
| #endif
| /* end confdefs.h.  */
| #include <ac_nonexistent.h>
configure:5124: checking for g77
configure:5140: found /usr/bin/g77
configure:5150: result: g77
configure:5165: checking for Fortran 77 compiler version
configure:5168: g77 --version </dev/null >&5
GNU Fortran (GCC) 3.4.2 20041017 (Red Hat 3.4.2-6.fc3)
Copyright (C) 2004 Free Software Foundation, Inc.

GNU Fortran comes with NO WARRANTY, to the extent permitted by law.
You may redistribute copies of GNU Fortran
under the terms of the GNU General Public License.
For more information about these matters, see the file named COPYING
or type the command `info -f g77 Copying'.
configure:5171: $? = 0
configure:5173: g77 -v </dev/null >&5
Reading specs from /usr/lib/gcc/x86_64-redhat-linux/3.4.2/specs
Configured with: ../configure --prefix=/usr --mandir=/usr/share/man --infodir=/usr/share/info --enable-shared --enable-threads=posix --disable-checking --with-system-zlib --enable-__cxa_atexit --disable-libunwind-exceptions --enable-languages=c,c++,objc,java,f77 --enable-java-awt=gtk --host=x86_64-redhat-linux
Thread model: posix
gcc version 3.4.2 20041017 (Red Hat 3.4.2-6.fc3)
configure:5176: $? = 0
configure:5178: g77 -V </dev/null >&5
g77: `-V' option must have argument
configure:5181: $? = 1
configure:5188: checking whether we are using the GNU Fortran 77 compiler
configure:5202: g77 -c  conftest.F >&5
configure:5205: $? = 0
configure:5208: test -s conftest.o
configure:5211: $? = 0
configure:5224: result: yes
configure:5231: checking whether g77 accepts -g
configure:5243: g77 -c -g conftest.f >&5
configure:5246: $? = 0
configure:5249: test -s conftest.o
configure:5252: $? = 0
configure:5264: result: yes
configure:5292: checking the maximum length of command line arguments
configure:5351: result: 32768
configure:5362: checking command to parse /usr/bin/nm -B output from gcc object
configure:5451: gcc -c -g -O2  conftest.c >&5
configure:5454: $? = 0
configure:5458: /usr/bin/nm -B conftest.o \| sed -n -e 's/^.*[ 	]\([ABCDGISTW][ABCDGISTW]*\)[ 	][ 	]*\(\)\([_A-Za-z][_A-Za-z0-9]*\)$/\1 \2\3 \3/p' \> conftest.nm
configure:5461: $? = 0
configure:5513: gcc -o conftest -g -O2   conftest.c conftstm.o >&5
configure:5516: $? = 0
configure:5554: result: ok
configure:5558: checking for objdir
configure:5573: result: .libs
configure:5663: checking for ar
configure:5679: found /usr/bin/ar
configure:5690: result: ar
configure:5743: checking for ranlib
configure:5759: found /usr/bin/ranlib
configure:5770: result: ranlib
configure:5823: checking for strip
configure:5839: found /usr/bin/strip
configure:5850: result: strip
configure:6112: checking if gcc static flag  works
configure:6135: result: yes
configure:6152: checking if gcc supports -fno-rtti -fno-exceptions
configure:6170: gcc -c -g -O2  -fno-rtti -fno-exceptions conftest.c >&5
cc1: warning: command line option "-fno-rtti" is valid for C++/ObjC++ but not for C
configure:6174: $? = 0
configure:6185: result: no
configure:6200: checking for gcc option to produce PIC
configure:6377: result: -fPIC
configure:6384: checking if gcc PIC flag -fPIC works
configure:6402: gcc -c -g -O2  -fPIC -DPIC conftest.c >&5
configure:6406: $? = 0
configure:6417: result: yes
configure:6441: checking if gcc supports -c -o file.o
configure:6469: gcc -c -g -O2  -o out/conftest2.o conftest.c >&5
configure:6473: $? = 0
configure:6490: result: yes
configure:6516: checking whether the gcc linker (/usr/bin/ld -m elf_x86_64) supports shared libraries
configure:7310: result: yes
configure:7336: checking whether -lc should be explicitly linked in
configure:7341: gcc -c -g -O2  conftest.c >&5
configure:7344: $? = 0
configure:7358: gcc -shared conftest.o  -v -Wl,-soname -Wl,conftest -o conftest 2\>\&1 \| grep  -lc  \>/dev/null 2\>\&1
configure:7361: $? = 0
configure:7373: result: no
configure:7381: checking how to hardcode library paths into programs
configure:7406: result: immediate
configure:7420: checking whether stripping libraries is possible
configure:7425: result: yes
configure:7447: checking dynamic linker characteristics
configure:7965: result: GNU/Linux ld.so
configure:8063: checking for shl_load
configure:8113: gcc -o conftest -g -O2   conftest.c  >&5
/tmp/ccsT8qC2.o(.text+0x9): In function `main':
/root/hvirtual/alsa-lib-1.0.8/configure:8124: undefined reference to `shl_load'
/tmp/ccsT8qC2.o(.data+0x0): undefined reference to `shl_load'
collect2: ld returned 1 exit status
configure:8116: $? = 1
configure: failed program was:
| #line 8068 "configure"
| /* confdefs.h.  */
| 
| #define PACKAGE_NAME ""
| #define PACKAGE_TARNAME ""
| #define PACKAGE_VERSION ""
| #define PACKAGE_STRING ""
| #define PACKAGE_BUGREPORT ""
| #define PACKAGE "alsa-lib"
| #define VERSION "1.0.8"
| #define STDC_HEADERS 1
| #define HAVE_SYS_TYPES_H 1
| #define HAVE_SYS_STAT_H 1
| #define HAVE_STDLIB_H 1
| #define HAVE_STRING_H 1
| #define HAVE_MEMORY_H 1
| #define HAVE_STRINGS_H 1
| #define HAVE_INTTYPES_H 1
| #define HAVE_STDINT_H 1
| #define HAVE_UNISTD_H 1
| #define HAVE_DLFCN_H 1
| #ifdef __cplusplus
| #include <stdlib.h>
| #endif
| /* end confdefs.h.  */
| /* System header to define __stub macros and hopefully few prototypes,
|     which can conflict with char shl_load (); below.
|     Prefer <limits.h> to <assert.h> if __STDC__ is defined, since
|     <limits.h> exists even on freestanding compilers.  */
| #ifdef __STDC__
| # include <limits.h>
| #else
| # include <assert.h>
| #endif
| /* Override any gcc2 internal prototype to avoid an error.  */
| #ifdef __cplusplus
| extern "C"
| {
| #endif
| /* We use char because int might match the return type of a gcc2
|    builtin and then its argument prototype would still apply.  */
| char shl_load ();
| /* The GNU C library defines this for functions which it implements
|     to always fail with ENOSYS.  Some functions are actually named
|     something starting with __ and the normal name is an alias.  */
| #if defined (__stub_shl_load) || defined (__stub___shl_load)
| choke me
| #else
| char (*f) () = shl_load;
| #endif
| #ifdef __cplusplus
| }
| #endif
| 
| int
| main ()
| {
| return f != shl_load;
|   ;
|   return 0;
| }
configure:8133: result: no
configure:8138: checking for shl_load in -ldld
configure:8169: gcc -o conftest -g -O2   conftest.c -ldld   >&5
/usr/bin/ld: cannot find -ldld
collect2: ld returned 1 exit status
configure:8172: $? = 1
configure: failed program was:
| #line 8145 "configure"
| /* confdefs.h.  */
| 
| #define PACKAGE_NAME ""
| #define PACKAGE_TARNAME ""
| #define PACKAGE_VERSION ""
| #define PACKAGE_STRING ""
| #define PACKAGE_BUGREPORT ""
| #define PACKAGE "alsa-lib"
| #define VERSION "1.0.8"
| #define STDC_HEADERS 1
| #define HAVE_SYS_TYPES_H 1
| #define HAVE_SYS_STAT_H 1
| #define HAVE_STDLIB_H 1
| #define HAVE_STRING_H 1
| #define HAVE_MEMORY_H 1
| #define HAVE_STRINGS_H 1
| #define HAVE_INTTYPES_H 1
| #define HAVE_STDINT_H 1
| #define HAVE_UNISTD_H 1
| #define HAVE_DLFCN_H 1
| #ifdef __cplusplus
| #include <stdlib.h>
| #endif
| /* end confdefs.h.  */
| 
| /* Override any gcc2 internal prototype to avoid an error.  */
| #ifdef __cplusplus
| extern "C"
| #endif
| /* We use char because int might match the return type of a gcc2
|    builtin and then its argument prototype would still apply.  */
| char shl_load ();
| int
| main ()
| {
| shl_load ();
|   ;
|   return 0;
| }
configure:8190: result: no
configure:8195: checking for dlopen
configure:8245: gcc -o conftest -g -O2   conftest.c  >&5
/tmp/ccSmBSUb.o(.text+0x9): In function `main':
/root/hvirtual/alsa-lib-1.0.8/configure:8256: undefined reference to `dlopen'
/tmp/ccSmBSUb.o(.data+0x0): undefined reference to `dlopen'
collect2: ld returned 1 exit status
configure:8248: $? = 1
configure: failed program was:
| #line 8200 "configure"
| /* confdefs.h.  */
| 
| #define PACKAGE_NAME ""
| #define PACKAGE_TARNAME ""
| #define PACKAGE_VERSION ""
| #define PACKAGE_STRING ""
| #define PACKAGE_BUGREPORT ""
| #define PACKAGE "alsa-lib"
| #define VERSION "1.0.8"
| #define STDC_HEADERS 1
| #define HAVE_SYS_TYPES_H 1
| #define HAVE_SYS_STAT_H 1
| #define HAVE_STDLIB_H 1
| #define HAVE_STRING_H 1
| #define HAVE_MEMORY_H 1
| #define HAVE_STRINGS_H 1
| #define HAVE_INTTYPES_H 1
| #define HAVE_STDINT_H 1
| #define HAVE_UNISTD_H 1
| #define HAVE_DLFCN_H 1
| #ifdef __cplusplus
| #include <stdlib.h>
| #endif
| /* end confdefs.h.  */
| /* System header to define __stub macros and hopefully few prototypes,
|     which can conflict with char dlopen (); below.
|     Prefer <limits.h> to <assert.h> if __STDC__ is defined, since
|     <limits.h> exists even on freestanding compilers.  */
| #ifdef __STDC__
| # include <limits.h>
| #else
| # include <assert.h>
| #endif
| /* Override any gcc2 internal prototype to avoid an error.  */
| #ifdef __cplusplus
| extern "C"
| {
| #endif
| /* We use char because int might match the return type of a gcc2
|    builtin and then its argument prototype would still apply.  */
| char dlopen ();
| /* The GNU C library defines this for functions which it implements
|     to always fail with ENOSYS.  Some functions are actually named
|     something starting with __ and the normal name is an alias.  */
| #if defined (__stub_dlopen) || defined (__stub___dlopen)
| choke me
| #else
| char (*f) () = dlopen;
| #endif
| #ifdef __cplusplus
| }
| #endif
| 
| int
| main ()
| {
| return f != dlopen;
|   ;
|   return 0;
| }
configure:8265: result: no
configure:8270: checking for dlopen in -ldl
configure:8301: gcc -o conftest -g -O2   conftest.c -ldl   >&5
configure:8304: $? = 0
configure:8307: test -s conftest
configure:8310: $? = 0
configure:8322: result: yes
configure:8477: checking whether a program can dlopen itself
configure:8549: gcc -o conftest -g -O2  -DHAVE_DLFCN_H  -Wl,--export-dynamic conftest.c -ldl  >&5
configure:8552: $? = 0
configure:8570: result: yes
configure:8575: checking whether a statically linked program can dlopen itself
configure:8647: gcc -o conftest -g -O2  -DHAVE_DLFCN_H  -Wl,--export-dynamic  conftest.c -ldl  >&5
configure:8650: $? = 0
configure:8668: result: yes
configure:8691: checking if libtool supports shared libraries
configure:8693: result: yes
configure:8696: checking whether to build shared libraries
configure:8745: result: yes
configure:8748: checking whether to build static libraries
configure:8752: result: no
configure:8843: creating libtool
configure:9387: checking for ld used by g++
configure:9454: result: /usr/bin/ld -m elf_x86_64
configure:9463: checking if the linker (/usr/bin/ld -m elf_x86_64) is GNU ld
configure:9478: result: yes
configure:9529: checking whether the g++ linker (/usr/bin/ld -m elf_x86_64) supports shared libraries
configure:10324: result: yes
configure:10342: g++ -c -g -O2  conftest.cc >&5
configure:10345: $? = 0
configure:10441: checking for g++ option to produce PIC
configure:10693: result: -fPIC
configure:10700: checking if g++ PIC flag -fPIC works
configure:10718: g++ -c -g -O2  -fPIC -DPIC conftest.cc >&5
configure:10722: $? = 0
configure:10733: result: yes
configure:10757: checking if g++ supports -c -o file.o
configure:10785: g++ -c -g -O2  -o out/conftest2.o conftest.cc >&5
configure:10789: $? = 0
configure:10806: result: yes
configure:10832: checking whether the g++ linker (/usr/bin/ld -m elf_x86_64) supports shared libraries
configure:10857: result: yes
configure:10928: checking how to hardcode library paths into programs
configure:10953: result: immediate
configure:10967: checking whether stripping libraries is possible
configure:10972: result: yes
configure:10994: checking dynamic linker characteristics
configure:11512: result: GNU/Linux ld.so
configure:11610: checking for shl_load
configure:11680: result: no
configure:11685: checking for shl_load in -ldld
configure:11737: result: no
configure:11742: checking for dlopen
configure:11812: result: no
configure:11817: checking for dlopen in -ldl
configure:11869: result: yes
configure:12024: checking whether a program can dlopen itself
configure:12117: result: yes
configure:12122: checking whether a statically linked program can dlopen itself
configure:12215: result: yes
configure:12711: checking if libtool supports shared libraries
configure:12713: result: yes
configure:12716: checking whether to build shared libraries
configure:12734: result: yes
configure:12737: checking whether to build static libraries
configure:12741: result: no
configure:12753: checking for g77 option to produce PIC
configure:12930: result: -fPIC
configure:12937: checking if g77 PIC flag -fPIC works
configure:12955: g77 -c -g -O2 -fPIC conftest.f >&5
configure:12959: $? = 0
configure:12970: result: yes
configure:12994: checking if g77 supports -c -o file.o
configure:13022: g77 -c -g -O2 -o out/conftest2.o conftest.f >&5
configure:13026: $? = 0
configure:13043: result: yes
configure:13069: checking whether the g77 linker (/usr/bin/ld -m elf_x86_64) supports shared libraries
configure:13841: result: yes
configure:13912: checking how to hardcode library paths into programs
configure:13937: result: immediate
configure:13951: checking whether stripping libraries is possible
configure:13956: result: yes
configure:13978: checking dynamic linker characteristics
configure:14496: result: GNU/Linux ld.so
configure:18392: checking for ANSI C header files
configure:18542: result: yes
configure:18556: checking for an ANSI C-conforming const
configure:18624: gcc -c -g -O2  conftest.c >&5
configure:18627: $? = 0
configure:18630: test -s conftest.o
configure:18633: $? = 0
configure:18644: result: yes
configure:18654: checking for inline
configure:18676: gcc -c -g -O2  conftest.c >&5
configure:18679: $? = 0
configure:18682: test -s conftest.o
configure:18685: $? = 0
configure:18697: result: inline
configure:18712: checking whether time.h and sys/time.h may both be included
configure:18738: gcc -c -g -O2  conftest.c >&5
configure:18741: $? = 0
configure:18744: test -s conftest.o
configure:18747: $? = 0
configure:18758: result: yes
configure:18770: checking whether gcc needs -traditional
configure:18814: result: no
configure:18821: checking for hsearch_r
configure:18871: gcc -o conftest -g -O2   conftest.c  >&5
configure:18874: $? = 0
configure:18877: test -s conftest
configure:18880: $? = 0
configure:18891: result: yes
configure:18909: checking for library version
configure:18934: result: major 1 minor 0 subminor 8 extrastr  extraver 1000000
configure:18966: checking for versioned symbols
configure:18995: result: yes
configure:19016: checking for debug
configure:19027: result: yes
configure:19039: checking for tmpdir
configure:19049: result: /tmp
configure:19057: checking for softfloat
configure:19074: result: no
configure:19078: checking for architecture
configure:19086: result: x86
configure:19264: creating ./config.status

## ---------------------- ##
## Running config.status. ##
## ---------------------- ##

This file was extended by config.status, which was
generated by GNU Autoconf 2.57.  Invocation command line was

  CONFIG_FILES    = 
  CONFIG_HEADERS  = 
  CONFIG_LINKS    = 
  CONFIG_COMMANDS = 
  $ ./config.status 

on amazon

config.status:721: creating Makefile
config.status:721: creating doc/Makefile
config.status:721: creating doc/pictures/Makefile
config.status:721: creating include/Makefile
config.status:721: creating include/sound/Makefile
config.status:721: creating src/Makefile
config.status:721: creating src/control/Makefile
config.status:721: creating src/mixer/Makefile
config.status:721: creating src/ordinary_mixer/Makefile
config.status:721: creating src/pcm/Makefile
config.status:721: creating src/pcm/ext/Makefile
config.status:721: creating src/pcm/scopes/Makefile
config.status:721: creating src/ordinary_pcm/Makefile
config.status:721: creating src/rawmidi/Makefile
config.status:721: creating src/timer/Makefile
config.status:721: creating src/hwdep/Makefile
config.status:721: creating src/seq/Makefile
config.status:721: creating src/instr/Makefile
config.status:721: creating src/compat/Makefile
config.status:721: creating src/alisp/Makefile
config.status:721: creating src/conf/Makefile
config.status:721: creating src/conf/cards/Makefile
config.status:721: creating src/conf/pcm/Makefile
config.status:721: creating alsalisp/Makefile
config.status:721: creating aserver/Makefile
config.status:721: creating test/Makefile
config.status:721: creating utils/Makefile
config.status:721: creating utils/alsa-lib.spec
config.status:721: creating utils/alsa.pc
config.status:825: creating include/config.h
config.status:1068: executing depfiles commands

## ---------------- ##
## Cache variables. ##
## ---------------- ##

ac_cv_build=x86_64-unknown-linux
ac_cv_build_alias=x86_64-unknown-linux
ac_cv_c_compiler_gnu=yes
ac_cv_c_const=yes
ac_cv_c_inline=inline
ac_cv_cxx_compiler_gnu=yes
ac_cv_env_CC_set=
ac_cv_env_CC_value=
ac_cv_env_CFLAGS_set=
ac_cv_env_CFLAGS_value=
ac_cv_env_CPPFLAGS_set=
ac_cv_env_CPPFLAGS_value=
ac_cv_env_CPP_set=
ac_cv_env_CPP_value=
ac_cv_env_CXXCPP_set=
ac_cv_env_CXXCPP_value=
ac_cv_env_CXXFLAGS_set=
ac_cv_env_CXXFLAGS_value=
ac_cv_env_CXX_set=
ac_cv_env_CXX_value=
ac_cv_env_F77_set=
ac_cv_env_F77_value=
ac_cv_env_FFLAGS_set=
ac_cv_env_FFLAGS_value=
ac_cv_env_LDFLAGS_set=
ac_cv_env_LDFLAGS_value=
ac_cv_env_build_alias_set=
ac_cv_env_build_alias_value=
ac_cv_env_host_alias_set=
ac_cv_env_host_alias_value=
ac_cv_env_target_alias_set=
ac_cv_env_target_alias_value=
ac_cv_exeext=
ac_cv_f77_compiler_gnu=yes
ac_cv_func_dlopen=no
ac_cv_func_hsearch_r=yes
ac_cv_func_shl_load=no
ac_cv_header_dlfcn_h=yes
ac_cv_header_inttypes_h=yes
ac_cv_header_memory_h=yes
ac_cv_header_stdc=yes
ac_cv_header_stdint_h=yes
ac_cv_header_stdlib_h=yes
ac_cv_header_string_h=yes
ac_cv_header_strings_h=yes
ac_cv_header_sys_stat_h=yes
ac_cv_header_sys_types_h=yes
ac_cv_header_time=yes
ac_cv_header_unistd_h=yes
ac_cv_host=x86_64-unknown-linux
ac_cv_host_alias=x86_64-unknown-linux
ac_cv_lib_dl_dlopen=yes
ac_cv_lib_dld_shl_load=no
ac_cv_objext=o
ac_cv_path_install='/usr/bin/install -c'
ac_cv_prog_AWK=gawk
ac_cv_prog_CPP='gcc -E'
ac_cv_prog_CXXCPP='g++ -E'
ac_cv_prog_ac_ct_AR=ar
ac_cv_prog_ac_ct_CC=gcc
ac_cv_prog_ac_ct_CXX=g++
ac_cv_prog_ac_ct_F77=g77
ac_cv_prog_ac_ct_RANLIB=ranlib
ac_cv_prog_ac_ct_STRIP=strip
ac_cv_prog_cc_g=yes
ac_cv_prog_cc_stdc=
ac_cv_prog_cxx_g=yes
ac_cv_prog_egrep='grep -E'
ac_cv_prog_f77_g=yes
ac_cv_prog_gcc_traditional=no
ac_cv_prog_make_make_set=yes
ac_cv_target=x86_64-unknown-linux
ac_cv_target_alias=x86_64-unknown-linux
am_cv_CC_dependencies_compiler_type=gcc3
am_cv_CXX_dependencies_compiler_type=gcc3
lt_cv_deplibs_check_method=pass_all
lt_cv_dlopen=dlopen
lt_cv_dlopen_libs=-ldl
lt_cv_dlopen_self=yes
lt_cv_dlopen_self_static=yes
lt_cv_file_magic_cmd='$MAGIC_CMD'
lt_cv_file_magic_test_file='/lib/libc.so.6 /lib/libc-2.3.3.so'
lt_cv_ld_reload_flag=-r
lt_cv_objdir=.libs
lt_cv_path_LD=/usr/bin/ld
lt_cv_path_LDCXX='/usr/bin/ld -m elf_x86_64'
lt_cv_path_NM='/usr/bin/nm -B'
lt_cv_path_SED=/bin/sed
lt_cv_prog_compiler_c_o=yes
lt_cv_prog_compiler_c_o_CXX=yes
lt_cv_prog_compiler_c_o_F77=yes
lt_cv_prog_compiler_rtti_exceptions=no
lt_cv_prog_gnu_ld=yes
lt_cv_prog_gnu_ldcxx=yes
lt_cv_sys_global_symbol_pipe='sed -n -e '\''s/^.*[ 	]\([ABCDGISTW][ABCDGISTW]*\)[ 	][ 	]*\(\)\([_A-Za-z][_A-Za-z0-9]*\)$/\1 \2\3 \3/p'\'''
lt_cv_sys_global_symbol_to_c_name_address='sed -n -e '\''s/^: \([^ ]*\) $/  {\"\1\", (lt_ptr) 0},/p'\'' -e '\''s/^[BCDEGRST] \([^ ]*\) \([^ ]*\)$/  {"\2", (lt_ptr) \&\2},/p'\'''
lt_cv_sys_global_symbol_to_cdecl='sed -n -e '\''s/^. .* \(.*\)$/extern int \1;/p'\'''
lt_cv_sys_max_cmd_len=32768
lt_lt_cv_prog_compiler_c_o='"yes"'
lt_lt_cv_prog_compiler_c_o_CXX='"yes"'
lt_lt_cv_prog_compiler_c_o_F77='"yes"'
lt_lt_cv_sys_global_symbol_pipe='"sed -n -e '\''s/^.*[ 	]\\([ABCDGISTW][ABCDGISTW]*\\)[ 	][ 	]*\\(\\)\\([_A-Za-z][_A-Za-z0-9]*\\)\$/\\1 \\2\\3 \\3/p'\''"'
lt_lt_cv_sys_global_symbol_to_c_name_address='"sed -n -e '\''s/^: \\([^ ]*\\) \$/  {\\\"\\1\\\", (lt_ptr) 0},/p'\'' -e '\''s/^[BCDEGRST] \\([^ ]*\\) \\([^ ]*\\)\$/  {\"\\2\", (lt_ptr) \\&\\2},/p'\''"'
lt_lt_cv_sys_global_symbol_to_cdecl='"sed -n -e '\''s/^. .* \\(.*\\)\$/extern int \\1;/p'\''"'

## ----------------- ##
## Output variables. ##
## ----------------- ##

ACLOCAL='${SHELL} /root/hvirtual/alsa-lib-1.0.8/missing --run aclocal-1.7'
ALSA_HSEARCH_R_FALSE=''
ALSA_HSEARCH_R_TRUE='#'
AMDEPBACKSLASH='\'
AMDEP_FALSE='#'
AMDEP_TRUE=''
AMTAR='${SHELL} /root/hvirtual/alsa-lib-1.0.8/missing --run tar'
AR='ar'
AUTOCONF='${SHELL} /root/hvirtual/alsa-lib-1.0.8/missing --run autoconf'
AUTOHEADER='${SHELL} /root/hvirtual/alsa-lib-1.0.8/missing --run autoheader'
AUTOMAKE='${SHELL} /root/hvirtual/alsa-lib-1.0.8/missing --run automake-1.7'
AWK='gawk'
CC='gcc'
CCDEPMODE='depmode=gcc3'
CFLAGS='-g -O2'
CPP='gcc -E'
CPPFLAGS=''
CXX='g++'
CXXCPP='g++ -E'
CXXDEPMODE='depmode=gcc3'
CXXFLAGS='-g -O2'
CYGPATH_W='echo'
DEFS='-DHAVE_CONFIG_H'
DEPDIR='.deps'
ECHO='echo'
ECHO_C=''
ECHO_N='-n'
ECHO_T=''
EGREP='grep -E'
EXEEXT=''
F77='g77'
FFLAGS='-g -O2'
INSTALL_DATA='${INSTALL} -m 644'
INSTALL_M4_FALSE='#'
INSTALL_M4_TRUE=''
INSTALL_PROGRAM='${INSTALL}'
INSTALL_SCRIPT='${INSTALL}'
INSTALL_STRIP_PROGRAM='${SHELL} $(install_sh) -c -s'
LDFLAGS=''
LIBOBJS=''
LIBS=''
LIBTOOL='$(SHELL) $(top_builddir)/libtool'
LIBTOOL_VERSION_INFO='2:0:0'
LN_S='ln -s'
LTLIBOBJS=''
MAKEINFO='${SHELL} /root/hvirtual/alsa-lib-1.0.8/missing --run makeinfo'
OBJEXT='o'
PACKAGE='alsa-lib'
PACKAGE_BUGREPORT=''
PACKAGE_NAME=''
PACKAGE_STRING=''
PACKAGE_TARNAME=''
PACKAGE_VERSION=''
PATH_SEPARATOR=':'
RANLIB='ranlib'
SET_MAKE=''
SHELL='/bin/sh'
SND_LIB_EXTRAVER='1000000'
SND_LIB_MAJOR='1'
SND_LIB_MINOR='0'
SND_LIB_SUBMINOR='8'
SND_LIB_VERSION='1.0.8'
STRIP='strip'
VERSION='1.0.8'
VERSIONED_SYMBOLS_FALSE='#'
VERSIONED_SYMBOLS_TRUE=''
ac_ct_AR='ar'
ac_ct_CC='gcc'
ac_ct_CXX='g++'
ac_ct_F77='g77'
ac_ct_RANLIB='ranlib'
ac_ct_STRIP='strip'
am__fastdepCC_FALSE='#'
am__fastdepCC_TRUE=''
am__fastdepCXX_FALSE='#'
am__fastdepCXX_TRUE=''
am__include='include'
am__leading_dot='.'
am__quote=''
bindir='${exec_prefix}/bin'
build='x86_64-unknown-linux'
build_alias=''
build_cpu='x86_64'
build_os='linux'
build_vendor='unknown'
datadir='${prefix}/share'
exec_prefix='/usr'
host='x86_64-unknown-linux'
host_alias=''
host_cpu='x86_64'
host_os='linux'
host_vendor='unknown'
includedir='${prefix}/include'
infodir='${prefix}/info'
install_sh='/root/hvirtual/alsa-lib-1.0.8/install-sh'
libdir='${exec_prefix}/lib'
libexecdir='${exec_prefix}/libexec'
localstatedir='${prefix}/var'
mandir='${prefix}/man'
oldincludedir='/usr/include'
prefix='/usr'
program_transform_name='s,x,x,'
sbindir='${exec_prefix}/sbin'
sharedstatedir='${prefix}/com'
sysconfdir='${prefix}/etc'
target='x86_64-unknown-linux'
target_alias=''
target_cpu='x86_64'
target_os='linux'
target_vendor='unknown'

## ----------- ##
## confdefs.h. ##
## ----------- ##

#define DATADIR "/usr/share"
#define HAVE_DLFCN_H 1
#define HAVE_INTTYPES_H 1
#define HAVE_MEMORY_H 1
#define HAVE_STDINT_H 1
#define HAVE_STDLIB_H 1
#define HAVE_STRINGS_H 1
#define HAVE_STRING_H 1
#define HAVE_SYS_STAT_H 1
#define HAVE_SYS_TYPES_H 1
#define HAVE_UNISTD_H 1
#define PACKAGE "alsa-lib"
#define PACKAGE_BUGREPORT ""
#define PACKAGE_NAME ""
#define PACKAGE_STRING ""
#define PACKAGE_TARNAME ""
#define PACKAGE_VERSION ""
#define PKGLIBDIR "/usr/lib/alsa-lib"
#define STDC_HEADERS 1
#define STDC_HEADERS 1
#define TIME_WITH_SYS_TIME 1
#define TMPDIR "/tmp"
#define VERSION "1.0.8"
#define VERSION "1.0.8"
#define VERSIONED_SYMBOLS
#endif
#ifdef __cplusplus
#include <stdlib.h>

configure: exit 0
