This file contains any messages produced by compilers while
running configure, to aid debugging if configure makes a mistake.

configure:735: checking for a BSD compatible install
configure:788: checking whether build environment is sane
configure:859: checking for mawk
configure:889: checking whether make -j 2 sets ${MAKE}
configure:1012: checking for gcc
configure:1125: checking whether the C compiler (gcc -O3 -march=athlon -fmessage-length=0 -funroll-all-loops -fomit-frame-pointer -falign-loops=2 -falign-jumps=2 -falign-functions=2 ) works
configure:1141: gcc -o conftest -O3 -march=athlon -fmessage-length=0 -funroll-all-loops -fomit-frame-pointer -falign-loops=2 -falign-jumps=2 -falign-functions=2   conftest.c  1>&5
configure:1167: checking whether the C compiler (gcc -O3 -march=athlon -fmessage-length=0 -funroll-all-loops -fomit-frame-pointer -falign-loops=2 -falign-jumps=2 -falign-functions=2 ) is a cross-compiler
configure:1172: checking whether we are using GNU C
configure:1200: checking whether gcc accepts -g
configure:1239: checking for style of include used by make -j 2
configure:1273: checking dependency style of gcc
configure:1351: checking for Cygwin environment
configure:1384: checking for mingw32 environment
configure:1413: checking how to run the C preprocessor
configure:1568: checking host system type
configure:1589: checking build system type
configure:1618: checking for ld used by GCC
configure:1686: checking if the linker (/usr/bin/ld) is GNU ld
configure:1703: checking for /usr/bin/ld option to reload object files
configure:1715: checking for BSD-compatible nm
configure:1753: checking for a sed that does not truncate output
configure:1837: checking whether ln -s works
configure:1858: checking how to recognise dependent libraries
configure:2044: checking for object suffix
configure:2070: checking for executable suffix
configure:2111: checking command to parse /usr/bin/nm -B output
configure:2294: checking for dlfcn.h
configure:2473: checking for ranlib
configure:2540: checking for strip
configure:2783: checking for objdir
configure:2810: checking for gcc option to produce PIC
configure:2958: checking if gcc PIC flag  -fPIC works
configure:3024: checking if gcc static flag -static works
configure:3066: checking if gcc supports -c -o file.o
configure:3114: checking if gcc supports -c -o file.lo
configure:3182: checking if gcc supports -fno-rtti -fno-exceptions
configure:3195: gcc -c -O3 -march=athlon -fmessage-length=0 -funroll-all-loops -fomit-frame-pointer -falign-loops=2 -falign-jumps=2 -falign-functions=2 -fno-rtti -fno-exceptions -c conftest.c  conftest.c 1>&5
cc1: warning: "-fno-rtti" is valid for C++ but not for C/ObjC
cc1: warning: "-fno-rtti" is valid for C++ but not for C/ObjC
configure:3222: checking whether the linker (/usr/bin/ld) supports shared libraries
configure:3918: checking how to hardcode library paths into programs
configure:3946: checking whether stripping libraries is possible
configure:3960: checking dynamic linker characteristics
configure:4366: checking if libtool supports shared libraries
configure:4370: checking whether to build shared libraries
configure:4393: checking whether to build static libraries
configure:4929: checking whether -lc should be explicitly linked in
configure:5537: checking for raw1394_get_errcode in -lraw1394
configure:5625: checking for ANSI C header files
configure:5732: checking for sys/time.h
configure:5732: checking for sys/types.h
configure:5732: checking for unistd.h
configure:5732: checking for string.h
configure:5732: checking for netinet/in.h
configure:5732: checking for stdio.h
