This file contains any messages produced by compilers while
running configure, to aid debugging if configure makes a mistake.

It was created by configure, which was
generated by GNU Autoconf 2.53.  Invocation command line was

  $ ./configure 

## --------- ##
## Platform. ##
## --------- ##

hostname = myrina
uname -m = i686
uname -r = 2.4.17
uname -s = Linux
uname -v = #9 SMP Tue Jun 11 09:03:27 PDT 2002

/usr/bin/uname -p = unknown
/bin/uname -X     = unknown

/bin/arch              = i686
/usr/bin/arch -k       = unknown
/usr/convex/getsysinfo = unknown
hostinfo               = unknown
/bin/machine           = unknown
/usr/bin/oslevel       = unknown
/bin/universe          = unknown

PATH: /usr/local/sbin
PATH: /usr/sbin
PATH: /sbin
PATH: .
PATH: /usr/local/bin
PATH: /usr/local/samba/bin
PATH: /usr/local/java/bin
PATH: /usr/local/java/jre/bin
PATH: .
PATH: /usr/local/bin
PATH: /usr/local/samba/bin
PATH: /usr/local/java/bin
PATH: /usr/local/java/jre/bin
PATH: /usr/local/sbin
PATH: /usr/sbin
PATH: /sbin
PATH: .
PATH: /usr/local/bin
PATH: /usr/local/samba/bin
PATH: /usr/local/java/bin
PATH: /usr/local/java/jre/bin
PATH: /usr/local/sbin
PATH: /usr/local/bin
PATH: /sbin
PATH: /bin
PATH: /usr/sbin
PATH: /usr/bin
PATH: /usr/X11R6/bin
PATH: /root/bin
PATH: /root/bin


## ----------- ##
## Core tests. ##
## ----------- ##

configure:1424: checking for a BSD-compatible install
configure:1478: result: /usr/bin/install -c
configure:1489: checking whether build environment is sane
configure:1532: result: yes
configure:1566: checking for gawk
configure:1582: found /bin/gawk
configure:1592: result: gawk
configure:1602: checking whether make -j 4 sets ${MAKE}
configure:1622: result: yes
configure:1731: checking build system type
configure:1749: result: i686-pc-linux-gnu
configure:1757: checking host system type
configure:1771: result: i686-pc-linux-gnu
configure:1779: checking whether to enable maintainer-specific portions of Makefiles
configure:1788: result: no
configure:1852: checking for gcc
configure:1868: found /usr/bin/gcc
configure:1878: result: gcc
configure:2122: checking for C compiler version
configure:2125: gcc --version </dev/null >&5
3.0.2
configure:2128: $? = 0
configure:2130: gcc -v </dev/null >&5
Reading specs from /usr/lib/gcc-lib/i386-redhat-linux/3.0.2/specs
Configured with: ../configure --prefix=/usr --mandir=/usr/share/man --infodir=/usr/share/info --enable-shared --enable-threads=posix --disable-checking --host=i386-redhat-linux
Thread model: posix
gcc version 3.0.2 20010905 (Red Hat Linux 7.1 3.0.1-3)
configure:2133: $? = 0
configure:2135: gcc -V </dev/null >&5
gcc: argument to `-V' is missing
configure:2138: $? = 1
configure:2164: checking for C compiler default output
configure:2167: gcc -O3 -march=i686 -fmessage-length=0 -funroll-all-loops -fomit-frame-pointer -malign-loops=2 -malign-jumps=2 -malign-functions=2 -I/usr/local/include   conftest.c  >&5
configure:2170: $? = 0
configure:2203: result: a.out
configure:2208: checking whether the C compiler works
configure:2214: ./a.out
configure:2217: $? = 0
configure:2232: result: yes
configure:2239: checking whether we are cross compiling
configure:2241: result: no
configure:2244: checking for suffix of executables
configure:2246: gcc -o conftest -O3 -march=i686 -fmessage-length=0 -funroll-all-loops -fomit-frame-pointer -malign-loops=2 -malign-jumps=2 -malign-functions=2 -I/usr/local/include   conftest.c  >&5
configure:2249: $? = 0
configure:2271: result: 
configure:2277: checking for suffix of object files
configure:2301: gcc -c -O3 -march=i686 -fmessage-length=0 -funroll-all-loops -fomit-frame-pointer -malign-loops=2 -malign-jumps=2 -malign-functions=2 -I/usr/local/include  conftest.c >&5
configure:2304: $? = 0
configure:2323: result: o
configure:2327: checking whether we are using the GNU C compiler
configure:2354: gcc -c -O3 -march=i686 -fmessage-length=0 -funroll-all-loops -fomit-frame-pointer -malign-loops=2 -malign-jumps=2 -malign-functions=2 -I/usr/local/include  conftest.c >&5
configure:2357: $? = 0
configure:2360: test -s conftest.o
configure:2363: $? = 0
configure:2375: result: yes
configure:2381: checking whether gcc accepts -g
configure:2405: gcc -c -g  conftest.c >&5
configure:2408: $? = 0
configure:2411: test -s conftest.o
configure:2414: $? = 0
configure:2424: result: yes
configure:2451: gcc -c -O3 -march=i686 -fmessage-length=0 -funroll-all-loops -fomit-frame-pointer -malign-loops=2 -malign-jumps=2 -malign-functions=2 -I/usr/local/include  conftest.c >&5
conftest.c:2: parse error before "me"
configure:2454: $? = 1
configure: failed program was:
#ifndef __cplusplus
  choke me
#endif
configure:2572: checking for style of include used by make -j 4
configure:2600: result: GNU
configure:2607: checking dependency style of gcc
configure:2669: result: gcc3
configure:2723: checking for a BSD-compatible install
configure:2777: result: /usr/bin/install -c
configure:2876: checking for ld used by GCC
configure:2939: result: /usr/bin/ld
configure:2948: checking if the linker (/usr/bin/ld) is GNU ld
GNU ld version 2.11.90.0.8 (with BFD 2.11.90.0.8)
configure:2960: result: yes
configure:2965: checking for /usr/bin/ld option to reload object files
configure:2972: result: -r
configure:2977: checking for BSD-compatible nm
configure:3013: result: /usr/bin/nm -B
configure:3016: checking whether ln -s works
configure:3020: result: yes
configure:3027: checking how to recognise dependant libraries
configure:3205: result: pass_all
configure:3218: checking command to parse /usr/bin/nm -B output
configure:3299: gcc -c -O3 -march=i686 -fmessage-length=0 -funroll-all-loops -fomit-frame-pointer -malign-loops=2 -malign-jumps=2 -malign-functions=2 -I/usr/local/include -Wall  conftest.c >&5
configure:3302: $? = 0
configure:3306: /usr/bin/nm -B conftest.o \| sed -n -e 's/^.*[ 	]\([ABCDGISTW][ABCDGISTW]*\)[ 	][ 	]*\(\)\([_A-Za-z][_A-Za-z0-9]*\)$/\1 \2\3 \3/p' \> conftest.nm
configure:3309: $? = 0
configure:3361: gcc -o conftest -O3 -march=i686 -fmessage-length=0 -funroll-all-loops -fomit-frame-pointer -malign-loops=2 -malign-jumps=2 -malign-functions=2 -I/usr/local/include -Wall   conftest.c conftstm.o >&5
conftest.c:6: warning: `main' is usually a function
configure:3364: $? = 0
configure:3408: result: ok
configure:3417: checking how to run the C preprocessor
configure:3443: gcc -E  conftest.c
configure:3449: $? = 0
configure:3476: gcc -E  conftest.c
configure:3472:28: ac_nonexistent.h: No such file or directory
configure:3482: $? = 1
configure: failed program was:
#line 3471 "configure"
#include "confdefs.h"
#include <ac_nonexistent.h>
configure:3519: result: gcc -E
configure:3534: gcc -E  conftest.c
configure:3540: $? = 0
configure:3567: gcc -E  conftest.c
configure:3563:28: ac_nonexistent.h: No such file or directory
configure:3573: $? = 1
configure: failed program was:
#line 3562 "configure"
#include "confdefs.h"
#include <ac_nonexistent.h>
configure:3613: checking for ANSI C header files
configure:3627: gcc -E  conftest.c
configure:3633: $? = 0
configure:3718: gcc -o conftest -O3 -march=i686 -fmessage-length=0 -funroll-all-loops -fomit-frame-pointer -malign-loops=2 -malign-jumps=2 -malign-functions=2 -I/usr/local/include -Wall   conftest.c  >&5
configure: In function `main':
configure:3711: warning: implicit declaration of function `exit'
configure:3721: $? = 0
configure:3723: ./conftest
configure:3726: $? = 0
configure:3740: result: yes
configure:3764: checking for sys/types.h
configure:3777: gcc -c -O3 -march=i686 -fmessage-length=0 -funroll-all-loops -fomit-frame-pointer -malign-loops=2 -malign-jumps=2 -malign-functions=2 -I/usr/local/include -Wall  conftest.c >&5
configure:3780: $? = 0
configure:3783: test -s conftest.o
configure:3786: $? = 0
configure:3796: result: yes
configure:3764: checking for sys/stat.h
configure:3777: gcc -c -O3 -march=i686 -fmessage-length=0 -funroll-all-loops -fomit-frame-pointer -malign-loops=2 -malign-jumps=2 -malign-functions=2 -I/usr/local/include -Wall  conftest.c >&5
configure:3780: $? = 0
configure:3783: test -s conftest.o
configure:3786: $? = 0
configure:3796: result: yes
configure:3764: checking for stdlib.h
configure:3777: gcc -c -O3 -march=i686 -fmessage-length=0 -funroll-all-loops -fomit-frame-pointer -malign-loops=2 -malign-jumps=2 -malign-functions=2 -I/usr/local/include -Wall  conftest.c >&5
configure:3780: $? = 0
configure:3783: test -s conftest.o
configure:3786: $? = 0
configure:3796: result: yes
configure:3764: checking for string.h
configure:3777: gcc -c -O3 -march=i686 -fmessage-length=0 -funroll-all-loops -fomit-frame-pointer -malign-loops=2 -malign-jumps=2 -malign-functions=2 -I/usr/local/include -Wall  conftest.c >&5
configure:3780: $? = 0
configure:3783: test -s conftest.o
configure:3786: $? = 0
configure:3796: result: yes
configure:3764: checking for memory.h
configure:3777: gcc -c -O3 -march=i686 -fmessage-length=0 -funroll-all-loops -fomit-frame-pointer -malign-loops=2 -malign-jumps=2 -malign-functions=2 -I/usr/local/include -Wall  conftest.c >&5
configure:3780: $? = 0
configure:3783: test -s conftest.o
configure:3786: $? = 0
configure:3796: result: yes
configure:3764: checking for strings.h
configure:3777: gcc -c -O3 -march=i686 -fmessage-length=0 -funroll-all-loops -fomit-frame-pointer -malign-loops=2 -malign-jumps=2 -malign-functions=2 -I/usr/local/include -Wall  conftest.c >&5
configure:3780: $? = 0
configure:3783: test -s conftest.o
configure:3786: $? = 0
configure:3796: result: yes
configure:3764: checking for inttypes.h
configure:3777: gcc -c -O3 -march=i686 -fmessage-length=0 -funroll-all-loops -fomit-frame-pointer -malign-loops=2 -malign-jumps=2 -malign-functions=2 -I/usr/local/include -Wall  conftest.c >&5
configure:3780: $? = 0
configure:3783: test -s conftest.o
configure:3786: $? = 0
configure:3796: result: yes
configure:3764: checking for stdint.h
configure:3777: gcc -c -O3 -march=i686 -fmessage-length=0 -funroll-all-loops -fomit-frame-pointer -malign-loops=2 -malign-jumps=2 -malign-functions=2 -I/usr/local/include -Wall  conftest.c >&5
configure:3780: $? = 0
configure:3783: test -s conftest.o
configure:3786: $? = 0
configure:3796: result: yes
configure:3764: checking for unistd.h
configure:3777: gcc -c -O3 -march=i686 -fmessage-length=0 -funroll-all-loops -fomit-frame-pointer -malign-loops=2 -malign-jumps=2 -malign-functions=2 -I/usr/local/include -Wall  conftest.c >&5
configure:3780: $? = 0
configure:3783: test -s conftest.o
configure:3786: $? = 0
configure:3796: result: yes
configure:3822: checking dlfcn.h usability
configure:3831: gcc -c -O3 -march=i686 -fmessage-length=0 -funroll-all-loops -fomit-frame-pointer -malign-loops=2 -malign-jumps=2 -malign-functions=2 -I/usr/local/include -Wall  conftest.c >&5
configure:3834: $? = 0
configure:3837: test -s conftest.o
configure:3840: $? = 0
configure:3849: result: yes
configure:3853: checking dlfcn.h presence
configure:3860: gcc -E  conftest.c
configure:3866: $? = 0
configure:3884: result: yes
configure:3902: checking for dlfcn.h
configure:3909: result: yes
configure:4106: checking for ranlib
configure:4122: found /usr/bin/ranlib
configure:4133: result: ranlib
configure:4186: checking for strip
configure:4202: found /usr/bin/strip
configure:4213: result: strip
configure:4424: checking for objdir
configure:4435: result: .libs
configure:4452: checking for gcc option to produce PIC
configure:4602: result: -fPIC
configure:4606: checking if gcc PIC flag -fPIC works
configure:4632: gcc -c -O3 -march=i686 -fmessage-length=0 -funroll-all-loops -fomit-frame-pointer -malign-loops=2 -malign-jumps=2 -malign-functions=2 -I/usr/local/include -Wall -fPIC -DPIC  conftest.c >&5
configure:4635: $? = 0
configure:4638: test -s conftest.o
configure:4641: $? = 0
configure:4678: result: yes
configure:4694: checking if gcc static flag -static works
configure:4721: gcc -o conftest -O3 -march=i686 -fmessage-length=0 -funroll-all-loops -fomit-frame-pointer -malign-loops=2 -malign-jumps=2 -malign-functions=2 -I/usr/local/include -Wall   -static conftest.c  >&5
configure:4724: $? = 0
configure:4727: test -s conftest
configure:4730: $? = 0
configure:4745: result: yes
configure:4757: checking if gcc supports -c -o file.o
configure:4779: gcc -c -O3 -march=i686 -fmessage-length=0 -funroll-all-loops -fomit-frame-pointer -malign-loops=2 -malign-jumps=2 -malign-functions=2 -I/usr/local/include -Wall -o out/conftest2.o  conftest.c >&5
configure:4801: result: yes
configure:4806: checking if gcc supports -c -o file.lo
configure:4836: gcc -c -O3 -march=i686 -fmessage-length=0 -funroll-all-loops -fomit-frame-pointer -malign-loops=2 -malign-jumps=2 -malign-functions=2 -I/usr/local/include -Wall -c -o conftest.lo  conftest.c >&5
configure: In function `main':
configure:4828: warning: unused variable `some_variable'
configure:4839: $? = 0
configure:4842: test -s conftest.lo
configure:4845: $? = 0
configure:4866: result: yes
configure:4897: checking if gcc supports -fno-rtti -fno-exceptions
configure:4922: gcc -c -O3 -march=i686 -fmessage-length=0 -funroll-all-loops -fomit-frame-pointer -malign-loops=2 -malign-jumps=2 -malign-functions=2 -I/usr/local/include -Wall -fno-rtti -fno-exceptions -c conftest.c  conftest.c >&5
configure: In function `main':
configure:4914: warning: unused variable `some_variable'
configure: In function `main':
configure:4914: warning: unused variable `some_variable'
configure:4925: $? = 0
configure:4928: test -s conftest.o
configure:4931: $? = 0
configure:4947: result: yes
configure:4958: checking whether the linker (/usr/bin/ld) supports shared libraries
configure:5638: result: yes
configure:5643: checking how to hardcode library paths into programs
configure:5667: result: immediate
configure:5672: checking whether stripping libraries is possible
configure:5677: result: yes
configure:5688: checking dynamic linker characteristics
configure:6081: result: GNU/Linux ld.so
configure:6086: checking if libtool supports shared libraries
configure:6088: result: yes
configure:6091: checking whether to build shared libraries
configure:6112: result: yes
configure:6115: checking whether to build static libraries
configure:6119: result: yes
configure:6781: checking whether -lc should be explicitly linked in
configure:6789: gcc -c -O3 -march=i686 -fmessage-length=0 -funroll-all-loops -fomit-frame-pointer -malign-loops=2 -malign-jumps=2 -malign-functions=2 -I/usr/local/include -Wall  conftest.c >&5
conftest.c:1: warning: `dummy' defined but not used
configure:6792: $? = 0
configure:6806: gcc -shared conftest.o  -v -Wl,-soname -Wl,conftest -o conftest 2\>\&1 \| grep  -lc  \>/dev/null 2\>\&1
configure:6809: $? = 0
configure:6822: result: no
configure:7471: checking whether to enable debugging
configure:7504: result: default=yes
configure:7535: checking for pkg-config
configure:7566: result: no
configure:7621: error: Library requirements (glib >= 1.2.4 gtk+ >= 1.2.4) not met; consider adjusting the PKG_CONFIG_PATH environment variable if your libraries are in a nonstandard prefix so pkg-config can find them.

## ---------------- ##
## Cache variables. ##
## ---------------- ##

ac_cv_build=i686-pc-linux-gnu
ac_cv_build_alias=i686-pc-linux-gnu
ac_cv_c_compiler_gnu=yes
ac_cv_env_CC_set=
ac_cv_env_CC_value=
ac_cv_env_CFLAGS_set=set
ac_cv_env_CFLAGS_value=$'-O3 -march=i686 -fmessage-length=0 -funroll-all-loops -fomit-frame-pointer -malign-loops=2 -malign-jumps=2 -malign-functions=2 -I/usr/local/include'
ac_cv_env_CPPFLAGS_set=
ac_cv_env_CPPFLAGS_value=
ac_cv_env_CPP_set=
ac_cv_env_CPP_value=
ac_cv_env_LDFLAGS_set=
ac_cv_env_LDFLAGS_value=
ac_cv_env_build_alias_set=
ac_cv_env_build_alias_value=
ac_cv_env_host_alias_set=
ac_cv_env_host_alias_value=
ac_cv_env_target_alias_set=
ac_cv_env_target_alias_value=
ac_cv_exeext=
ac_cv_header_dlfcn_h=yes
ac_cv_header_inttypes_h=yes
ac_cv_header_memory_h=yes
ac_cv_header_stdc=yes
ac_cv_header_stdint_h=yes
ac_cv_header_stdlib_h=yes
ac_cv_header_string_h=yes
ac_cv_header_strings_h=yes
ac_cv_header_sys_stat_h=yes
ac_cv_header_sys_types_h=yes
ac_cv_header_unistd_h=yes
ac_cv_host=i686-pc-linux-gnu
ac_cv_host_alias=i686-pc-linux-gnu
ac_cv_objext=o
ac_cv_path_PKG_CONFIG=no
ac_cv_path_install=$'/usr/bin/install -c'
ac_cv_prog_AWK=gawk
ac_cv_prog_CPP=$'gcc -E'
ac_cv_prog_ac_ct_CC=gcc
ac_cv_prog_ac_ct_RANLIB=ranlib
ac_cv_prog_ac_ct_STRIP=strip
ac_cv_prog_cc_g=yes
ac_cv_prog_make_make_set=yes
am_cv_CC_dependencies_compiler_type=gcc3
lt_cv_archive_cmds_need_lc=no
lt_cv_compiler_c_o=yes
lt_cv_compiler_o_lo=yes
lt_cv_deplibs_check_method=pass_all
lt_cv_file_magic_cmd=$'$MAGIC_CMD'
lt_cv_file_magic_test_file=$'/lib/libc.so.6 /lib/libc-2.2.4.so'
lt_cv_global_symbol_to_c_name_address=$'sed -n -e \'s/^: \\([^ ]*\\) $/  {\\"\\1\\", (lt_ptr) 0},/p\' -e \'s/^[BCDEGRST] \\([^ ]*\\) \\([^ ]*\\)$/  {"\\2", (lt_ptr) \\&\\2},/p\''
lt_cv_global_symbol_to_cdecl=$'sed -n -e \'s/^. .* \\(.*\\)$/extern char \\1;/p\''
lt_cv_ld_reload_flag=-r
lt_cv_path_LD=/usr/bin/ld
lt_cv_path_NM=$'/usr/bin/nm -B'
lt_cv_prog_cc_can_build_shared=yes
lt_cv_prog_cc_no_builtin=
lt_cv_prog_cc_pic=$' -fPIC'
lt_cv_prog_cc_pic_works=yes
lt_cv_prog_cc_shlib=
lt_cv_prog_cc_static=-static
lt_cv_prog_cc_static_works=yes
lt_cv_prog_cc_wl=-Wl,
lt_cv_prog_gnu_ld=yes
lt_cv_sys_global_symbol_pipe=$'sed -n -e \'s/^.*[ \t]\\([ABCDGISTW][ABCDGISTW]*\\)[ \t][ \t]*\\(\\)\\([_A-Za-z][_A-Za-z0-9]*\\)$/\\1 \\2\\3 \\3/p\''
lt_cv_sys_path_separator=:

## ----------- ##
## confdefs.h. ##
## ----------- ##

#define PACKAGE_NAME ""
#define PACKAGE_TARNAME ""
#define PACKAGE_VERSION ""
#define PACKAGE_STRING ""
#define PACKAGE_BUGREPORT ""
#define PACKAGE "libdv"
#define VERSION "0.9.5"
#define _GNU_SOURCE 1
#define STDC_HEADERS 1
#define HAVE_SYS_TYPES_H 1
#define HAVE_SYS_STAT_H 1
#define HAVE_STDLIB_H 1
#define HAVE_STRING_H 1
#define HAVE_MEMORY_H 1
#define HAVE_STRINGS_H 1
#define HAVE_INTTYPES_H 1
#define HAVE_STDINT_H 1
#define HAVE_UNISTD_H 1
#define HAVE_DLFCN_H 1
#define ARCH_X86 1
#define DEBUG 1

configure: exit 1
