This file contains any messages produced by compilers while
running configure, to aid debugging if configure makes a mistake.

It was created by configure, which was
generated by GNU Autoconf 2.59.  Invocation command line was

  $ ./configure 

## --------- ##
## Platform. ##
## --------- ##

hostname = heroine
uname -m = i686
uname -r = 2.6.7
uname -s = Linux
uname -v = #3 SMP Tue Jul 6 23:23:09 PDT 2004

/usr/bin/uname -p = unknown
/bin/uname -X     = unknown

/bin/arch              = i686
/usr/bin/arch -k       = unknown
/usr/convex/getsysinfo = unknown
hostinfo               = unknown
/bin/machine           = unknown
/usr/bin/oslevel       = unknown
/bin/universe          = unknown

PATH: .
PATH: .
PATH: .
PATH: /usr/kerberos/sbin
PATH: /usr/kerberos/bin
PATH: /usr/local/sbin
PATH: /usr/local/bin
PATH: /sbin
PATH: /bin
PATH: /usr/sbin
PATH: /usr/bin
PATH: /usr/X11R6/bin
PATH: /root/bin
PATH: /root/bin


## ----------- ##
## Core tests. ##
## ----------- ##

configure:1541: checking build system type
configure:1559: result: i686-pc-linux-gnu
configure:1567: checking host system type
configure:1581: result: i686-pc-linux-gnu
configure:1589: checking target system type
configure:1603: result: i686-pc-linux-gnu
configure:1645: checking for a BSD-compatible install
configure:1700: result: /usr/bin/install -c
configure:1711: checking whether build environment is sane
configure:1754: result: yes
configure:1787: checking for gawk
configure:1803: found /bin/gawk
configure:1813: result: gawk
configure:1823: checking whether make -j 2 sets $(MAKE)
configure:1843: result: yes
configure:2007: checking whether to enable maintainer-specific portions of Makefiles
configure:2016: result: no
configure:2084: checking for g++
configure:2100: found /usr/bin/g++
configure:2110: result: g++
configure:2126: checking for C++ compiler version
configure:2129: g++ --version </dev/null >&5
g++ (GCC) 3.3.3 20040412 (Red Hat Linux 3.3.3-7)
Copyright (C) 2003 Free Software Foundation, Inc.
This is free software; see the source for copying conditions.  There is NO
warranty; not even for MERCHANTABILITY or FITNESS FOR A PARTICULAR PURPOSE.

configure:2132: $? = 0
configure:2134: g++ -v </dev/null >&5
Reading specs from /usr/lib/gcc-lib/i386-redhat-linux/3.3.3/specs
Configured with: ../configure --prefix=/usr --mandir=/usr/share/man --infodir=/usr/share/info --enable-shared --enable-threads=posix --disable-checking --disable-libunwind-exceptions --with-system-zlib --enable-__cxa_atexit --host=i386-redhat-linux
Thread model: posix
gcc version 3.3.3 20040412 (Red Hat Linux 3.3.3-7)
configure:2137: $? = 0
configure:2139: g++ -V </dev/null >&5
g++: `-V' option must have argument
configure:2142: $? = 1
configure:2165: checking for C++ compiler default output file name
configure:2168: g++    conftest.cc  >&5
configure:2171: $? = 0
configure:2217: result: a.out
configure:2222: checking whether the C++ compiler works
configure:2228: ./a.out
configure:2231: $? = 0
configure:2248: result: yes
configure:2255: checking whether we are cross compiling
configure:2257: result: no
configure:2260: checking for suffix of executables
configure:2262: g++ -o conftest    conftest.cc  >&5
configure:2265: $? = 0
configure:2290: result: 
configure:2296: checking for suffix of object files
configure:2317: g++ -c   conftest.cc >&5
configure:2320: $? = 0
configure:2342: result: o
configure:2346: checking whether we are using the GNU C++ compiler
configure:2370: g++ -c   conftest.cc >&5
configure:2376: $? = 0
configure:2379: test -z 			 || test ! -s conftest.err
configure:2382: $? = 0
configure:2385: test -s conftest.o
configure:2388: $? = 0
configure:2401: result: yes
configure:2407: checking whether g++ accepts -g
configure:2428: g++ -c -g  conftest.cc >&5
configure:2434: $? = 0
configure:2437: test -z 			 || test ! -s conftest.err
configure:2440: $? = 0
configure:2443: test -s conftest.o
configure:2446: $? = 0
configure:2457: result: yes
configure:2499: g++ -c -g -O2  conftest.cc >&5
configure:2505: $? = 0
configure:2508: test -z 			 || test ! -s conftest.err
configure:2511: $? = 0
configure:2514: test -s conftest.o
configure:2517: $? = 0
configure:2543: g++ -c -g -O2  conftest.cc >&5
conftest.cc: In function `int main()':
conftest.cc:15: error: `exit' undeclared (first use this function)
conftest.cc:15: error: (Each undeclared identifier is reported only once for 
   each function it appears in.)
configure:2549: $? = 1
configure: failed program was:
| /* confdefs.h.  */
| 
| #define PACKAGE_NAME ""
| #define PACKAGE_TARNAME ""
| #define PACKAGE_VERSION ""
| #define PACKAGE_STRING ""
| #define PACKAGE_BUGREPORT ""
| #define PACKAGE "OpenEXR"
| #define VERSION "1.2.1"
| /* end confdefs.h.  */
| 
| int
| main ()
| {
| exit (42);
|   ;
|   return 0;
| }
configure:2499: g++ -c -g -O2  conftest.cc >&5
configure:2505: $? = 0
configure:2508: test -z 			 || test ! -s conftest.err
configure:2511: $? = 0
configure:2514: test -s conftest.o
configure:2517: $? = 0
configure:2543: g++ -c -g -O2  conftest.cc >&5
configure:2549: $? = 0
configure:2552: test -z 			 || test ! -s conftest.err
configure:2555: $? = 0
configure:2558: test -s conftest.o
configure:2561: $? = 0
configure:2595: checking for style of include used by make -j 2
configure:2623: result: GNU
configure:2651: checking dependency style of g++
configure:2734: result: none
configure:2764: checking for a BSD-compatible install
configure:2819: result: /usr/bin/install -c
configure:2876: checking for gcc
configure:2892: found /usr/bin/gcc
configure:2902: result: gcc
configure:3146: checking for C compiler version
configure:3149: gcc --version </dev/null >&5
gcc (GCC) 3.3.3 20040412 (Red Hat Linux 3.3.3-7)
Copyright (C) 2003 Free Software Foundation, Inc.
This is free software; see the source for copying conditions.  There is NO
warranty; not even for MERCHANTABILITY or FITNESS FOR A PARTICULAR PURPOSE.

configure:3152: $? = 0
configure:3154: gcc -v </dev/null >&5
Reading specs from /usr/lib/gcc-lib/i386-redhat-linux/3.3.3/specs
Configured with: ../configure --prefix=/usr --mandir=/usr/share/man --infodir=/usr/share/info --enable-shared --enable-threads=posix --disable-checking --disable-libunwind-exceptions --with-system-zlib --enable-__cxa_atexit --host=i386-redhat-linux
Thread model: posix
gcc version 3.3.3 20040412 (Red Hat Linux 3.3.3-7)
configure:3157: $? = 0
configure:3159: gcc -V </dev/null >&5
gcc: `-V' option must have argument
configure:3162: $? = 1
configure:3165: checking whether we are using the GNU C compiler
configure:3189: gcc -c -O3 -march=athlon -fmessage-length=0 -funroll-all-loops -fomit-frame-pointer -falign-loops=2 -falign-jumps=2 -falign-functions=2  conftest.c >&5
configure:3195: $? = 0
configure:3198: test -z 			 || test ! -s conftest.err
configure:3201: $? = 0
configure:3204: test -s conftest.o
configure:3207: $? = 0
configure:3220: result: yes
configure:3226: checking whether gcc accepts -g
configure:3247: gcc -c -g  conftest.c >&5
configure:3253: $? = 0
configure:3256: test -z 			 || test ! -s conftest.err
configure:3259: $? = 0
configure:3262: test -s conftest.o
configure:3265: $? = 0
configure:3276: result: yes
configure:3293: checking for gcc option to accept ANSI C
configure:3363: gcc  -c -O3 -march=athlon -fmessage-length=0 -funroll-all-loops -fomit-frame-pointer -falign-loops=2 -falign-jumps=2 -falign-functions=2  conftest.c >&5
configure:3369: $? = 0
configure:3372: test -z 			 || test ! -s conftest.err
configure:3375: $? = 0
configure:3378: test -s conftest.o
configure:3381: $? = 0
configure:3399: result: none needed
configure:3417: gcc -c -O3 -march=athlon -fmessage-length=0 -funroll-all-loops -fomit-frame-pointer -falign-loops=2 -falign-jumps=2 -falign-functions=2  conftest.c >&5
conftest.c:2: error: syntax error before "me"
configure:3423: $? = 1
configure: failed program was:
| #ifndef __cplusplus
|   choke me
| #endif
configure:3555: checking dependency style of gcc
configure:3638: result: none
configure:3655: checking whether ln -s works
configure:3659: result: yes
configure:3738: checking for a sed that does not truncate output
configure:3792: result: /bin/sed
configure:3795: checking for egrep
configure:3805: result: grep -E
configure:3821: checking for ld used by gcc
configure:3888: result: /usr/bin/ld
configure:3897: checking if the linker (/usr/bin/ld) is GNU ld
configure:3912: result: yes
configure:3917: checking for /usr/bin/ld option to reload object files
configure:3924: result: -r
configure:3933: checking for BSD-compatible nm
configure:3975: result: /usr/bin/nm -B
configure:3979: checking how to recognise dependent libraries
configure:4153: result: pass_all
configure:4366: checking how to run the C preprocessor
configure:4401: gcc -E  conftest.c
configure:4407: $? = 0
configure:4439: gcc -E  conftest.c
conftest.c:14:28: ac_nonexistent.h: No such file or directory
configure:4445: $? = 1
configure: failed program was:
| /* confdefs.h.  */
| 
| #define PACKAGE_NAME ""
| #define PACKAGE_TARNAME ""
| #define PACKAGE_VERSION ""
| #define PACKAGE_STRING ""
| #define PACKAGE_BUGREPORT ""
| #define PACKAGE "OpenEXR"
| #define VERSION "1.2.1"
| #ifdef __cplusplus
| extern "C" void std::exit (int) throw (); using std::exit;
| #endif
| /* end confdefs.h.  */
| #include <ac_nonexistent.h>
configure:4484: result: gcc -E
configure:4508: gcc -E  conftest.c
configure:4514: $? = 0
configure:4546: gcc -E  conftest.c
conftest.c:14:28: ac_nonexistent.h: No such file or directory
configure:4552: $? = 1
configure: failed program was:
| /* confdefs.h.  */
| 
| #define PACKAGE_NAME ""
| #define PACKAGE_TARNAME ""
| #define PACKAGE_VERSION ""
| #define PACKAGE_STRING ""
| #define PACKAGE_BUGREPORT ""
| #define PACKAGE "OpenEXR"
| #define VERSION "1.2.1"
| #ifdef __cplusplus
| extern "C" void std::exit (int) throw (); using std::exit;
| #endif
| /* end confdefs.h.  */
| #include <ac_nonexistent.h>
configure:4596: checking for ANSI C header files
configure:4621: gcc -c -O3 -march=athlon -fmessage-length=0 -funroll-all-loops -fomit-frame-pointer -falign-loops=2 -falign-jumps=2 -falign-functions=2  conftest.c >&5
configure:4627: $? = 0
configure:4630: test -z 			 || test ! -s conftest.err
configure:4633: $? = 0
configure:4636: test -s conftest.o
configure:4639: $? = 0
configure:4725: gcc -o conftest -O3 -march=athlon -fmessage-length=0 -funroll-all-loops -fomit-frame-pointer -falign-loops=2 -falign-jumps=2 -falign-functions=2   conftest.c  >&5
configure:4728: $? = 0
configure:4730: ./conftest
configure:4733: $? = 0
configure:4748: result: yes
configure:4772: checking for sys/types.h
configure:4788: gcc -c -O3 -march=athlon -fmessage-length=0 -funroll-all-loops -fomit-frame-pointer -falign-loops=2 -falign-jumps=2 -falign-functions=2  conftest.c >&5
configure:4794: $? = 0
configure:4797: test -z 			 || test ! -s conftest.err
configure:4800: $? = 0
configure:4803: test -s conftest.o
configure:4806: $? = 0
configure:4817: result: yes
configure:4772: checking for sys/stat.h
configure:4788: gcc -c -O3 -march=athlon -fmessage-length=0 -funroll-all-loops -fomit-frame-pointer -falign-loops=2 -falign-jumps=2 -falign-functions=2  conftest.c >&5
configure:4794: $? = 0
configure:4797: test -z 			 || test ! -s conftest.err
configure:4800: $? = 0
configure:4803: test -s conftest.o
configure:4806: $? = 0
configure:4817: result: yes
configure:4772: checking for stdlib.h
configure:4788: gcc -c -O3 -march=athlon -fmessage-length=0 -funroll-all-loops -fomit-frame-pointer -falign-loops=2 -falign-jumps=2 -falign-functions=2  conftest.c >&5
configure:4794: $? = 0
configure:4797: test -z 			 || test ! -s conftest.err
configure:4800: $? = 0
configure:4803: test -s conftest.o
configure:4806: $? = 0
configure:4817: result: yes
configure:4772: checking for string.h
configure:4788: gcc -c -O3 -march=athlon -fmessage-length=0 -funroll-all-loops -fomit-frame-pointer -falign-loops=2 -falign-jumps=2 -falign-functions=2  conftest.c >&5
configure:4794: $? = 0
configure:4797: test -z 			 || test ! -s conftest.err
configure:4800: $? = 0
configure:4803: test -s conftest.o
configure:4806: $? = 0
configure:4817: result: yes
configure:4772: checking for memory.h
configure:4788: gcc -c -O3 -march=athlon -fmessage-length=0 -funroll-all-loops -fomit-frame-pointer -falign-loops=2 -falign-jumps=2 -falign-functions=2  conftest.c >&5
configure:4794: $? = 0
configure:4797: test -z 			 || test ! -s conftest.err
configure:4800: $? = 0
configure:4803: test -s conftest.o
configure:4806: $? = 0
configure:4817: result: yes
configure:4772: checking for strings.h
configure:4788: gcc -c -O3 -march=athlon -fmessage-length=0 -funroll-all-loops -fomit-frame-pointer -falign-loops=2 -falign-jumps=2 -falign-functions=2  conftest.c >&5
configure:4794: $? = 0
configure:4797: test -z 			 || test ! -s conftest.err
configure:4800: $? = 0
configure:4803: test -s conftest.o
configure:4806: $? = 0
configure:4817: result: yes
configure:4772: checking for inttypes.h
configure:4788: gcc -c -O3 -march=athlon -fmessage-length=0 -funroll-all-loops -fomit-frame-pointer -falign-loops=2 -falign-jumps=2 -falign-functions=2  conftest.c >&5
configure:4794: $? = 0
configure:4797: test -z 			 || test ! -s conftest.err
configure:4800: $? = 0
configure:4803: test -s conftest.o
configure:4806: $? = 0
configure:4817: result: yes
configure:4772: checking for stdint.h
configure:4788: gcc -c -O3 -march=athlon -fmessage-length=0 -funroll-all-loops -fomit-frame-pointer -falign-loops=2 -falign-jumps=2 -falign-functions=2  conftest.c >&5
configure:4794: $? = 0
configure:4797: test -z 			 || test ! -s conftest.err
configure:4800: $? = 0
configure:4803: test -s conftest.o
configure:4806: $? = 0
configure:4817: result: yes
configure:4772: checking for unistd.h
configure:4788: gcc -c -O3 -march=athlon -fmessage-length=0 -funroll-all-loops -fomit-frame-pointer -falign-loops=2 -falign-jumps=2 -falign-functions=2  conftest.c >&5
configure:4794: $? = 0
configure:4797: test -z 			 || test ! -s conftest.err
configure:4800: $? = 0
configure:4803: test -s conftest.o
configure:4806: $? = 0
configure:4817: result: yes
configure:4843: checking dlfcn.h usability
configure:4855: gcc -c -O3 -march=athlon -fmessage-length=0 -funroll-all-loops -fomit-frame-pointer -falign-loops=2 -falign-jumps=2 -falign-functions=2  conftest.c >&5
configure:4861: $? = 0
configure:4864: test -z 			 || test ! -s conftest.err
configure:4867: $? = 0
configure:4870: test -s conftest.o
configure:4873: $? = 0
configure:4883: result: yes
configure:4887: checking dlfcn.h presence
configure:4897: gcc -E  conftest.c
configure:4903: $? = 0
configure:4923: result: yes
configure:4958: checking for dlfcn.h
configure:4965: result: yes
configure:4983: checking how to run the C++ preprocessor
configure:5014: g++ -E  conftest.cc
configure:5020: $? = 0
configure:5052: g++ -E  conftest.cc
conftest.cc:25:28: ac_nonexistent.h: No such file or directory
configure:5058: $? = 1
configure: failed program was:
| /* confdefs.h.  */
| 
| #define PACKAGE_NAME ""
| #define PACKAGE_TARNAME ""
| #define PACKAGE_VERSION ""
| #define PACKAGE_STRING ""
| #define PACKAGE_BUGREPORT ""
| #define PACKAGE "OpenEXR"
| #define VERSION "1.2.1"
| #ifdef __cplusplus
| extern "C" void std::exit (int) throw (); using std::exit;
| #endif
| #define STDC_HEADERS 1
| #define HAVE_SYS_TYPES_H 1
| #define HAVE_SYS_STAT_H 1
| #define HAVE_STDLIB_H 1
| #define HAVE_STRING_H 1
| #define HAVE_MEMORY_H 1
| #define HAVE_STRINGS_H 1
| #define HAVE_INTTYPES_H 1
| #define HAVE_STDINT_H 1
| #define HAVE_UNISTD_H 1
| #define HAVE_DLFCN_H 1
| /* end confdefs.h.  */
| #include <ac_nonexistent.h>
configure:5097: result: g++ -E
configure:5121: g++ -E  conftest.cc
configure:5127: $? = 0
configure:5159: g++ -E  conftest.cc
conftest.cc:25:28: ac_nonexistent.h: No such file or directory
configure:5165: $? = 1
configure: failed program was:
| /* confdefs.h.  */
| 
| #define PACKAGE_NAME ""
| #define PACKAGE_TARNAME ""
| #define PACKAGE_VERSION ""
| #define PACKAGE_STRING ""
| #define PACKAGE_BUGREPORT ""
| #define PACKAGE "OpenEXR"
| #define VERSION "1.2.1"
| #ifdef __cplusplus
| extern "C" void std::exit (int) throw (); using std::exit;
| #endif
| #define STDC_HEADERS 1
| #define HAVE_SYS_TYPES_H 1
| #define HAVE_SYS_STAT_H 1
| #define HAVE_STDLIB_H 1
| #define HAVE_STRING_H 1
| #define HAVE_MEMORY_H 1
| #define HAVE_STRINGS_H 1
| #define HAVE_INTTYPES_H 1
| #define HAVE_STDINT_H 1
| #define HAVE_UNISTD_H 1
| #define HAVE_DLFCN_H 1
| /* end confdefs.h.  */
| #include <ac_nonexistent.h>
configure:5260: checking for g77
configure:5276: found /usr/bin/g77
configure:5286: result: g77
configure:5304: checking for Fortran 77 compiler version
configure:5304: g77 --version </dev/null >&5
GNU Fortran (GCC) 3.3.3 20040412 (Red Hat Linux 3.3.3-7)
Copyright (C) 2002 Free Software Foundation, Inc.

GNU Fortran comes with NO WARRANTY, to the extent permitted by law.
You may redistribute copies of GNU Fortran
under the terms of the GNU General Public License.
For more information about these matters, see the file named COPYING
or type the command `info -f g77 Copying'.
configure:5307: $? = 0
configure:5309: g77 -v </dev/null >&5
Reading specs from /usr/lib/gcc-lib/i386-redhat-linux/3.3.3/specs
Configured with: ../configure --prefix=/usr --mandir=/usr/share/man --infodir=/usr/share/info --enable-shared --enable-threads=posix --disable-checking --disable-libunwind-exceptions --with-system-zlib --enable-__cxa_atexit --host=i386-redhat-linux
Thread model: posix
gcc version 3.3.3 20040412 (Red Hat Linux 3.3.3-7)
configure:5312: $? = 0
configure:5314: g77 -V </dev/null >&5
g77: `-V' option must have argument
configure:5317: $? = 1
configure:5325: checking whether we are using the GNU Fortran 77 compiler
configure:5339: g77 -c  conftest.F >&5
configure:5345: $? = 0
configure:5348: test -z 			 || test ! -s conftest.err
configure:5351: $? = 0
configure:5354: test -s conftest.o
configure:5357: $? = 0
configure:5370: result: yes
configure:5376: checking whether g77 accepts -g
configure:5388: g77 -c -g conftest.f >&5
configure:5394: $? = 0
configure:5397: test -z 			 || test ! -s conftest.err
configure:5400: $? = 0
configure:5403: test -s conftest.o
configure:5406: $? = 0
configure:5418: result: yes
configure:5448: checking the maximum length of command line arguments
configure:5513: result: 32768
configure:5524: checking command to parse /usr/bin/nm -B output from gcc object
configure:5613: gcc -c -O3 -march=athlon -fmessage-length=0 -funroll-all-loops -fomit-frame-pointer -falign-loops=2 -falign-jumps=2 -falign-functions=2  conftest.c >&5
configure:5616: $? = 0
configure:5620: /usr/bin/nm -B conftest.o \| sed -n -e 's/^.*[ 	]\([ABCDGIRSTW][ABCDGIRSTW]*\)[ 	][ 	]*\(\)\([_A-Za-z][_A-Za-z0-9]*\)$/\1 \2\3 \3/p' \> conftest.nm
configure:5623: $? = 0
configure:5675: gcc -o conftest -O3 -march=athlon -fmessage-length=0 -funroll-all-loops -fomit-frame-pointer -falign-loops=2 -falign-jumps=2 -falign-functions=2   conftest.c conftstm.o >&5
configure:5678: $? = 0
configure:5716: result: ok
configure:5720: checking for objdir
configure:5735: result: .libs
configure:5825: checking for ar
configure:5841: found /usr/bin/ar
configure:5852: result: ar
configure:5905: checking for ranlib
configure:5921: found /usr/bin/ranlib
configure:5932: result: ranlib
configure:5985: checking for strip
configure:6001: found /usr/bin/strip
configure:6012: result: strip
configure:6274: checking if gcc static flag  works
configure:6297: result: yes
configure:6315: checking if gcc supports -fno-rtti -fno-exceptions
configure:6336: gcc -c -O3 -march=athlon -fmessage-length=0 -funroll-all-loops -fomit-frame-pointer -falign-loops=2 -falign-jumps=2 -falign-functions=2  -fno-rtti -fno-exceptions conftest.c >&5
cc1: warning: "-fno-rtti" is valid for C++ but not for C/ObjC
configure:6340: $? = 0
configure:6348: result: no
configure:6363: checking for gcc option to produce PIC
configure:6540: result: -fPIC
configure:6548: checking if gcc PIC flag -fPIC works
configure:6569: gcc -c -O3 -march=athlon -fmessage-length=0 -funroll-all-loops -fomit-frame-pointer -falign-loops=2 -falign-jumps=2 -falign-functions=2  -fPIC -DPIC conftest.c >&5
configure:6573: $? = 0
configure:6581: result: yes
configure:6605: checking if gcc supports -c -o file.o
configure:6629: gcc -c -O3 -march=athlon -fmessage-length=0 -funroll-all-loops -fomit-frame-pointer -falign-loops=2 -falign-jumps=2 -falign-functions=2  -o out/conftest2.o conftest.c >&5
configure:6633: $? = 0
configure:6650: result: yes
configure:6676: checking whether the gcc linker (/usr/bin/ld) supports shared libraries
configure:7523: result: yes
configure:7549: checking whether -lc should be explicitly linked in
configure:7554: gcc -c -O3 -march=athlon -fmessage-length=0 -funroll-all-loops -fomit-frame-pointer -falign-loops=2 -falign-jumps=2 -falign-functions=2  conftest.c >&5
configure:7557: $? = 0
configure:7571: gcc -shared conftest.o  -v -Wl,-soname -Wl,conftest -o conftest 2\>\&1 \| grep  -lc  \>/dev/null 2\>\&1
configure:7574: $? = 0
configure:7586: result: no
configure:7594: checking dynamic linker characteristics
configure:8134: result: GNU/Linux ld.so
configure:8138: checking how to hardcode library paths into programs
configure:8163: result: immediate
configure:8177: checking whether stripping libraries is possible
configure:8182: result: yes
configure:9005: checking if libtool supports shared libraries
configure:9007: result: yes
configure:9010: checking whether to build shared libraries
configure:9068: result: yes
configure:9071: checking whether to build static libraries
configure:9075: result: yes
configure:9167: creating libtool
configure:9714: checking for ld used by g++
configure:9781: result: /usr/bin/ld
configure:9790: checking if the linker (/usr/bin/ld) is GNU ld
configure:9805: result: yes
configure:9856: checking whether the g++ linker (/usr/bin/ld) supports shared libraries
configure:10682: result: yes
configure:10700: g++ -c -g -O2  conftest.cc >&5
configure:10703: $? = 0
configure:10799: checking for g++ option to produce PIC
configure:11051: result: -fPIC
configure:11059: checking if g++ PIC flag -fPIC works
configure:11080: g++ -c -g -O2  -fPIC -DPIC conftest.cc >&5
configure:11084: $? = 0
configure:11092: result: yes
configure:11116: checking if g++ supports -c -o file.o
configure:11140: g++ -c -g -O2  -o out/conftest2.o conftest.cc >&5
configure:11144: $? = 0
configure:11161: result: yes
configure:11187: checking whether the g++ linker (/usr/bin/ld) supports shared libraries
configure:11215: result: yes
configure:11286: checking dynamic linker characteristics
configure:11826: result: GNU/Linux ld.so
configure:11830: checking how to hardcode library paths into programs
configure:11855: result: immediate
configure:11869: checking whether stripping libraries is possible
configure:11874: result: yes
configure:13174: checking if libtool supports shared libraries
configure:13176: result: yes
configure:13179: checking whether to build shared libraries
configure:13197: result: yes
configure:13200: checking whether to build static libraries
configure:13204: result: yes
configure:13216: checking for g77 option to produce PIC
configure:13393: result: -fPIC
configure:13401: checking if g77 PIC flag -fPIC works
configure:13422: g77 -c -g -O2 -fPIC conftest.f >&5
configure:13426: $? = 0
configure:13434: result: yes
configure:13458: checking if g77 supports -c -o file.o
configure:13482: g77 -c -g -O2 -o out/conftest2.o conftest.f >&5
configure:13486: $? = 0
configure:13503: result: yes
configure:13529: checking whether the g77 linker (/usr/bin/ld) supports shared libraries
configure:14356: result: yes
configure:14427: checking dynamic linker characteristics
configure:14967: result: GNU/Linux ld.so
configure:14971: checking how to hardcode library paths into programs
configure:14996: result: immediate
configure:15010: checking whether stripping libraries is possible
configure:15015: result: yes
configure:19093: checking whether make -j 2 sets $(MAKE)
configure:19113: result: yes
configure:19133: checking for fltk-config
configure:19164: result: no
configure:19186: checking for FLTK with GL support
configure:19224: g++ -o conftest -g -O2     conftest.cc  >&5
conftest.cc:27:19: FL/Fl.H: No such file or directory
conftest.cc:28:29: FL/Fl_Gl_Window.H: No such file or directory
conftest.cc: In function `int main()':
conftest.cc:33: error: `Fl_Gl_Window' undeclared (first use this function)
conftest.cc:33: error: (Each undeclared identifier is reported only once for 
   each function it appears in.)
conftest.cc:33: error: syntax error before `(' token
configure:19230: $? = 1
configure: failed program was:
| /* confdefs.h.  */
| 
| #define PACKAGE_NAME ""
| #define PACKAGE_TARNAME ""
| #define PACKAGE_VERSION ""
| #define PACKAGE_STRING ""
| #define PACKAGE_BUGREPORT ""
| #define PACKAGE "OpenEXR"
| #define VERSION "1.2.1"
| #ifdef __cplusplus
| extern "C" void std::exit (int) throw (); using std::exit;
| #endif
| #define STDC_HEADERS 1
| #define HAVE_SYS_TYPES_H 1
| #define HAVE_SYS_STAT_H 1
| #define HAVE_STDLIB_H 1
| #define HAVE_STRING_H 1
| #define HAVE_MEMORY_H 1
| #define HAVE_STRINGS_H 1
| #define HAVE_INTTYPES_H 1
| #define HAVE_STDINT_H 1
| #define HAVE_UNISTD_H 1
| #define HAVE_DLFCN_H 1
| /* end confdefs.h.  */
| 
| #include <stdlib.h>
| #include <FL/Fl.H>
| #include <FL/Fl_Gl_Window.H>
| int
| main ()
| {
| 
|     Fl_Gl_Window foo ();
| 
|   ;
|   return 0;
| }
configure:19267: result: no
configure:19418: checking for ANSI C header files
configure:19570: result: yes
configure:19595: checking limits.h usability
configure:19607: gcc -c -O3 -march=athlon -fmessage-length=0 -funroll-all-loops -fomit-frame-pointer -falign-loops=2 -falign-jumps=2 -falign-functions=2  conftest.c >&5
configure:19613: $? = 0
configure:19616: test -z 			 || test ! -s conftest.err
configure:19619: $? = 0
configure:19622: test -s conftest.o
configure:19625: $? = 0
configure:19635: result: yes
configure:19639: checking limits.h presence
configure:19649: gcc -E  conftest.c
configure:19655: $? = 0
configure:19675: result: yes
configure:19710: checking for limits.h
configure:19717: result: yes
configure:19586: checking for unistd.h
configure:19591: result: yes
configure:19731: checking for an ANSI C-conforming const
configure:19798: gcc -c -O3 -march=athlon -fmessage-length=0 -funroll-all-loops -fomit-frame-pointer -falign-loops=2 -falign-jumps=2 -falign-functions=2  conftest.c >&5
configure:19804: $? = 0
configure:19807: test -z 			 || test ! -s conftest.err
configure:19810: $? = 0
configure:19813: test -s conftest.o
configure:19816: $? = 0
configure:19827: result: yes
configure:19837: checking for inline
configure:19858: gcc -c -O3 -march=athlon -fmessage-length=0 -funroll-all-loops -fomit-frame-pointer -falign-loops=2 -falign-jumps=2 -falign-functions=2  conftest.c >&5
configure:19864: $? = 0
configure:19867: test -z 			 || test ! -s conftest.err
configure:19870: $? = 0
configure:19873: test -s conftest.o
configure:19876: $? = 0
configure:19888: result: inline
configure:19907: checking for size_t
configure:19931: gcc -c -O3 -march=athlon -fmessage-length=0 -funroll-all-loops -fomit-frame-pointer -falign-loops=2 -falign-jumps=2 -falign-functions=2  conftest.c >&5
configure:19937: $? = 0
configure:19940: test -z 			 || test ! -s conftest.err
configure:19943: $? = 0
configure:19946: test -s conftest.o
configure:19949: $? = 0
configure:19960: result: yes
configure:19977: checking for strerror
configure:20034: gcc -o conftest -O3 -march=athlon -fmessage-length=0 -funroll-all-loops -fomit-frame-pointer -falign-loops=2 -falign-jumps=2 -falign-functions=2   conftest.c  >&5
configure:20040: $? = 0
configure:20043: test -z 			 || test ! -s conftest.err
configure:20046: $? = 0
configure:20049: test -s conftest
configure:20052: $? = 0
configure:20064: result: yes
configure:20075: checking for compress in -lz
configure:20105: gcc -o conftest -O3 -march=athlon -fmessage-length=0 -funroll-all-loops -fomit-frame-pointer -falign-loops=2 -falign-jumps=2 -falign-functions=2   conftest.c -lz   >&5
configure:20111: $? = 0
configure:20114: test -z 			 || test ! -s conftest.err
configure:20117: $? = 0
configure:20120: test -s conftest
configure:20123: $? = 0
configure:20136: result: yes
configure:20166: checking for ios_base support in C++ standard library
configure:20196: g++ -c -g -O2  conftest.cc >&5
configure:20202: $? = 0
configure:20205: test -z 			 || test ! -s conftest.err
configure:20208: $? = 0
configure:20211: test -s conftest.o
configure:20214: $? = 0
configure:20226: result: yes
configure:20236: checking for <limits> support in C++ standard library
configure:20264: g++ -c -g -O2  conftest.cc >&5
configure:20270: $? = 0
configure:20273: test -z 			 || test ! -s conftest.err
configure:20276: $? = 0
configure:20279: test -s conftest.o
configure:20282: $? = 0
configure:20294: result: yes
configure:20305: checking for template depth required to build OpenEXR
configure:20314: result: standard
configure:20320: checking for gcc optimization flags
configure:20340: gcc -c -O3 -march=athlon -fmessage-length=0 -funroll-all-loops -fomit-frame-pointer -falign-loops=2 -falign-jumps=2 -falign-functions=2 -pipe  conftest.c >&5
configure:20346: $? = 0
configure:20349: test -z 			 || test ! -s conftest.err
configure:20352: $? = 0
configure:20355: test -s conftest.o
configure:20358: $? = 0
configure:20369: result: -pipe
configure:20400: checking for processor-specific optimizations
configure:20406: result: -march=i686
configure:20638: creating ./config.status

## ---------------------- ##
## Running config.status. ##
## ---------------------- ##

This file was extended by config.status, which was
generated by GNU Autoconf 2.59.  Invocation command line was

  CONFIG_FILES    = 
  CONFIG_HEADERS  = 
  CONFIG_LINKS    = 
  CONFIG_COMMANDS = 
  $ ./config.status 

on heroine

config.status:782: creating Makefile
config.status:782: creating OpenEXR.pc
config.status:782: creating openexr.spec
config.status:782: creating Half/Makefile
config.status:782: creating HalfTest/Makefile
config.status:782: creating Iex/Makefile
config.status:782: creating IexTest/Makefile
config.status:782: creating IlmImf/Makefile
config.status:782: creating IlmImfTest/Makefile
config.status:782: creating Imath/Makefile
config.status:782: creating ImathTest/Makefile
config.status:782: creating exrdisplay/Makefile
config.status:782: creating exrheader/Makefile
config.status:782: creating exrmaketiled/Makefile
config.status:782: creating IlmImfExamples/Makefile
config.status:782: creating doc/Makefile
config.status:782: creating vc/Makefile
config.status:782: creating exrstdattr/Makefile
config.status:782: creating exrmakepreview/Makefile
config.status:782: creating exrenvmap/Makefile
config.status:927: executing depfiles commands
configure:21749: result:
---------------------------------------------
Summary for OpenEXR features:

build exrdisplay FLTK application		no
    use Nvidia SDK				
build IlmImf example program                    no
---------------------------------------------


## ---------------- ##
## Cache variables. ##
## ---------------- ##

ac_cv_build=i686-pc-linux-gnu
ac_cv_build_alias=i686-pc-linux-gnu
ac_cv_c_compiler_gnu=yes
ac_cv_c_const=yes
ac_cv_c_inline=inline
ac_cv_cxx_compiler_gnu=yes
ac_cv_env_CC_set=
ac_cv_env_CC_value=
ac_cv_env_CFLAGS_set=set
ac_cv_env_CFLAGS_value='-O3 -march=athlon -fmessage-length=0 -funroll-all-loops -fomit-frame-pointer -falign-loops=2 -falign-jumps=2 -falign-functions=2'
ac_cv_env_CPPFLAGS_set=
ac_cv_env_CPPFLAGS_value=
ac_cv_env_CPP_set=
ac_cv_env_CPP_value=
ac_cv_env_CXXCPP_set=
ac_cv_env_CXXCPP_value=
ac_cv_env_CXXFLAGS_set=
ac_cv_env_CXXFLAGS_value=
ac_cv_env_CXX_set=
ac_cv_env_CXX_value=
ac_cv_env_F77_set=
ac_cv_env_F77_value=
ac_cv_env_FFLAGS_set=
ac_cv_env_FFLAGS_value=
ac_cv_env_FLTK_CONFIG_set=
ac_cv_env_FLTK_CONFIG_value=
ac_cv_env_LDFLAGS_set=
ac_cv_env_LDFLAGS_value=
ac_cv_env_build_alias_set=
ac_cv_env_build_alias_value=
ac_cv_env_host_alias_set=
ac_cv_env_host_alias_value=
ac_cv_env_target_alias_set=
ac_cv_env_target_alias_value=
ac_cv_exeext=
ac_cv_f77_compiler_gnu=yes
ac_cv_func_strerror=yes
ac_cv_header_dlfcn_h=yes
ac_cv_header_inttypes_h=yes
ac_cv_header_limits_h=yes
ac_cv_header_memory_h=yes
ac_cv_header_stdc=yes
ac_cv_header_stdint_h=yes
ac_cv_header_stdlib_h=yes
ac_cv_header_string_h=yes
ac_cv_header_strings_h=yes
ac_cv_header_sys_stat_h=yes
ac_cv_header_sys_types_h=yes
ac_cv_header_unistd_h=yes
ac_cv_host=i686-pc-linux-gnu
ac_cv_host_alias=i686-pc-linux-gnu
ac_cv_lib_z_compress=yes
ac_cv_objext=o
ac_cv_path_FLTK_CONFIG=no
ac_cv_path_install='/usr/bin/install -c'
ac_cv_prog_AWK=gawk
ac_cv_prog_CPP='gcc -E'
ac_cv_prog_CXXCPP='g++ -E'
ac_cv_prog_ac_ct_AR=ar
ac_cv_prog_ac_ct_CC=gcc
ac_cv_prog_ac_ct_CXX=g++
ac_cv_prog_ac_ct_F77=g77
ac_cv_prog_ac_ct_RANLIB=ranlib
ac_cv_prog_ac_ct_STRIP=strip
ac_cv_prog_cc_g=yes
ac_cv_prog_cc_stdc=
ac_cv_prog_cxx_g=yes
ac_cv_prog_egrep='grep -E'
ac_cv_prog_f77_g=yes
ac_cv_prog_make_make_set=yes
ac_cv_target=i686-pc-linux-gnu
ac_cv_target_alias=i686-pc-linux-gnu
ac_cv_type_size_t=yes
am_cv_CC_dependencies_compiler_type=none
am_cv_CXX_dependencies_compiler_type=none
lt_cv_deplibs_check_method=pass_all
lt_cv_file_magic_cmd='$MAGIC_CMD'
lt_cv_file_magic_test_file=
lt_cv_ld_reload_flag=-r
lt_cv_objdir=.libs
lt_cv_path_LD=/usr/bin/ld
lt_cv_path_LDCXX=/usr/bin/ld
lt_cv_path_NM='/usr/bin/nm -B'
lt_cv_path_SED=/bin/sed
lt_cv_prog_compiler_c_o=yes
lt_cv_prog_compiler_c_o_CXX=yes
lt_cv_prog_compiler_c_o_F77=yes
lt_cv_prog_compiler_rtti_exceptions=no
lt_cv_prog_gnu_ld=yes
lt_cv_prog_gnu_ldcxx=yes
lt_cv_sys_global_symbol_pipe='sed -n -e '\''s/^.*[ 	]\([ABCDGIRSTW][ABCDGIRSTW]*\)[ 	][ 	]*\(\)\([_A-Za-z][_A-Za-z0-9]*\)$/\1 \2\3 \3/p'\'''
lt_cv_sys_global_symbol_to_c_name_address='sed -n -e '\''s/^: \([^ ]*\) $/  {\"\1\", (lt_ptr) 0},/p'\'' -e '\''s/^[BCDEGRST] \([^ ]*\) \([^ ]*\)$/  {"\2", (lt_ptr) \&\2},/p'\'''
lt_cv_sys_global_symbol_to_cdecl='sed -n -e '\''s/^. .* \(.*\)$/extern int \1;/p'\'''
lt_cv_sys_max_cmd_len=32768
lt_lt_cv_prog_compiler_c_o='"yes"'
lt_lt_cv_prog_compiler_c_o_CXX='"yes"'
lt_lt_cv_prog_compiler_c_o_F77='"yes"'
lt_lt_cv_sys_global_symbol_pipe='"sed -n -e '\''s/^.*[ 	]\\([ABCDGIRSTW][ABCDGIRSTW]*\\)[ 	][ 	]*\\(\\)\\([_A-Za-z][_A-Za-z0-9]*\\)\$/\\1 \\2\\3 \\3/p'\''"'
lt_lt_cv_sys_global_symbol_to_c_name_address='"sed -n -e '\''s/^: \\([^ ]*\\) \$/  {\\\"\\1\\\", (lt_ptr) 0},/p'\'' -e '\''s/^[BCDEGRST] \\([^ ]*\\) \\([^ ]*\\)\$/  {\"\\2\", (lt_ptr) \\&\\2},/p'\''"'
lt_lt_cv_sys_global_symbol_to_cdecl='"sed -n -e '\''s/^. .* \\(.*\\)\$/extern int \\1;/p'\''"'

## ----------------- ##
## Output variables. ##
## ----------------- ##

ACLOCAL='${SHELL} /root/hvirtual/OpenEXR-1.2.1/missing --run aclocal-1.7'
AMDEPBACKSLASH='\'
AMDEP_FALSE='#'
AMDEP_TRUE=''
AMTAR='${SHELL} /root/hvirtual/OpenEXR-1.2.1/missing --run tar'
AM_CFLAGS='-pipe -march=i686'
AM_CXXFLAGS='-pipe -march=i686'
AR='ar'
AUTOCONF='${SHELL} /root/hvirtual/OpenEXR-1.2.1/missing --run autoconf'
AUTOHEADER='${SHELL} /root/hvirtual/OpenEXR-1.2.1/missing --run autoheader'
AUTOMAKE='${SHELL} /root/hvirtual/OpenEXR-1.2.1/missing --run automake-1.7'
AWK='gawk'
BUILD_IMFEXAMPLES_FALSE=''
BUILD_IMFEXAMPLES_TRUE='#'
CC='gcc'
CCDEPMODE='depmode=none'
CFLAGS='-O3 -march=athlon -fmessage-length=0 -funroll-all-loops -fomit-frame-pointer -falign-loops=2 -falign-jumps=2 -falign-functions=2'
CPP='gcc -E'
CPPFLAGS=''
CXX='g++'
CXXCPP='g++ -E'
CXXDEPMODE='depmode=none'
CXXFLAGS='-g -O2'
CYGPATH_W='echo'
DEFS='-DPACKAGE_NAME=\"\" -DPACKAGE_TARNAME=\"\" -DPACKAGE_VERSION=\"\" -DPACKAGE_STRING=\"\" -DPACKAGE_BUGREPORT=\"\" -DPACKAGE=\"OpenEXR\" -DVERSION=\"1.2.1\" -DSTDC_HEADERS=1 -DHAVE_SYS_TYPES_H=1 -DHAVE_SYS_STAT_H=1 -DHAVE_STDLIB_H=1 -DHAVE_STRING_H=1 -DHAVE_MEMORY_H=1 -DHAVE_STRINGS_H=1 -DHAVE_INTTYPES_H=1 -DHAVE_STDINT_H=1 -DHAVE_UNISTD_H=1 -DHAVE_DLFCN_H=1 -DSTDC_HEADERS=1 -DHAVE_LIMITS_H=1 -DHAVE_UNISTD_H=1 -DHAVE_STRERROR=1 -DHAVE_IOS_BASE=1 -DHAVE_STL_LIMITS=1 '
DEPDIR='.deps'
ECHO='echo'
ECHO_C=''
ECHO_N='-n'
ECHO_T=''
EGREP='grep -E'
EXEEXT=''
F77='g77'
FFLAGS='-g -O2'
FLTK_CONFIG='no'
FLTK_CXXFLAGS=''
FLTK_LDFLAGS=''
HAVE_FLTK_FALSE=''
HAVE_FLTK_TRUE='#'
HAVE_NVSDK_FALSE=''
HAVE_NVSDK_TRUE='#'
INSTALL_DATA='${INSTALL} -m 644'
INSTALL_PROGRAM='${INSTALL}'
INSTALL_SCRIPT='${INSTALL}'
INSTALL_STRIP_PROGRAM='${SHELL} $(install_sh) -c -s'
LDFLAGS=''
LIBOBJS=''
LIBS=''
LIBTOOL='$(SHELL) $(top_builddir)/libtool'
LIBTOOL_VERSION='2:1:0'
LN_S='ln -s'
LTLIBOBJS=''
MAINT='#'
MAINTAINER_MODE_FALSE=''
MAINTAINER_MODE_TRUE='#'
MAKEINFO='${SHELL} /root/hvirtual/OpenEXR-1.2.1/missing --run makeinfo'
NVSDK_CXXFLAGS=''
OBJEXT='o'
OPENEXR_VERSION='1.2.1'
PACKAGE='OpenEXR'
PACKAGE_BUGREPORT=''
PACKAGE_NAME=''
PACKAGE_STRING=''
PACKAGE_TARNAME=''
PACKAGE_VERSION=''
PATH_SEPARATOR=':'
RANLIB='ranlib'
SET_MAKE=''
SHELL='/bin/sh'
STRIP='strip'
VERSION='1.2.1'
ac_ct_AR='ar'
ac_ct_CC='gcc'
ac_ct_CXX='g++'
ac_ct_F77='g77'
ac_ct_RANLIB='ranlib'
ac_ct_STRIP='strip'
am__fastdepCC_FALSE=''
am__fastdepCC_TRUE='#'
am__fastdepCXX_FALSE=''
am__fastdepCXX_TRUE='#'
am__include='include'
am__leading_dot='.'
am__quote=''
bindir='${exec_prefix}/bin'
build='i686-pc-linux-gnu'
build_alias=''
build_cpu='i686'
build_os='linux-gnu'
build_vendor='pc'
datadir='${prefix}/share'
exec_prefix='${prefix}'
host='i686-pc-linux-gnu'
host_alias=''
host_cpu='i686'
host_os='linux-gnu'
host_vendor='pc'
includedir='${prefix}/include'
infodir='${prefix}/info'
install_sh='/root/hvirtual/OpenEXR-1.2.1/install-sh'
libdir='${exec_prefix}/lib'
libexecdir='${exec_prefix}/libexec'
localstatedir='${prefix}/var'
mandir='${prefix}/man'
oldincludedir='/usr/include'
prefix='/usr/local'
program_transform_name='s,x,x,'
sbindir='${exec_prefix}/sbin'
sharedstatedir='${prefix}/com'
sysconfdir='${prefix}/etc'
target='i686-pc-linux-gnu'
target_alias=''
target_cpu='i686'
target_os='linux-gnu'
target_vendor='pc'

## ----------- ##
## confdefs.h. ##
## ----------- ##

#define HAVE_DLFCN_H 1
#define HAVE_INTTYPES_H 1
#define HAVE_IOS_BASE 1
#define HAVE_LIMITS_H 1
#define HAVE_MEMORY_H 1
#define HAVE_STDINT_H 1
#define HAVE_STDLIB_H 1
#define HAVE_STL_LIMITS 1
#define HAVE_STRERROR 1
#define HAVE_STRINGS_H 1
#define HAVE_STRING_H 1
#define HAVE_SYS_STAT_H 1
#define HAVE_SYS_TYPES_H 1
#define HAVE_UNISTD_H 1
#define HAVE_UNISTD_H 1
#define PACKAGE "OpenEXR"
#define PACKAGE_BUGREPORT ""
#define PACKAGE_NAME ""
#define PACKAGE_STRING ""
#define PACKAGE_TARNAME ""
#define PACKAGE_VERSION ""
#define STDC_HEADERS 1
#define STDC_HEADERS 1
#define VERSION "1.2.1"
#endif
#ifdef __cplusplus
extern "C" void std::exit (int) throw (); using std::exit;

configure: exit 0

## ---------------------- ##
## Running config.status. ##
## ---------------------- ##

This file was extended by config.status, which was
generated by GNU Autoconf 2.59.  Invocation command line was

  CONFIG_FILES    = Half/Makefile
  CONFIG_HEADERS  = 
  CONFIG_LINKS    = 
  CONFIG_COMMANDS = 
  $ ./config.status 

on heroine

config.status:782: creating Half/Makefile
config.status:927: executing depfiles commands

## ---------------------- ##
## Running config.status. ##
## ---------------------- ##

This file was extended by config.status, which was
generated by GNU Autoconf 2.59.  Invocation command line was

  CONFIG_FILES    = Half/Makefile
  CONFIG_HEADERS  = 
  CONFIG_LINKS    = 
  CONFIG_COMMANDS = 
  $ ./config.status 

on heroine

config.status:782: creating Half/Makefile
config.status:927: executing depfiles commands

## ---------------------- ##
## Running config.status. ##
## ---------------------- ##

This file was extended by config.status, which was
generated by GNU Autoconf 2.59.  Invocation command line was

  CONFIG_FILES    = Half/Makefile
  CONFIG_HEADERS  = 
  CONFIG_LINKS    = 
  CONFIG_COMMANDS = 
  $ ./config.status 

on heroine

config.status:782: creating Half/Makefile
config.status:927: executing depfiles commands
