This file contains any messages produced by compilers while
running configure, to aid debugging if configure makes a mistake.

configure:735: checking for a BSD compatible install
configure:788: checking whether build environment is sane
configure:845: checking whether make -j 4 sets ${MAKE}
configure:891: checking for working aclocal
configure:904: checking for working autoconf
configure:917: checking for working automake
configure:930: checking for working autoheader
configure:943: checking for working makeinfo
configure:982: checking for gcc
configure:1095: checking whether the C compiler (gcc -O3 -march=i686 -fmessage-length=0 -funroll-all-loops -fomit-frame-pointer -malign-loops=2 -malign-jumps=2 -malign-functions=2 -I/usr/local/include ) works
configure:1111: gcc -o conftest -O3 -march=i686 -fmessage-length=0 -funroll-all-loops -fomit-frame-pointer -malign-loops=2 -malign-jumps=2 -malign-functions=2 -I/usr/local/include   conftest.c  1>&5
configure:1137: checking whether the C compiler (gcc -O3 -march=i686 -fmessage-length=0 -funroll-all-loops -fomit-frame-pointer -malign-loops=2 -malign-jumps=2 -malign-functions=2 -I/usr/local/include ) is a cross-compiler
configure:1142: checking whether we are using GNU C
configure:1151: gcc -E conftest.c
configure:1170: checking whether gcc accepts -g
configure:1202: checking how to run the C preprocessor
configure:1223: gcc -E  conftest.c >/dev/null 2>conftest.out
configure:1295: checking for Cygwin environment
configure:1311: gcc -c -O3 -march=i686 -fmessage-length=0 -funroll-all-loops -fomit-frame-pointer -malign-loops=2 -malign-jumps=2 -malign-functions=2 -I/usr/local/include  conftest.c 1>&5
configure: In function `main':
configure:1307: `__CYGWIN32__' undeclared (first use in this function)
configure:1307: (Each undeclared identifier is reported only once
configure:1307: for each function it appears in.)
configure: failed program was:
#line 1300 "configure"
#include "confdefs.h"

int main() {

#ifndef __CYGWIN__
#define __CYGWIN__ __CYGWIN32__
#endif
return __CYGWIN__;
; return 0; }
configure:1328: checking for mingw32 environment
configure:1340: gcc -c -O3 -march=i686 -fmessage-length=0 -funroll-all-loops -fomit-frame-pointer -malign-loops=2 -malign-jumps=2 -malign-functions=2 -I/usr/local/include  conftest.c 1>&5
configure: In function `main':
configure:1336: `__MINGW32__' undeclared (first use in this function)
configure:1336: (Each undeclared identifier is reported only once
configure:1336: for each function it appears in.)
configure: failed program was:
#line 1333 "configure"
#include "confdefs.h"

int main() {
return __MINGW32__;
; return 0; }
configure:1432: checking host system type
configure:1453: checking build system type
configure:1482: checking for ld used by GCC
configure:1550: checking if the linker (/usr/bin/ld) is GNU ld
GNU ld version 2.11.90.0.8 (with BFD 2.11.90.0.8)
configure:1567: checking for /usr/bin/ld option to reload object files
configure:1579: checking for BSD-compatible nm
configure:1617: checking for a sed that does not truncate output
configure:1701: checking whether ln -s works
configure:1722: checking how to recognise dependent libraries
configure:1908: checking for object suffix
configure:1914: gcc -c -O3 -march=i686 -fmessage-length=0 -funroll-all-loops -fomit-frame-pointer -malign-loops=2 -malign-jumps=2 -malign-functions=2 -I/usr/local/include  conftest.c 1>&5
configure:1934: checking for executable suffix
configure:1944: gcc -o conftest -O3 -march=i686 -fmessage-length=0 -funroll-all-loops -fomit-frame-pointer -malign-loops=2 -malign-jumps=2 -malign-functions=2 -I/usr/local/include   conftest.c  1>&5
configure:1975: checking command to parse /usr/bin/nm -B output
configure:2055: gcc -c -O3 -march=i686 -fmessage-length=0 -funroll-all-loops -fomit-frame-pointer -malign-loops=2 -malign-jumps=2 -malign-functions=2 -I/usr/local/include  conftest.c 1>&5
configure:2058: /usr/bin/nm -B conftest.o | sed -n -e 's/^.*[ ]\([ABCDGISTW][ABCDGISTW]*\)[ ][ ]*\(\)\([_A-Za-z][_A-Za-z0-9]*\)$/\1 \2\3 \3/p' > conftest.nm
configure:2109: gcc -o conftest -O3 -march=i686 -fmessage-length=0 -funroll-all-loops -fomit-frame-pointer -malign-loops=2 -malign-jumps=2 -malign-functions=2 -I/usr/local/include   conftest.c conftstm.o 1>&5
configure:2158: checking for dlfcn.h
configure:2168: gcc -E  conftest.c >/dev/null 2>conftest.out
configure:2337: checking for ranlib
configure:2404: checking for strip
configure:2647: checking for objdir
configure:2674: checking for gcc option to produce PIC
configure:2822: checking if gcc PIC flag -fPIC works
configure:2836: gcc -c -O3 -march=i686 -fmessage-length=0 -funroll-all-loops -fomit-frame-pointer -malign-loops=2 -malign-jumps=2 -malign-functions=2 -I/usr/local/include -fPIC -DPIC  conftest.c 1>&5
configure:2888: checking if gcc static flag -static works
configure:2903: gcc -o conftest -O3 -march=i686 -fmessage-length=0 -funroll-all-loops -fomit-frame-pointer -malign-loops=2 -malign-jumps=2 -malign-functions=2 -I/usr/local/include   -static conftest.c  1>&5
configure:2930: checking if gcc supports -c -o file.o
configure:2949: gcc -c -O3 -march=i686 -fmessage-length=0 -funroll-all-loops -fomit-frame-pointer -malign-loops=2 -malign-jumps=2 -malign-functions=2 -I/usr/local/include -o out/conftest2.o  conftest.c 1>&5
configure:2978: checking if gcc supports -c -o file.lo
configure:2996: gcc -c -O3 -march=i686 -fmessage-length=0 -funroll-all-loops -fomit-frame-pointer -malign-loops=2 -malign-jumps=2 -malign-functions=2 -I/usr/local/include -c -o conftest.lo  conftest.c 1>&5
configure:3046: checking if gcc supports -fno-rtti -fno-exceptions
configure:3059: gcc -c -O3 -march=i686 -fmessage-length=0 -funroll-all-loops -fomit-frame-pointer -malign-loops=2 -malign-jumps=2 -malign-functions=2 -I/usr/local/include -fno-rtti -fno-exceptions -c conftest.c  conftest.c 1>&5
configure:3086: checking whether the linker (/usr/bin/ld) supports shared libraries
configure:3782: checking how to hardcode library paths into programs
configure:3810: checking whether stripping libraries is possible
configure:3824: checking dynamic linker characteristics
configure:4230: checking if libtool supports shared libraries
configure:4234: checking whether to build shared libraries
configure:4257: checking whether to build static libraries
configure:4793: checking whether -lc should be explicitly linked in
configure:4800: gcc -c -O3 -march=i686 -fmessage-length=0 -funroll-all-loops -fomit-frame-pointer -malign-loops=2 -malign-jumps=2 -malign-functions=2 -I/usr/local/include  conftest.c 1>&5
configure:4813: gcc -shared conftest.o  -v -Wl,-soname -Wl,conftest -o conftest 2>&1 | grep  -lc  >/dev/null 2>&1
configure:5406: checking host system type
configure:5551: checking for memory.h
configure:5561: gcc -E  conftest.c >/dev/null 2>conftest.out
configure:5588: checking for cos in -lm
configure:5607: gcc -o conftest -O20 -ffast-math -mno-ieee-fp -D_REENTRANT -fsigned-char -O3 -march=i686 -fmessage-length=0 -funroll-all-loops -fomit-frame-pointer -malign-loops=2 -malign-jumps=2 -malign-functions=2 -I/usr/local/include -DUSE_MEMORY_H    conftest.c -lm   1>&5
configure:5600: warning: conflicting types for built-in function `cos'
configure:5629: checking for pthread_create in -lpthread
configure:5648: gcc -o conftest -O20 -ffast-math -mno-ieee-fp -D_REENTRANT -fsigned-char -O3 -march=i686 -fmessage-length=0 -funroll-all-loops -fomit-frame-pointer -malign-loops=2 -malign-jumps=2 -malign-functions=2 -I/usr/local/include -DUSE_MEMORY_H    conftest.c -lpthread  -lm 1>&5
configure:5722: checking for Ogg
configure:5752: gcc -o conftest -O20 -ffast-math -mno-ieee-fp -D_REENTRANT -fsigned-char -O3 -march=i686 -fmessage-length=0 -funroll-all-loops -fomit-frame-pointer -malign-loops=2 -malign-jumps=2 -malign-functions=2 -I/usr/local/include -DUSE_MEMORY_H     conftest.c -lm  -logg 1>&5
configure:5827: checking for working alloca.h
configure:5839: gcc -o conftest -O20 -ffast-math -mno-ieee-fp -D_REENTRANT -fsigned-char -O3 -march=i686 -fmessage-length=0 -funroll-all-loops -fomit-frame-pointer -malign-loops=2 -malign-jumps=2 -malign-functions=2 -I/usr/local/include -DUSE_MEMORY_H    conftest.c -lm 1>&5
configure:5860: checking for alloca
configure:5893: gcc -o conftest -O20 -ffast-math -mno-ieee-fp -D_REENTRANT -fsigned-char -O3 -march=i686 -fmessage-length=0 -funroll-all-loops -fomit-frame-pointer -malign-loops=2 -malign-jumps=2 -malign-functions=2 -I/usr/local/include -DUSE_MEMORY_H    conftest.c -lm 1>&5
configure:6059: checking for 8-bit clean memcmp
configure:6077: gcc -o conftest -O20 -ffast-math -mno-ieee-fp -D_REENTRANT -fsigned-char -O3 -march=i686 -fmessage-length=0 -funroll-all-loops -fomit-frame-pointer -malign-loops=2 -malign-jumps=2 -malign-functions=2 -I/usr/local/include -DUSE_MEMORY_H    conftest.c -lm 1>&5
configure:6098: checking for sqrtf
configure:6126: gcc -o conftest -O20 -ffast-math -mno-ieee-fp -D_REENTRANT -fsigned-char -O3 -march=i686 -fmessage-length=0 -funroll-all-loops -fomit-frame-pointer -malign-loops=2 -malign-jumps=2 -malign-functions=2 -I/usr/local/include -DUSE_MEMORY_H    conftest.c -lm 1>&5
configure:6110: warning: conflicting types for built-in function `sqrtf'
configure:6153: checking for logf
configure:6181: gcc -o conftest -O20 -ffast-math -mno-ieee-fp -D_REENTRANT -fsigned-char -O3 -march=i686 -fmessage-length=0 -funroll-all-loops -fomit-frame-pointer -malign-loops=2 -malign-jumps=2 -malign-functions=2 -I/usr/local/include -DUSE_MEMORY_H    conftest.c -lm 1>&5
configure:6208: checking for expf
configure:6236: gcc -o conftest -O20 -ffast-math -mno-ieee-fp -D_REENTRANT -fsigned-char -O3 -march=i686 -fmessage-length=0 -funroll-all-loops -fomit-frame-pointer -malign-loops=2 -malign-jumps=2 -malign-functions=2 -I/usr/local/include -DUSE_MEMORY_H    conftest.c -lm 1>&5
configure:6263: checking for acosf
configure:6291: gcc -o conftest -O20 -ffast-math -mno-ieee-fp -D_REENTRANT -fsigned-char -O3 -march=i686 -fmessage-length=0 -funroll-all-loops -fomit-frame-pointer -malign-loops=2 -malign-jumps=2 -malign-functions=2 -I/usr/local/include -DUSE_MEMORY_H    conftest.c -lm 1>&5
configure:6318: checking for atanf
configure:6346: gcc -o conftest -O20 -ffast-math -mno-ieee-fp -D_REENTRANT -fsigned-char -O3 -march=i686 -fmessage-length=0 -funroll-all-loops -fomit-frame-pointer -malign-loops=2 -malign-jumps=2 -malign-functions=2 -I/usr/local/include -DUSE_MEMORY_H    conftest.c -lm 1>&5
configure:6373: checking for frexpf
configure:6401: gcc -o conftest -O20 -ffast-math -mno-ieee-fp -D_REENTRANT -fsigned-char -O3 -march=i686 -fmessage-length=0 -funroll-all-loops -fomit-frame-pointer -malign-loops=2 -malign-jumps=2 -malign-functions=2 -I/usr/local/include -DUSE_MEMORY_H    conftest.c -lm 1>&5
configure:6428: checking for rintf
configure:6456: gcc -o conftest -O20 -ffast-math -mno-ieee-fp -D_REENTRANT -fsigned-char -O3 -march=i686 -fmessage-length=0 -funroll-all-loops -fomit-frame-pointer -malign-loops=2 -malign-jumps=2 -malign-functions=2 -I/usr/local/include -DUSE_MEMORY_H    conftest.c -lm 1>&5
configure:6483: checking for floorf
configure:6511: gcc -o conftest -O20 -ffast-math -mno-ieee-fp -D_REENTRANT -fsigned-char -O3 -march=i686 -fmessage-length=0 -funroll-all-loops -fomit-frame-pointer -malign-loops=2 -malign-jumps=2 -malign-functions=2 -I/usr/local/include -DUSE_MEMORY_H    conftest.c -lm 1>&5
