This file contains any messages produced by compilers while
running configure, to aid debugging if configure makes a mistake.

It was created by configure, which was
generated by GNU Autoconf 2.59.  Invocation command line was

  $ ./configure 

## --------- ##
## Platform. ##
## --------- ##

hostname = echephyle
uname -m = x86_64
uname -r = 2.6.7
uname -s = Linux
uname -v = #3 SMP Tue Aug 3 22:31:59 EDT 2004

/usr/bin/uname -p = unknown
/bin/uname -X     = unknown

/bin/arch              = x86_64
/usr/bin/arch -k       = unknown
/usr/convex/getsysinfo = unknown
hostinfo               = unknown
/bin/machine           = unknown
/usr/bin/oslevel       = unknown
/bin/universe          = unknown

PATH: .
PATH: .
PATH: .
PATH: .
PATH: /usr/kerberos/sbin
PATH: /usr/kerberos/bin
PATH: /usr/local/sbin
PATH: /usr/local/bin
PATH: /sbin
PATH: /bin
PATH: /usr/sbin
PATH: /usr/bin
PATH: /usr/X11R6/bin
PATH: /root/bin
PATH: /root/bin


## ----------- ##
## Core tests. ##
## ----------- ##

configure:1536: checking for a BSD-compatible install
configure:1591: result: /usr/bin/install -c
configure:1602: checking whether build environment is sane
configure:1645: result: yes
configure:1702: checking for gawk
configure:1718: found /bin/gawk
configure:1728: result: gawk
configure:1738: checking whether make -j 2 sets $(MAKE)
configure:1758: result: yes
configure:1976: checking for gcc
configure:1992: found /usr/bin/gcc
configure:2002: result: gcc
configure:2246: checking for C compiler version
configure:2249: gcc --version </dev/null >&5
gcc (GCC) 3.3.3 20040412 (Red Hat Linux 3.3.3-7)
Copyright (C) 2003 Free Software Foundation, Inc.
This is free software; see the source for copying conditions.  There is NO
warranty; not even for MERCHANTABILITY or FITNESS FOR A PARTICULAR PURPOSE.

configure:2252: $? = 0
configure:2254: gcc -v </dev/null >&5
Reading specs from /usr/lib/gcc-lib/x86_64-redhat-linux/3.3.3/specs
Configured with: ../configure --prefix=/usr --mandir=/usr/share/man --infodir=/usr/share/info --enable-shared --enable-threads=posix --disable-checking --disable-libunwind-exceptions --with-system-zlib --enable-__cxa_atexit --host=x86_64-redhat-linux
Thread model: posix
gcc version 3.3.3 20040412 (Red Hat Linux 3.3.3-7)
configure:2257: $? = 0
configure:2259: gcc -V </dev/null >&5
gcc: `-V' option must have argument
configure:2262: $? = 1
configure:2285: checking for C compiler default output file name
configure:2288: gcc -O2 -Wall   conftest.c  >&5
configure:2291: $? = 0
configure:2337: result: a.out
configure:2342: checking whether the C compiler works
configure:2348: ./a.out
configure:2351: $? = 0
configure:2368: result: yes
configure:2375: checking whether we are cross compiling
configure:2377: result: no
configure:2380: checking for suffix of executables
configure:2382: gcc -o conftest -O2 -Wall   conftest.c  >&5
configure:2385: $? = 0
configure:2410: result: 
configure:2416: checking for suffix of object files
configure:2437: gcc -c -O2 -Wall  conftest.c >&5
configure:2440: $? = 0
configure:2462: result: o
configure:2466: checking whether we are using the GNU C compiler
configure:2490: gcc -c -O2 -Wall  conftest.c >&5
configure:2496: $? = 0
configure:2500: test -z 
			 || test ! -s conftest.err
configure:2503: $? = 0
configure:2506: test -s conftest.o
configure:2509: $? = 0
configure:2522: result: yes
configure:2528: checking whether gcc accepts -g
configure:2549: gcc -c -g  conftest.c >&5
configure:2555: $? = 0
configure:2559: test -z 
			 || test ! -s conftest.err
configure:2562: $? = 0
configure:2565: test -s conftest.o
configure:2568: $? = 0
configure:2579: result: yes
configure:2596: checking for gcc option to accept ANSI C
configure:2666: gcc  -c -O2 -Wall  conftest.c >&5
configure:2672: $? = 0
configure:2676: test -z 
			 || test ! -s conftest.err
configure:2679: $? = 0
configure:2682: test -s conftest.o
configure:2685: $? = 0
configure:2703: result: none needed
configure:2721: gcc -c -O2 -Wall  conftest.c >&5
conftest.c:2: error: syntax error before "me"
configure:2727: $? = 1
configure: failed program was:
| #ifndef __cplusplus
|   choke me
| #endif
configure:2871: checking for style of include used by make -j 2
configure:2899: result: GNU
configure:2927: checking dependency style of gcc
configure:3012: result: gcc3
configure:3107: checking build system type
configure:3125: result: x86_64-redhat-linux-gnu
configure:3133: checking host system type
configure:3147: result: x86_64-redhat-linux-gnu
configure:3155: checking for a sed that does not truncate output
configure:3209: result: /bin/sed
configure:3212: checking for egrep
configure:3222: result: grep -E
configure:3238: checking for ld used by gcc
configure:3305: result: /usr/bin/ld
configure:3314: checking if the linker (/usr/bin/ld) is GNU ld
configure:3329: result: yes
configure:3334: checking for /usr/bin/ld option to reload object files
configure:3341: result: -r
configure:3350: checking for BSD-compatible nm
configure:3392: result: /usr/bin/nm -B
configure:3396: checking whether ln -s works
configure:3400: result: yes
configure:3407: checking how to recognise dependent libraries
configure:3590: result: pass_all
configure:3675: gcc -c -O2 -Wall  conftest.c >&5
configure:3678: $? = 0
configure:3804: checking how to run the C preprocessor
configure:3839: gcc -E  conftest.c
configure:3845: $? = 0
configure:3877: gcc -E  conftest.c
conftest.c:11:28: ac_nonexistent.h: No such file or directory
configure:3883: $? = 1
configure: failed program was:
| /* confdefs.h.  */
| 
| #define PACKAGE_NAME ""
| #define PACKAGE_TARNAME ""
| #define PACKAGE_VERSION ""
| #define PACKAGE_STRING ""
| #define PACKAGE_BUGREPORT ""
| #define PACKAGE "faac"
| #define VERSION "1.0beta"
| /* end confdefs.h.  */
| #include <ac_nonexistent.h>
configure:3922: result: gcc -E
configure:3946: gcc -E  conftest.c
configure:3952: $? = 0
configure:3984: gcc -E  conftest.c
conftest.c:11:28: ac_nonexistent.h: No such file or directory
configure:3990: $? = 1
configure: failed program was:
| /* confdefs.h.  */
| 
| #define PACKAGE_NAME ""
| #define PACKAGE_TARNAME ""
| #define PACKAGE_VERSION ""
| #define PACKAGE_STRING ""
| #define PACKAGE_BUGREPORT ""
| #define PACKAGE "faac"
| #define VERSION "1.0beta"
| /* end confdefs.h.  */
| #include <ac_nonexistent.h>
configure:4034: checking for ANSI C header files
configure:4059: gcc -c -O2 -Wall  conftest.c >&5
configure:4065: $? = 0
configure:4069: test -z 
			 || test ! -s conftest.err
configure:4072: $? = 0
configure:4075: test -s conftest.o
configure:4078: $? = 0
configure:4164: gcc -o conftest -O2 -Wall   conftest.c  >&5
conftest.c: In function `main':
conftest.c:28: warning: implicit declaration of function `exit'
configure:4167: $? = 0
configure:4169: ./conftest
configure:4172: $? = 0
configure:4187: result: yes
configure:4211: checking for sys/types.h
configure:4227: gcc -c -O2 -Wall  conftest.c >&5
configure:4233: $? = 0
configure:4237: test -z 
			 || test ! -s conftest.err
configure:4240: $? = 0
configure:4243: test -s conftest.o
configure:4246: $? = 0
configure:4257: result: yes
configure:4211: checking for sys/stat.h
configure:4227: gcc -c -O2 -Wall  conftest.c >&5
configure:4233: $? = 0
configure:4237: test -z 
			 || test ! -s conftest.err
configure:4240: $? = 0
configure:4243: test -s conftest.o
configure:4246: $? = 0
configure:4257: result: yes
configure:4211: checking for stdlib.h
configure:4227: gcc -c -O2 -Wall  conftest.c >&5
configure:4233: $? = 0
configure:4237: test -z 
			 || test ! -s conftest.err
configure:4240: $? = 0
configure:4243: test -s conftest.o
configure:4246: $? = 0
configure:4257: result: yes
configure:4211: checking for string.h
configure:4227: gcc -c -O2 -Wall  conftest.c >&5
configure:4233: $? = 0
configure:4237: test -z 
			 || test ! -s conftest.err
configure:4240: $? = 0
configure:4243: test -s conftest.o
configure:4246: $? = 0
configure:4257: result: yes
configure:4211: checking for memory.h
configure:4227: gcc -c -O2 -Wall  conftest.c >&5
configure:4233: $? = 0
configure:4237: test -z 
			 || test ! -s conftest.err
configure:4240: $? = 0
configure:4243: test -s conftest.o
configure:4246: $? = 0
configure:4257: result: yes
configure:4211: checking for strings.h
configure:4227: gcc -c -O2 -Wall  conftest.c >&5
configure:4233: $? = 0
configure:4237: test -z 
			 || test ! -s conftest.err
configure:4240: $? = 0
configure:4243: test -s conftest.o
configure:4246: $? = 0
configure:4257: result: yes
configure:4211: checking for inttypes.h
configure:4227: gcc -c -O2 -Wall  conftest.c >&5
configure:4233: $? = 0
configure:4237: test -z 
			 || test ! -s conftest.err
configure:4240: $? = 0
configure:4243: test -s conftest.o
configure:4246: $? = 0
configure:4257: result: yes
configure:4211: checking for stdint.h
configure:4227: gcc -c -O2 -Wall  conftest.c >&5
configure:4233: $? = 0
configure:4237: test -z 
			 || test ! -s conftest.err
configure:4240: $? = 0
configure:4243: test -s conftest.o
configure:4246: $? = 0
configure:4257: result: yes
configure:4211: checking for unistd.h
configure:4227: gcc -c -O2 -Wall  conftest.c >&5
configure:4233: $? = 0
configure:4237: test -z 
			 || test ! -s conftest.err
configure:4240: $? = 0
configure:4243: test -s conftest.o
configure:4246: $? = 0
configure:4257: result: yes
configure:4283: checking dlfcn.h usability
configure:4295: gcc -c -O2 -Wall  conftest.c >&5
configure:4301: $? = 0
configure:4305: test -z 
			 || test ! -s conftest.err
configure:4308: $? = 0
configure:4311: test -s conftest.o
configure:4314: $? = 0
configure:4324: result: yes
configure:4328: checking dlfcn.h presence
configure:4338: gcc -E  conftest.c
configure:4344: $? = 0
configure:4364: result: yes
configure:4399: checking for dlfcn.h
configure:4406: result: yes
configure:4471: checking for g++
configure:4487: found /usr/bin/g++
configure:4497: result: g++
configure:4513: checking for C++ compiler version
configure:4516: g++ --version </dev/null >&5
g++ (GCC) 3.3.3 20040412 (Red Hat Linux 3.3.3-7)
Copyright (C) 2003 Free Software Foundation, Inc.
This is free software; see the source for copying conditions.  There is NO
warranty; not even for MERCHANTABILITY or FITNESS FOR A PARTICULAR PURPOSE.

configure:4519: $? = 0
configure:4521: g++ -v </dev/null >&5
Reading specs from /usr/lib/gcc-lib/x86_64-redhat-linux/3.3.3/specs
Configured with: ../configure --prefix=/usr --mandir=/usr/share/man --infodir=/usr/share/info --enable-shared --enable-threads=posix --disable-checking --disable-libunwind-exceptions --with-system-zlib --enable-__cxa_atexit --host=x86_64-redhat-linux
Thread model: posix
gcc version 3.3.3 20040412 (Red Hat Linux 3.3.3-7)
configure:4524: $? = 0
configure:4526: g++ -V </dev/null >&5
g++: `-V' option must have argument
configure:4529: $? = 1
configure:4532: checking whether we are using the GNU C++ compiler
configure:4556: g++ -c   conftest.cc >&5
configure:4562: $? = 0
configure:4566: test -z 
			 || test ! -s conftest.err
configure:4569: $? = 0
configure:4572: test -s conftest.o
configure:4575: $? = 0
configure:4588: result: yes
configure:4594: checking whether g++ accepts -g
configure:4615: g++ -c -g  conftest.cc >&5
configure:4621: $? = 0
configure:4625: test -z 
			 || test ! -s conftest.err
configure:4628: $? = 0
configure:4631: test -s conftest.o
configure:4634: $? = 0
configure:4645: result: yes
configure:4687: g++ -c -g -O2  conftest.cc >&5
configure:4693: $? = 0
configure:4697: test -z 
			 || test ! -s conftest.err
configure:4700: $? = 0
configure:4703: test -s conftest.o
configure:4706: $? = 0
configure:4732: g++ -c -g -O2  conftest.cc >&5
conftest.cc: In function `int main()':
conftest.cc:26: error: `exit' undeclared (first use this function)
conftest.cc:26: error: (Each undeclared identifier is reported only once for 
   each function it appears in.)
configure:4738: $? = 1
configure: failed program was:
| /* confdefs.h.  */
| 
| #define PACKAGE_NAME ""
| #define PACKAGE_TARNAME ""
| #define PACKAGE_VERSION ""
| #define PACKAGE_STRING ""
| #define PACKAGE_BUGREPORT ""
| #define PACKAGE "faac"
| #define VERSION "1.0beta"
| #define STDC_HEADERS 1
| #define HAVE_SYS_TYPES_H 1
| #define HAVE_SYS_STAT_H 1
| #define HAVE_STDLIB_H 1
| #define HAVE_STRING_H 1
| #define HAVE_MEMORY_H 1
| #define HAVE_STRINGS_H 1
| #define HAVE_INTTYPES_H 1
| #define HAVE_STDINT_H 1
| #define HAVE_UNISTD_H 1
| #define HAVE_DLFCN_H 1
| /* end confdefs.h.  */
| 
| int
| main ()
| {
| exit (42);
|   ;
|   return 0;
| }
configure:4687: g++ -c -g -O2  conftest.cc >&5
configure:4693: $? = 0
configure:4697: test -z 
			 || test ! -s conftest.err
configure:4700: $? = 0
configure:4703: test -s conftest.o
configure:4706: $? = 0
configure:4732: g++ -c -g -O2  conftest.cc >&5
configure:4738: $? = 0
configure:4742: test -z 
			 || test ! -s conftest.err
configure:4745: $? = 0
configure:4748: test -s conftest.o
configure:4751: $? = 0
configure:4776: checking dependency style of g++
configure:4861: result: gcc3
configure:4883: checking how to run the C++ preprocessor
configure:4914: g++ -E  conftest.cc
configure:4920: $? = 0
configure:4952: g++ -E  conftest.cc
conftest.cc:25:28: ac_nonexistent.h: No such file or directory
configure:4958: $? = 1
configure: failed program was:
| /* confdefs.h.  */
| 
| #define PACKAGE_NAME ""
| #define PACKAGE_TARNAME ""
| #define PACKAGE_VERSION ""
| #define PACKAGE_STRING ""
| #define PACKAGE_BUGREPORT ""
| #define PACKAGE "faac"
| #define VERSION "1.0beta"
| #define STDC_HEADERS 1
| #define HAVE_SYS_TYPES_H 1
| #define HAVE_SYS_STAT_H 1
| #define HAVE_STDLIB_H 1
| #define HAVE_STRING_H 1
| #define HAVE_MEMORY_H 1
| #define HAVE_STRINGS_H 1
| #define HAVE_INTTYPES_H 1
| #define HAVE_STDINT_H 1
| #define HAVE_UNISTD_H 1
| #define HAVE_DLFCN_H 1
| #ifdef __cplusplus
| extern "C" void std::exit (int) throw (); using std::exit;
| #endif
| /* end confdefs.h.  */
| #include <ac_nonexistent.h>
configure:4997: result: g++ -E
configure:5021: g++ -E  conftest.cc
configure:5027: $? = 0
configure:5059: g++ -E  conftest.cc
conftest.cc:25:28: ac_nonexistent.h: No such file or directory
configure:5065: $? = 1
configure: failed program was:
| /* confdefs.h.  */
| 
| #define PACKAGE_NAME ""
| #define PACKAGE_TARNAME ""
| #define PACKAGE_VERSION ""
| #define PACKAGE_STRING ""
| #define PACKAGE_BUGREPORT ""
| #define PACKAGE "faac"
| #define VERSION "1.0beta"
| #define STDC_HEADERS 1
| #define HAVE_SYS_TYPES_H 1
| #define HAVE_SYS_STAT_H 1
| #define HAVE_STDLIB_H 1
| #define HAVE_STRING_H 1
| #define HAVE_MEMORY_H 1
| #define HAVE_STRINGS_H 1
| #define HAVE_INTTYPES_H 1
| #define HAVE_STDINT_H 1
| #define HAVE_UNISTD_H 1
| #define HAVE_DLFCN_H 1
| #ifdef __cplusplus
| extern "C" void std::exit (int) throw (); using std::exit;
| #endif
| /* end confdefs.h.  */
| #include <ac_nonexistent.h>
configure:5160: checking for g77
configure:5176: found /usr/bin/g77
configure:5186: result: g77
configure:5204: checking for Fortran 77 compiler version
configure:5204: g77 --version </dev/null >&5
GNU Fortran (GCC) 3.3.3 20040412 (Red Hat Linux 3.3.3-7)
Copyright (C) 2002 Free Software Foundation, Inc.

GNU Fortran comes with NO WARRANTY, to the extent permitted by law.
You may redistribute copies of GNU Fortran
under the terms of the GNU General Public License.
For more information about these matters, see the file named COPYING
or type the command `info -f g77 Copying'.
configure:5207: $? = 0
configure:5209: g77 -v </dev/null >&5
Reading specs from /usr/lib/gcc-lib/x86_64-redhat-linux/3.3.3/specs
Configured with: ../configure --prefix=/usr --mandir=/usr/share/man --infodir=/usr/share/info --enable-shared --enable-threads=posix --disable-checking --disable-libunwind-exceptions --with-system-zlib --enable-__cxa_atexit --host=x86_64-redhat-linux
Thread model: posix
gcc version 3.3.3 20040412 (Red Hat Linux 3.3.3-7)
configure:5212: $? = 0
configure:5214: g77 -V </dev/null >&5
g77: `-V' option must have argument
configure:5217: $? = 1
configure:5225: checking whether we are using the GNU Fortran 77 compiler
configure:5239: g77 -c  conftest.F >&5
configure:5245: $? = 0
configure:5249: test -z 
			 || test ! -s conftest.err
configure:5252: $? = 0
configure:5255: test -s conftest.o
configure:5258: $? = 0
configure:5271: result: yes
configure:5277: checking whether g77 accepts -g
configure:5289: g77 -c -g conftest.f >&5
configure:5295: $? = 0
configure:5299: test -z 
			 || test ! -s conftest.err
configure:5302: $? = 0
configure:5305: test -s conftest.o
configure:5308: $? = 0
configure:5320: result: yes
configure:5350: checking the maximum length of command line arguments
configure:5415: result: 32768
configure:5426: checking command to parse /usr/bin/nm -B output from gcc object
configure:5515: gcc -c -O2 -Wall  conftest.c >&5
configure:5518: $? = 0
configure:5522: /usr/bin/nm -B conftest.o \| sed -n -e 's/^.*[ 	]\([ABCDGIRSTW][ABCDGIRSTW]*\)[ 	][ 	]*\(\)\([_A-Za-z][_A-Za-z0-9]*\)$/\1 \2\3 \3/p' \> conftest.nm
configure:5525: $? = 0
configure:5577: gcc -o conftest -O2 -Wall   conftest.c conftstm.o >&5
configure:5580: $? = 0
configure:5618: result: ok
configure:5622: checking for objdir
configure:5637: result: .libs
configure:5727: checking for ar
configure:5743: found /usr/bin/ar
configure:5754: result: ar
configure:5807: checking for ranlib
configure:5823: found /usr/bin/ranlib
configure:5834: result: ranlib
configure:5887: checking for strip
configure:5903: found /usr/bin/strip
configure:5914: result: strip
configure:6176: checking if gcc static flag  works
configure:6199: result: yes
configure:6217: checking if gcc supports -fno-rtti -fno-exceptions
configure:6238: gcc -c -O2 -Wall  -fno-rtti -fno-exceptions conftest.c >&5
cc1: warning: "-fno-rtti" is valid for C++ but not for C/ObjC
configure:6242: $? = 0
configure:6250: result: no
configure:6265: checking for gcc option to produce PIC
configure:6442: result: -fPIC
configure:6450: checking if gcc PIC flag -fPIC works
configure:6471: gcc -c -O2 -Wall  -fPIC -DPIC conftest.c >&5
configure:6475: $? = 0
configure:6483: result: yes
configure:6507: checking if gcc supports -c -o file.o
configure:6531: gcc -c -O2 -Wall  -o out/conftest2.o conftest.c >&5
configure:6535: $? = 0
configure:6552: result: yes
configure:6578: checking whether the gcc linker (/usr/bin/ld -m elf_x86_64) supports shared libraries
configure:7426: result: yes
configure:7452: checking whether -lc should be explicitly linked in
configure:7457: gcc -c -O2 -Wall  conftest.c >&5
configure:7460: $? = 0
configure:7474: gcc -shared conftest.o  -v -Wl,-soname -Wl,conftest -o conftest 2\>\&1 \| grep  -lc  \>/dev/null 2\>\&1
configure:7477: $? = 0
configure:7489: result: no
configure:7497: checking dynamic linker characteristics
configure:7863: gcc -c -O2 -Wall  conftest.c >&5
configure:7866: $? = 0
configure:8058: result: GNU/Linux ld.so
configure:8062: checking how to hardcode library paths into programs
configure:8087: result: immediate
configure:8101: checking whether stripping libraries is possible
configure:8106: result: yes
configure:8936: checking if libtool supports shared libraries
configure:8938: result: yes
configure:8941: checking whether to build shared libraries
configure:8999: result: yes
configure:9002: checking whether to build static libraries
configure:9006: result: yes
configure:9098: creating libtool
configure:9645: checking for ld used by g++
configure:9712: result: /usr/bin/ld -m elf_x86_64
configure:9721: checking if the linker (/usr/bin/ld -m elf_x86_64) is GNU ld
configure:9736: result: yes
configure:9787: checking whether the g++ linker (/usr/bin/ld -m elf_x86_64) supports shared libraries
configure:10615: result: yes
configure:10633: g++ -c -g -O2  conftest.cc >&5
configure:10636: $? = 0
configure:10732: checking for g++ option to produce PIC
configure:10984: result: -fPIC
configure:10992: checking if g++ PIC flag -fPIC works
configure:11013: g++ -c -g -O2  -fPIC -DPIC conftest.cc >&5
configure:11017: $? = 0
configure:11025: result: yes
configure:11049: checking if g++ supports -c -o file.o
configure:11073: g++ -c -g -O2  -o out/conftest2.o conftest.cc >&5
configure:11077: $? = 0
configure:11094: result: yes
configure:11120: checking whether the g++ linker (/usr/bin/ld -m elf_x86_64) supports shared libraries
configure:11145: result: yes
configure:11216: checking dynamic linker characteristics
configure:11582: g++ -c -g -O2  conftest.cc >&5
configure:11585: $? = 0
configure:11777: result: GNU/Linux ld.so
configure:11781: checking how to hardcode library paths into programs
configure:11806: result: immediate
configure:11820: checking whether stripping libraries is possible
configure:11825: result: yes
configure:13132: checking if libtool supports shared libraries
configure:13134: result: yes
configure:13137: checking whether to build shared libraries
configure:13155: result: yes
configure:13158: checking whether to build static libraries
configure:13162: result: yes
configure:13174: checking for g77 option to produce PIC
configure:13351: result: -fPIC
configure:13359: checking if g77 PIC flag -fPIC works
configure:13380: g77 -c -g -O2 -fPIC conftest.f >&5
configure:13384: $? = 0
configure:13392: result: yes
configure:13416: checking if g77 supports -c -o file.o
configure:13440: g77 -c -g -O2 -o out/conftest2.o conftest.f >&5
configure:13444: $? = 0
configure:13461: result: yes
configure:13487: checking whether the g77 linker (/usr/bin/ld -m elf_x86_64) supports shared libraries
configure:14315: result: yes
configure:14386: checking dynamic linker characteristics
configure:14752: g77 -c -g -O2 conftest.f >&5
configure:14755: $? = 0
configure:14947: result: GNU/Linux ld.so
configure:14951: checking how to hardcode library paths into programs
configure:14976: result: immediate
configure:14990: checking whether stripping libraries is possible
configure:14995: result: yes
configure:19117: checking getopt.h usability
configure:19129: gcc -c -O2 -Wall  conftest.c >&5
configure:19135: $? = 0
configure:19139: test -z 
			 || test ! -s conftest.err
configure:19142: $? = 0
configure:19145: test -s conftest.o
configure:19148: $? = 0
configure:19158: result: yes
configure:19162: checking getopt.h presence
configure:19172: gcc -E  conftest.c
configure:19178: $? = 0
configure:19198: result: yes
configure:19233: checking for getopt.h
configure:19240: result: yes
configure:19254: checking for u_int32_t
configure:19278: gcc -c -O2 -Wall  conftest.c >&5
configure:19284: $? = 0
configure:19288: test -z 
			 || test ! -s conftest.err
configure:19291: $? = 0
configure:19294: test -s conftest.o
configure:19297: $? = 0
configure:19308: result: yes
configure:19319: checking for u_int16_t
configure:19343: gcc -c -O2 -Wall  conftest.c >&5
configure:19349: $? = 0
configure:19353: test -z 
			 || test ! -s conftest.err
configure:19356: $? = 0
configure:19359: test -s conftest.o
configure:19362: $? = 0
configure:19373: result: yes
configure:19384: checking for int32_t
configure:19408: gcc -c -O2 -Wall  conftest.c >&5
configure:19414: $? = 0
configure:19418: test -z 
			 || test ! -s conftest.err
configure:19421: $? = 0
configure:19424: test -s conftest.o
configure:19427: $? = 0
configure:19438: result: yes
configure:19449: checking for int16_t
configure:19473: gcc -c -O2 -Wall  conftest.c >&5
configure:19479: $? = 0
configure:19483: test -z 
			 || test ! -s conftest.err
configure:19486: $? = 0
configure:19489: test -s conftest.o
configure:19492: $? = 0
configure:19503: result: yes
configure:19515: checking whether strcasecmp is declared
configure:19539: gcc -c -O2 -Wall  conftest.c >&5
conftest.c: In function `main':
conftest.c:68: warning: unused variable `p'
configure:19545: $? = 0
configure:19549: test -z 
			 || test ! -s conftest.err
configure:19552: $? = 0
configure:19555: test -s conftest.o
configure:19558: $? = 0
configure:19569: result: yes
configure:19581: checking for getopt_long in -lgnugetopt
configure:19611: gcc -o conftest -O2 -Wall   conftest.c -lgnugetopt   >&5
/usr/bin/ld: cannot find -lgnugetopt
collect2: ld returned 1 exit status
configure:19617: $? = 1
configure: failed program was:
| /* confdefs.h.  */
| 
| #define PACKAGE_NAME ""
| #define PACKAGE_TARNAME ""
| #define PACKAGE_VERSION ""
| #define PACKAGE_STRING ""
| #define PACKAGE_BUGREPORT ""
| #define PACKAGE "faac"
| #define VERSION "1.0beta"
| #define STDC_HEADERS 1
| #define HAVE_SYS_TYPES_H 1
| #define HAVE_SYS_STAT_H 1
| #define HAVE_STDLIB_H 1
| #define HAVE_STRING_H 1
| #define HAVE_MEMORY_H 1
| #define HAVE_STRINGS_H 1
| #define HAVE_INTTYPES_H 1
| #define HAVE_STDINT_H 1
| #define HAVE_UNISTD_H 1
| #define HAVE_DLFCN_H 1
| #ifdef __cplusplus
| extern "C" void std::exit (int) throw (); using std::exit;
| #endif
| #define HAVE_GETOPT_H 1
| #define HAVE_U_INT32_T 1
| #define HAVE_U_INT16_T 1
| #define HAVE_INT32_T 1
| #define HAVE_INT16_T 1
| #define HAVE_STRCASECMP 1
| /* end confdefs.h.  */
| 
| /* Override any gcc2 internal prototype to avoid an error.  */
| #ifdef __cplusplus
| extern "C"
| #endif
| /* We use char because int might match the return type of a gcc2
|    builtin and then its argument prototype would still apply.  */
| char getopt_long ();
| int
| main ()
| {
| getopt_long ();
|   ;
|   return 0;
| }
configure:19643: result: no
configure:19654: checking for MP4MetadataDelete in -lmp4v2
configure:19684: gcc -o conftest -O2 -Wall   conftest.c -lmp4v2 -lstdc++  >&5
/usr/bin/ld: cannot find -lmp4v2
collect2: ld returned 1 exit status
configure:19690: $? = 1
configure: failed program was:
| /* confdefs.h.  */
| 
| #define PACKAGE_NAME ""
| #define PACKAGE_TARNAME ""
| #define PACKAGE_VERSION ""
| #define PACKAGE_STRING ""
| #define PACKAGE_BUGREPORT ""
| #define PACKAGE "faac"
| #define VERSION "1.0beta"
| #define STDC_HEADERS 1
| #define HAVE_SYS_TYPES_H 1
| #define HAVE_SYS_STAT_H 1
| #define HAVE_STDLIB_H 1
| #define HAVE_STRING_H 1
| #define HAVE_MEMORY_H 1
| #define HAVE_STRINGS_H 1
| #define HAVE_INTTYPES_H 1
| #define HAVE_STDINT_H 1
| #define HAVE_UNISTD_H 1
| #define HAVE_DLFCN_H 1
| #ifdef __cplusplus
| extern "C" void std::exit (int) throw (); using std::exit;
| #endif
| #define HAVE_GETOPT_H 1
| #define HAVE_U_INT32_T 1
| #define HAVE_U_INT16_T 1
| #define HAVE_INT32_T 1
| #define HAVE_INT16_T 1
| #define HAVE_STRCASECMP 1
| /* end confdefs.h.  */
| 
| /* Override any gcc2 internal prototype to avoid an error.  */
| #ifdef __cplusplus
| extern "C"
| #endif
| /* We use char because int might match the return type of a gcc2
|    builtin and then its argument prototype would still apply.  */
| char MP4MetadataDelete ();
| int
| main ()
| {
| MP4MetadataDelete ();
|   ;
|   return 0;
| }
configure:19716: result: no
configure:19728: *** Building without MP4 support ***
configure:19732: checking whether byte ordering is bigendian
configure:19759: gcc -c -O2 -Wall  conftest.c >&5
configure:19765: $? = 0
configure:19769: test -z 
			 || test ! -s conftest.err
configure:19772: $? = 0
configure:19775: test -s conftest.o
configure:19778: $? = 0
configure:19802: gcc -c -O2 -Wall  conftest.c >&5
conftest.c: In function `main':
conftest.c:38: error: `not' undeclared (first use in this function)
conftest.c:38: error: (Each undeclared identifier is reported only once
conftest.c:38: error: for each function it appears in.)
conftest.c:38: error: syntax error before "big"
configure:19808: $? = 1
configure: failed program was:
| /* confdefs.h.  */
| 
| #define PACKAGE_NAME ""
| #define PACKAGE_TARNAME ""
| #define PACKAGE_VERSION ""
| #define PACKAGE_STRING ""
| #define PACKAGE_BUGREPORT ""
| #define PACKAGE "faac"
| #define VERSION "1.0beta"
| #define STDC_HEADERS 1
| #define HAVE_SYS_TYPES_H 1
| #define HAVE_SYS_STAT_H 1
| #define HAVE_STDLIB_H 1
| #define HAVE_STRING_H 1
| #define HAVE_MEMORY_H 1
| #define HAVE_STRINGS_H 1
| #define HAVE_INTTYPES_H 1
| #define HAVE_STDINT_H 1
| #define HAVE_UNISTD_H 1
| #define HAVE_DLFCN_H 1
| #ifdef __cplusplus
| extern "C" void std::exit (int) throw (); using std::exit;
| #endif
| #define HAVE_GETOPT_H 1
| #define HAVE_U_INT32_T 1
| #define HAVE_U_INT16_T 1
| #define HAVE_INT32_T 1
| #define HAVE_INT16_T 1
| #define HAVE_STRCASECMP 1
| /* end confdefs.h.  */
| #include <sys/types.h>
| #include <sys/param.h>
| 
| int
| main ()
| {
| #if BYTE_ORDER != BIG_ENDIAN
|  not big endian
| #endif
| 
|   ;
|   return 0;
| }
configure:19943: result: no
configure:19963: checking for ANSI C header files
configure:20116: result: yes
configure:20133: checking for special C compiler options needed for large files
configure:20232: result: no
configure:20238: checking for _FILE_OFFSET_BITS value needed for large files
configure:20269: gcc -c -O2 -Wall  conftest.c >&5
configure:20275: $? = 0
configure:20279: test -z 
			 || test ! -s conftest.err
configure:20282: $? = 0
configure:20285: test -s conftest.o
configure:20288: $? = 0
configure:20353: result: no
configure:20363: checking for _LARGE_FILES value needed for large files
configure:20394: gcc -c -O2 -Wall  conftest.c >&5
configure:20400: $? = 0
configure:20404: test -z 
			 || test ! -s conftest.err
configure:20407: $? = 0
configure:20410: test -s conftest.o
configure:20413: $? = 0
configure:20478: result: no
configure:20496: checking for stdint.h
configure:20501: result: yes
configure:20496: checking for inttypes.h
configure:20501: result: yes
configure:20655: checking mathf.h usability
configure:20667: gcc -c -O2 -Wall  conftest.c >&5
conftest.c:68:19: mathf.h: No such file or directory
configure:20673: $? = 1
configure: failed program was:
| /* confdefs.h.  */
| 
| #define PACKAGE_NAME ""
| #define PACKAGE_TARNAME ""
| #define PACKAGE_VERSION ""
| #define PACKAGE_STRING ""
| #define PACKAGE_BUGREPORT ""
| #define PACKAGE "faac"
| #define VERSION "1.0beta"
| #define STDC_HEADERS 1
| #define HAVE_SYS_TYPES_H 1
| #define HAVE_SYS_STAT_H 1
| #define HAVE_STDLIB_H 1
| #define HAVE_STRING_H 1
| #define HAVE_MEMORY_H 1
| #define HAVE_STRINGS_H 1
| #define HAVE_INTTYPES_H 1
| #define HAVE_STDINT_H 1
| #define HAVE_UNISTD_H 1
| #define HAVE_DLFCN_H 1
| #ifdef __cplusplus
| extern "C" void std::exit (int) throw (); using std::exit;
| #endif
| #define HAVE_GETOPT_H 1
| #define HAVE_U_INT32_T 1
| #define HAVE_U_INT16_T 1
| #define HAVE_INT32_T 1
| #define HAVE_INT16_T 1
| #define HAVE_STRCASECMP 1
| #define STDC_HEADERS 1
| #define HAVE_STDINT_H 1
| #define HAVE_INTTYPES_H 1
| /* end confdefs.h.  */
| #include <stdio.h>
| #if HAVE_SYS_TYPES_H
| # include <sys/types.h>
| #endif
| #if HAVE_SYS_STAT_H
| # include <sys/stat.h>
| #endif
| #if STDC_HEADERS
| # include <stdlib.h>
| # include <stddef.h>
| #else
| # if HAVE_STDLIB_H
| #  include <stdlib.h>
| # endif
| #endif
| #if HAVE_STRING_H
| # if !STDC_HEADERS && HAVE_MEMORY_H
| #  include <memory.h>
| # endif
| # include <string.h>
| #endif
| #if HAVE_STRINGS_H
| # include <strings.h>
| #endif
| #if HAVE_INTTYPES_H
| # include <inttypes.h>
| #else
| # if HAVE_STDINT_H
| #  include <stdint.h>
| # endif
| #endif
| #if HAVE_UNISTD_H
| # include <unistd.h>
| #endif
| #include <mathf.h>
configure:20696: result: no
configure:20700: checking mathf.h presence
configure:20710: gcc -E  conftest.c
conftest.c:34:19: mathf.h: No such file or directory
configure:20716: $? = 1
configure: failed program was:
| /* confdefs.h.  */
| 
| #define PACKAGE_NAME ""
| #define PACKAGE_TARNAME ""
| #define PACKAGE_VERSION ""
| #define PACKAGE_STRING ""
| #define PACKAGE_BUGREPORT ""
| #define PACKAGE "faac"
| #define VERSION "1.0beta"
| #define STDC_HEADERS 1
| #define HAVE_SYS_TYPES_H 1
| #define HAVE_SYS_STAT_H 1
| #define HAVE_STDLIB_H 1
| #define HAVE_STRING_H 1
| #define HAVE_MEMORY_H 1
| #define HAVE_STRINGS_H 1
| #define HAVE_INTTYPES_H 1
| #define HAVE_STDINT_H 1
| #define HAVE_UNISTD_H 1
| #define HAVE_DLFCN_H 1
| #ifdef __cplusplus
| extern "C" void std::exit (int) throw (); using std::exit;
| #endif
| #define HAVE_GETOPT_H 1
| #define HAVE_U_INT32_T 1
| #define HAVE_U_INT16_T 1
| #define HAVE_INT32_T 1
| #define HAVE_INT16_T 1
| #define HAVE_STRCASECMP 1
| #define STDC_HEADERS 1
| #define HAVE_STDINT_H 1
| #define HAVE_INTTYPES_H 1
| /* end confdefs.h.  */
| #include <mathf.h>
configure:20736: result: no
configure:20771: checking for mathf.h
configure:20778: result: no
configure:20805: checking float.h usability
configure:20817: gcc -c -O2 -Wall  conftest.c >&5
configure:20823: $? = 0
configure:20827: test -z 
			 || test ! -s conftest.err
configure:20830: $? = 0
configure:20833: test -s conftest.o
configure:20836: $? = 0
configure:20846: result: yes
configure:20850: checking float.h presence
configure:20860: gcc -E  conftest.c
configure:20866: $? = 0
configure:20886: result: yes
configure:20921: checking for float.h
configure:20928: result: yes
configure:20941: checking whether strchr is declared
configure:20965: gcc -c -O2 -Wall  conftest.c >&5
configure:20971: $? = 0
configure:20975: test -z 
			 || test ! -s conftest.err
configure:20978: $? = 0
configure:20981: test -s conftest.o
configure:20984: $? = 0
configure:20995: result: yes
configure:21005: checking whether memcpy is declared
configure:21029: gcc -c -O2 -Wall  conftest.c >&5
conftest.c: In function `main':
conftest.c:74: warning: unused variable `p'
configure:21035: $? = 0
configure:21039: test -z 
			 || test ! -s conftest.err
configure:21042: $? = 0
configure:21045: test -s conftest.o
configure:21048: $? = 0
configure:21059: result: yes
configure:21069: checking whether strsep is declared
configure:21093: gcc -c -O2 -Wall  conftest.c >&5
configure:21099: $? = 0
configure:21103: test -z 
			 || test ! -s conftest.err
configure:21106: $? = 0
configure:21109: test -s conftest.o
configure:21112: $? = 0
configure:21123: result: yes
configure:21147: checking sys/time.h usability
configure:21159: gcc -c -O2 -Wall  conftest.c >&5
configure:21165: $? = 0
configure:21169: test -z 
			 || test ! -s conftest.err
configure:21172: $? = 0
configure:21175: test -s conftest.o
configure:21178: $? = 0
configure:21188: result: yes
configure:21192: checking sys/time.h presence
configure:21202: gcc -E  conftest.c
configure:21208: $? = 0
configure:21228: result: yes
configure:21263: checking for sys/time.h
configure:21270: result: yes
configure:21283: checking whether time.h and sys/time.h may both be included
configure:21308: gcc -c -O2 -Wall  conftest.c >&5
configure:21314: $? = 0
configure:21318: test -z 
			 || test ! -s conftest.err
configure:21321: $? = 0
configure:21324: test -s conftest.o
configure:21327: $? = 0
configure:21338: result: yes
configure:21348: checking for off_t
configure:21372: gcc -c -O2 -Wall  conftest.c >&5
configure:21378: $? = 0
configure:21382: test -z 
			 || test ! -s conftest.err
configure:21385: $? = 0
configure:21388: test -s conftest.o
configure:21391: $? = 0
configure:21402: result: yes
configure:21414: checking for in_port_t
configure:21440: gcc -c -O2 -Wall  conftest.c >&5
configure:21446: $? = 0
configure:21450: test -z 
			 || test ! -s conftest.err
configure:21453: $? = 0
configure:21456: test -s conftest.o
configure:21459: $? = 0
configure:21470: result: yes
configure:21480: checking for socklen_t
configure:21507: gcc -c -O2 -Wall  conftest.c >&5
configure:21513: $? = 0
configure:21517: test -z 
			 || test ! -s conftest.err
configure:21520: $? = 0
configure:21523: test -s conftest.o
configure:21526: $? = 0
configure:21537: result: yes
configure:21547: checking for float32_t
configure:21573: gcc -c -O2 -Wall  conftest.c >&5
conftest.c:43:33: sys/float.h: No such file or directory
conftest.c: In function `main':
conftest.c:48: error: `float32_t' undeclared (first use in this function)
conftest.c:48: error: (Each undeclared identifier is reported only once
conftest.c:48: error: for each function it appears in.)
conftest.c:48: error: syntax error before ')' token
configure:21579: $? = 1
configure: failed program was:
| /* confdefs.h.  */
| 
| #define PACKAGE_NAME ""
| #define PACKAGE_TARNAME ""
| #define PACKAGE_VERSION ""
| #define PACKAGE_STRING ""
| #define PACKAGE_BUGREPORT ""
| #define PACKAGE "faac"
| #define VERSION "1.0beta"
| #define STDC_HEADERS 1
| #define HAVE_SYS_TYPES_H 1
| #define HAVE_SYS_STAT_H 1
| #define HAVE_STDLIB_H 1
| #define HAVE_STRING_H 1
| #define HAVE_MEMORY_H 1
| #define HAVE_STRINGS_H 1
| #define HAVE_INTTYPES_H 1
| #define HAVE_STDINT_H 1
| #define HAVE_UNISTD_H 1
| #define HAVE_DLFCN_H 1
| #ifdef __cplusplus
| extern "C" void std::exit (int) throw (); using std::exit;
| #endif
| #define HAVE_GETOPT_H 1
| #define HAVE_U_INT32_T 1
| #define HAVE_U_INT16_T 1
| #define HAVE_INT32_T 1
| #define HAVE_INT16_T 1
| #define HAVE_STRCASECMP 1
| #define STDC_HEADERS 1
| #define HAVE_STDINT_H 1
| #define HAVE_INTTYPES_H 1
| #define HAVE_FLOAT_H 1
| #define HAVE_STRCHR 1
| #define HAVE_MEMCPY 1
| #define HAVE_STRSEP 1
| #define HAVE_SYS_TIME_H 1
| #define TIME_WITH_SYS_TIME 1
| #define HAVE_IN_PORT_T 1
| #define HAVE_SOCKLEN_T 1
| /* end confdefs.h.  */
| #include <sys/types.h>
| 	  #include <sys/float.h>
| 
| int
| main ()
| {
| if ((float32_t *) 0)
|   return 0;
| if (sizeof (float32_t))
|   return 0;
|   ;
|   return 0;
| }
configure:21603: result: no
configure:21613: checking for struct fpos_t.__pos
configure:21637: gcc -c -O2 -Wall  conftest.c >&5
conftest.c: In function `main':
conftest.c:47: error: storage size of `ac_aggr' isn't known
conftest.c:47: warning: unused variable `ac_aggr'
conftest.c:47: error: storage size of `ac_aggr' isn't known
configure:21643: $? = 1
configure: failed program was:
| /* confdefs.h.  */
| 
| #define PACKAGE_NAME ""
| #define PACKAGE_TARNAME ""
| #define PACKAGE_VERSION ""
| #define PACKAGE_STRING ""
| #define PACKAGE_BUGREPORT ""
| #define PACKAGE "faac"
| #define VERSION "1.0beta"
| #define STDC_HEADERS 1
| #define HAVE_SYS_TYPES_H 1
| #define HAVE_SYS_STAT_H 1
| #define HAVE_STDLIB_H 1
| #define HAVE_STRING_H 1
| #define HAVE_MEMORY_H 1
| #define HAVE_STRINGS_H 1
| #define HAVE_INTTYPES_H 1
| #define HAVE_STDINT_H 1
| #define HAVE_UNISTD_H 1
| #define HAVE_DLFCN_H 1
| #ifdef __cplusplus
| extern "C" void std::exit (int) throw (); using std::exit;
| #endif
| #define HAVE_GETOPT_H 1
| #define HAVE_U_INT32_T 1
| #define HAVE_U_INT16_T 1
| #define HAVE_INT32_T 1
| #define HAVE_INT16_T 1
| #define HAVE_STRCASECMP 1
| #define STDC_HEADERS 1
| #define HAVE_STDINT_H 1
| #define HAVE_INTTYPES_H 1
| #define HAVE_FLOAT_H 1
| #define HAVE_STRCHR 1
| #define HAVE_MEMCPY 1
| #define HAVE_STRSEP 1
| #define HAVE_SYS_TIME_H 1
| #define TIME_WITH_SYS_TIME 1
| #define HAVE_IN_PORT_T 1
| #define HAVE_SOCKLEN_T 1
| /* end confdefs.h.  */
| #include <stdio.h>
| 
| int
| main ()
| {
| static struct fpos_t ac_aggr;
| if (ac_aggr.__pos)
| return 0;
|   ;
|   return 0;
| }
configure:21682: gcc -c -O2 -Wall  conftest.c >&5
conftest.c: In function `main':
conftest.c:47: error: storage size of `ac_aggr' isn't known
conftest.c:47: warning: unused variable `ac_aggr'
conftest.c:47: error: storage size of `ac_aggr' isn't known
configure:21688: $? = 1
configure: failed program was:
| /* confdefs.h.  */
| 
| #define PACKAGE_NAME ""
| #define PACKAGE_TARNAME ""
| #define PACKAGE_VERSION ""
| #define PACKAGE_STRING ""
| #define PACKAGE_BUGREPORT ""
| #define PACKAGE "faac"
| #define VERSION "1.0beta"
| #define STDC_HEADERS 1
| #define HAVE_SYS_TYPES_H 1
| #define HAVE_SYS_STAT_H 1
| #define HAVE_STDLIB_H 1
| #define HAVE_STRING_H 1
| #define HAVE_MEMORY_H 1
| #define HAVE_STRINGS_H 1
| #define HAVE_INTTYPES_H 1
| #define HAVE_STDINT_H 1
| #define HAVE_UNISTD_H 1
| #define HAVE_DLFCN_H 1
| #ifdef __cplusplus
| extern "C" void std::exit (int) throw (); using std::exit;
| #endif
| #define HAVE_GETOPT_H 1
| #define HAVE_U_INT32_T 1
| #define HAVE_U_INT16_T 1
| #define HAVE_INT32_T 1
| #define HAVE_INT16_T 1
| #define HAVE_STRCASECMP 1
| #define STDC_HEADERS 1
| #define HAVE_STDINT_H 1
| #define HAVE_INTTYPES_H 1
| #define HAVE_FLOAT_H 1
| #define HAVE_STRCHR 1
| #define HAVE_MEMCPY 1
| #define HAVE_STRSEP 1
| #define HAVE_SYS_TIME_H 1
| #define TIME_WITH_SYS_TIME 1
| #define HAVE_IN_PORT_T 1
| #define HAVE_SOCKLEN_T 1
| /* end confdefs.h.  */
| #include <stdio.h>
| 
| int
| main ()
| {
| static struct fpos_t ac_aggr;
| if (sizeof ac_aggr.__pos)
| return 0;
|   ;
|   return 0;
| }
configure:21714: result: no
configure:21842: creating ./config.status

## ---------------------- ##
## Running config.status. ##
## ---------------------- ##

This file was extended by config.status, which was
generated by GNU Autoconf 2.59.  Invocation command line was

  CONFIG_FILES    = 
  CONFIG_HEADERS  = 
  CONFIG_LINKS    = 
  CONFIG_COMMANDS = 
  $ ./config.status 

on echephyle

config.status:715: creating libfaac/Makefile
config.status:715: creating frontend/Makefile
config.status:715: creating include/Makefile
config.status:715: creating Makefile
config.status:819: creating config.h
config.status:1141: executing depfiles commands

## ---------------- ##
## Cache variables. ##
## ---------------- ##

ac_cv_build=x86_64-redhat-linux-gnu
ac_cv_build_alias=x86_64-redhat-linux-gnu
ac_cv_c_bigendian=no
ac_cv_c_compiler_gnu=yes
ac_cv_cxx_compiler_gnu=yes
ac_cv_env_CC_set=
ac_cv_env_CC_value=
ac_cv_env_CFLAGS_set=
ac_cv_env_CFLAGS_value=
ac_cv_env_CPPFLAGS_set=
ac_cv_env_CPPFLAGS_value=
ac_cv_env_CPP_set=
ac_cv_env_CPP_value=
ac_cv_env_CXXCPP_set=
ac_cv_env_CXXCPP_value=
ac_cv_env_CXXFLAGS_set=
ac_cv_env_CXXFLAGS_value=
ac_cv_env_CXX_set=
ac_cv_env_CXX_value=
ac_cv_env_F77_set=
ac_cv_env_F77_value=
ac_cv_env_FFLAGS_set=
ac_cv_env_FFLAGS_value=
ac_cv_env_LDFLAGS_set=
ac_cv_env_LDFLAGS_value=
ac_cv_env_build_alias_set=
ac_cv_env_build_alias_value=
ac_cv_env_host_alias_set=
ac_cv_env_host_alias_value=
ac_cv_env_target_alias_set=
ac_cv_env_target_alias_value=
ac_cv_exeext=
ac_cv_f77_compiler_gnu=yes
ac_cv_have_decl_memcpy=yes
ac_cv_have_decl_strcasecmp=yes
ac_cv_have_decl_strchr=yes
ac_cv_have_decl_strsep=yes
ac_cv_header_dlfcn_h=yes
ac_cv_header_float_h=yes
ac_cv_header_getopt_h=yes
ac_cv_header_inttypes_h=yes
ac_cv_header_mathf_h=no
ac_cv_header_memory_h=yes
ac_cv_header_stdc=yes
ac_cv_header_stdint_h=yes
ac_cv_header_stdlib_h=yes
ac_cv_header_string_h=yes
ac_cv_header_strings_h=yes
ac_cv_header_sys_stat_h=yes
ac_cv_header_sys_time_h=yes
ac_cv_header_sys_types_h=yes
ac_cv_header_time=yes
ac_cv_header_unistd_h=yes
ac_cv_host=x86_64-redhat-linux-gnu
ac_cv_host_alias=x86_64-redhat-linux-gnu
ac_cv_lib_gnugetopt_getopt_long=no
ac_cv_lib_mp4v2_MP4MetadataDelete=no
ac_cv_member_struct_fpos_t___pos=no
ac_cv_objext=o
ac_cv_path_install='/usr/bin/install -c'
ac_cv_prog_AWK=gawk
ac_cv_prog_CPP='gcc -E'
ac_cv_prog_CXXCPP='g++ -E'
ac_cv_prog_ac_ct_AR=ar
ac_cv_prog_ac_ct_CC=gcc
ac_cv_prog_ac_ct_CXX=g++
ac_cv_prog_ac_ct_F77=g77
ac_cv_prog_ac_ct_RANLIB=ranlib
ac_cv_prog_ac_ct_STRIP=strip
ac_cv_prog_cc_g=yes
ac_cv_prog_cc_stdc=
ac_cv_prog_cxx_g=yes
ac_cv_prog_egrep='grep -E'
ac_cv_prog_f77_g=yes
ac_cv_prog_make_make_set=yes
ac_cv_sys_file_offset_bits=no
ac_cv_sys_large_files=no
ac_cv_sys_largefile_CC=no
ac_cv_type_float32_t=no
ac_cv_type_in_port_t=yes
ac_cv_type_int16_t=yes
ac_cv_type_int32_t=yes
ac_cv_type_off_t=yes
ac_cv_type_socklen_t=yes
ac_cv_type_u_int16_t=yes
ac_cv_type_u_int32_t=yes
am_cv_CC_dependencies_compiler_type=gcc3
am_cv_CXX_dependencies_compiler_type=gcc3
lt_cv_deplibs_check_method=pass_all
lt_cv_file_magic_cmd='$MAGIC_CMD'
lt_cv_file_magic_test_file='/lib/libc.so.6 /lib/libc-2.3.3.so'
lt_cv_ld_reload_flag=-r
lt_cv_objdir=.libs
lt_cv_path_LD=/usr/bin/ld
lt_cv_path_LDCXX='/usr/bin/ld -m elf_x86_64'
lt_cv_path_NM='/usr/bin/nm -B'
lt_cv_path_SED=/bin/sed
lt_cv_prog_compiler_c_o=yes
lt_cv_prog_compiler_c_o_CXX=yes
lt_cv_prog_compiler_c_o_F77=yes
lt_cv_prog_compiler_rtti_exceptions=no
lt_cv_prog_gnu_ld=yes
lt_cv_prog_gnu_ldcxx=yes
lt_cv_sys_global_symbol_pipe='sed -n -e '\''s/^.*[ 	]\([ABCDGIRSTW][ABCDGIRSTW]*\)[ 	][ 	]*\(\)\([_A-Za-z][_A-Za-z0-9]*\)$/\1 \2\3 \3/p'\'''
lt_cv_sys_global_symbol_to_c_name_address='sed -n -e '\''s/^: \([^ ]*\) $/  {\"\1\", (lt_ptr) 0},/p'\'' -e '\''s/^[BCDEGRST] \([^ ]*\) \([^ ]*\)$/  {"\2", (lt_ptr) \&\2},/p'\'''
lt_cv_sys_global_symbol_to_cdecl='sed -n -e '\''s/^. .* \(.*\)$/extern int \1;/p'\'''
lt_cv_sys_max_cmd_len=32768
lt_lt_cv_prog_compiler_c_o='"yes"'
lt_lt_cv_prog_compiler_c_o_CXX='"yes"'
lt_lt_cv_prog_compiler_c_o_F77='"yes"'
lt_lt_cv_sys_global_symbol_pipe='"sed -n -e '\''s/^.*[ 	]\\([ABCDGIRSTW][ABCDGIRSTW]*\\)[ 	][ 	]*\\(\\)\\([_A-Za-z][_A-Za-z0-9]*\\)\$/\\1 \\2\\3 \\3/p'\''"'
lt_lt_cv_sys_global_symbol_to_c_name_address='"sed -n -e '\''s/^: \\([^ ]*\\) \$/  {\\\"\\1\\\", (lt_ptr) 0},/p'\'' -e '\''s/^[BCDEGRST] \\([^ ]*\\) \\([^ ]*\\)\$/  {\"\\2\", (lt_ptr) \\&\\2},/p'\''"'
lt_lt_cv_sys_global_symbol_to_cdecl='"sed -n -e '\''s/^. .* \\(.*\\)\$/extern int \\1;/p'\''"'

## ----------------- ##
## Output variables. ##
## ----------------- ##

ACLOCAL='${SHELL} /root/hvirtual/quicktime/faac/missing --run aclocal-1.8'
AMDEPBACKSLASH='\'
AMDEP_FALSE='#'
AMDEP_TRUE=''
AMTAR='${SHELL} /root/hvirtual/quicktime/faac/missing --run tar'
AR='ar'
AUTOCONF='${SHELL} /root/hvirtual/quicktime/faac/missing --run autoconf'
AUTOHEADER='${SHELL} /root/hvirtual/quicktime/faac/missing --run autoheader'
AUTOMAKE='${SHELL} /root/hvirtual/quicktime/faac/missing --run automake-1.8'
AWK='gawk'
CC='gcc'
CCDEPMODE='depmode=gcc3'
CFLAGS='-O2 -Wall'
CPP='gcc -E'
CPPFLAGS=''
CXX='g++'
CXXCPP='g++ -E'
CXXDEPMODE='depmode=gcc3'
CXXFLAGS='-g -O2'
CYGPATH_W='echo'
DEFS='-DHAVE_CONFIG_H'
DEPDIR='.deps'
ECHO='echo'
ECHO_C=''
ECHO_N='-n'
ECHO_T=''
EGREP='grep -E'
EXEEXT=''
F77='g77'
FFLAGS='-g -O2'
INSTALL_DATA='${INSTALL} -m 644'
INSTALL_PROGRAM='${INSTALL}'
INSTALL_SCRIPT='${INSTALL}'
INSTALL_STRIP_PROGRAM='${SHELL} $(install_sh) -c -s'
LDFLAGS=''
LIBOBJS=''
LIBS=''
LIBTOOL='$(SHELL) $(top_builddir)/libtool'
LN_S='ln -s'
LTLIBOBJS=''
MAKEINFO='${SHELL} /root/hvirtual/quicktime/faac/missing --run makeinfo'
OBJEXT='o'
PACKAGE='faac'
PACKAGE_BUGREPORT=''
PACKAGE_NAME=''
PACKAGE_STRING=''
PACKAGE_TARNAME=''
PACKAGE_VERSION=''
PATH_SEPARATOR=':'
RANLIB='ranlib'
SET_MAKE=''
SHELL='/bin/sh'
STRIP='strip'
VERSION='1.0beta'
ac_ct_AR='ar'
ac_ct_CC='gcc'
ac_ct_CXX='g++'
ac_ct_F77='g77'
ac_ct_RANLIB='ranlib'
ac_ct_STRIP='strip'
am__fastdepCC_FALSE='#'
am__fastdepCC_TRUE=''
am__fastdepCXX_FALSE='#'
am__fastdepCXX_TRUE=''
am__include='include'
am__leading_dot='.'
am__quote=''
bindir='${exec_prefix}/bin'
build='x86_64-redhat-linux-gnu'
build_alias=''
build_cpu='x86_64'
build_os='linux-gnu'
build_vendor='redhat'
datadir='${prefix}/share'
exec_prefix='${prefix}'
host='x86_64-redhat-linux-gnu'
host_alias=''
host_cpu='x86_64'
host_os='linux-gnu'
host_vendor='redhat'
includedir='${prefix}/include'
infodir='${prefix}/info'
install_sh='/root/hvirtual/quicktime/faac/install-sh'
libdir='${exec_prefix}/lib'
libexecdir='${exec_prefix}/libexec'
localstatedir='${prefix}/var'
mandir='${prefix}/man'
mkdir_p='mkdir -p -- .'
oldincludedir='/usr/include'
prefix='/usr/local'
program_transform_name='s,x,x,'
sbindir='${exec_prefix}/sbin'
sharedstatedir='${prefix}/com'
sysconfdir='${prefix}/etc'
target_alias=''

## ----------- ##
## confdefs.h. ##
## ----------- ##

#define HAVE_DLFCN_H 1
#define HAVE_FLOAT_H 1
#define HAVE_GETOPT_H 1
#define HAVE_INT16_T 1
#define HAVE_INT32_T 1
#define HAVE_INTTYPES_H 1
#define HAVE_INTTYPES_H 1
#define HAVE_IN_PORT_T 1
#define HAVE_MEMCPY 1
#define HAVE_MEMORY_H 1
#define HAVE_SOCKLEN_T 1
#define HAVE_STDINT_H 1
#define HAVE_STDINT_H 1
#define HAVE_STDLIB_H 1
#define HAVE_STRCASECMP 1
#define HAVE_STRCHR 1
#define HAVE_STRINGS_H 1
#define HAVE_STRING_H 1
#define HAVE_STRSEP 1
#define HAVE_SYS_STAT_H 1
#define HAVE_SYS_TIME_H 1
#define HAVE_SYS_TYPES_H 1
#define HAVE_UNISTD_H 1
#define HAVE_U_INT16_T 1
#define HAVE_U_INT32_T 1
#define PACKAGE "faac"
#define PACKAGE_BUGREPORT ""
#define PACKAGE_NAME ""
#define PACKAGE_STRING ""
#define PACKAGE_TARNAME ""
#define PACKAGE_VERSION ""
#define STDC_HEADERS 1
#define STDC_HEADERS 1
#define TIME_WITH_SYS_TIME 1
#define VERSION "1.0beta"
#endif
#ifdef __cplusplus
extern "C" void std::exit (int) throw (); using std::exit;

configure: exit 0
