This file contains any messages produced by compilers while
running configure, to aid debugging if configure makes a mistake.

It was created by configure, which was
generated by GNU Autoconf 2.52d.  Invocation command line was

  $ ./configure 

## --------- ##
## Platform. ##
## --------- ##

hostname = myrina
uname -m = i686
uname -r = 2.4.18
uname -s = Linux
uname -v = #6 SMP Tue Jul 16 05:28:06 PDT 2002

/usr/bin/uname -p = unknown
/bin/uname -X     = unknown

/bin/arch              = i686
/usr/bin/arch -k       = unknown
/usr/convex/getsysinfo = unknown
hostinfo               = unknown
/bin/machine           = unknown
/usr/bin/oslevel       = unknown
/bin/universe          = unknown

PATH = /usr/local/sbin:/usr/sbin:/sbin:.:/usr/local/bin:/usr/local/samba/bin:/usr/local/java/bin:/usr/local/java/jre/bin:/usr/lib/gcc-lib/i386-redhat-linux/3.0.2:.:/usr/local/bin:/usr/local/samba/bin:/usr/local/java/bin:/usr/local/java/jre/bin:/usr/lib/gcc-lib/i386-redhat-linux/3.0.2:/usr/local/sbin:/usr/sbin:/sbin:.:/usr/local/bin:/usr/local/samba/bin:/usr/local/java/bin:/usr/local/java/jre/bin:/usr/lib/gcc-lib/i386-redhat-linux/3.0.2:/usr/local/sbin:/usr/local/bin:/sbin:/bin:/usr/sbin:/usr/bin:/usr/X11R6/bin:/root/bin:/root/bin

## ----------- ##
## Core tests. ##
## ----------- ##

configure:1170: PATH=".;."; conftest.sh
./configure: conftest.sh: command not found
configure:1173: $? = 127
configure:1222: checking for a BSD compatible install
configure:1271: result: /usr/bin/install -c
configure:1282: checking whether build environment is sane
configure:1325: result: yes
configure:1358: checking for gawk
configure:1373: found /bin/gawk
configure:1381: result: gawk
configure:1391: checking whether make -j 2 sets ${MAKE}
configure:1411: result: yes
configure:1506: checking build system type
configure:1524: result: i686-pc-linux-gnu
configure:1531: checking host system type
configure:1545: result: i686-pc-linux-gnu
configure:1552: checking whether to enable maintainer-specific portions of Makefiles
configure:1561: result: no
configure:1618: checking for gcc
configure:1633: found /usr/bin/gcc
configure:1641: result: gcc
configure:1869: checking for C compiler version
configure:1872: gcc --version </dev/null >&5
3.0.2
configure:1875: $? = 0
configure:1877: gcc -v </dev/null >&5
Reading specs from /usr/lib/gcc-lib/i386-redhat-linux/3.0.2/specs
Configured with: ../configure --prefix=/usr --mandir=/usr/share/man --infodir=/usr/share/info --enable-shared --enable-threads=posix --disable-checking --host=i386-redhat-linux
Thread model: posix
gcc version 3.0.2 20010905 (Red Hat Linux 7.1 3.0.1-3)
configure:1880: $? = 0
configure:1882: gcc -V </dev/null >&5
gcc: argument to `-V' is missing
configure:1885: $? = 1
configure:1911: checking for C compiler default output
configure:1914: gcc -O3 -march=i686 -fmessage-length=0 -funroll-all-loops -fomit-frame-pointer -malign-loops=2 -malign-jumps=2 -malign-functions=2 -I/usr/local/include   conftest.c  >&5
configure:1917: $? = 0
configure:1946: result: a.out
configure:1951: checking whether the C compiler works
configure:1957: ./a.out
configure:1960: $? = 0
configure:1975: result: yes
configure:1982: checking whether we are cross compiling
configure:1984: result: no
configure:1987: checking for executable suffix
configure:1989: gcc -o conftest -O3 -march=i686 -fmessage-length=0 -funroll-all-loops -fomit-frame-pointer -malign-loops=2 -malign-jumps=2 -malign-functions=2 -I/usr/local/include   conftest.c  >&5
configure:1992: $? = 0
configure:2014: result: 
configure:2020: checking for object suffix
configure:2044: gcc -c -O3 -march=i686 -fmessage-length=0 -funroll-all-loops -fomit-frame-pointer -malign-loops=2 -malign-jumps=2 -malign-functions=2 -I/usr/local/include  conftest.c >&5
configure:2047: $? = 0
configure:2066: result: o
configure:2070: checking whether we are using the GNU C compiler
configure:2097: gcc -c -O3 -march=i686 -fmessage-length=0 -funroll-all-loops -fomit-frame-pointer -malign-loops=2 -malign-jumps=2 -malign-functions=2 -I/usr/local/include  conftest.c >&5
configure:2100: $? = 0
configure:2103: test -s conftest.o
configure:2106: $? = 0
configure:2118: result: yes
configure:2124: checking whether gcc accepts -g
configure:2148: gcc -c -g  conftest.c >&5
configure:2151: $? = 0
configure:2154: test -s conftest.o
configure:2157: $? = 0
configure:2167: result: yes
configure:2194: gcc -c -O3 -march=i686 -fmessage-length=0 -funroll-all-loops -fomit-frame-pointer -malign-loops=2 -malign-jumps=2 -malign-functions=2 -I/usr/local/include  conftest.c >&5
conftest.c:2: parse error before "me"
configure:2197: $? = 1
configure: failed program was:
#ifndef __cplusplus
  choke me
#endif
configure:2315: checking for style of include used by make -j 2
configure:2342: result: GNU
configure:2348: checking dependency style of gcc
configure:2410: result: gcc3
configure:2442: checking for a BSD compatible install
configure:2491: result: /usr/bin/install -c
configure:2589: checking for ld used by GCC
configure:2652: result: /usr/bin/ld
configure:2661: checking if the linker (/usr/bin/ld) is GNU ld
GNU ld version 2.12.90.0.15 20020717
configure:2673: result: yes
configure:2677: checking for /usr/bin/ld option to reload object files
configure:2684: result: -r
configure:2689: checking for BSD-compatible nm
configure:2725: result: /usr/bin/nm -B
configure:2728: checking whether ln -s works
configure:2732: result: yes
configure:2739: checking how to recognise dependant libraries
configure:2917: result: pass_all
configure:2923: checking command to parse /usr/bin/nm -B output
configure:3004: gcc -c -O3 -march=i686 -fmessage-length=0 -funroll-all-loops -fomit-frame-pointer -malign-loops=2 -malign-jumps=2 -malign-functions=2 -I/usr/local/include -Wall  conftest.c >&5
configure:3007: $? = 0
configure:3011: /usr/bin/nm -B conftest.o \| sed -n -e 's/^.*[ 	]\([ABCDGISTW][ABCDGISTW]*\)[ 	][ 	]*\(\)\([_A-Za-z][_A-Za-z0-9]*\)$/\1 \2\3 \3/p' \> conftest.nm
configure:3014: $? = 0
configure:3066: gcc -o conftest -O3 -march=i686 -fmessage-length=0 -funroll-all-loops -fomit-frame-pointer -malign-loops=2 -malign-jumps=2 -malign-functions=2 -I/usr/local/include -Wall   conftest.c conftstm.o >&5
conftest.c:6: warning: `main' is usually a function
configure:3069: $? = 0
configure:3113: result: ok
configure:3122: checking how to run the C preprocessor
configure:3148: gcc -E  conftest.c
configure:3154: $? = 0
configure:3181: gcc -E  conftest.c
configure:3178:28: ac_nonexistent.h: No such file or directory
configure:3187: $? = 1
configure: failed program was:
#line 3177 "configure"
#include "confdefs.h"
#include <ac_nonexistent.h>
configure:3224: result: gcc -E
configure:3239: gcc -E  conftest.c
configure:3245: $? = 0
configure:3272: gcc -E  conftest.c
configure:3269:28: ac_nonexistent.h: No such file or directory
configure:3278: $? = 1
configure: failed program was:
#line 3268 "configure"
#include "confdefs.h"
#include <ac_nonexistent.h>
configure:3317: checking for ANSI C header files
configure:3331: gcc -E  conftest.c
configure:3337: $? = 0
configure:3424: gcc -o conftest -O3 -march=i686 -fmessage-length=0 -funroll-all-loops -fomit-frame-pointer -malign-loops=2 -malign-jumps=2 -malign-functions=2 -I/usr/local/include -Wall   conftest.c  >&5
configure: In function `main':
configure:3416: warning: implicit declaration of function `exit'
configure:3427: $? = 0
configure:3429: ./conftest
configure:3432: $? = 0
configure:3445: result: yes
configure:3461: checking for sys/types.h
configure:3474: gcc -c -O3 -march=i686 -fmessage-length=0 -funroll-all-loops -fomit-frame-pointer -malign-loops=2 -malign-jumps=2 -malign-functions=2 -I/usr/local/include -Wall  conftest.c >&5
configure:3477: $? = 0
configure:3480: test -s conftest.o
configure:3483: $? = 0
configure:3493: result: yes
configure:3461: checking for sys/stat.h
configure:3474: gcc -c -O3 -march=i686 -fmessage-length=0 -funroll-all-loops -fomit-frame-pointer -malign-loops=2 -malign-jumps=2 -malign-functions=2 -I/usr/local/include -Wall  conftest.c >&5
configure:3477: $? = 0
configure:3480: test -s conftest.o
configure:3483: $? = 0
configure:3493: result: yes
configure:3461: checking for stdlib.h
configure:3474: gcc -c -O3 -march=i686 -fmessage-length=0 -funroll-all-loops -fomit-frame-pointer -malign-loops=2 -malign-jumps=2 -malign-functions=2 -I/usr/local/include -Wall  conftest.c >&5
configure:3477: $? = 0
configure:3480: test -s conftest.o
configure:3483: $? = 0
configure:3493: result: yes
configure:3461: checking for string.h
configure:3474: gcc -c -O3 -march=i686 -fmessage-length=0 -funroll-all-loops -fomit-frame-pointer -malign-loops=2 -malign-jumps=2 -malign-functions=2 -I/usr/local/include -Wall  conftest.c >&5
configure:3477: $? = 0
configure:3480: test -s conftest.o
configure:3483: $? = 0
configure:3493: result: yes
configure:3461: checking for memory.h
configure:3474: gcc -c -O3 -march=i686 -fmessage-length=0 -funroll-all-loops -fomit-frame-pointer -malign-loops=2 -malign-jumps=2 -malign-functions=2 -I/usr/local/include -Wall  conftest.c >&5
configure:3477: $? = 0
configure:3480: test -s conftest.o
configure:3483: $? = 0
configure:3493: result: yes
configure:3461: checking for strings.h
configure:3474: gcc -c -O3 -march=i686 -fmessage-length=0 -funroll-all-loops -fomit-frame-pointer -malign-loops=2 -malign-jumps=2 -malign-functions=2 -I/usr/local/include -Wall  conftest.c >&5
configure:3477: $? = 0
configure:3480: test -s conftest.o
configure:3483: $? = 0
configure:3493: result: yes
configure:3461: checking for inttypes.h
configure:3474: gcc -c -O3 -march=i686 -fmessage-length=0 -funroll-all-loops -fomit-frame-pointer -malign-loops=2 -malign-jumps=2 -malign-functions=2 -I/usr/local/include -Wall  conftest.c >&5
configure:3477: $? = 0
configure:3480: test -s conftest.o
configure:3483: $? = 0
configure:3493: result: yes
configure:3461: checking for stdint.h
configure:3474: gcc -c -O3 -march=i686 -fmessage-length=0 -funroll-all-loops -fomit-frame-pointer -malign-loops=2 -malign-jumps=2 -malign-functions=2 -I/usr/local/include -Wall  conftest.c >&5
configure:3477: $? = 0
configure:3480: test -s conftest.o
configure:3483: $? = 0
configure:3493: result: yes
configure:3461: checking for unistd.h
configure:3474: gcc -c -O3 -march=i686 -fmessage-length=0 -funroll-all-loops -fomit-frame-pointer -malign-loops=2 -malign-jumps=2 -malign-functions=2 -I/usr/local/include -Wall  conftest.c >&5
configure:3477: $? = 0
configure:3480: test -s conftest.o
configure:3483: $? = 0
configure:3493: result: yes
configure:3517: checking dlfcn.h usability
configure:3526: gcc -c -O3 -march=i686 -fmessage-length=0 -funroll-all-loops -fomit-frame-pointer -malign-loops=2 -malign-jumps=2 -malign-functions=2 -I/usr/local/include -Wall  conftest.c >&5
configure:3529: $? = 0
configure:3532: test -s conftest.o
configure:3535: $? = 0
configure:3544: result: yes
configure:3548: checking dlfcn.h presence
configure:3555: gcc -E  conftest.c
configure:3561: $? = 0
configure:3579: result: yes
configure:3597: checking for dlfcn.h
configure:3604: result: yes
configure:3794: checking for ranlib
configure:3809: found /usr/bin/ranlib
configure:3818: result: ranlib
configure:3868: checking for strip
configure:3883: found /usr/bin/strip
configure:3892: result: strip
configure:4100: checking for objdir
configure:4111: result: .libs
configure:4126: checking for gcc option to produce PIC
configure:4276: result: -fPIC
configure:4280: checking if gcc PIC flag -fPIC works
configure:4306: gcc -c -O3 -march=i686 -fmessage-length=0 -funroll-all-loops -fomit-frame-pointer -malign-loops=2 -malign-jumps=2 -malign-functions=2 -I/usr/local/include -Wall -fPIC -DPIC  conftest.c >&5
configure:4309: $? = 0
configure:4312: test -s conftest.o
configure:4315: $? = 0
configure:4351: result: yes
configure:4367: checking if gcc static flag -static works
configure:4394: gcc -o conftest -O3 -march=i686 -fmessage-length=0 -funroll-all-loops -fomit-frame-pointer -malign-loops=2 -malign-jumps=2 -malign-functions=2 -I/usr/local/include -Wall   -static conftest.c  >&5
configure:4397: $? = 0
configure:4400: test -s conftest
configure:4403: $? = 0
configure:4417: result: yes
configure:4428: checking if gcc supports -c -o file.o
configure:4448: gcc -c -O3 -march=i686 -fmessage-length=0 -funroll-all-loops -fomit-frame-pointer -malign-loops=2 -malign-jumps=2 -malign-functions=2 -I/usr/local/include -Wall -o out/conftest2.o  conftest.c >&5
configure:4472: result: yes
configure:4477: checking if gcc supports -c -o file.lo
configure:4507: gcc -c -O3 -march=i686 -fmessage-length=0 -funroll-all-loops -fomit-frame-pointer -malign-loops=2 -malign-jumps=2 -malign-functions=2 -I/usr/local/include -Wall -c -o conftest.lo  conftest.c >&5
configure: In function `main':
configure:4500: warning: unused variable `some_variable'
configure:4510: $? = 0
configure:4513: test -s conftest.lo
configure:4516: $? = 0
configure:4537: result: yes
configure:4568: checking if gcc supports -fno-rtti -fno-exceptions
configure:4593: gcc -c -O3 -march=i686 -fmessage-length=0 -funroll-all-loops -fomit-frame-pointer -malign-loops=2 -malign-jumps=2 -malign-functions=2 -I/usr/local/include -Wall -fno-rtti -fno-exceptions -c conftest.c  conftest.c >&5
configure: In function `main':
configure:4586: warning: unused variable `some_variable'
configure: In function `main':
configure:4586: warning: unused variable `some_variable'
configure:4596: $? = 0
configure:4599: test -s conftest.o
configure:4602: $? = 0
configure:4618: result: yes
configure:4629: checking whether the linker (/usr/bin/ld) supports shared libraries
configure:5309: result: yes
configure:5314: checking how to hardcode library paths into programs
configure:5338: result: immediate
configure:5343: checking whether stripping libraries is possible
configure:5348: result: yes
configure:5359: checking dynamic linker characteristics
configure:5752: result: GNU/Linux ld.so
configure:5757: checking if libtool supports shared libraries
configure:5759: result: yes
configure:5762: checking whether to build shared libraries
configure:5783: result: yes
configure:5786: checking whether to build static libraries
configure:5790: result: yes
configure:6444: checking whether -lc should be explicitly linked in
configure:6452: gcc -c -O3 -march=i686 -fmessage-length=0 -funroll-all-loops -fomit-frame-pointer -malign-loops=2 -malign-jumps=2 -malign-functions=2 -I/usr/local/include -Wall  conftest.c >&5
conftest.c:1: warning: `dummy' defined but not used
configure:6455: $? = 0
configure:6469: gcc -shared conftest.o  -v -Wl,-soname -Wl,conftest -o conftest 2\>\&1 \| grep  -lc  \>/dev/null 2\>\&1
configure:6472: $? = 0
configure:6485: result: no
configure:7136: checking whether to enable debugging
configure:7169: result: default=yes
configure:7194: checking for pkg-config
configure:7223: result: no
configure:7277: error: Library requirements (glib >= 1.2.4 gtk+ >= 1.2.4) not met; consider adjusting the PKG_CONFIG_PATH environment variable if your libraries are in a nonstandard prefix so pkg-config can find them.

## ---------------- ##
## Cache variables. ##
## ---------------- ##

ac_cv_build=i686-pc-linux-gnu
ac_cv_build_alias=i686-pc-linux-gnu
ac_cv_c_compiler_gnu=yes
ac_cv_env_CC_set=
ac_cv_env_CC_value=
ac_cv_env_CFLAGS_set=set
ac_cv_env_CFLAGS_value=$'-O3 -march=i686 -fmessage-length=0 -funroll-all-loops -fomit-frame-pointer -malign-loops=2 -malign-jumps=2 -malign-functions=2 -I/usr/local/include'
ac_cv_env_CPPFLAGS_set=
ac_cv_env_CPPFLAGS_value=
ac_cv_env_CPP_set=
ac_cv_env_CPP_value=
ac_cv_env_LDFLAGS_set=
ac_cv_env_LDFLAGS_value=
ac_cv_env_build_alias_set=
ac_cv_env_build_alias_value=
ac_cv_env_host_alias_set=
ac_cv_env_host_alias_value=
ac_cv_env_target_alias_set=
ac_cv_env_target_alias_value=
ac_cv_header_dlfcn_h=yes
ac_cv_header_inttypes_h=yes
ac_cv_header_memory_h=yes
ac_cv_header_stdc=yes
ac_cv_header_stdint_h=yes
ac_cv_header_stdlib_h=yes
ac_cv_header_string_h=yes
ac_cv_header_strings_h=yes
ac_cv_header_sys_stat_h=yes
ac_cv_header_sys_types_h=yes
ac_cv_header_unistd_h=yes
ac_cv_host=i686-pc-linux-gnu
ac_cv_host_alias=i686-pc-linux-gnu
ac_cv_objext=o
ac_cv_path_PKG_CONFIG=no
ac_cv_path_install=$'/usr/bin/install -c'
ac_cv_prog_AWK=gawk
ac_cv_prog_CPP=$'gcc -E'
ac_cv_prog_ac_ct_CC=gcc
ac_cv_prog_ac_ct_RANLIB=ranlib
ac_cv_prog_ac_ct_STRIP=strip
ac_cv_prog_cc_g=yes
ac_cv_prog_make_make_set=yes
am_cv_CC_dependencies_compiler_type=gcc3
lt_cv_archive_cmds_need_lc=no
lt_cv_compiler_c_o=yes
lt_cv_compiler_o_lo=yes
lt_cv_deplibs_check_method=pass_all
lt_cv_file_magic_cmd=$'$MAGIC_CMD'
lt_cv_file_magic_test_file=$'/lib/libc.so.6 /lib/libc-2.2.4.so'
lt_cv_global_symbol_to_c_name_address=$'sed -n -e \'s/^: \\([^ ]*\\) $/  {\\"\\1\\", (lt_ptr) 0},/p\' -e \'s/^[BCDEGRST] \\([^ ]*\\) \\([^ ]*\\)$/  {"\\2", (lt_ptr) \\&\\2},/p\''
lt_cv_global_symbol_to_cdecl=$'sed -n -e \'s/^. .* \\(.*\\)$/extern char \\1;/p\''
lt_cv_ld_reload_flag=-r
lt_cv_path_LD=/usr/bin/ld
lt_cv_path_NM=$'/usr/bin/nm -B'
lt_cv_prog_cc_can_build_shared=yes
lt_cv_prog_cc_no_builtin=
lt_cv_prog_cc_pic=$' -fPIC'
lt_cv_prog_cc_pic_works=yes
lt_cv_prog_cc_shlib=
lt_cv_prog_cc_static=-static
lt_cv_prog_cc_static_works=yes
lt_cv_prog_cc_wl=-Wl,
lt_cv_prog_gnu_ld=yes
lt_cv_sys_global_symbol_pipe=$'sed -n -e \'s/^.*[ \t]\\([ABCDGISTW][ABCDGISTW]*\\)[ \t][ \t]*\\(\\)\\([_A-Za-z][_A-Za-z0-9]*\\)$/\\1 \\2\\3 \\3/p\''
lt_cv_sys_path_separator=:

## ----------- ##
## confdefs.h. ##
## ----------- ##

#define PACKAGE "libdv"
#define VERSION "0.98"
#define _GNU_SOURCE 1
#define STDC_HEADERS 1
#define HAVE_SYS_TYPES_H 1
#define HAVE_SYS_STAT_H 1
#define HAVE_STDLIB_H 1
#define HAVE_STRING_H 1
#define HAVE_MEMORY_H 1
#define HAVE_STRINGS_H 1
#define HAVE_INTTYPES_H 1
#define HAVE_STDINT_H 1
#define HAVE_UNISTD_H 1
#define HAVE_DLFCN_H 1
#define ARCH_X86 1
#define DEBUG 1

configure: exit 1
