This file contains any messages produced by compilers while
running configure, to aid debugging if configure makes a mistake.

configure:728: checking for a BSD compatible install
configure:781: checking whether build environment is sane
configure:838: checking whether make -j 4 sets ${MAKE}
configure:884: checking for working aclocal
configure:897: checking for working autoconf
configure:910: checking for working automake
configure:923: checking for working autoheader
configure:936: checking for working makeinfo
configure:961: checking for gcc
configure:1074: checking whether the C compiler (gcc -O3 -march=i686 -fmessage-length=0 -funroll-all-loops -fomit-frame-pointer -malign-loops=2 -malign-jumps=2 -malign-functions=2 -I/usr/local/include ) works
configure:1090: gcc -o conftest -O3 -march=i686 -fmessage-length=0 -funroll-all-loops -fomit-frame-pointer -malign-loops=2 -malign-jumps=2 -malign-functions=2 -I/usr/local/include   conftest.c  1>&5
configure:1116: checking whether the C compiler (gcc -O3 -march=i686 -fmessage-length=0 -funroll-all-loops -fomit-frame-pointer -malign-loops=2 -malign-jumps=2 -malign-functions=2 -I/usr/local/include ) is a cross-compiler
configure:1121: checking whether we are using GNU C
configure:1130: gcc -E conftest.c
configure:1149: checking whether gcc accepts -g
configure:1192: checking for Cygwin environment
configure:1208: gcc -c -O3 -march=i686 -fmessage-length=0 -funroll-all-loops -fomit-frame-pointer -malign-loops=2 -malign-jumps=2 -malign-functions=2 -I/usr/local/include  conftest.c 1>&5
configure: In function `main':
configure:1204: `__CYGWIN32__' undeclared (first use in this function)
configure:1204: (Each undeclared identifier is reported only once
configure:1204: for each function it appears in.)
configure: failed program was:
#line 1197 "configure"
#include "confdefs.h"

int main() {

#ifndef __CYGWIN__
#define __CYGWIN__ __CYGWIN32__
#endif
return __CYGWIN__;
; return 0; }
configure:1225: checking for mingw32 environment
configure:1237: gcc -c -O3 -march=i686 -fmessage-length=0 -funroll-all-loops -fomit-frame-pointer -malign-loops=2 -malign-jumps=2 -malign-functions=2 -I/usr/local/include  conftest.c 1>&5
configure: In function `main':
configure:1233: `__MINGW32__' undeclared (first use in this function)
configure:1233: (Each undeclared identifier is reported only once
configure:1233: for each function it appears in.)
configure: failed program was:
#line 1230 "configure"
#include "confdefs.h"

int main() {
return __MINGW32__;
; return 0; }
configure:1254: checking how to run the C preprocessor
configure:1275: gcc -E  conftest.c >/dev/null 2>conftest.out
configure:1409: checking host system type
configure:1430: checking build system type
configure:1459: checking for ld used by GCC
configure:1527: checking if the linker (/usr/bin/ld) is GNU ld
GNU ld version 2.11.90.0.8 (with BFD 2.11.90.0.8)
configure:1544: checking for /usr/bin/ld option to reload object files
configure:1556: checking for BSD-compatible nm
configure:1594: checking for a sed that does not truncate output
configure:1678: checking whether ln -s works
configure:1699: checking how to recognise dependent libraries
configure:1885: checking for object suffix
configure:1891: gcc -c -O3 -march=i686 -fmessage-length=0 -funroll-all-loops -fomit-frame-pointer -malign-loops=2 -malign-jumps=2 -malign-functions=2 -I/usr/local/include  conftest.c 1>&5
configure:1911: checking for executable suffix
configure:1921: gcc -o conftest -O3 -march=i686 -fmessage-length=0 -funroll-all-loops -fomit-frame-pointer -malign-loops=2 -malign-jumps=2 -malign-functions=2 -I/usr/local/include   conftest.c  1>&5
configure:1952: checking command to parse /usr/bin/nm -B output
configure:2032: gcc -c -O3 -march=i686 -fmessage-length=0 -funroll-all-loops -fomit-frame-pointer -malign-loops=2 -malign-jumps=2 -malign-functions=2 -I/usr/local/include  conftest.c 1>&5
configure:2035: /usr/bin/nm -B conftest.o | sed -n -e 's/^.*[ ]\([ABCDGISTW][ABCDGISTW]*\)[ ][ ]*\(\)\([_A-Za-z][_A-Za-z0-9]*\)$/\1 \2\3 \3/p' > conftest.nm
configure:2086: gcc -o conftest -O3 -march=i686 -fmessage-length=0 -funroll-all-loops -fomit-frame-pointer -malign-loops=2 -malign-jumps=2 -malign-functions=2 -I/usr/local/include   conftest.c conftstm.o 1>&5
configure:2135: checking for dlfcn.h
configure:2145: gcc -E  conftest.c >/dev/null 2>conftest.out
configure:2314: checking for ranlib
configure:2381: checking for strip
configure:2624: checking for objdir
configure:2651: checking for gcc option to produce PIC
configure:2799: checking if gcc PIC flag -fPIC works
configure:2813: gcc -c -O3 -march=i686 -fmessage-length=0 -funroll-all-loops -fomit-frame-pointer -malign-loops=2 -malign-jumps=2 -malign-functions=2 -I/usr/local/include -fPIC -DPIC  conftest.c 1>&5
configure:2865: checking if gcc static flag -static works
configure:2880: gcc -o conftest -O3 -march=i686 -fmessage-length=0 -funroll-all-loops -fomit-frame-pointer -malign-loops=2 -malign-jumps=2 -malign-functions=2 -I/usr/local/include   -static conftest.c  1>&5
configure:2907: checking if gcc supports -c -o file.o
configure:2926: gcc -c -O3 -march=i686 -fmessage-length=0 -funroll-all-loops -fomit-frame-pointer -malign-loops=2 -malign-jumps=2 -malign-functions=2 -I/usr/local/include -o out/conftest2.o  conftest.c 1>&5
configure:2955: checking if gcc supports -c -o file.lo
configure:2973: gcc -c -O3 -march=i686 -fmessage-length=0 -funroll-all-loops -fomit-frame-pointer -malign-loops=2 -malign-jumps=2 -malign-functions=2 -I/usr/local/include -c -o conftest.lo  conftest.c 1>&5
configure:3023: checking if gcc supports -fno-rtti -fno-exceptions
configure:3036: gcc -c -O3 -march=i686 -fmessage-length=0 -funroll-all-loops -fomit-frame-pointer -malign-loops=2 -malign-jumps=2 -malign-functions=2 -I/usr/local/include -fno-rtti -fno-exceptions -c conftest.c  conftest.c 1>&5
configure:3063: checking whether the linker (/usr/bin/ld) supports shared libraries
configure:3759: checking how to hardcode library paths into programs
configure:3787: checking whether stripping libraries is possible
configure:3801: checking dynamic linker characteristics
configure:4207: checking if libtool supports shared libraries
configure:4211: checking whether to build shared libraries
configure:4234: checking whether to build static libraries
configure:4770: checking whether -lc should be explicitly linked in
configure:4777: gcc -c -O3 -march=i686 -fmessage-length=0 -funroll-all-loops -fomit-frame-pointer -malign-loops=2 -malign-jumps=2 -malign-functions=2 -I/usr/local/include  conftest.c 1>&5
configure:4790: gcc -shared conftest.o  -v -Wl,-soname -Wl,conftest -o conftest 2>&1 | grep  -lc  >/dev/null 2>&1
configure:5428: checking for ANSI C header files
configure:5441: gcc -E  conftest.c >/dev/null 2>conftest.out
configure:5508: gcc -o conftest -O20 -ffast-math -fsigned-char -O3 -march=i686 -fmessage-length=0 -funroll-all-loops -fomit-frame-pointer -malign-loops=2 -malign-jumps=2 -malign-functions=2 -I/usr/local/include    conftest.c  1>&5
configure:5533: checking for working const
configure:5587: gcc -c -O20 -ffast-math -fsigned-char -O3 -march=i686 -fmessage-length=0 -funroll-all-loops -fomit-frame-pointer -malign-loops=2 -malign-jumps=2 -malign-functions=2 -I/usr/local/include  conftest.c 1>&5
configure:5610: checking for int16_t
configure:5630: gcc -o conftest -O20 -ffast-math -fsigned-char -O3 -march=i686 -fmessage-length=0 -funroll-all-loops -fomit-frame-pointer -malign-loops=2 -malign-jumps=2 -malign-functions=2 -I/usr/local/include    conftest.c  1>&5
configure:5647: checking for int32_t
configure:5667: gcc -o conftest -O20 -ffast-math -fsigned-char -O3 -march=i686 -fmessage-length=0 -funroll-all-loops -fomit-frame-pointer -malign-loops=2 -malign-jumps=2 -malign-functions=2 -I/usr/local/include    conftest.c  1>&5
configure:5684: checking for uint32_t
configure:5704: gcc -o conftest -O20 -ffast-math -fsigned-char -O3 -march=i686 -fmessage-length=0 -funroll-all-loops -fomit-frame-pointer -malign-loops=2 -malign-jumps=2 -malign-functions=2 -I/usr/local/include    conftest.c  1>&5
configure:5699: parse error before "foo"
configure:5699: warning: data definition has no type or storage class
configure: failed program was:
#line 5693 "configure"
#include "confdefs.h"

#ifdef __BEOS__
#include <inttypes.h>
#endif
#include <sys/types.h>
uint32_t foo;
int main() {return 0;}

configure:5721: checking for u_int32_t
configure:5741: gcc -o conftest -O20 -ffast-math -fsigned-char -O3 -march=i686 -fmessage-length=0 -funroll-all-loops -fomit-frame-pointer -malign-loops=2 -malign-jumps=2 -malign-functions=2 -I/usr/local/include    conftest.c  1>&5
configure:5758: checking for int64_t
configure:5778: gcc -o conftest -O20 -ffast-math -fsigned-char -O3 -march=i686 -fmessage-length=0 -funroll-all-loops -fomit-frame-pointer -malign-loops=2 -malign-jumps=2 -malign-functions=2 -I/usr/local/include    conftest.c  1>&5
configure:5795: checking size of short
configure:5815: gcc -o conftest -O20 -ffast-math -fsigned-char -O3 -march=i686 -fmessage-length=0 -funroll-all-loops -fomit-frame-pointer -malign-loops=2 -malign-jumps=2 -malign-functions=2 -I/usr/local/include    conftest.c  1>&5
configure:5835: checking size of int
configure:5855: gcc -o conftest -O20 -ffast-math -fsigned-char -O3 -march=i686 -fmessage-length=0 -funroll-all-loops -fomit-frame-pointer -malign-loops=2 -malign-jumps=2 -malign-functions=2 -I/usr/local/include    conftest.c  1>&5
configure:5875: checking size of long
configure:5895: gcc -o conftest -O20 -ffast-math -fsigned-char -O3 -march=i686 -fmessage-length=0 -funroll-all-loops -fomit-frame-pointer -malign-loops=2 -malign-jumps=2 -malign-functions=2 -I/usr/local/include    conftest.c  1>&5
configure:5915: checking size of long long
configure:5935: gcc -o conftest -O20 -ffast-math -fsigned-char -O3 -march=i686 -fmessage-length=0 -funroll-all-loops -fomit-frame-pointer -malign-loops=2 -malign-jumps=2 -malign-functions=2 -I/usr/local/include    conftest.c  1>&5
configure:6013: checking for 8-bit clean memcmp
configure:6031: gcc -o conftest -O20 -ffast-math -fsigned-char -O3 -march=i686 -fmessage-length=0 -funroll-all-loops -fomit-frame-pointer -malign-loops=2 -malign-jumps=2 -malign-functions=2 -I/usr/local/include    conftest.c  1>&5
