This file contains any messages produced by compilers while
running configure, to aid debugging if configure makes a mistake.

It was created by configure, which was
generated by GNU Autoconf 2.50.  Invocation command line was

  $ ./configure 

## ---------- ##
## Platform.  ##
## ---------- ##

hostname = myrina
uname -m = i686
uname -r = 2.4.17
uname -s = Linux
uname -v = #3 SMP Fri Dec 21 16:45:20 PST 2001

/usr/bin/uname -p = unknown
/bin/uname -X     = unknown

/bin/arch              = i686
/usr/bin/arch -k       = unknown
/usr/convex/getsysinfo = unknown
hostinfo               = unknown
/bin/machine           = unknown
/usr/bin/oslevel       = unknown
/bin/universe          = unknown

PATH = /usr/local/sbin:/usr/sbin:/sbin:.:/usr/local/bin:/usr/local/samba/bin:/usr/local/java/bin:/usr/local/java/jre/bin:.:/usr/local/bin:/usr/local/samba/bin:/usr/local/java/bin:/usr/local/java/jre/bin:/usr/local/sbin:/usr/sbin:/sbin:.:/usr/local/bin:/usr/local/samba/bin:/usr/local/java/bin:/usr/local/java/jre/bin:/usr/local/sbin:/usr/local/bin:/sbin:/bin:/usr/sbin:/usr/bin:/usr/X11R6/bin:/root/bin:/root/bin

## ------------ ##
## Core tests.  ##
## ------------ ##

configure:1087: PATH=".;."; conftest.sh
./configure: conftest.sh: command not found
configure:1090: $? = 127
configure:1136: checking build system type
configure:1154: result: i686-pc-linux-gnu
configure:1161: checking host system type
configure:1175: result: i686-pc-linux-gnu
configure:1182: checking target system type
configure:1196: result: i686-pc-linux-gnu
configure:1253: checking for gcc
configure:1268: found /usr/bin/gcc
configure:1276: result: gcc
configure:1520: checking for C compiler default output
configure:1523: gcc -O3 -march=i686 -fmessage-length=0 -funroll-all-loops -fomit-frame-pointer -malign-loops=2 -malign-jumps=2 -malign-functions=2 -I/usr/local/include   conftest.c  >&5
configure:1526: $? = 0
configure:1549: result: a.out
configure:1554: checking whether the C compiler works
configure:1560: ./a.out
configure:1563: $? = 0
configure:1578: result: yes
configure:1585: checking whether we are cross compiling
configure:1587: result: no
configure:1590: checking for executable suffix
configure:1592: gcc -o conftest -O3 -march=i686 -fmessage-length=0 -funroll-all-loops -fomit-frame-pointer -malign-loops=2 -malign-jumps=2 -malign-functions=2 -I/usr/local/include   conftest.c  >&5
configure:1595: $? = 0
configure:1617: result: 
configure:1623: checking for object suffix
configure:1641: gcc -c -O3 -march=i686 -fmessage-length=0 -funroll-all-loops -fomit-frame-pointer -malign-loops=2 -malign-jumps=2 -malign-functions=2 -I/usr/local/include  conftest.c >&5
configure:1644: $? = 0
configure:1663: result: o
configure:1667: checking whether we are using the GNU C compiler
configure:1688: gcc -c -O3 -march=i686 -fmessage-length=0 -funroll-all-loops -fomit-frame-pointer -malign-loops=2 -malign-jumps=2 -malign-functions=2 -I/usr/local/include  conftest.c >&5
configure:1691: $? = 0
configure:1694: test -s conftest.o
configure:1697: $? = 0
configure:1709: result: yes
configure:1715: checking whether gcc accepts -g
configure:1733: gcc -c -g  conftest.c >&5
configure:1736: $? = 0
configure:1739: test -s conftest.o
configure:1742: $? = 0
configure:1752: result: yes
configure:1779: gcc -c -O3 -march=i686 -fmessage-length=0 -funroll-all-loops -fomit-frame-pointer -malign-loops=2 -malign-jumps=2 -malign-functions=2 -I/usr/local/include  conftest.c >&5
conftest.c:2: parse error before "me"
configure:1782: $? = 1
configure: failed program was:
#ifndef __cplusplus
  choke me
#endif
configure:1882: checking how to run the C preprocessor
configure:1909: gcc -E  conftest.c
configure:1915: $? = 0
configure:1942: gcc -E  conftest.c
configure:1939:28: ac_nonexistent.h: No such file or directory
configure:1948: $? = 1
configure: failed program was:
#line 1938 "configure"
#include "confdefs.h"
#include <ac_nonexistent.h>
configure:1985: result: gcc -E
configure:2000: gcc -E  conftest.c
configure:2006: $? = 0
configure:2033: gcc -E  conftest.c
configure:2030:28: ac_nonexistent.h: No such file or directory
configure:2039: $? = 1
configure: failed program was:
#line 2029 "configure"
#include "confdefs.h"
#include <ac_nonexistent.h>
configure:2097: checking for rm
configure:2112: found /bin/rm
configure:2120: result: rm -f
configure:2129: checking for rmdir
configure:2144: found /bin/rmdir
configure:2152: result: rmdir
configure:2171: checking for a BSD compatible install
configure:2220: result: /usr/bin/install -c
configure:2238: checking for ANSI C header files
configure:2252: gcc -E  conftest.c
configure:2258: $? = 0
configure:2345: gcc -o conftest -O3 -march=i686 -fmessage-length=0 -funroll-all-loops -fomit-frame-pointer -malign-loops=2 -malign-jumps=2 -malign-functions=2 -I/usr/local/include   conftest.c  >&5
configure:2348: $? = 0
configure:2350: ./conftest
configure:2353: $? = 0
configure:2366: result: yes
configure:2379: checking for fcntl.h
configure:2389: gcc -E  conftest.c
configure:2395: $? = 0
configure:2414: result: yes
configure:2379: checking for unistd.h
configure:2389: gcc -E  conftest.c
configure:2395: $? = 0
configure:2414: result: yes
configure:2424: checking for gcc option to accept ANSI C
configure:2481: gcc  -c -O3 -march=i686 -fmessage-length=0 -funroll-all-loops -fomit-frame-pointer -malign-loops=2 -malign-jumps=2 -malign-functions=2 -I/usr/local/include  conftest.c >&5
configure:2484: $? = 0
configure:2487: test -s conftest.o
configure:2490: $? = 0
configure:2507: result: none needed
configure:2515: checking for an ANSI C-conforming const
configure:2579: gcc -c -O3 -march=i686 -fmessage-length=0 -funroll-all-loops -fomit-frame-pointer -malign-loops=2 -malign-jumps=2 -malign-functions=2 -I/usr/local/include  conftest.c >&5
configure:2582: $? = 0
configure:2585: test -s conftest.o
configure:2588: $? = 0
configure:2598: result: yes
configure:2611: checking for stdlib.h
configure:2621: gcc -E  conftest.c
configure:2627: $? = 0
configure:2646: result: yes
configure:2611: checking for string.h
configure:2621: gcc -E  conftest.c
configure:2627: $? = 0
configure:2646: result: yes
configure:2611: checking for memory.h
configure:2621: gcc -E  conftest.c
configure:2627: $? = 0
configure:2646: result: yes
configure:2611: checking for strings.h
configure:2621: gcc -E  conftest.c
configure:2627: $? = 0
configure:2646: result: yes
configure:2611: checking for inttypes.h
configure:2621: gcc -E  conftest.c
configure:2627: $? = 0
configure:2646: result: yes
configure:2611: checking for unistd.h
configure:2646: result: yes
configure:2656: checking for int
configure:2677: gcc -c -O3 -march=i686 -fmessage-length=0 -funroll-all-loops -fomit-frame-pointer -malign-loops=2 -malign-jumps=2 -malign-functions=2 -I/usr/local/include  conftest.c >&5
configure:2680: $? = 0
configure:2683: test -s conftest.o
configure:2686: $? = 0
configure:2696: result: yes
configure:2699: checking size of int
configure:2863: gcc -o conftest -O3 -march=i686 -fmessage-length=0 -funroll-all-loops -fomit-frame-pointer -malign-loops=2 -malign-jumps=2 -malign-functions=2 -I/usr/local/include   conftest.c  >&5
configure:2866: $? = 0
configure:2868: ./conftest
configure:2871: $? = 0
configure:2887: result: 4
configure:2893: checking for long
configure:2914: gcc -c -O3 -march=i686 -fmessage-length=0 -funroll-all-loops -fomit-frame-pointer -malign-loops=2 -malign-jumps=2 -malign-functions=2 -I/usr/local/include  conftest.c >&5
configure:2917: $? = 0
configure:2920: test -s conftest.o
configure:2923: $? = 0
configure:2933: result: yes
configure:2936: checking size of long
configure:3100: gcc -o conftest -O3 -march=i686 -fmessage-length=0 -funroll-all-loops -fomit-frame-pointer -malign-loops=2 -malign-jumps=2 -malign-functions=2 -I/usr/local/include   conftest.c  >&5
configure:3103: $? = 0
configure:3105: ./conftest
configure:3108: $? = 0
configure:3124: result: 4
configure:3133: checking for stdlib.h
configure:3168: result: yes
configure:3133: checking for unistd.h
configure:3168: result: yes
configure:3181: checking for getpagesize
configure:3218: gcc -o conftest -O3 -march=i686 -fmessage-length=0 -funroll-all-loops -fomit-frame-pointer -malign-loops=2 -malign-jumps=2 -malign-functions=2 -I/usr/local/include   conftest.c  >&5
configure:3221: $? = 0
configure:3224: test -s conftest
configure:3227: $? = 0
configure:3237: result: yes
configure:3247: checking for working mmap
configure:3388: gcc -o conftest -O3 -march=i686 -fmessage-length=0 -funroll-all-loops -fomit-frame-pointer -malign-loops=2 -malign-jumps=2 -malign-functions=2 -I/usr/local/include   conftest.c  >&5
configure:3391: $? = 0
configure:3393: ./conftest
configure:3396: $? = 0
configure:3408: result: yes
configure:3424: checking whether munmap must be declared
configure:3446: gcc -c -O3 -march=i686 -fmessage-length=0 -funroll-all-loops -fomit-frame-pointer -malign-loops=2 -malign-jumps=2 -malign-functions=2 -I/usr/local/include  conftest.c >&5
configure:3449: $? = 0
configure:3452: test -s conftest.o
configure:3455: $? = 0
configure:3466: result: no
configure:3474: checking for munmap's first parameter type
configure:3492: gcc -c -O3 -march=i686 -fmessage-length=0 -funroll-all-loops -fomit-frame-pointer -malign-loops=2 -malign-jumps=2 -malign-functions=2 -I/usr/local/include  conftest.c >&5
configure:3495: $? = 0
configure:3498: test -s conftest.o
configure:3501: $? = 0
configure:3503: result: void *
configure:3521: checking for memcpy
configure:3558: gcc -o conftest -O3 -march=i686 -fmessage-length=0 -funroll-all-loops -fomit-frame-pointer -malign-loops=2 -malign-jumps=2 -malign-functions=2 -I/usr/local/include   conftest.c  >&5
configure:3537: warning: conflicting types for built-in function `memcpy'
configure:3561: $? = 0
configure:3564: test -s conftest
configure:3567: $? = 0
configure:3577: result: yes
configure:3521: checking for memmove
configure:3558: gcc -o conftest -O3 -march=i686 -fmessage-length=0 -funroll-all-loops -fomit-frame-pointer -malign-loops=2 -malign-jumps=2 -malign-functions=2 -I/usr/local/include   conftest.c  >&5
configure:3561: $? = 0
configure:3564: test -s conftest
configure:3567: $? = 0
configure:3577: result: yes
configure:3664: checking for ld used by GCC
configure:3727: result: /usr/bin/ld
configure:3736: checking if the linker (/usr/bin/ld) is GNU ld
GNU ld version 2.11.90.0.8 (with BFD 2.11.90.0.8)
configure:3748: result: yes
configure:3752: checking for /usr/bin/ld option to reload object files
configure:3759: result: -r
configure:3764: checking for BSD-compatible nm
configure:3800: result: /usr/bin/nm -B
configure:3803: checking whether ln -s works
configure:3807: result: yes
configure:3814: checking how to recognise dependant libraries
configure:3982: result: pass_all
configure:3988: checking command to parse /usr/bin/nm -B output
configure:4065: gcc -c -O3 -march=i686 -fmessage-length=0 -funroll-all-loops -fomit-frame-pointer -malign-loops=2 -malign-jumps=2 -malign-functions=2 -I/usr/local/include  conftest.c >&5
configure:4068: $? = 0
configure:4072: /usr/bin/nm -B conftest.o \| sed -n -e 's/^.*[ 	]\([ABCDGISTW][ABCDGISTW]*\)[ 	][ 	]*\(\)\([_A-Za-z][_A-Za-z0-9]*\)$/\1 \2\3 \3/p' \> conftest.nm
configure:4075: $? = 0
configure:4127: gcc -o conftest -O3 -march=i686 -fmessage-length=0 -funroll-all-loops -fomit-frame-pointer -malign-loops=2 -malign-jumps=2 -malign-functions=2 -I/usr/local/include   conftest.c conftstm.o >&5
configure:4130: $? = 0
configure:4171: result: ok
configure:4178: checking for dlfcn.h
configure:4188: gcc -E  conftest.c
configure:4194: $? = 0
configure:4213: result: yes
configure:4400: checking for ranlib
configure:4415: found /usr/bin/ranlib
configure:4424: result: ranlib
configure:4474: checking for strip
configure:4489: found /usr/bin/strip
configure:4498: result: strip
configure:4695: checking for objdir
configure:4706: result: .libs
configure:4726: checking for gcc option to produce PIC
configure:4876: result: -fPIC
configure:4880: checking if gcc PIC flag -fPIC works
configure:4900: gcc -c -O3 -march=i686 -fmessage-length=0 -funroll-all-loops -fomit-frame-pointer -malign-loops=2 -malign-jumps=2 -malign-functions=2 -I/usr/local/include -fPIC -DPIC  conftest.c >&5
configure:4903: $? = 0
configure:4906: test -s conftest.o
configure:4909: $? = 0
configure:4945: result: yes
configure:4965: checking if gcc static flag -static works
configure:4986: gcc -o conftest -O3 -march=i686 -fmessage-length=0 -funroll-all-loops -fomit-frame-pointer -malign-loops=2 -malign-jumps=2 -malign-functions=2 -I/usr/local/include   -static conftest.c  >&5
configure:4989: $? = 0
configure:4992: test -s conftest
configure:4995: $? = 0
configure:5009: result: yes
configure:5024: checking if gcc supports -c -o file.o
configure:5044: gcc -c -O3 -march=i686 -fmessage-length=0 -funroll-all-loops -fomit-frame-pointer -malign-loops=2 -malign-jumps=2 -malign-functions=2 -I/usr/local/include -o out/conftest2.o  conftest.c >&5
configure:5068: result: yes
configure:5073: checking if gcc supports -c -o file.lo
configure:5095: gcc -c -O3 -march=i686 -fmessage-length=0 -funroll-all-loops -fomit-frame-pointer -malign-loops=2 -malign-jumps=2 -malign-functions=2 -I/usr/local/include -c -o conftest.lo  conftest.c >&5
configure:5098: $? = 0
configure:5101: test -s conftest.o
configure:5104: $? = 1
configure: failed program was:
#line 5083 "configure"
#include "confdefs.h"

int
main ()
{
int some_variable = 0;
  ;
  return 0;
}
configure:5124: result: 
configure:5163: checking if gcc supports -fno-rtti -fno-exceptions
configure:5182: gcc -c -O3 -march=i686 -fmessage-length=0 -funroll-all-loops -fomit-frame-pointer -malign-loops=2 -malign-jumps=2 -malign-functions=2 -I/usr/local/include -fno-rtti -fno-exceptions -c conftest.c  conftest.c >&5
configure:5185: $? = 0
configure:5188: test -s conftest.o
configure:5191: $? = 0
configure:5207: result: yes
configure:5222: checking whether the linker (/usr/bin/ld) supports shared libraries
configure:5834: result: yes
configure:5843: checking how to hardcode library paths into programs
configure:5867: result: immediate
configure:5876: checking whether stripping libraries is possible
configure:5881: result: yes
configure:5896: checking dynamic linker characteristics
configure:6278: result: GNU/Linux ld.so
configure:6287: checking if libtool supports shared libraries
configure:6289: result: yes
configure:6857: checking whether -lc should be explicitly linked in
configure:6865: gcc -c -O3 -march=i686 -fmessage-length=0 -funroll-all-loops -fomit-frame-pointer -malign-loops=2 -malign-jumps=2 -malign-functions=2 -I/usr/local/include  conftest.c >&5
configure:6868: $? = 0
configure:6882: gcc -shared conftest.o  -v -Wl,-soname -Wl,conftest -o conftest 2\>\&1 \| grep  -lc  \>/dev/null 2\>\&1
configure:6885: $? = 0
configure:6898: result: no
configure:7546: creating ./config.status

## ----------------------- ##
## Running config.status.  ##
## ----------------------- ##

This file was extended by config.status 2.50, executed with
  > ./config.status 
on myrina

config.status:7994: creating unix-cc.mk
config.status:7994: creating unix-def.mk
config.status:7994: creating freetype-config
config.status:8086: creating ftconfig.h

## ----------------- ##
## Cache variables.  ##
## ----------------- ##

ac_cv_build=i686-pc-linux-gnu
ac_cv_build_alias=i686-pc-linux-gnu
ac_cv_c_compiler_gnu=yes
ac_cv_c_const=yes
ac_cv_env_CC_set=
ac_cv_env_CC_value=
ac_cv_env_CFLAGS_set=set
ac_cv_env_CFLAGS_value=$'-O3 -march=i686 -fmessage-length=0 -funroll-all-loops -fomit-frame-pointer -malign-loops=2 -malign-jumps=2 -malign-functions=2 -I/usr/local/include'
ac_cv_env_CPPFLAGS_set=
ac_cv_env_CPPFLAGS_value=
ac_cv_env_CPP_set=
ac_cv_env_CPP_value=
ac_cv_env_LDFLAGS_set=
ac_cv_env_LDFLAGS_value=
ac_cv_env_build_alias_set=
ac_cv_env_build_alias_value=
ac_cv_env_host_alias_set=
ac_cv_env_host_alias_value=
ac_cv_env_target_alias_set=
ac_cv_env_target_alias_value=
ac_cv_func_getpagesize=yes
ac_cv_func_memcpy=yes
ac_cv_func_memmove=yes
ac_cv_func_mmap_fixed_mapped=yes
ac_cv_header_dlfcn_h=yes
ac_cv_header_fcntl_h=yes
ac_cv_header_inttypes_h=yes
ac_cv_header_memory_h=yes
ac_cv_header_stdc=yes
ac_cv_header_stdlib_h=yes
ac_cv_header_string_h=yes
ac_cv_header_strings_h=yes
ac_cv_header_unistd_h=yes
ac_cv_host=i686-pc-linux-gnu
ac_cv_host_alias=i686-pc-linux-gnu
ac_cv_objext=o
ac_cv_path_install=$'/usr/bin/install -c'
ac_cv_prog_CPP=$'gcc -E'
ac_cv_prog_RMDIR=rmdir
ac_cv_prog_RMF=$'rm -f'
ac_cv_prog_ac_ct_CC=gcc
ac_cv_prog_ac_ct_RANLIB=ranlib
ac_cv_prog_ac_ct_STRIP=strip
ac_cv_prog_cc_g=yes
ac_cv_prog_cc_stdc=
ac_cv_sizeof_int=4
ac_cv_sizeof_long=4
ac_cv_target=i686-pc-linux-gnu
ac_cv_target_alias=i686-pc-linux-gnu
ac_cv_type_int=yes
ac_cv_type_long=yes
ft_cv_munmap_decl=no
lt_cv_archive_cmds_need_lc=no
lt_cv_compiler_c_o=yes
lt_cv_compiler_o_lo=no
lt_cv_deplibs_check_method=pass_all
lt_cv_file_magic_cmd=$'$MAGIC_CMD'
lt_cv_file_magic_test_file=$'/lib/libc.so.6 /lib/libc-2.2.4.so'
lt_cv_global_symbol_to_cdecl=$'sed -n -e \'s/^. .* \\(.*\\)$/extern char \\1;/p\''
lt_cv_ld_reload_flag=-r
lt_cv_path_LD=/usr/bin/ld
lt_cv_path_NM=$'/usr/bin/nm -B'
lt_cv_prog_cc_can_build_shared=yes
lt_cv_prog_cc_no_builtin=
lt_cv_prog_cc_pic=$' -fPIC'
lt_cv_prog_cc_pic_works=yes
lt_cv_prog_cc_shlib=
lt_cv_prog_cc_static=-static
lt_cv_prog_cc_static_works=yes
lt_cv_prog_cc_wl=-Wl,
lt_cv_prog_gnu_ld=yes
lt_cv_sys_global_symbol_pipe=$'sed -n -e \'s/^.*[ \t]\\([ABCDGISTW][ABCDGISTW]*\\)[ \t][ \t]*\\(\\)\\([_A-Za-z][_A-Za-z0-9]*\\)$/\\1 \\2\\3 \\3/p\''
lt_cv_sys_path_separator=:

## ------------ ##
## confdefs.h.  ##
## ------------ ##

#define STDC_HEADERS 1
#define HAVE_FCNTL_H 1
#define HAVE_UNISTD_H 1
#define HAVE_STDLIB_H 1
#define HAVE_STRING_H 1
#define HAVE_MEMORY_H 1
#define HAVE_STRINGS_H 1
#define HAVE_INTTYPES_H 1
#define HAVE_UNISTD_H 1
#define SIZEOF_INT 4
#define SIZEOF_LONG 4
#define HAVE_STDLIB_H 1
#define HAVE_UNISTD_H 1
#define HAVE_GETPAGESIZE 1
#define HAVE_MMAP 1
#define MUNMAP_USES_VOIDP 1
#define HAVE_MEMCPY 1
#define HAVE_MEMMOVE 1
#define HAVE_DLFCN_H 1


configure: exit 0
