This file contains any messages produced by compilers while
running configure, to aid debugging if configure makes a mistake.

configure:591: checking host system type
configure:612: checking target system type
configure:630: checking build system type
configure:664: checking for a BSD compatible install
configure:717: checking whether build environment is sane
configure:774: checking whether make -j 4 sets ${MAKE}
configure:820: checking for working aclocal
configure:833: checking for working autoconf
configure:846: checking for working automake
configure:859: checking for working autoheader
configure:872: checking for working makeinfo
configure:917: checking for gcc
configure:1030: checking whether the C compiler (gcc -O3 -march=i686 -fmessage-length=0 -funroll-all-loops -fomit-frame-pointer -malign-loops=2 -malign-jumps=2 -malign-functions=2 -I/usr/local/include ) works
configure:1046: gcc -o conftest -O3 -march=i686 -fmessage-length=0 -funroll-all-loops -fomit-frame-pointer -malign-loops=2 -malign-jumps=2 -malign-functions=2 -I/usr/local/include   conftest.c  1>&5
configure:1072: checking whether the C compiler (gcc -O3 -march=i686 -fmessage-length=0 -funroll-all-loops -fomit-frame-pointer -malign-loops=2 -malign-jumps=2 -malign-functions=2 -I/usr/local/include ) is a cross-compiler
configure:1077: checking whether we are using GNU C
configure:1105: checking whether gcc accepts -g
configure:1148: checking for a BSD compatible install
configure:1201: checking whether ln -s works
configure:1294: checking for ranlib
configure:1333: checking for ld used by GCC
configure:1396: checking if the linker (/usr/bin/ld) is GNU ld
configure:1412: checking for BSD-compatible nm
ltconfig:603: checking for object suffix
ltconfig:604: gcc -c -O3 -march=i686 -fmessage-length=0 -funroll-all-loops -fomit-frame-pointer -malign-loops=2 -malign-jumps=2 -malign-functions=2 -I/usr/local/include  conftest.c 1>&5
ltconfig:776: checking if gcc PIC flag -fPIC works
ltconfig:777: gcc -c -O3 -march=i686 -fmessage-length=0 -funroll-all-loops -fomit-frame-pointer -malign-loops=2 -malign-jumps=2 -malign-functions=2 -I/usr/local/include -fPIC -DPIC  conftest.c 1>&5
ltconfig:829: checking if gcc supports -c -o file.o
ltconfig:830: gcc -c -O3 -march=i686 -fmessage-length=0 -funroll-all-loops -fomit-frame-pointer -malign-loops=2 -malign-jumps=2 -malign-functions=2 -I/usr/local/include -o out/conftest2.o  conftest.c 1>&5
ltconfig:862: checking if gcc supports -c -o file.lo
ltconfig:863: gcc -c -O3 -march=i686 -fmessage-length=0 -funroll-all-loops -fomit-frame-pointer -malign-loops=2 -malign-jumps=2 -malign-functions=2 -I/usr/local/include -c -o conftest.lo  conftest.c 1>&5
ltconfig:914: checking if gcc supports -fno-rtti -fno-exceptions
ltconfig:915: gcc -c -O3 -march=i686 -fmessage-length=0 -funroll-all-loops -fomit-frame-pointer -malign-loops=2 -malign-jumps=2 -malign-functions=2 -I/usr/local/include -fno-rtti -fno-exceptions -c conftest.c  conftest.c 1>&5
ltconfig:958: checking if gcc static flag -static works
ltconfig:959: gcc -o conftest -O3 -march=i686 -fmessage-length=0 -funroll-all-loops -fomit-frame-pointer -malign-loops=2 -malign-jumps=2 -malign-functions=2 -I/usr/local/include   -static conftest.c  1>&5
GNU ld version 2.11.90.0.8 (with BFD 2.11.90.0.8)
ltconfig:1592: checking if global_symbol_pipe works
ltconfig:1593: gcc -c -O3 -march=i686 -fmessage-length=0 -funroll-all-loops -fomit-frame-pointer -malign-loops=2 -malign-jumps=2 -malign-functions=2 -I/usr/local/include  conftest.c 1>&5
ltconfig:1596: eval "/usr/bin/nm -B conftest.o | sed -n -e 's/^.*[ 	]\([ABCDGISTW]\)[ 	][ 	]*\(\)\([_A-Za-z][_A-Za-z0-9]*\)$/\1 \2\3 \3/p' > conftest.nm"
ltconfig:1648: gcc -o conftest -O3 -march=i686 -fmessage-length=0 -funroll-all-loops -fomit-frame-pointer -malign-loops=2 -malign-jumps=2 -malign-functions=2 -I/usr/local/include -fno-builtin -fno-rtti -fno-exceptions   conftest.c conftstm.o 1>&5
ltconfig:2395: checking for dlfcn.h
ltconfig:2433: checking whether a program can dlopen itself
ltconfig:2506: checking whether a statically linked program can dlopen itself
configure:1609: checking for kernel header files
configure:1631: checking for directory with ALSA kernel headers
configure:1660: checking how to run the C preprocessor
configure:1681: gcc -E  conftest.c >/dev/null 2>conftest.out
configure:1740: checking for ANSI C header files
configure:1753: gcc -E  conftest.c >/dev/null 2>conftest.out
configure:1820: gcc -o conftest -O3 -march=i686 -fmessage-length=0 -funroll-all-loops -fomit-frame-pointer -malign-loops=2 -malign-jumps=2 -malign-functions=2 -I/usr/local/include -I/usr/include   conftest.c  1>&5
configure:1850: checking for sound/asound.h
configure:1860: gcc -E  conftest.c >/dev/null 2>conftest.out
configure:1889: checking for working const
configure:1943: gcc -c -O3 -march=i686 -fmessage-length=0 -funroll-all-loops -fomit-frame-pointer -malign-loops=2 -malign-jumps=2 -malign-functions=2 -I/usr/local/include -I/usr/include  conftest.c 1>&5
configure:1964: checking for inline
configure:1978: gcc -c -O3 -march=i686 -fmessage-length=0 -funroll-all-loops -fomit-frame-pointer -malign-loops=2 -malign-jumps=2 -malign-functions=2 -I/usr/local/include -I/usr/include  conftest.c 1>&5
configure:2004: checking whether time.h and sys/time.h may both be included
configure:2018: gcc -c -O3 -march=i686 -fmessage-length=0 -funroll-all-loops -fomit-frame-pointer -malign-loops=2 -malign-jumps=2 -malign-functions=2 -I/usr/local/include -I/usr/include  conftest.c 1>&5
configure:2041: checking whether gcc needs -traditional
configure:2087: checking for hsearch_r
configure:2115: gcc -o conftest -O3 -march=i686 -fmessage-length=0 -funroll-all-loops -fomit-frame-pointer -malign-loops=2 -malign-jumps=2 -malign-functions=2 -I/usr/local/include -I/usr/include   conftest.c  1>&5
configure:2146: checking for alsa-driver package
configure:2170: gcc -c -O3 -march=i686 -fmessage-length=0 -funroll-all-loops -fomit-frame-pointer -malign-loops=2 -malign-jumps=2 -malign-functions=2 -I/usr/local/include -I/usr/include  conftest.c 1>&5
configure: In function `main':
configure:2156: warning: return type of `main' is not `int'
configure:2185: checking for library version
configure:2225: checking for debug
configure:2255: checking for architecture
