This file contains any messages produced by compilers while
running configure, to aid debugging if configure makes a mistake.

It was created by configure, which was
generated by GNU Autoconf 2.53.  Invocation command line was

  $ ./configure 

## --------- ##
## Platform. ##
## --------- ##

hostname = amazon
uname -m = i686
uname -r = 2.4.20-pre11
uname -s = Linux
uname -v = #3 Fri Dec 27 14:42:10 PST 2002

/usr/bin/uname -p = unknown
/bin/uname -X     = unknown

/bin/arch              = i686
/usr/bin/arch -k       = unknown
/usr/convex/getsysinfo = unknown
hostinfo               = unknown
/bin/machine           = unknown
/usr/bin/oslevel       = unknown
/bin/universe          = unknown

PATH: /usr/local/sbin
PATH: /usr/sbin
PATH: /sbin
PATH: .
PATH: /usr/local/bin
PATH: .
PATH: /usr/local/bin
PATH: /usr/local/sbin
PATH: /usr/sbin
PATH: /sbin
PATH: .
PATH: /usr/local/bin
PATH: /usr/local/sbin
PATH: /usr/local/bin
PATH: /sbin
PATH: /bin
PATH: /usr/sbin
PATH: /usr/bin
PATH: /usr/X11R6/bin
PATH: /root/bin
PATH: /root/bin


## ----------- ##
## Core tests. ##
## ----------- ##

configure:1424: checking build system type
configure:1442: result: i686-pc-linux-gnu
configure:1450: checking host system type
configure:1464: result: i686-pc-linux-gnu
configure:1472: checking target system type
configure:1486: result: i686-pc-linux-gnu
configure:1513: checking for a BSD-compatible install
configure:1567: result: /usr/bin/install -c
configure:1578: checking whether build environment is sane
configure:1621: result: yes
configure:1654: checking for gawk
configure:1670: found /bin/gawk
configure:1680: result: gawk
configure:1690: checking whether make sets ${MAKE}
configure:1710: result: yes
configure:1856: checking whether to enable maintainer-specific portions of Makefiles
configure:1865: result: no
configure:1930: checking for gcc
configure:1946: found /usr/bin/gcc
configure:1956: result: gcc
configure:2200: checking for C compiler version
configure:2203: gcc --version </dev/null >&5
3.0.2
configure:2206: $? = 0
configure:2208: gcc -v </dev/null >&5
Reading specs from /usr/lib/gcc-lib/i386-redhat-linux/3.0.2/specs
Configured with: ../configure --prefix=/usr --mandir=/usr/share/man --infodir=/usr/share/info --enable-shared --enable-threads=posix --disable-checking --host=i386-redhat-linux
Thread model: posix
gcc version 3.0.2 20010905 (Red Hat Linux 7.1 3.0.1-3)
configure:2211: $? = 0
configure:2213: gcc -V </dev/null >&5
gcc: argument to `-V' is missing
configure:2216: $? = 1
configure:2242: checking for C compiler default output
configure:2245: gcc -O3 -march=i686 -fmessage-length=0 -funroll-all-loops -fomit-frame-pointer -malign-loops=2 -malign-jumps=2 -malign-functions=2 -I/usr/local/include   conftest.c  >&5
configure:2248: $? = 0
configure:2281: result: a.out
configure:2286: checking whether the C compiler works
configure:2292: ./a.out
configure:2295: $? = 0
configure:2310: result: yes
configure:2317: checking whether we are cross compiling
configure:2319: result: no
configure:2322: checking for suffix of executables
configure:2324: gcc -o conftest -O3 -march=i686 -fmessage-length=0 -funroll-all-loops -fomit-frame-pointer -malign-loops=2 -malign-jumps=2 -malign-functions=2 -I/usr/local/include   conftest.c  >&5
configure:2327: $? = 0
configure:2349: result: 
configure:2355: checking for suffix of object files
configure:2379: gcc -c -O3 -march=i686 -fmessage-length=0 -funroll-all-loops -fomit-frame-pointer -malign-loops=2 -malign-jumps=2 -malign-functions=2 -I/usr/local/include  conftest.c >&5
configure:2382: $? = 0
configure:2401: result: o
configure:2405: checking whether we are using the GNU C compiler
configure:2432: gcc -c -O3 -march=i686 -fmessage-length=0 -funroll-all-loops -fomit-frame-pointer -malign-loops=2 -malign-jumps=2 -malign-functions=2 -I/usr/local/include  conftest.c >&5
configure:2435: $? = 0
configure:2438: test -s conftest.o
configure:2441: $? = 0
configure:2453: result: yes
configure:2459: checking whether gcc accepts -g
configure:2483: gcc -c -g  conftest.c >&5
configure:2486: $? = 0
configure:2489: test -s conftest.o
configure:2492: $? = 0
configure:2502: result: yes
configure:2529: gcc -c -O3 -march=i686 -fmessage-length=0 -funroll-all-loops -fomit-frame-pointer -malign-loops=2 -malign-jumps=2 -malign-functions=2 -I/usr/local/include  conftest.c >&5
conftest.c:2: parse error before "me"
configure:2532: $? = 1
configure: failed program was:
#ifndef __cplusplus
  choke me
#endif
configure:2661: checking for style of include used by make
configure:2689: result: GNU
configure:2717: checking dependency style of gcc
configure:2779: result: gcc3
configure:2836: checking for a BSD-compatible install
configure:2890: result: /usr/bin/install -c
configure:2989: checking for ld used by GCC
configure:3052: result: /usr/bin/ld
configure:3061: checking if the linker (/usr/bin/ld) is GNU ld
GNU ld version 2.11.90.0.8 (with BFD 2.11.90.0.8)
configure:3073: result: yes
configure:3078: checking for /usr/bin/ld option to reload object files
configure:3085: result: -r
configure:3090: checking for BSD-compatible nm
configure:3126: result: /usr/bin/nm -B
configure:3129: checking whether ln -s works
configure:3133: result: yes
configure:3140: checking how to recognise dependant libraries
configure:3318: result: pass_all
configure:3331: checking command to parse /usr/bin/nm -B output
configure:3412: gcc -c -O3 -march=i686 -fmessage-length=0 -funroll-all-loops -fomit-frame-pointer -malign-loops=2 -malign-jumps=2 -malign-functions=2 -I/usr/local/include -Wall  conftest.c >&5
configure:3415: $? = 0
configure:3419: /usr/bin/nm -B conftest.o \| sed -n -e 's/^.*[ 	]\([ABCDGISTW][ABCDGISTW]*\)[ 	][ 	]*\(\)\([_A-Za-z][_A-Za-z0-9]*\)$/\1 \2\3 \3/p' \> conftest.nm
configure:3422: $? = 0
configure:3474: gcc -o conftest -O3 -march=i686 -fmessage-length=0 -funroll-all-loops -fomit-frame-pointer -malign-loops=2 -malign-jumps=2 -malign-functions=2 -I/usr/local/include -Wall   conftest.c conftstm.o >&5
conftest.c:6: warning: `main' is usually a function
configure:3477: $? = 0
configure:3521: result: ok
configure:3530: checking how to run the C preprocessor
configure:3556: gcc -E  conftest.c
configure:3562: $? = 0
configure:3589: gcc -E  conftest.c
configure:3585:28: ac_nonexistent.h: No such file or directory
configure:3595: $? = 1
configure: failed program was:
#line 3584 "configure"
#include "confdefs.h"
#include <ac_nonexistent.h>
configure:3632: result: gcc -E
configure:3647: gcc -E  conftest.c
configure:3653: $? = 0
configure:3680: gcc -E  conftest.c
configure:3676:28: ac_nonexistent.h: No such file or directory
configure:3686: $? = 1
configure: failed program was:
#line 3675 "configure"
#include "confdefs.h"
#include <ac_nonexistent.h>
configure:3726: checking for ANSI C header files
configure:3740: gcc -E  conftest.c
configure:3746: $? = 0
configure:3831: gcc -o conftest -O3 -march=i686 -fmessage-length=0 -funroll-all-loops -fomit-frame-pointer -malign-loops=2 -malign-jumps=2 -malign-functions=2 -I/usr/local/include -Wall   conftest.c  >&5
configure: In function `main':
configure:3824: warning: implicit declaration of function `exit'
configure:3834: $? = 0
configure:3836: ./conftest
configure:3839: $? = 0
configure:3853: result: yes
configure:3877: checking for sys/types.h
configure:3890: gcc -c -O3 -march=i686 -fmessage-length=0 -funroll-all-loops -fomit-frame-pointer -malign-loops=2 -malign-jumps=2 -malign-functions=2 -I/usr/local/include -Wall  conftest.c >&5
configure:3893: $? = 0
configure:3896: test -s conftest.o
configure:3899: $? = 0
configure:3909: result: yes
configure:3877: checking for sys/stat.h
configure:3890: gcc -c -O3 -march=i686 -fmessage-length=0 -funroll-all-loops -fomit-frame-pointer -malign-loops=2 -malign-jumps=2 -malign-functions=2 -I/usr/local/include -Wall  conftest.c >&5
configure:3893: $? = 0
configure:3896: test -s conftest.o
configure:3899: $? = 0
configure:3909: result: yes
configure:3877: checking for stdlib.h
configure:3890: gcc -c -O3 -march=i686 -fmessage-length=0 -funroll-all-loops -fomit-frame-pointer -malign-loops=2 -malign-jumps=2 -malign-functions=2 -I/usr/local/include -Wall  conftest.c >&5
configure:3893: $? = 0
configure:3896: test -s conftest.o
configure:3899: $? = 0
configure:3909: result: yes
configure:3877: checking for string.h
configure:3890: gcc -c -O3 -march=i686 -fmessage-length=0 -funroll-all-loops -fomit-frame-pointer -malign-loops=2 -malign-jumps=2 -malign-functions=2 -I/usr/local/include -Wall  conftest.c >&5
configure:3893: $? = 0
configure:3896: test -s conftest.o
configure:3899: $? = 0
configure:3909: result: yes
configure:3877: checking for memory.h
configure:3890: gcc -c -O3 -march=i686 -fmessage-length=0 -funroll-all-loops -fomit-frame-pointer -malign-loops=2 -malign-jumps=2 -malign-functions=2 -I/usr/local/include -Wall  conftest.c >&5
configure:3893: $? = 0
configure:3896: test -s conftest.o
configure:3899: $? = 0
configure:3909: result: yes
configure:3877: checking for strings.h
configure:3890: gcc -c -O3 -march=i686 -fmessage-length=0 -funroll-all-loops -fomit-frame-pointer -malign-loops=2 -malign-jumps=2 -malign-functions=2 -I/usr/local/include -Wall  conftest.c >&5
configure:3893: $? = 0
configure:3896: test -s conftest.o
configure:3899: $? = 0
configure:3909: result: yes
configure:3877: checking for inttypes.h
configure:3890: gcc -c -O3 -march=i686 -fmessage-length=0 -funroll-all-loops -fomit-frame-pointer -malign-loops=2 -malign-jumps=2 -malign-functions=2 -I/usr/local/include -Wall  conftest.c >&5
configure:3893: $? = 0
configure:3896: test -s conftest.o
configure:3899: $? = 0
configure:3909: result: yes
configure:3877: checking for stdint.h
configure:3890: gcc -c -O3 -march=i686 -fmessage-length=0 -funroll-all-loops -fomit-frame-pointer -malign-loops=2 -malign-jumps=2 -malign-functions=2 -I/usr/local/include -Wall  conftest.c >&5
configure:3893: $? = 0
configure:3896: test -s conftest.o
configure:3899: $? = 0
configure:3909: result: yes
configure:3877: checking for unistd.h
configure:3890: gcc -c -O3 -march=i686 -fmessage-length=0 -funroll-all-loops -fomit-frame-pointer -malign-loops=2 -malign-jumps=2 -malign-functions=2 -I/usr/local/include -Wall  conftest.c >&5
configure:3893: $? = 0
configure:3896: test -s conftest.o
configure:3899: $? = 0
configure:3909: result: yes
configure:3935: checking dlfcn.h usability
configure:3944: gcc -c -O3 -march=i686 -fmessage-length=0 -funroll-all-loops -fomit-frame-pointer -malign-loops=2 -malign-jumps=2 -malign-functions=2 -I/usr/local/include -Wall  conftest.c >&5
configure:3947: $? = 0
configure:3950: test -s conftest.o
configure:3953: $? = 0
configure:3962: result: yes
configure:3966: checking dlfcn.h presence
configure:3973: gcc -E  conftest.c
configure:3979: $? = 0
configure:3997: result: yes
configure:4015: checking for dlfcn.h
configure:4022: result: yes
configure:4219: checking for ranlib
configure:4235: found /usr/bin/ranlib
configure:4246: result: ranlib
configure:4299: checking for strip
configure:4315: found /usr/bin/strip
configure:4326: result: strip
configure:4537: checking for objdir
configure:4548: result: .libs
configure:4565: checking for gcc option to produce PIC
configure:4715: result: -fPIC
configure:4719: checking if gcc PIC flag -fPIC works
configure:4745: gcc -c -O3 -march=i686 -fmessage-length=0 -funroll-all-loops -fomit-frame-pointer -malign-loops=2 -malign-jumps=2 -malign-functions=2 -I/usr/local/include -Wall -fPIC -DPIC  conftest.c >&5
configure:4748: $? = 0
configure:4751: test -s conftest.o
configure:4754: $? = 0
configure:4791: result: yes
configure:4807: checking if gcc static flag -static works
configure:4834: gcc -o conftest -O3 -march=i686 -fmessage-length=0 -funroll-all-loops -fomit-frame-pointer -malign-loops=2 -malign-jumps=2 -malign-functions=2 -I/usr/local/include -Wall   -static conftest.c  >&5
configure:4837: $? = 0
configure:4840: test -s conftest
configure:4843: $? = 0
configure:4858: result: yes
configure:4870: checking if gcc supports -c -o file.o
configure:4892: gcc -c -O3 -march=i686 -fmessage-length=0 -funroll-all-loops -fomit-frame-pointer -malign-loops=2 -malign-jumps=2 -malign-functions=2 -I/usr/local/include -Wall -o out/conftest2.o  conftest.c >&5
configure:4914: result: yes
configure:4919: checking if gcc supports -c -o file.lo
configure:4949: gcc -c -O3 -march=i686 -fmessage-length=0 -funroll-all-loops -fomit-frame-pointer -malign-loops=2 -malign-jumps=2 -malign-functions=2 -I/usr/local/include -Wall -c -o conftest.lo  conftest.c >&5
configure: In function `main':
configure:4941: warning: unused variable `some_variable'
configure:4952: $? = 0
configure:4955: test -s conftest.lo
configure:4958: $? = 0
configure:4979: result: yes
configure:5010: checking if gcc supports -fno-rtti -fno-exceptions
configure:5035: gcc -c -O3 -march=i686 -fmessage-length=0 -funroll-all-loops -fomit-frame-pointer -malign-loops=2 -malign-jumps=2 -malign-functions=2 -I/usr/local/include -Wall -fno-rtti -fno-exceptions -c conftest.c  conftest.c >&5
configure: In function `main':
configure:5027: warning: unused variable `some_variable'
configure: In function `main':
configure:5027: warning: unused variable `some_variable'
configure:5038: $? = 0
configure:5041: test -s conftest.o
configure:5044: $? = 0
configure:5060: result: yes
configure:5071: checking whether the linker (/usr/bin/ld) supports shared libraries
configure:5751: result: yes
configure:5756: checking how to hardcode library paths into programs
configure:5780: result: immediate
configure:5785: checking whether stripping libraries is possible
configure:5790: result: yes
configure:5801: checking dynamic linker characteristics
configure:6194: result: GNU/Linux ld.so
configure:6199: checking if libtool supports shared libraries
configure:6201: result: yes
configure:6204: checking whether to build shared libraries
configure:6225: result: yes
configure:6228: checking whether to build static libraries
configure:6232: result: yes
configure:6894: checking whether -lc should be explicitly linked in
configure:6902: gcc -c -O3 -march=i686 -fmessage-length=0 -funroll-all-loops -fomit-frame-pointer -malign-loops=2 -malign-jumps=2 -malign-functions=2 -I/usr/local/include -Wall  conftest.c >&5
conftest.c:1: warning: `dummy' defined but not used
configure:6905: $? = 0
configure:6919: gcc -shared conftest.o  -v -Wl,-soname -Wl,conftest -o conftest 2\>\&1 \| grep  -lc  \>/dev/null 2\>\&1
configure:6922: $? = 0
configure:6935: result: no
configure:7594: checking whether to enable debugging
configure:7627: result: default=yes
configure:7659: checking for pkg-config
configure:7677: found /usr/local/bin/pkg-config
configure:7690: result: /usr/local/bin/pkg-config
configure:7707: checking for glib >= 1.2.4 gtk+ >= 1.2.4
configure:7711: result: yes
configure:7715: checking GTK_CFLAGS
configure:7718: result:   -I/usr/include/glib-1.2 -I/usr/lib/glib/include -I/usr/include/gtk-1.2 -I/usr/X11R6/include  
configure:7721: checking GTK_LIBS
configure:7724: result:   -rdynamic  -L/usr/lib -L/usr/X11R6/lib -lgtk -lgdk -lgmodule -lglib -ldl -lXi -lXext -lX11 -lm  
configure:8096: checking for gtk-config
configure:8114: found /usr/bin/gtk-config
configure:8127: result: /usr/bin/gtk-config
configure:8135: checking for GTK - version >= 1.2.4
configure:8238: gcc -o conftest -O3 -march=i686 -fmessage-length=0 -funroll-all-loops -fomit-frame-pointer -malign-loops=2 -malign-jumps=2 -malign-functions=2 -I/usr/local/include -Wall -g -I/usr/include/gtk-1.2 -I/usr/include/glib-1.2 -I/usr/lib/glib/include -I/usr/X11R6/include   conftest.c -L/usr/lib -L/usr/X11R6/lib -lgtk -lgdk -rdynamic -lgmodule -lglib -ldl -lXi -lXext -lX11 -lm  >&5
In file included from /usr/include/bits/posix1_lim.h:126,
                 from /usr/include/limits.h:144,
                 from /usr/lib/gcc-lib/i386-redhat-linux/3.0.2/include/limits.h:125,
                 from /usr/lib/gcc-lib/i386-redhat-linux/3.0.2/include/syslimits.h:7,
                 from /usr/lib/gcc-lib/i386-redhat-linux/3.0.2/include/limits.h:11,
                 from /usr/lib/glib/include/glibconfig.h:9,
                 from /usr/include/glib-1.2/glib.h:66,
                 from /usr/include/gtk-1.2/gdk/gdktypes.h:33,
                 from /usr/include/gtk-1.2/gdk/gdk.h:31,
                 from /usr/include/gtk-1.2/gtk/gtk.h:31,
                 from configure:8160:
/usr/include/bits/local_lim.h:36:26: linux/limits.h: No such file or directory
configure:8241: $? = 1
configure: program exited with status 1
configure: failed program was:
#line 8158 "configure"
#include "confdefs.h"

#include <gtk/gtk.h>
#include <stdio.h>
#include <stdlib.h>

int
main ()
{
  int major, minor, micro;
  char *tmp_version;

  system ("touch conf.gtktest");

  /* HP/UX 9 (%@#!) writes to sscanf strings */
  tmp_version = g_strdup("1.2.4");
  if (sscanf(tmp_version, "%d.%d.%d", &major, &minor, &micro) != 3) {
     printf("%s, bad version string\n", "1.2.4");
     exit(1);
   }

  if ((gtk_major_version != 1) ||
      (gtk_minor_version != 2) ||
      (gtk_micro_version != 10))
    {
      printf("\n*** 'gtk-config --version' returned %d.%d.%d, but GTK+ (%d.%d.%d)\n",
             1, 2, 10,
             gtk_major_version, gtk_minor_version, gtk_micro_version);
      printf ("*** was found! If gtk-config was correct, then it is best\n");
      printf ("*** to remove the old version of GTK+. You may also be able to fix the error\n");
      printf("*** by modifying your LD_LIBRARY_PATH enviroment variable, or by editing\n");
      printf("*** /etc/ld.so.conf. Make sure you have run ldconfig if that is\n");
      printf("*** required on your system.\n");
      printf("*** If gtk-config was wrong, set the environment variable GTK_CONFIG\n");
      printf("*** to point to the correct copy of gtk-config, and remove the file config.cache\n");
      printf("*** before re-running configure\n");
    }
#if defined (GTK_MAJOR_VERSION) && defined (GTK_MINOR_VERSION) && defined (GTK_MICRO_VERSION)
  else if ((gtk_major_version != GTK_MAJOR_VERSION) ||
	   (gtk_minor_version != GTK_MINOR_VERSION) ||
           (gtk_micro_version != GTK_MICRO_VERSION))
    {
      printf("*** GTK+ header files (version %d.%d.%d) do not match\n",
	     GTK_MAJOR_VERSION, GTK_MINOR_VERSION, GTK_MICRO_VERSION);
      printf("*** library (version %d.%d.%d)\n",
	     gtk_major_version, gtk_minor_version, gtk_micro_version);
    }
#endif /* defined (GTK_MAJOR_VERSION) ... */
  else
    {
      if ((gtk_major_version > major) ||
        ((gtk_major_version == major) && (gtk_minor_version > minor)) ||
        ((gtk_major_version == major) && (gtk_minor_version == minor) && (gtk_micro_version >= micro)))
      {
        return 0;
       }
     else
      {
        printf("\n*** An old version of GTK+ (%d.%d.%d) was found.\n",
               gtk_major_version, gtk_minor_version, gtk_micro_version);
        printf("*** You need a version of GTK+ newer than %d.%d.%d. The latest version of\n",
	       major, minor, micro);
        printf("*** GTK+ is always available from ftp://ftp.gtk.org.\n");
        printf("***\n");
        printf("*** If you have already installed a sufficiently new version, this error\n");
        printf("*** probably means that the wrong copy of the gtk-config shell script is\n");
        printf("*** being found. The easiest way to fix this is to remove the old version\n");
        printf("*** of GTK+, but you can also set the GTK_CONFIG environment to point to the\n");
        printf("*** correct copy of gtk-config. (In this case, you will have to\n");
        printf("*** modify your LD_LIBRARY_PATH enviroment variable, or edit /etc/ld.so.conf\n");
        printf("*** so that the correct libraries are found at run-time))\n");
      }
    }
  return 1;
}

configure:8272: result: no
configure:8308: gcc -o conftest -O3 -march=i686 -fmessage-length=0 -funroll-all-loops -fomit-frame-pointer -malign-loops=2 -malign-jumps=2 -malign-functions=2 -I/usr/local/include -Wall -g -I/usr/include/gtk-1.2 -I/usr/include/glib-1.2 -I/usr/lib/glib/include -I/usr/X11R6/include   conftest.c  -L/usr/lib -L/usr/X11R6/lib -lgtk -lgdk -rdynamic -lgmodule -lglib -ldl -lXi -lXext -lX11 -lm >&5
In file included from /usr/include/bits/posix1_lim.h:126,
                 from /usr/include/limits.h:144,
                 from /usr/lib/gcc-lib/i386-redhat-linux/3.0.2/include/limits.h:125,
                 from /usr/lib/gcc-lib/i386-redhat-linux/3.0.2/include/syslimits.h:7,
                 from /usr/lib/gcc-lib/i386-redhat-linux/3.0.2/include/limits.h:11,
                 from /usr/lib/glib/include/glibconfig.h:9,
                 from /usr/include/glib-1.2/glib.h:66,
                 from /usr/include/gtk-1.2/gdk/gdktypes.h:33,
                 from /usr/include/gtk-1.2/gdk/gdk.h:31,
                 from /usr/include/gtk-1.2/gtk/gtk.h:31,
                 from configure:8288:
/usr/include/bits/local_lim.h:36:26: linux/limits.h: No such file or directory
configure:8311: $? = 1
configure: failed program was:
#line 8286 "configure"
#include "confdefs.h"

#include <gtk/gtk.h>
#include <stdio.h>

#ifdef F77_DUMMY_MAIN
#  ifdef __cplusplus
     extern "C"
#  endif
   int F77_DUMMY_MAIN() { return 1; }
#endif
int
main ()
{
 return ((gtk_major_version) || (gtk_minor_version) || (gtk_micro_version));
  ;
  return 0;
}
configure:8357: checking for XvQueryAdaptors in -lXv
configure:8390: gcc -o conftest -O3 -march=i686 -fmessage-length=0 -funroll-all-loops -fomit-frame-pointer -malign-loops=2 -malign-jumps=2 -malign-functions=2 -I/usr/local/include -Wall -g   conftest.c -lXv   >&5
/usr/bin/ld: cannot find -lXv
collect2: ld returned 1 exit status
configure:8393: $? = 1
configure: failed program was:
#line 8364 "configure"
#include "confdefs.h"

/* Override any gcc2 internal prototype to avoid an error.  */
#ifdef __cplusplus
extern "C"
#endif
/* We use char because int might match the return type of a gcc2
   builtin and then its argument prototype would still apply.  */
char XvQueryAdaptors ();
#ifdef F77_DUMMY_MAIN
#  ifdef __cplusplus
     extern "C"
#  endif
   int F77_DUMMY_MAIN() { return 1; }
#endif
int
main ()
{
XvQueryAdaptors ();
  ;
  return 0;
}
configure:8410: result: no
configure:8420: error: Could not find Xv Lib

## ---------------- ##
## Cache variables. ##
## ---------------- ##

ac_cv_build=i686-pc-linux-gnu
ac_cv_build_alias=i686-pc-linux-gnu
ac_cv_c_compiler_gnu=yes
ac_cv_env_CC_set=
ac_cv_env_CC_value=
ac_cv_env_CFLAGS_set=set
ac_cv_env_CFLAGS_value=$'-O3 -march=i686 -fmessage-length=0 -funroll-all-loops -fomit-frame-pointer -malign-loops=2 -malign-jumps=2 -malign-functions=2 -I/usr/local/include'
ac_cv_env_CPPFLAGS_set=
ac_cv_env_CPPFLAGS_value=
ac_cv_env_CPP_set=
ac_cv_env_CPP_value=
ac_cv_env_LDFLAGS_set=
ac_cv_env_LDFLAGS_value=
ac_cv_env_build_alias_set=
ac_cv_env_build_alias_value=
ac_cv_env_host_alias_set=
ac_cv_env_host_alias_value=
ac_cv_env_target_alias_set=
ac_cv_env_target_alias_value=
ac_cv_exeext=
ac_cv_header_dlfcn_h=yes
ac_cv_header_inttypes_h=yes
ac_cv_header_memory_h=yes
ac_cv_header_stdc=yes
ac_cv_header_stdint_h=yes
ac_cv_header_stdlib_h=yes
ac_cv_header_string_h=yes
ac_cv_header_strings_h=yes
ac_cv_header_sys_stat_h=yes
ac_cv_header_sys_types_h=yes
ac_cv_header_unistd_h=yes
ac_cv_host=i686-pc-linux-gnu
ac_cv_host_alias=i686-pc-linux-gnu
ac_cv_lib_Xv_XvQueryAdaptors=no
ac_cv_objext=o
ac_cv_path_GTK_CONFIG=/usr/bin/gtk-config
ac_cv_path_PKG_CONFIG=/usr/local/bin/pkg-config
ac_cv_path_install=$'/usr/bin/install -c'
ac_cv_prog_AWK=gawk
ac_cv_prog_CPP=$'gcc -E'
ac_cv_prog_ac_ct_CC=gcc
ac_cv_prog_ac_ct_RANLIB=ranlib
ac_cv_prog_ac_ct_STRIP=strip
ac_cv_prog_cc_g=yes
ac_cv_prog_make_make_set=yes
ac_cv_target=i686-pc-linux-gnu
ac_cv_target_alias=i686-pc-linux-gnu
am_cv_CC_dependencies_compiler_type=gcc3
lt_cv_archive_cmds_need_lc=no
lt_cv_compiler_c_o=yes
lt_cv_compiler_o_lo=yes
lt_cv_deplibs_check_method=pass_all
lt_cv_file_magic_cmd=$'$MAGIC_CMD'
lt_cv_file_magic_test_file=$'/lib/libc.so.6 /lib/libc-2.2.4.so'
lt_cv_global_symbol_to_c_name_address=$'sed -n -e \'s/^: \\([^ ]*\\) $/  {\\"\\1\\", (lt_ptr) 0},/p\' -e \'s/^[BCDEGRST] \\([^ ]*\\) \\([^ ]*\\)$/  {"\\2", (lt_ptr) \\&\\2},/p\''
lt_cv_global_symbol_to_cdecl=$'sed -n -e \'s/^. .* \\(.*\\)$/extern char \\1;/p\''
lt_cv_ld_reload_flag=-r
lt_cv_path_LD=/usr/bin/ld
lt_cv_path_NM=$'/usr/bin/nm -B'
lt_cv_prog_cc_can_build_shared=yes
lt_cv_prog_cc_no_builtin=
lt_cv_prog_cc_pic=$' -fPIC'
lt_cv_prog_cc_pic_works=yes
lt_cv_prog_cc_shlib=
lt_cv_prog_cc_static=-static
lt_cv_prog_cc_static_works=yes
lt_cv_prog_cc_wl=-Wl,
lt_cv_prog_gnu_ld=yes
lt_cv_sys_global_symbol_pipe=$'sed -n -e \'s/^.*[ \t]\\([ABCDGISTW][ABCDGISTW]*\\)[ \t][ \t]*\\(\\)\\([_A-Za-z][_A-Za-z0-9]*\\)$/\\1 \\2\\3 \\3/p\''
lt_cv_sys_path_separator=:

## ----------- ##
## confdefs.h. ##
## ----------- ##

#define PACKAGE_NAME ""
#define PACKAGE_TARNAME ""
#define PACKAGE_VERSION ""
#define PACKAGE_STRING ""
#define PACKAGE_BUGREPORT ""
#define PACKAGE "libdv"
#define VERSION "0.99"
#define _GNU_SOURCE 1
#define STDC_HEADERS 1
#define HAVE_SYS_TYPES_H 1
#define HAVE_SYS_STAT_H 1
#define HAVE_STDLIB_H 1
#define HAVE_STRING_H 1
#define HAVE_MEMORY_H 1
#define HAVE_STRINGS_H 1
#define HAVE_INTTYPES_H 1
#define HAVE_STDINT_H 1
#define HAVE_UNISTD_H 1
#define HAVE_DLFCN_H 1
#define ARCH_X86 1
#define DEBUG 1

configure: exit 1
