This file contains any messages produced by compilers while
running configure, to aid debugging if configure makes a mistake.

It was created by configure, which was
generated by GNU Autoconf 2.52.  Invocation command line was

  $ ./configure 

## ---------- ##
## Platform.  ##
## ---------- ##

hostname = myrina
uname -m = i686
uname -r = 2.4.17
uname -s = Linux
uname -v = #6 SMP Fri Feb 22 08:09:10 PST 2002

/usr/bin/uname -p = unknown
/bin/uname -X     = unknown

/bin/arch              = i686
/usr/bin/arch -k       = unknown
/usr/convex/getsysinfo = unknown
hostinfo               = unknown
/bin/machine           = unknown
/usr/bin/oslevel       = unknown
/bin/universe          = unknown

PATH = /usr/local/sbin:/usr/sbin:/sbin:.:/usr/local/bin:/usr/local/samba/bin:/usr/local/java/bin:/usr/local/java/jre/bin:.:/usr/local/bin:/usr/local/samba/bin:/usr/local/java/bin:/usr/local/java/jre/bin:/usr/local/sbin:/usr/sbin:/sbin:.:/usr/local/bin:/usr/local/samba/bin:/usr/local/java/bin:/usr/local/java/jre/bin:/usr/local/sbin:/usr/local/bin:/sbin:/bin:/usr/sbin:/usr/bin:/usr/X11R6/bin:/root/bin:/root/bin

## ------------ ##
## Core tests.  ##
## ------------ ##

configure:1136: PATH=".;."; conftest.sh
./configure: conftest.sh: command not found
configure:1139: $? = 127
configure:1187: checking for a BSD compatible install
configure:1236: result: /usr/bin/install -c
configure:1247: checking whether build environment is sane
configure:1290: result: yes
configure:1305: checking whether make -j 4 sets ${MAKE}
configure:1325: result: yes
configure:1353: checking for working aclocal
configure:1360: result: found
configure:1368: checking for working autoconf
configure:1375: result: found
configure:1383: checking for working automake
configure:1390: result: found
configure:1398: checking for working autoheader
configure:1405: result: found
configure:1413: checking for working makeinfo
configure:1420: result: found
configure:1432: checking whether to enable maintainer-specific portions of Makefiles
configure:1441: result: no
configure:1459: checking build system type
configure:1477: result: i686-pc-linux-gnu
configure:1484: checking host system type
configure:1498: result: i686-pc-linux-gnu
configure:1550: checking for gcc
configure:1565: found /usr/bin/gcc
configure:1573: result: gcc
configure:1801: checking for C compiler version
configure:1804: gcc --version </dev/null >&5
3.0.2
configure:1807: $? = 0
configure:1809: gcc -v </dev/null >&5
Reading specs from /usr/lib/gcc-lib/i386-redhat-linux/3.0.2/specs
Configured with: ../configure --prefix=/usr --mandir=/usr/share/man --infodir=/usr/share/info --enable-shared --enable-threads=posix --disable-checking --host=i386-redhat-linux
Thread model: posix
gcc version 3.0.2 20010905 (Red Hat Linux 7.1 3.0.1-3)
configure:1812: $? = 0
configure:1814: gcc -V </dev/null >&5
gcc: argument to `-V' is missing
configure:1817: $? = 1
configure:1837: checking for C compiler default output
configure:1840: gcc -O3 -march=i686 -fmessage-length=0 -funroll-all-loops -fomit-frame-pointer -malign-loops=2 -malign-jumps=2 -malign-functions=2 -I/usr/local/include   conftest.c  >&5
configure:1843: $? = 0
configure:1872: result: a.out
configure:1877: checking whether the C compiler works
configure:1883: ./a.out
configure:1886: $? = 0
configure:1901: result: yes
configure:1908: checking whether we are cross compiling
configure:1910: result: no
configure:1913: checking for executable suffix
configure:1915: gcc -o conftest -O3 -march=i686 -fmessage-length=0 -funroll-all-loops -fomit-frame-pointer -malign-loops=2 -malign-jumps=2 -malign-functions=2 -I/usr/local/include   conftest.c  >&5
configure:1918: $? = 0
configure:1940: result: 
configure:1946: checking for object suffix
configure:1964: gcc -c -O3 -march=i686 -fmessage-length=0 -funroll-all-loops -fomit-frame-pointer -malign-loops=2 -malign-jumps=2 -malign-functions=2 -I/usr/local/include  conftest.c >&5
configure:1967: $? = 0
configure:1986: result: o
configure:1990: checking whether we are using the GNU C compiler
configure:2011: gcc -c -O3 -march=i686 -fmessage-length=0 -funroll-all-loops -fomit-frame-pointer -malign-loops=2 -malign-jumps=2 -malign-functions=2 -I/usr/local/include  conftest.c >&5
configure:2014: $? = 0
configure:2017: test -s conftest.o
configure:2020: $? = 0
configure:2032: result: yes
configure:2038: checking whether gcc accepts -g
configure:2056: gcc -c -g  conftest.c >&5
configure:2059: $? = 0
configure:2062: test -s conftest.o
configure:2065: $? = 0
configure:2075: result: yes
configure:2102: gcc -c -O3 -march=i686 -fmessage-length=0 -funroll-all-loops -fomit-frame-pointer -malign-loops=2 -malign-jumps=2 -malign-functions=2 -I/usr/local/include  conftest.c >&5
conftest.c:2: parse error before "me"
configure:2105: $? = 1
configure: failed program was:
#ifndef __cplusplus
  choke me
#endif
configure:2208: checking how to run the C preprocessor
configure:2234: gcc -E  conftest.c
configure:2240: $? = 0
configure:2267: gcc -E  conftest.c
configure:2264:28: ac_nonexistent.h: No such file or directory
configure:2273: $? = 1
configure: failed program was:
#line 2263 "configure"
#include "confdefs.h"
#include <ac_nonexistent.h>
configure:2310: result: gcc -E
configure:2325: gcc -E  conftest.c
configure:2331: $? = 0
configure:2358: gcc -E  conftest.c
configure:2355:28: ac_nonexistent.h: No such file or directory
configure:2364: $? = 1
configure: failed program was:
#line 2354 "configure"
#include "confdefs.h"
#include <ac_nonexistent.h>
configure:2404: checking whether gcc needs -traditional
configure:2439: result: no
configure:2453: checking if gcc supports  -march=i686 -fmessage-length=0 -funroll-all-loops -fomit-frame-pointer -malign-loops=2 -malign-jumps=2 -malign-functions=2 -I/usr/local/include -O3 flags
configure:2470: gcc -c  -march=i686 -fmessage-length=0 -funroll-all-loops -fomit-frame-pointer -malign-loops=2 -malign-jumps=2 -malign-functions=2 -I/usr/local/include -O3  conftest.c >&5
configure:2473: $? = 0
configure:2476: test -s conftest.o
configure:2479: $? = 0
configure:2489: result: yes
configure:2498: checking if gcc supports  -march=i686 -fmessage-length=0 -funroll-all-loops -fomit-frame-pointer -malign-loops=2 -malign-jumps=2 -malign-functions=2 -I/usr/local/include -O3 -fomit-frame-pointer flags
configure:2515: gcc -c  -march=i686 -fmessage-length=0 -funroll-all-loops -fomit-frame-pointer -malign-loops=2 -malign-jumps=2 -malign-functions=2 -I/usr/local/include -O3 -fomit-frame-pointer  conftest.c >&5
configure:2518: $? = 0
configure:2521: test -s conftest.o
configure:2524: $? = 0
configure:2534: result: yes
configure:2556: checking if gcc supports  -march=i686 -fmessage-length=0 -funroll-all-loops -fomit-frame-pointer -malign-loops=2 -malign-jumps=2 -malign-functions=2 -I/usr/local/include -O3 -fomit-frame-pointer -mcpu=pentiumpro flags
configure:2573: gcc -c  -march=i686 -fmessage-length=0 -funroll-all-loops -fomit-frame-pointer -malign-loops=2 -malign-jumps=2 -malign-functions=2 -I/usr/local/include -O3 -fomit-frame-pointer -mcpu=pentiumpro  conftest.c >&5
configure:2576: $? = 0
configure:2579: test -s conftest.o
configure:2582: $? = 0
configure:2592: result: yes
configure:2929: checking for ld used by GCC
configure:2992: result: /usr/bin/ld
configure:3001: checking if the linker (/usr/bin/ld) is GNU ld
GNU ld version 2.11.90.0.8 (with BFD 2.11.90.0.8)
configure:3013: result: yes
configure:3017: checking for /usr/bin/ld option to reload object files
configure:3024: result: -r
configure:3029: checking for BSD-compatible nm
configure:3065: result: /usr/bin/nm -B
configure:3068: checking whether ln -s works
configure:3072: result: yes
configure:3079: checking how to recognise dependant libraries
configure:3251: result: pass_all
configure:3257: checking command to parse /usr/bin/nm -B output
configure:3338: gcc -c  -march=i686 -fmessage-length=0 -funroll-all-loops -fomit-frame-pointer -malign-loops=2 -malign-jumps=2 -malign-functions=2 -I/usr/local/include -O3 -fomit-frame-pointer -mcpu=pentiumpro  conftest.c >&5
configure:3341: $? = 0
configure:3345: /usr/bin/nm -B conftest.o \| sed -n -e 's/^.*[ 	]\([ABCDGISTW][ABCDGISTW]*\)[ 	][ 	]*\(\)\([_A-Za-z][_A-Za-z0-9]*\)$/\1 \2\3 \3/p' \> conftest.nm
configure:3348: $? = 0
configure:3400: gcc -o conftest  -march=i686 -fmessage-length=0 -funroll-all-loops -fomit-frame-pointer -malign-loops=2 -malign-jumps=2 -malign-functions=2 -I/usr/local/include -O3 -fomit-frame-pointer -mcpu=pentiumpro   conftest.c conftstm.o >&5
configure:3403: $? = 0
configure:3447: result: ok
configure:3454: checking for dlfcn.h
configure:3464: gcc -E  conftest.c
configure:3470: $? = 0
configure:3489: result: yes
configure:3676: checking for ranlib
configure:3691: found /usr/bin/ranlib
configure:3700: result: ranlib
configure:3750: checking for strip
configure:3765: found /usr/bin/strip
configure:3774: result: strip
configure:4295: checking for objdir
configure:4306: result: .libs
configure:4321: checking for gcc option to produce PIC
configure:4471: result: -fPIC
configure:4475: checking if gcc PIC flag -fPIC works
configure:4495: gcc -c  -march=i686 -fmessage-length=0 -funroll-all-loops -fomit-frame-pointer -malign-loops=2 -malign-jumps=2 -malign-functions=2 -I/usr/local/include -O3 -fomit-frame-pointer -mcpu=pentiumpro -fPIC -DPIC  conftest.c >&5
configure:4498: $? = 0
configure:4501: test -s conftest.o
configure:4504: $? = 0
configure:4540: result: yes
configure:4556: checking if gcc static flag -static works
configure:4577: gcc -o conftest  -march=i686 -fmessage-length=0 -funroll-all-loops -fomit-frame-pointer -malign-loops=2 -malign-jumps=2 -malign-functions=2 -I/usr/local/include -O3 -fomit-frame-pointer -mcpu=pentiumpro   -static conftest.c  >&5
configure:4580: $? = 0
configure:4583: test -s conftest
configure:4586: $? = 0
configure:4600: result: yes
configure:4611: checking if gcc supports -c -o file.o
configure:4631: gcc -c  -march=i686 -fmessage-length=0 -funroll-all-loops -fomit-frame-pointer -malign-loops=2 -malign-jumps=2 -malign-functions=2 -I/usr/local/include -O3 -fomit-frame-pointer -mcpu=pentiumpro -o out/conftest2.o  conftest.c >&5
configure:4655: result: yes
configure:4660: checking if gcc supports -c -o file.lo
configure:4684: gcc -c  -march=i686 -fmessage-length=0 -funroll-all-loops -fomit-frame-pointer -malign-loops=2 -malign-jumps=2 -malign-functions=2 -I/usr/local/include -O3 -fomit-frame-pointer -mcpu=pentiumpro -c -o conftest.lo  conftest.c >&5
configure:4687: $? = 0
configure:4690: test -s conftest.lo
configure:4693: $? = 0
configure:4714: result: yes
configure:4745: checking if gcc supports -fno-rtti -fno-exceptions
configure:4764: gcc -c  -march=i686 -fmessage-length=0 -funroll-all-loops -fomit-frame-pointer -malign-loops=2 -malign-jumps=2 -malign-functions=2 -I/usr/local/include -O3 -fomit-frame-pointer -mcpu=pentiumpro -fno-rtti -fno-exceptions -c conftest.c  conftest.c >&5
configure:4767: $? = 0
configure:4770: test -s conftest.o
configure:4773: $? = 0
configure:4789: result: yes
configure:4800: checking whether the linker (/usr/bin/ld) supports shared libraries
configure:5481: result: yes
configure:5486: checking how to hardcode library paths into programs
configure:5510: result: immediate
configure:5515: checking whether stripping libraries is possible
configure:5520: result: yes
configure:5531: checking dynamic linker characteristics
configure:5928: result: GNU/Linux ld.so
configure:5933: checking if libtool supports shared libraries
configure:5935: result: yes
configure:5938: checking whether to build shared libraries
configure:5959: result: no
configure:5962: checking whether to build static libraries
configure:5966: result: yes
configure:7195: checking for sys/time.h
configure:7205: gcc -E  conftest.c
configure:7211: $? = 0
configure:7230: result: yes
configure:7240: checking for ANSI C header files
configure:7254: gcc -E  conftest.c
configure:7260: $? = 0
configure:7347: gcc -o conftest  -march=i686 -fmessage-length=0 -funroll-all-loops -fomit-frame-pointer -malign-loops=2 -malign-jumps=2 -malign-functions=2 -I/usr/local/include -O3 -fomit-frame-pointer -mcpu=pentiumpro   conftest.c  >&5
configure:7350: $? = 0
configure:7352: ./conftest
configure:7355: $? = 0
configure:7368: result: yes
configure:7384: checking for sys/types.h
configure:7396: gcc -c  -march=i686 -fmessage-length=0 -funroll-all-loops -fomit-frame-pointer -malign-loops=2 -malign-jumps=2 -malign-functions=2 -I/usr/local/include -O3 -fomit-frame-pointer -mcpu=pentiumpro  conftest.c >&5
configure:7399: $? = 0
configure:7402: test -s conftest.o
configure:7405: $? = 0
configure:7415: result: yes
configure:7384: checking for sys/stat.h
configure:7396: gcc -c  -march=i686 -fmessage-length=0 -funroll-all-loops -fomit-frame-pointer -malign-loops=2 -malign-jumps=2 -malign-functions=2 -I/usr/local/include -O3 -fomit-frame-pointer -mcpu=pentiumpro  conftest.c >&5
configure:7399: $? = 0
configure:7402: test -s conftest.o
configure:7405: $? = 0
configure:7415: result: yes
configure:7384: checking for stdlib.h
configure:7396: gcc -c  -march=i686 -fmessage-length=0 -funroll-all-loops -fomit-frame-pointer -malign-loops=2 -malign-jumps=2 -malign-functions=2 -I/usr/local/include -O3 -fomit-frame-pointer -mcpu=pentiumpro  conftest.c >&5
configure:7399: $? = 0
configure:7402: test -s conftest.o
configure:7405: $? = 0
configure:7415: result: yes
configure:7384: checking for string.h
configure:7396: gcc -c  -march=i686 -fmessage-length=0 -funroll-all-loops -fomit-frame-pointer -malign-loops=2 -malign-jumps=2 -malign-functions=2 -I/usr/local/include -O3 -fomit-frame-pointer -mcpu=pentiumpro  conftest.c >&5
configure:7399: $? = 0
configure:7402: test -s conftest.o
configure:7405: $? = 0
configure:7415: result: yes
configure:7384: checking for memory.h
configure:7396: gcc -c  -march=i686 -fmessage-length=0 -funroll-all-loops -fomit-frame-pointer -malign-loops=2 -malign-jumps=2 -malign-functions=2 -I/usr/local/include -O3 -fomit-frame-pointer -mcpu=pentiumpro  conftest.c >&5
configure:7399: $? = 0
configure:7402: test -s conftest.o
configure:7405: $? = 0
configure:7415: result: yes
configure:7384: checking for strings.h
configure:7396: gcc -c  -march=i686 -fmessage-length=0 -funroll-all-loops -fomit-frame-pointer -malign-loops=2 -malign-jumps=2 -malign-functions=2 -I/usr/local/include -O3 -fomit-frame-pointer -mcpu=pentiumpro  conftest.c >&5
configure:7399: $? = 0
configure:7402: test -s conftest.o
configure:7405: $? = 0
configure:7415: result: yes
configure:7384: checking for inttypes.h
configure:7396: gcc -c  -march=i686 -fmessage-length=0 -funroll-all-loops -fomit-frame-pointer -malign-loops=2 -malign-jumps=2 -malign-functions=2 -I/usr/local/include -O3 -fomit-frame-pointer -mcpu=pentiumpro  conftest.c >&5
configure:7399: $? = 0
configure:7402: test -s conftest.o
configure:7405: $? = 0
configure:7415: result: yes
configure:7384: checking for stdint.h
configure:7396: gcc -c  -march=i686 -fmessage-length=0 -funroll-all-loops -fomit-frame-pointer -malign-loops=2 -malign-jumps=2 -malign-functions=2 -I/usr/local/include -O3 -fomit-frame-pointer -mcpu=pentiumpro  conftest.c >&5
configure:7399: $? = 0
configure:7402: test -s conftest.o
configure:7405: $? = 0
configure:7415: result: yes
configure:7384: checking for unistd.h
configure:7396: gcc -c  -march=i686 -fmessage-length=0 -funroll-all-loops -fomit-frame-pointer -malign-loops=2 -malign-jumps=2 -malign-functions=2 -I/usr/local/include -O3 -fomit-frame-pointer -mcpu=pentiumpro  conftest.c >&5
configure:7399: $? = 0
configure:7402: test -s conftest.o
configure:7405: $? = 0
configure:7415: result: yes
configure:7425: checking for inttypes.h
configure:7460: result: yes
configure:8210: checking for gcc option to accept ANSI C
configure:8267: gcc  -c  -march=i686 -fmessage-length=0 -funroll-all-loops -fomit-frame-pointer -malign-loops=2 -malign-jumps=2 -malign-functions=2 -I/usr/local/include -O3 -fomit-frame-pointer -mcpu=pentiumpro  conftest.c >&5
configure:8270: $? = 0
configure:8273: test -s conftest.o
configure:8276: $? = 0
configure:8293: result: none needed
configure:8301: checking for an ANSI C-conforming const
configure:8365: gcc -c  -march=i686 -fmessage-length=0 -funroll-all-loops -fomit-frame-pointer -malign-loops=2 -malign-jumps=2 -malign-functions=2 -I/usr/local/include -O3 -fomit-frame-pointer -mcpu=pentiumpro  conftest.c >&5
configure:8368: $? = 0
configure:8371: test -s conftest.o
configure:8374: $? = 0
configure:8384: result: yes
configure:8394: checking for inline
configure:8411: gcc -c  -march=i686 -fmessage-length=0 -funroll-all-loops -fomit-frame-pointer -malign-loops=2 -malign-jumps=2 -malign-functions=2 -I/usr/local/include -O3 -fomit-frame-pointer -mcpu=pentiumpro  conftest.c >&5
configure:8414: $? = 0
configure:8417: test -s conftest.o
configure:8420: $? = 0
configure:8431: result: inline
configure:8461: gcc -c  -march=i686 -fmessage-length=0 -funroll-all-loops -fomit-frame-pointer -malign-loops=2 -malign-jumps=2 -malign-functions=2 -I/usr/local/include -O3 -fomit-frame-pointer -mcpu=pentiumpro  conftest.c >&5
configure: In function `main':
configure:8454: syntax error before "p"
configure:8464: $? = 1
configure: failed program was:
#line 8449 "configure"
#include "confdefs.h"

int
main ()
{
char * restrict p;
  ;
  return 0;
}
configure:8461: gcc -c  -march=i686 -fmessage-length=0 -funroll-all-loops -fomit-frame-pointer -malign-loops=2 -malign-jumps=2 -malign-functions=2 -I/usr/local/include -O3 -fomit-frame-pointer -mcpu=pentiumpro  conftest.c >&5
configure:8464: $? = 0
configure:8467: test -s conftest.o
configure:8470: $? = 0
configure:8491: checking for size_t
configure:8512: gcc -c  -march=i686 -fmessage-length=0 -funroll-all-loops -fomit-frame-pointer -malign-loops=2 -malign-jumps=2 -malign-functions=2 -I/usr/local/include -O3 -fomit-frame-pointer -mcpu=pentiumpro  conftest.c >&5
configure:8515: $? = 0
configure:8518: test -s conftest.o
configure:8521: $? = 0
configure:8531: result: yes
configure:8543: checking whether byte ordering is bigendian
configure:8568: gcc -c  -march=i686 -fmessage-length=0 -funroll-all-loops -fomit-frame-pointer -malign-loops=2 -malign-jumps=2 -malign-functions=2 -I/usr/local/include -O3 -fomit-frame-pointer -mcpu=pentiumpro  conftest.c >&5
configure:8571: $? = 0
configure:8574: test -s conftest.o
configure:8577: $? = 0
configure:8598: gcc -c  -march=i686 -fmessage-length=0 -funroll-all-loops -fomit-frame-pointer -malign-loops=2 -malign-jumps=2 -malign-functions=2 -I/usr/local/include -O3 -fomit-frame-pointer -mcpu=pentiumpro  conftest.c >&5
configure: In function `main':
configure:8589: `not' undeclared (first use in this function)
configure:8589: (Each undeclared identifier is reported only once
configure:8589: for each function it appears in.)
configure:8589: parse error before "big"
configure:8601: $? = 1
configure: failed program was:
#line 8581 "configure"
#include "confdefs.h"
#include <sys/types.h>
#include <sys/param.h>

int
main ()
{
#if BYTE_ORDER != BIG_ENDIAN
 not big endian
#endif

  ;
  return 0;
}
configure:8665: result: no
configure:8678: checking for memalign
configure:8715: gcc -o conftest  -march=i686 -fmessage-length=0 -funroll-all-loops -fomit-frame-pointer -malign-loops=2 -malign-jumps=2 -malign-functions=2 -I/usr/local/include -O3 -fomit-frame-pointer -mcpu=pentiumpro   conftest.c  >&5
configure:8718: $? = 0
configure:8721: test -s conftest
configure:8724: $? = 0
configure:8734: result: yes
configure:8744: checking return type of signal handlers
configure:8772: gcc -c  -march=i686 -fmessage-length=0 -funroll-all-loops -fomit-frame-pointer -malign-loops=2 -malign-jumps=2 -malign-functions=2 -I/usr/local/include -O3 -fomit-frame-pointer -mcpu=pentiumpro  conftest.c >&5
configure:8775: $? = 0
configure:8778: test -s conftest.o
configure:8781: $? = 0
configure:8791: result: void
configure:8808: checking for mlib_VideoColorYUV2RGB420 in -lmlib
configure:8835: gcc -o conftest  -march=i686 -fmessage-length=0 -funroll-all-loops -fomit-frame-pointer -malign-loops=2 -malign-jumps=2 -malign-functions=2 -I/usr/local/include -O3 -fomit-frame-pointer -mcpu=pentiumpro -L/opt/SUNWmlib/lib -R/opt/SUNWmlib/lib   conftest.c -lmlib   >&5
gcc: unrecognized option `-R/opt/SUNWmlib/lib'
/usr/bin/ld: cannot find -lmlib
collect2: ld returned 1 exit status
configure:8838: $? = 1
configure: failed program was:
#line 8816 "configure"
#include "confdefs.h"

/* Override any gcc2 internal prototype to avoid an error.  */
#ifdef __cplusplus
extern "C"
#endif
/* We use char because int might match the return type of a gcc2
   builtin and then its argument prototype would still apply.  */
char mlib_VideoColorYUV2RGB420 ();
int
main ()
{
mlib_VideoColorYUV2RGB420 ();
  ;
  return 0;
}
configure:8855: result: no
configure:8870: checking for X
configure:9079: result: libraries /usr/X11R6/lib, headers /usr/X11R6/include
configure:9218: gcc -o conftest  -march=i686 -fmessage-length=0 -funroll-all-loops -fomit-frame-pointer -malign-loops=2 -malign-jumps=2 -malign-functions=2 -I/usr/local/include -O3 -fomit-frame-pointer -mcpu=pentiumpro   conftest.c   -L/usr/X11R6/lib -lX11 >&5
configure:9221: $? = 0
configure:9224: test -s conftest
configure:9227: $? = 0
configure:9353: checking for gethostbyname
configure:9390: gcc -o conftest  -march=i686 -fmessage-length=0 -funroll-all-loops -fomit-frame-pointer -malign-loops=2 -malign-jumps=2 -malign-functions=2 -I/usr/local/include -O3 -fomit-frame-pointer -mcpu=pentiumpro   conftest.c  >&5
configure:9393: $? = 0
configure:9396: test -s conftest
configure:9399: $? = 0
configure:9409: result: yes
configure:9530: checking for connect
configure:9567: gcc -o conftest  -march=i686 -fmessage-length=0 -funroll-all-loops -fomit-frame-pointer -malign-loops=2 -malign-jumps=2 -malign-functions=2 -I/usr/local/include -O3 -fomit-frame-pointer -mcpu=pentiumpro   conftest.c  >&5
configure:9570: $? = 0
configure:9573: test -s conftest
configure:9576: $? = 0
configure:9586: result: yes
configure:9646: checking for remove
configure:9683: gcc -o conftest  -march=i686 -fmessage-length=0 -funroll-all-loops -fomit-frame-pointer -malign-loops=2 -malign-jumps=2 -malign-functions=2 -I/usr/local/include -O3 -fomit-frame-pointer -mcpu=pentiumpro   conftest.c  >&5
configure:9686: $? = 0
configure:9689: test -s conftest
configure:9692: $? = 0
configure:9702: result: yes
configure:9762: checking for shmat
configure:9799: gcc -o conftest  -march=i686 -fmessage-length=0 -funroll-all-loops -fomit-frame-pointer -malign-loops=2 -malign-jumps=2 -malign-functions=2 -I/usr/local/include -O3 -fomit-frame-pointer -mcpu=pentiumpro   conftest.c  >&5
configure:9802: $? = 0
configure:9805: test -s conftest
configure:9808: $? = 0
configure:9818: result: yes
configure:9887: checking for IceConnectionNumber in -lICE
configure:9914: gcc -o conftest  -march=i686 -fmessage-length=0 -funroll-all-loops -fomit-frame-pointer -malign-loops=2 -malign-jumps=2 -malign-functions=2 -I/usr/local/include -O3 -fomit-frame-pointer -mcpu=pentiumpro   -L/usr/X11R6/lib conftest.c -lICE   >&5
configure:9917: $? = 0
configure:9920: test -s conftest
configure:9923: $? = 0
configure:9934: result: yes
configure:9945: checking for XShmCreateImage in -lXext
configure:9972: gcc -o conftest  -march=i686 -fmessage-length=0 -funroll-all-loops -fomit-frame-pointer -malign-loops=2 -malign-jumps=2 -malign-functions=2 -I/usr/local/include -O3 -fomit-frame-pointer -mcpu=pentiumpro   conftest.c -lXext  -lSM -lICE  -L/usr/X11R6/lib -lX11   >&5
configure:9975: $? = 0
configure:9978: test -s conftest
configure:9981: $? = 0
configure:9992: result: yes
configure:10002: checking for XvShmCreateImage in -lXv
configure:10029: gcc -o conftest  -march=i686 -fmessage-length=0 -funroll-all-loops -fomit-frame-pointer -malign-loops=2 -malign-jumps=2 -malign-functions=2 -I/usr/local/include -O3 -fomit-frame-pointer -mcpu=pentiumpro   conftest.c -lXv  -lSM -lICE  -L/usr/X11R6/lib -lX11  -lXext  >&5
configure:10032: $? = 0
configure:10035: test -s conftest
configure:10038: $? = 0
configure:10049: result: yes
configure:10072: checking for mlib_VideoColorYUV2RGB420 in -lmlib
configure:10119: result: no
configure:10142: checking for sdl-config
configure:10157: found /usr/bin/sdl-config
configure:10165: result: yes
configure:10217: checking if gcc supports  -march=i686 -fmessage-length=0 -funroll-all-loops -fomit-frame-pointer -malign-loops=2 -malign-jumps=2 -malign-functions=2 -I/usr/local/include -O3 -fomit-frame-pointer -mcpu=pentiumpro -Wall -Werror flags
configure:10234: gcc -c  -march=i686 -fmessage-length=0 -funroll-all-loops -fomit-frame-pointer -malign-loops=2 -malign-jumps=2 -malign-functions=2 -I/usr/local/include -O3 -fomit-frame-pointer -mcpu=pentiumpro -Wall -Werror  conftest.c >&5
configure:10237: $? = 0
configure:10240: test -s conftest.o
configure:10243: $? = 0
configure:10253: result: yes
configure:10264: checking __attribute__ ((aligned ())) support
configure:10284: gcc -c  -march=i686 -fmessage-length=0 -funroll-all-loops -fomit-frame-pointer -malign-loops=2 -malign-jumps=2 -malign-functions=2 -I/usr/local/include -O3 -fomit-frame-pointer -mcpu=pentiumpro -Wall -Werror  conftest.c >&5
configure:10287: $? = 0
configure:10290: test -s conftest.o
configure:10293: $? = 0
configure:10284: gcc -c  -march=i686 -fmessage-length=0 -funroll-all-loops -fomit-frame-pointer -malign-loops=2 -malign-jumps=2 -malign-functions=2 -I/usr/local/include -O3 -fomit-frame-pointer -mcpu=pentiumpro -Wall -Werror  conftest.c >&5
configure:10287: $? = 0
configure:10290: test -s conftest.o
configure:10293: $? = 0
configure:10284: gcc -c  -march=i686 -fmessage-length=0 -funroll-all-loops -fomit-frame-pointer -malign-loops=2 -malign-jumps=2 -malign-functions=2 -I/usr/local/include -O3 -fomit-frame-pointer -mcpu=pentiumpro -Wall -Werror  conftest.c >&5
configure:10287: $? = 0
configure:10290: test -s conftest.o
configure:10293: $? = 0
configure:10284: gcc -c  -march=i686 -fmessage-length=0 -funroll-all-loops -fomit-frame-pointer -malign-loops=2 -malign-jumps=2 -malign-functions=2 -I/usr/local/include -O3 -fomit-frame-pointer -mcpu=pentiumpro -Wall -Werror  conftest.c >&5
configure:10287: $? = 0
configure:10290: test -s conftest.o
configure:10293: $? = 0
configure:10284: gcc -c  -march=i686 -fmessage-length=0 -funroll-all-loops -fomit-frame-pointer -malign-loops=2 -malign-jumps=2 -malign-functions=2 -I/usr/local/include -O3 -fomit-frame-pointer -mcpu=pentiumpro -Wall -Werror  conftest.c >&5
configure:10287: $? = 0
configure:10290: test -s conftest.o
configure:10293: $? = 0
configure:10284: gcc -c  -march=i686 -fmessage-length=0 -funroll-all-loops -fomit-frame-pointer -malign-loops=2 -malign-jumps=2 -malign-functions=2 -I/usr/local/include -O3 -fomit-frame-pointer -mcpu=pentiumpro -Wall -Werror  conftest.c >&5
configure:10287: $? = 0
configure:10290: test -s conftest.o
configure:10293: $? = 0
configure:10303: result: 64
configure:10392: creating ./config.status

## ----------------------- ##
## Running config.status.  ##
## ----------------------- ##

This file was extended by config.status 2.52, executed with
  CONFIG_FILES    = 
  CONFIG_HEADERS  = 
  CONFIG_LINKS    = 
  CONFIG_COMMANDS = 
  > ./config.status 
on myrina

config.status:10890: creating Makefile
config.status:10890: creating autotools/Makefile
config.status:10890: creating include/Makefile
config.status:10890: creating test/Makefile
config.status:10890: creating doc/Makefile
config.status:10890: creating src/Makefile
config.status:10890: creating libmpeg2/Makefile
config.status:10890: creating libvo/Makefile
config.status:10890: creating vc++/Makefile
config.status:10982: creating include/config.h

## ----------------- ##
## Cache variables.  ##
## ----------------- ##

ac_cv_build=i686-pc-linux-gnu
ac_cv_build_alias=i686-pc-linux-gnu
ac_cv_c_attr_align_try=64
ac_cv_c_attribute_aligned=64
ac_cv_c_bigendian=no
ac_cv_c_compiler_gnu=yes
ac_cv_c_const=yes
ac_cv_c_inline=no
ac_cv_c_restrict=__restrict__
ac_cv_env_CC_set=
ac_cv_env_CC_value=
ac_cv_env_CFLAGS_set=set
ac_cv_env_CFLAGS_value=$'-O3 -march=i686 -fmessage-length=0 -funroll-all-loops -fomit-frame-pointer -malign-loops=2 -malign-jumps=2 -malign-functions=2 -I/usr/local/include'
ac_cv_env_CPPFLAGS_set=
ac_cv_env_CPPFLAGS_value=
ac_cv_env_CPP_set=
ac_cv_env_CPP_value=
ac_cv_env_LDFLAGS_set=
ac_cv_env_LDFLAGS_value=
ac_cv_env_build_alias_set=
ac_cv_env_build_alias_value=
ac_cv_env_host_alias_set=
ac_cv_env_host_alias_value=
ac_cv_env_target_alias_set=
ac_cv_env_target_alias_value=
ac_cv_func_connect=yes
ac_cv_func_gethostbyname=yes
ac_cv_func_memalign=yes
ac_cv_func_remove=yes
ac_cv_func_shmat=yes
ac_cv_have_x=$'have_x=yes \t\tac_x_includes=/usr/X11R6/include ac_x_libraries=/usr/X11R6/lib'
ac_cv_header_dlfcn_h=yes
ac_cv_header_inttypes_h=yes
ac_cv_header_memory_h=yes
ac_cv_header_stdc=yes
ac_cv_header_stdint_h=yes
ac_cv_header_stdlib_h=yes
ac_cv_header_string_h=yes
ac_cv_header_strings_h=yes
ac_cv_header_sys_stat_h=yes
ac_cv_header_sys_time_h=yes
ac_cv_header_sys_types_h=yes
ac_cv_header_unistd_h=yes
ac_cv_host=i686-pc-linux-gnu
ac_cv_host_alias=i686-pc-linux-gnu
ac_cv_lib_ICE_IceConnectionNumber=yes
ac_cv_lib_Xext_XShmCreateImage=yes
ac_cv_lib_Xv_XvShmCreateImage=yes
ac_cv_lib_mlib_mlib_VideoColorYUV2RGB420=no
ac_cv_objext=o
ac_cv_path_install=$'/usr/bin/install -c'
ac_cv_prog_CPP=$'gcc -E'
ac_cv_prog_SDLCONFIG=yes
ac_cv_prog_ac_ct_CC=gcc
ac_cv_prog_ac_ct_RANLIB=ranlib
ac_cv_prog_ac_ct_STRIP=strip
ac_cv_prog_cc_g=yes
ac_cv_prog_cc_stdc=
ac_cv_prog_gcc_traditional=no
ac_cv_prog_make_make_set=yes
ac_cv_try_cflags_ok=yes
ac_cv_type_signal=void
ac_cv_type_size_t=yes
lt_cv_compiler_c_o=yes
lt_cv_compiler_o_lo=yes
lt_cv_deplibs_check_method=pass_all
lt_cv_file_magic_cmd=$'$MAGIC_CMD'
lt_cv_file_magic_test_file=$'/lib/libc.so.6 /lib/libc-2.2.4.so'
lt_cv_global_symbol_to_c_name_address=$'sed -n -e \'s/^: \\([^ ]*\\) $/  {\\"\\1\\", (lt_ptr) 0},/p\' -e \'s/^[BCDEGRST] \\([^ ]*\\) \\([^ ]*\\)$/  {"\\2", (lt_ptr) \\&\\2},/p\''
lt_cv_global_symbol_to_cdecl=$'sed -n -e \'s/^. .* \\(.*\\)$/extern char \\1;/p\''
lt_cv_ld_reload_flag=-r
lt_cv_path_LD=/usr/bin/ld
lt_cv_path_NM=$'/usr/bin/nm -B'
lt_cv_prog_cc_can_build_shared=yes
lt_cv_prog_cc_no_builtin=
lt_cv_prog_cc_pic=$' -fPIC'
lt_cv_prog_cc_pic_works=yes
lt_cv_prog_cc_shlib=
lt_cv_prog_cc_static=-static
lt_cv_prog_cc_static_works=yes
lt_cv_prog_cc_wl=-Wl,
lt_cv_prog_gnu_ld=yes
lt_cv_sys_global_symbol_pipe=$'sed -n -e \'s/^.*[ \t]\\([ABCDGISTW][ABCDGISTW]*\\)[ \t][ \t]*\\(\\)\\([_A-Za-z][_A-Za-z0-9]*\\)$/\\1 \\2\\3 \\3/p\''
lt_cv_sys_path_separator=:

## ------------ ##
## confdefs.h.  ##
## ------------ ##

#define PACKAGE "mpeg2dec"
#define VERSION "0.2.1"
#define ARCH_X86
#define HAVE_DLFCN_H 1
#define HAVE_SYS_TIME_H 1
#define STDC_HEADERS 1
#define HAVE_SYS_TYPES_H 1
#define HAVE_SYS_STAT_H 1
#define HAVE_STDLIB_H 1
#define HAVE_STRING_H 1
#define HAVE_MEMORY_H 1
#define HAVE_STRINGS_H 1
#define HAVE_INTTYPES_H 1
#define HAVE_STDINT_H 1
#define HAVE_UNISTD_H 1
#define restrict __restrict__
#define HAVE_MEMALIGN 1
#define RETSIGTYPE void
#define LIBVO_X11
#define LIBVO_XV
#define LIBVO_SDL
#define ATTRIBUTE_ALIGNED_MAX 64


configure: exit 0
