Mon Jul 18 18:45:56 PDT 2005
   ./configure  
Tue Jul 19 14:13:58 PDT 2005
   ./configure  
Wed Jul 20 14:20:16 PDT 2005
   ./configure  
Thu Jul 21 12:44:00 PDT 2005
   ./configure  
Tue Jul 26 14:50:45 PDT 2005
   ./configure  
Fri Jul 29 12:54:56 PDT 2005
   ./configure  
Sun Jul 31 20:17:00 PDT 2005
   ./configure  
Sun Jul 31 20:18:23 PDT 2005
   ./configure  
Tue Aug  2 02:25:58 PDT 2005
   ./configure  
Wed Aug  3 01:36:59 PDT 2005
   ./configure  
Wed Aug  3 01:38:10 PDT 2005
   ./configure  
Thu Aug  4 00:28:12 PDT 2005
   ./configure  
Thu Aug  4 00:29:41 PDT 2005
   ./configure  
Thu Aug  4 00:31:37 PDT 2005
   ./configure  
Sun Aug  7 16:51:06 PDT 2005
   ./configure  
Thu Aug 11 00:27:26 PDT 2005
   ./configure  
Thu Aug 11 00:32:41 PDT 2005
   ./configure  
Fri Aug 12 23:29:00 PDT 2005
   ./configure  
Sat Aug 27 21:26:14 PDT 2005
   ./configure  
Sat Oct  1 15:11:10 PDT 2005
   ./configure  
