This file contains any messages produced by compilers while
running configure, to aid debugging if configure makes a mistake.

It was created by mjpegtools configure 1.6.3-rc1, which was
generated by GNU Autoconf 2.59.  Invocation command line was

  $ ./configure --enable-shared=no

## --------- ##
## Platform. ##
## --------- ##

hostname = heroine
uname -m = x86_64
uname -r = 2.6.16.18HeroineKernel
uname -s = Linux
uname -v = #3 SMP PREEMPT Mon Jun 5 00:49:20 PDT 2006

/usr/bin/uname -p = unknown
/bin/uname -X     = unknown

/bin/arch              = x86_64
/usr/bin/arch -k       = unknown
/usr/convex/getsysinfo = unknown
hostinfo               = unknown
/bin/machine           = unknown
/usr/bin/oslevel       = unknown
/bin/universe          = unknown

PATH: .
PATH: .
PATH: /usr/kerberos/sbin
PATH: /usr/kerberos/bin
PATH: /usr/local/sbin
PATH: /usr/local/bin
PATH: /sbin
PATH: /bin
PATH: /usr/sbin
PATH: /usr/bin
PATH: /root/bin
PATH: /root/bin


## ----------- ##
## Core tests. ##
## ----------- ##

configure:1591: checking build system type
configure:1609: result: x86_64-unknown-linux-gnu
configure:1617: checking host system type
configure:1631: result: x86_64-unknown-linux-gnu
configure:1639: checking target system type
configure:1653: result: x86_64-unknown-linux-gnu
configure:1681: checking for a BSD-compatible install
configure:1736: result: /usr/bin/install -c
configure:1747: checking whether build environment is sane
configure:1790: result: yes
configure:1847: checking for gawk
configure:1863: found /bin/gawk
configure:1873: result: gawk
configure:1883: checking whether make -j 2 sets $(MAKE)
configure:1903: result: yes
configure:2067: checking whether to enable maintainer-specific portions of Makefiles
configure:2076: result: no
configure:2253: checking for style of include used by make -j 2
configure:2281: result: GNU
configure:2352: checking for gcc
configure:2368: found /usr/bin/gcc
configure:2378: result: gcc
configure:2622: checking for C compiler version
configure:2625: gcc --version </dev/null >&5
gcc (GCC) 4.1.0 20060304 (Red Hat 4.1.0-3)
Copyright (C) 2006 Free Software Foundation, Inc.
This is free software; see the source for copying conditions.  There is NO
warranty; not even for MERCHANTABILITY or FITNESS FOR A PARTICULAR PURPOSE.

configure:2628: $? = 0
configure:2630: gcc -v </dev/null >&5
Using built-in specs.
Target: x86_64-redhat-linux
Configured with: ../configure --prefix=/usr --mandir=/usr/share/man --infodir=/usr/share/info --enable-shared --enable-threads=posix --enable-checking=release --with-system-zlib --enable-__cxa_atexit --disable-libunwind-exceptions --enable-libgcj-multifile --enable-languages=c,c++,objc,obj-c++,java,fortran,ada --enable-java-awt=gtk --disable-dssi --with-java-home=/usr/lib/jvm/java-1.4.2-gcj-1.4.2.0/jre --with-cpu=generic --host=x86_64-redhat-linux
Thread model: posix
gcc version 4.1.0 20060304 (Red Hat 4.1.0-3)
configure:2633: $? = 0
configure:2635: gcc -V </dev/null >&5
gcc: '-V' option must have argument
configure:2638: $? = 1
configure:2661: checking for C compiler default output file name
configure:2664: gcc    conftest.c  >&5
configure:2667: $? = 0
configure:2713: result: a.out
configure:2718: checking whether the C compiler works
configure:2724: ./a.out
configure:2727: $? = 0
configure:2744: result: yes
configure:2751: checking whether we are cross compiling
configure:2753: result: no
configure:2756: checking for suffix of executables
configure:2758: gcc -o conftest    conftest.c  >&5
configure:2761: $? = 0
configure:2786: result: 
configure:2792: checking for suffix of object files
configure:2813: gcc -c   conftest.c >&5
configure:2816: $? = 0
configure:2838: result: o
configure:2842: checking whether we are using the GNU C compiler
configure:2866: gcc -c   conftest.c >&5
configure:2872: $? = 0
configure:2876: test -z 
			 || test ! -s conftest.err
configure:2879: $? = 0
configure:2882: test -s conftest.o
configure:2885: $? = 0
configure:2898: result: yes
configure:2904: checking whether gcc accepts -g
configure:2925: gcc -c -g  conftest.c >&5
configure:2931: $? = 0
configure:2935: test -z 
			 || test ! -s conftest.err
configure:2938: $? = 0
configure:2941: test -s conftest.o
configure:2944: $? = 0
configure:2955: result: yes
configure:2972: checking for gcc option to accept ANSI C
configure:3042: gcc  -c -g -O2  conftest.c >&5
configure:3048: $? = 0
configure:3052: test -z 
			 || test ! -s conftest.err
configure:3055: $? = 0
configure:3058: test -s conftest.o
configure:3061: $? = 0
configure:3079: result: none needed
configure:3097: gcc -c -g -O2  conftest.c >&5
conftest.c:2: error: expected '=', ',', ';', 'asm' or '__attribute__' before 'me'
configure:3103: $? = 1
configure: failed program was:
| #ifndef __cplusplus
|   choke me
| #endif
configure:3238: checking dependency style of gcc
configure:3323: result: gcc3
configure:3340: checking for a sed that does not truncate output
configure:3394: result: /bin/sed
configure:3397: checking for egrep
configure:3407: result: grep -E
configure:3423: checking for ld used by gcc
configure:3490: result: /usr/bin/ld
configure:3499: checking if the linker (/usr/bin/ld) is GNU ld
configure:3514: result: yes
configure:3519: checking for /usr/bin/ld option to reload object files
configure:3526: result: -r
configure:3535: checking for BSD-compatible nm
configure:3577: result: /usr/bin/nm -B
configure:3581: checking whether ln -s works
configure:3585: result: yes
configure:3592: checking how to recognise dependent libraries
configure:3775: result: pass_all
configure:3860: gcc -c -g -O2  conftest.c >&5
configure:3863: $? = 0
configure:3989: checking how to run the C preprocessor
configure:4024: gcc -E  conftest.c
configure:4030: $? = 0
configure:4062: gcc -E  conftest.c
conftest.c:12:28: error: ac_nonexistent.h: No such file or directory
configure:4068: $? = 1
configure: failed program was:
| /* confdefs.h.  */
| 
| #define PACKAGE_NAME "mjpegtools"
| #define PACKAGE_TARNAME "mjpegtools"
| #define PACKAGE_VERSION "1.6.3-rc1"
| #define PACKAGE_STRING "mjpegtools 1.6.3-rc1"
| #define PACKAGE_BUGREPORT "mjpeg-developer@lists.sourceforge.net"
| #define PACKAGE "mjpegtools"
| #define VERSION "1.6.3-rc1"
| #define _GNU_SOURCE 1
| /* end confdefs.h.  */
| #include <ac_nonexistent.h>
configure:4107: result: gcc -E
configure:4131: gcc -E  conftest.c
configure:4137: $? = 0
configure:4169: gcc -E  conftest.c
conftest.c:12:28: error: ac_nonexistent.h: No such file or directory
configure:4175: $? = 1
configure: failed program was:
| /* confdefs.h.  */
| 
| #define PACKAGE_NAME "mjpegtools"
| #define PACKAGE_TARNAME "mjpegtools"
| #define PACKAGE_VERSION "1.6.3-rc1"
| #define PACKAGE_STRING "mjpegtools 1.6.3-rc1"
| #define PACKAGE_BUGREPORT "mjpeg-developer@lists.sourceforge.net"
| #define PACKAGE "mjpegtools"
| #define VERSION "1.6.3-rc1"
| #define _GNU_SOURCE 1
| /* end confdefs.h.  */
| #include <ac_nonexistent.h>
configure:4219: checking for ANSI C header files
configure:4244: gcc -c -g -O2  conftest.c >&5
configure:4250: $? = 0
configure:4254: test -z 
			 || test ! -s conftest.err
configure:4257: $? = 0
configure:4260: test -s conftest.o
configure:4263: $? = 0
configure:4352: gcc -o conftest -g -O2   conftest.c  >&5
conftest.c: In function 'main':
conftest.c:29: warning: incompatible implicit declaration of built-in function 'exit'
configure:4355: $? = 0
configure:4357: ./conftest
configure:4360: $? = 0
configure:4375: result: yes
configure:4399: checking for sys/types.h
configure:4415: gcc -c -g -O2  conftest.c >&5
configure:4421: $? = 0
configure:4425: test -z 
			 || test ! -s conftest.err
configure:4428: $? = 0
configure:4431: test -s conftest.o
configure:4434: $? = 0
configure:4445: result: yes
configure:4399: checking for sys/stat.h
configure:4415: gcc -c -g -O2  conftest.c >&5
configure:4421: $? = 0
configure:4425: test -z 
			 || test ! -s conftest.err
configure:4428: $? = 0
configure:4431: test -s conftest.o
configure:4434: $? = 0
configure:4445: result: yes
configure:4399: checking for stdlib.h
configure:4415: gcc -c -g -O2  conftest.c >&5
configure:4421: $? = 0
configure:4425: test -z 
			 || test ! -s conftest.err
configure:4428: $? = 0
configure:4431: test -s conftest.o
configure:4434: $? = 0
configure:4445: result: yes
configure:4399: checking for string.h
configure:4415: gcc -c -g -O2  conftest.c >&5
configure:4421: $? = 0
configure:4425: test -z 
			 || test ! -s conftest.err
configure:4428: $? = 0
configure:4431: test -s conftest.o
configure:4434: $? = 0
configure:4445: result: yes
configure:4399: checking for memory.h
configure:4415: gcc -c -g -O2  conftest.c >&5
configure:4421: $? = 0
configure:4425: test -z 
			 || test ! -s conftest.err
configure:4428: $? = 0
configure:4431: test -s conftest.o
configure:4434: $? = 0
configure:4445: result: yes
configure:4399: checking for strings.h
configure:4415: gcc -c -g -O2  conftest.c >&5
configure:4421: $? = 0
configure:4425: test -z 
			 || test ! -s conftest.err
configure:4428: $? = 0
configure:4431: test -s conftest.o
configure:4434: $? = 0
configure:4445: result: yes
configure:4399: checking for inttypes.h
configure:4415: gcc -c -g -O2  conftest.c >&5
configure:4421: $? = 0
configure:4425: test -z 
			 || test ! -s conftest.err
configure:4428: $? = 0
configure:4431: test -s conftest.o
configure:4434: $? = 0
configure:4445: result: yes
configure:4399: checking for stdint.h
configure:4415: gcc -c -g -O2  conftest.c >&5
configure:4421: $? = 0
configure:4425: test -z 
			 || test ! -s conftest.err
configure:4428: $? = 0
configure:4431: test -s conftest.o
configure:4434: $? = 0
configure:4445: result: yes
configure:4399: checking for unistd.h
configure:4415: gcc -c -g -O2  conftest.c >&5
configure:4421: $? = 0
configure:4425: test -z 
			 || test ! -s conftest.err
configure:4428: $? = 0
configure:4431: test -s conftest.o
configure:4434: $? = 0
configure:4445: result: yes
configure:4471: checking dlfcn.h usability
configure:4483: gcc -c -g -O2  conftest.c >&5
configure:4489: $? = 0
configure:4493: test -z 
			 || test ! -s conftest.err
configure:4496: $? = 0
configure:4499: test -s conftest.o
configure:4502: $? = 0
configure:4512: result: yes
configure:4516: checking dlfcn.h presence
configure:4526: gcc -E  conftest.c
configure:4532: $? = 0
configure:4552: result: yes
configure:4587: checking for dlfcn.h
configure:4594: result: yes
configure:4659: checking for g++
configure:4675: found /usr/bin/g++
configure:4685: result: g++
configure:4701: checking for C++ compiler version
configure:4704: g++ --version </dev/null >&5
g++ (GCC) 4.1.0 20060304 (Red Hat 4.1.0-3)
Copyright (C) 2006 Free Software Foundation, Inc.
This is free software; see the source for copying conditions.  There is NO
warranty; not even for MERCHANTABILITY or FITNESS FOR A PARTICULAR PURPOSE.

configure:4707: $? = 0
configure:4709: g++ -v </dev/null >&5
Using built-in specs.
Target: x86_64-redhat-linux
Configured with: ../configure --prefix=/usr --mandir=/usr/share/man --infodir=/usr/share/info --enable-shared --enable-threads=posix --enable-checking=release --with-system-zlib --enable-__cxa_atexit --disable-libunwind-exceptions --enable-libgcj-multifile --enable-languages=c,c++,objc,obj-c++,java,fortran,ada --enable-java-awt=gtk --disable-dssi --with-java-home=/usr/lib/jvm/java-1.4.2-gcj-1.4.2.0/jre --with-cpu=generic --host=x86_64-redhat-linux
Thread model: posix
gcc version 4.1.0 20060304 (Red Hat 4.1.0-3)
configure:4712: $? = 0
configure:4714: g++ -V </dev/null >&5
g++: '-V' option must have argument
configure:4717: $? = 1
configure:4720: checking whether we are using the GNU C++ compiler
configure:4744: g++ -c   conftest.cc >&5
configure:4750: $? = 0
configure:4754: test -z 
			 || test ! -s conftest.err
configure:4757: $? = 0
configure:4760: test -s conftest.o
configure:4763: $? = 0
configure:4776: result: yes
configure:4782: checking whether g++ accepts -g
configure:4803: g++ -c -g  conftest.cc >&5
configure:4809: $? = 0
configure:4813: test -z 
			 || test ! -s conftest.err
configure:4816: $? = 0
configure:4819: test -s conftest.o
configure:4822: $? = 0
configure:4833: result: yes
configure:4875: g++ -c -g -O2  conftest.cc >&5
configure:4881: $? = 0
configure:4885: test -z 
			 || test ! -s conftest.err
configure:4888: $? = 0
configure:4891: test -s conftest.o
configure:4894: $? = 0
configure:4920: g++ -c -g -O2  conftest.cc >&5
conftest.cc: In function 'int main()':
conftest.cc:27: error: 'exit' was not declared in this scope
configure:4926: $? = 1
configure: failed program was:
| /* confdefs.h.  */
| 
| #define PACKAGE_NAME "mjpegtools"
| #define PACKAGE_TARNAME "mjpegtools"
| #define PACKAGE_VERSION "1.6.3-rc1"
| #define PACKAGE_STRING "mjpegtools 1.6.3-rc1"
| #define PACKAGE_BUGREPORT "mjpeg-developer@lists.sourceforge.net"
| #define PACKAGE "mjpegtools"
| #define VERSION "1.6.3-rc1"
| #define _GNU_SOURCE 1
| #define STDC_HEADERS 1
| #define HAVE_SYS_TYPES_H 1
| #define HAVE_SYS_STAT_H 1
| #define HAVE_STDLIB_H 1
| #define HAVE_STRING_H 1
| #define HAVE_MEMORY_H 1
| #define HAVE_STRINGS_H 1
| #define HAVE_INTTYPES_H 1
| #define HAVE_STDINT_H 1
| #define HAVE_UNISTD_H 1
| #define HAVE_DLFCN_H 1
| /* end confdefs.h.  */
| 
| int
| main ()
| {
| exit (42);
|   ;
|   return 0;
| }
configure:4875: g++ -c -g -O2  conftest.cc >&5
configure:4881: $? = 0
configure:4885: test -z 
			 || test ! -s conftest.err
configure:4888: $? = 0
configure:4891: test -s conftest.o
configure:4894: $? = 0
configure:4920: g++ -c -g -O2  conftest.cc >&5
configure:4926: $? = 0
configure:4930: test -z 
			 || test ! -s conftest.err
configure:4933: $? = 0
configure:4936: test -s conftest.o
configure:4939: $? = 0
configure:4964: checking dependency style of g++
configure:5049: result: gcc3
configure:5071: checking how to run the C++ preprocessor
configure:5102: g++ -E  conftest.cc
configure:5108: $? = 0
configure:5140: g++ -E  conftest.cc
conftest.cc:26:28: error: ac_nonexistent.h: No such file or directory
configure:5146: $? = 1
configure: failed program was:
| /* confdefs.h.  */
| 
| #define PACKAGE_NAME "mjpegtools"
| #define PACKAGE_TARNAME "mjpegtools"
| #define PACKAGE_VERSION "1.6.3-rc1"
| #define PACKAGE_STRING "mjpegtools 1.6.3-rc1"
| #define PACKAGE_BUGREPORT "mjpeg-developer@lists.sourceforge.net"
| #define PACKAGE "mjpegtools"
| #define VERSION "1.6.3-rc1"
| #define _GNU_SOURCE 1
| #define STDC_HEADERS 1
| #define HAVE_SYS_TYPES_H 1
| #define HAVE_SYS_STAT_H 1
| #define HAVE_STDLIB_H 1
| #define HAVE_STRING_H 1
| #define HAVE_MEMORY_H 1
| #define HAVE_STRINGS_H 1
| #define HAVE_INTTYPES_H 1
| #define HAVE_STDINT_H 1
| #define HAVE_UNISTD_H 1
| #define HAVE_DLFCN_H 1
| #ifdef __cplusplus
| extern "C" void std::exit (int) throw (); using std::exit;
| #endif
| /* end confdefs.h.  */
| #include <ac_nonexistent.h>
configure:5185: result: g++ -E
configure:5209: g++ -E  conftest.cc
configure:5215: $? = 0
configure:5247: g++ -E  conftest.cc
conftest.cc:26:28: error: ac_nonexistent.h: No such file or directory
configure:5253: $? = 1
configure: failed program was:
| /* confdefs.h.  */
| 
| #define PACKAGE_NAME "mjpegtools"
| #define PACKAGE_TARNAME "mjpegtools"
| #define PACKAGE_VERSION "1.6.3-rc1"
| #define PACKAGE_STRING "mjpegtools 1.6.3-rc1"
| #define PACKAGE_BUGREPORT "mjpeg-developer@lists.sourceforge.net"
| #define PACKAGE "mjpegtools"
| #define VERSION "1.6.3-rc1"
| #define _GNU_SOURCE 1
| #define STDC_HEADERS 1
| #define HAVE_SYS_TYPES_H 1
| #define HAVE_SYS_STAT_H 1
| #define HAVE_STDLIB_H 1
| #define HAVE_STRING_H 1
| #define HAVE_MEMORY_H 1
| #define HAVE_STRINGS_H 1
| #define HAVE_INTTYPES_H 1
| #define HAVE_STDINT_H 1
| #define HAVE_UNISTD_H 1
| #define HAVE_DLFCN_H 1
| #ifdef __cplusplus
| extern "C" void std::exit (int) throw (); using std::exit;
| #endif
| /* end confdefs.h.  */
| #include <ac_nonexistent.h>
configure:5348: checking for g77
configure:5364: found /usr/bin/g77
configure:5374: result: g77
configure:5389: checking for Fortran 77 compiler version
configure:5392: g77 --version </dev/null >&5
GNU Fortran (GCC 3.2.3 20030502 (Red Hat Linux 3.2.3-55.fc5)) 3.2.3 20030502 (Red Hat Linux 3.2.3-13)
Copyright (C) 2002 Free Software Foundation, Inc.

GNU Fortran comes with NO WARRANTY, to the extent permitted by law.
You may redistribute copies of GNU Fortran
under the terms of the GNU General Public License.
For more information about these matters, see the file named COPYING
or type the command `info -f g77 Copying'.
configure:5395: $? = 0
configure:5397: g77 -v </dev/null >&5
Reading specs from /usr/lib/gcc-lib/x86_64-redhat-linux/3.2.3/specs
Configured with: ../configure --prefix=/usr --mandir=/usr/share/man --infodir=/usr/share/info --enable-shared --enable-threads=posix --disable-checking --with-system-zlib --enable-__cxa_atexit --enable-languages=c,c++,f77 --disable-libgcj --host=x86_64-redhat-linux
Thread model: posix
gcc version 3.2.3 20030502 (Red Hat Linux 3.2.3-55.fc5)
configure:5400: $? = 0
configure:5402: g77 -V </dev/null >&5
g77: argument to `-V' missing
configure:5405: $? = 1
configure:5413: checking whether we are using the GNU Fortran 77 compiler
configure:5427: g77 -c  conftest.F >&5
configure:5433: $? = 0
configure:5437: test -z 
			 || test ! -s conftest.err
configure:5440: $? = 0
configure:5443: test -s conftest.o
configure:5446: $? = 0
configure:5459: result: yes
configure:5465: checking whether g77 accepts -g
configure:5477: g77 -c -g conftest.f >&5
configure:5483: $? = 0
configure:5487: test -z 
			 || test ! -s conftest.err
configure:5490: $? = 0
configure:5493: test -s conftest.o
configure:5496: $? = 0
configure:5508: result: yes
configure:5538: checking the maximum length of command line arguments
configure:5603: result: 32768
configure:5614: checking command to parse /usr/bin/nm -B output from gcc object
configure:5703: gcc -c -g -O2  conftest.c >&5
configure:5706: $? = 0
configure:5710: /usr/bin/nm -B conftest.o \| sed -n -e 's/^.*[ 	]\([ABCDGIRSTW][ABCDGIRSTW]*\)[ 	][ 	]*\(\)\([_A-Za-z][_A-Za-z0-9]*\)$/\1 \2\3 \3/p' \> conftest.nm
configure:5713: $? = 0
configure:5765: gcc -o conftest -g -O2   conftest.c conftstm.o >&5
configure:5768: $? = 0
configure:5806: result: ok
configure:5810: checking for objdir
configure:5825: result: .libs
configure:5915: checking for ar
configure:5931: found /usr/bin/ar
configure:5942: result: ar
configure:5995: checking for ranlib
configure:6011: found /usr/bin/ranlib
configure:6022: result: ranlib
configure:6075: checking for strip
configure:6091: found /usr/bin/strip
configure:6102: result: strip
configure:6364: checking if gcc static flag  works
configure:6387: result: yes
configure:6405: checking if gcc supports -fno-rtti -fno-exceptions
configure:6423: gcc -c -g -O2  -fno-rtti -fno-exceptions conftest.c >&5
cc1: warning: command line option "-fno-rtti" is valid for C++/ObjC++ but not for C
configure:6427: $? = 0
configure:6438: result: no
configure:6453: checking for gcc option to produce PIC
configure:6630: result: -fPIC
configure:6638: checking if gcc PIC flag -fPIC works
configure:6656: gcc -c -g -O2  -fPIC -DPIC conftest.c >&5
configure:6660: $? = 0
configure:6671: result: yes
configure:6695: checking if gcc supports -c -o file.o
configure:6716: gcc -c -g -O2  -o out/conftest2.o conftest.c >&5
configure:6720: $? = 0
configure:6740: result: yes
configure:6766: checking whether the gcc linker (/usr/bin/ld -m elf_x86_64) supports shared libraries
configure:7614: result: yes
configure:7685: checking dynamic linker characteristics
configure:8051: gcc -c -g -O2  conftest.c >&5
configure:8054: $? = 0
configure:8246: result: GNU/Linux ld.so
configure:8250: checking how to hardcode library paths into programs
configure:8275: result: immediate
configure:8289: checking whether stripping libraries is possible
configure:8294: result: yes
configure:9124: checking if libtool supports shared libraries
configure:9126: result: yes
configure:9129: checking whether to build shared libraries
configure:9187: result: no
configure:9190: checking whether to build static libraries
configure:9194: result: yes
configure:9286: creating libtool
configure:9833: checking for ld used by g++
configure:9900: result: /usr/bin/ld -m elf_x86_64
configure:9909: checking if the linker (/usr/bin/ld -m elf_x86_64) is GNU ld
configure:9924: result: yes
configure:9975: checking whether the g++ linker (/usr/bin/ld -m elf_x86_64) supports shared libraries
configure:10803: result: yes
configure:10821: g++ -c -g -O2  conftest.cc >&5
configure:10824: $? = 0
configure:10920: checking for g++ option to produce PIC
configure:11172: result: -fPIC
configure:11180: checking if g++ PIC flag -fPIC works
configure:11198: g++ -c -g -O2  -fPIC -DPIC conftest.cc >&5
configure:11202: $? = 0
configure:11213: result: yes
configure:11237: checking if g++ supports -c -o file.o
configure:11258: g++ -c -g -O2  -o out/conftest2.o conftest.cc >&5
configure:11262: $? = 0
configure:11282: result: yes
configure:11308: checking whether the g++ linker (/usr/bin/ld -m elf_x86_64) supports shared libraries
configure:11333: result: yes
configure:11404: checking dynamic linker characteristics
configure:11770: g++ -c -g -O2  conftest.cc >&5
configure:11773: $? = 0
configure:11965: result: GNU/Linux ld.so
configure:11969: checking how to hardcode library paths into programs
configure:11994: result: immediate
configure:12008: checking whether stripping libraries is possible
configure:12013: result: yes
configure:13320: checking if libtool supports shared libraries
configure:13322: result: yes
configure:13325: checking whether to build shared libraries
configure:13343: result: no
configure:13346: checking whether to build static libraries
configure:13350: result: yes
configure:13362: checking for g77 option to produce PIC
configure:13539: result: -fPIC
configure:13547: checking if g77 PIC flag -fPIC works
configure:13565: g77 -c -g -O2 -fPIC conftest.f >&5
configure:13569: $? = 0
configure:13580: result: yes
configure:13604: checking if g77 supports -c -o file.o
configure:13625: g77 -c -g -O2 -o out/conftest2.o conftest.f >&5
configure:13629: $? = 0
configure:13649: result: yes
configure:13675: checking whether the g77 linker (/usr/bin/ld -m elf_x86_64) supports shared libraries
configure:14503: result: yes
configure:14574: checking dynamic linker characteristics
configure:14940: g77 -c -g -O2 conftest.f >&5
configure:14943: $? = 0
configure:15135: result: GNU/Linux ld.so
configure:15139: checking how to hardcode library paths into programs
configure:15164: result: immediate
configure:15178: checking whether stripping libraries is possible
configure:15183: result: yes
configure:19295: checking for gawk
configure:19321: result: gawk
configure:19377: checking for gcc
configure:19403: result: gcc
configure:19647: checking for C compiler version
configure:19650: gcc --version </dev/null >&5
gcc (GCC) 4.1.0 20060304 (Red Hat 4.1.0-3)
Copyright (C) 2006 Free Software Foundation, Inc.
This is free software; see the source for copying conditions.  There is NO
warranty; not even for MERCHANTABILITY or FITNESS FOR A PARTICULAR PURPOSE.

configure:19653: $? = 0
configure:19655: gcc -v </dev/null >&5
Using built-in specs.
Target: x86_64-redhat-linux
Configured with: ../configure --prefix=/usr --mandir=/usr/share/man --infodir=/usr/share/info --enable-shared --enable-threads=posix --enable-checking=release --with-system-zlib --enable-__cxa_atexit --disable-libunwind-exceptions --enable-libgcj-multifile --enable-languages=c,c++,objc,obj-c++,java,fortran,ada --enable-java-awt=gtk --disable-dssi --with-java-home=/usr/lib/jvm/java-1.4.2-gcj-1.4.2.0/jre --with-cpu=generic --host=x86_64-redhat-linux
Thread model: posix
gcc version 4.1.0 20060304 (Red Hat 4.1.0-3)
configure:19658: $? = 0
configure:19660: gcc -V </dev/null >&5
gcc: '-V' option must have argument
configure:19663: $? = 1
configure:19666: checking whether we are using the GNU C compiler
configure:19722: result: yes
configure:19728: checking whether gcc accepts -g
configure:19779: result: yes
configure:19796: checking for gcc option to accept ANSI C
configure:19903: result: none needed
configure:19921: gcc -c -g -O2  conftest.c >&5
conftest.c:2: error: expected '=', ',', ';', 'asm' or '__attribute__' before 'me'
configure:19927: $? = 1
configure: failed program was:
| #ifndef __cplusplus
|   choke me
| #endif
configure:20062: checking dependency style of gcc
configure:20147: result: gcc3
configure:20210: checking for gcc
configure:20236: result: gcc
configure:20480: checking for C compiler version
configure:20483: gcc --version </dev/null >&5
gcc (GCC) 4.1.0 20060304 (Red Hat 4.1.0-3)
Copyright (C) 2006 Free Software Foundation, Inc.
This is free software; see the source for copying conditions.  There is NO
warranty; not even for MERCHANTABILITY or FITNESS FOR A PARTICULAR PURPOSE.

configure:20486: $? = 0
configure:20488: gcc -v </dev/null >&5
Using built-in specs.
Target: x86_64-redhat-linux
Configured with: ../configure --prefix=/usr --mandir=/usr/share/man --infodir=/usr/share/info --enable-shared --enable-threads=posix --enable-checking=release --with-system-zlib --enable-__cxa_atexit --disable-libunwind-exceptions --enable-libgcj-multifile --enable-languages=c,c++,objc,obj-c++,java,fortran,ada --enable-java-awt=gtk --disable-dssi --with-java-home=/usr/lib/jvm/java-1.4.2-gcj-1.4.2.0/jre --with-cpu=generic --host=x86_64-redhat-linux
Thread model: posix
gcc version 4.1.0 20060304 (Red Hat 4.1.0-3)
configure:20491: $? = 0
configure:20493: gcc -V </dev/null >&5
gcc: '-V' option must have argument
configure:20496: $? = 1
configure:20499: checking whether we are using the GNU C compiler
configure:20555: result: yes
configure:20561: checking whether gcc accepts -g
configure:20612: result: yes
configure:20629: checking for gcc option to accept ANSI C
configure:20736: result: none needed
configure:20754: gcc -c -g -O2  conftest.c >&5
conftest.c:2: error: expected '=', ',', ';', 'asm' or '__attribute__' before 'me'
configure:20760: $? = 1
configure: failed program was:
| #ifndef __cplusplus
|   choke me
| #endif
configure:20895: checking dependency style of gcc
configure:20980: result: gcc3
configure:21094: checking for C++ compiler version
configure:21097: g++ --version </dev/null >&5
g++ (GCC) 4.1.0 20060304 (Red Hat 4.1.0-3)
Copyright (C) 2006 Free Software Foundation, Inc.
This is free software; see the source for copying conditions.  There is NO
warranty; not even for MERCHANTABILITY or FITNESS FOR A PARTICULAR PURPOSE.

configure:21100: $? = 0
configure:21102: g++ -v </dev/null >&5
Using built-in specs.
Target: x86_64-redhat-linux
Configured with: ../configure --prefix=/usr --mandir=/usr/share/man --infodir=/usr/share/info --enable-shared --enable-threads=posix --enable-checking=release --with-system-zlib --enable-__cxa_atexit --disable-libunwind-exceptions --enable-libgcj-multifile --enable-languages=c,c++,objc,obj-c++,java,fortran,ada --enable-java-awt=gtk --disable-dssi --with-java-home=/usr/lib/jvm/java-1.4.2-gcj-1.4.2.0/jre --with-cpu=generic --host=x86_64-redhat-linux
Thread model: posix
gcc version 4.1.0 20060304 (Red Hat 4.1.0-3)
configure:21105: $? = 0
configure:21107: g++ -V </dev/null >&5
g++: '-V' option must have argument
configure:21110: $? = 1
configure:21113: checking whether we are using the GNU C++ compiler
configure:21169: result: yes
configure:21175: checking whether g++ accepts -g
configure:21226: result: yes
configure:21268: g++ -c -g -O2  conftest.cc >&5
configure:21274: $? = 0
configure:21278: test -z 
			 || test ! -s conftest.err
configure:21281: $? = 0
configure:21284: test -s conftest.o
configure:21287: $? = 0
configure:21313: g++ -c -g -O2  conftest.cc >&5
configure:21319: $? = 0
configure:21323: test -z 
			 || test ! -s conftest.err
configure:21326: $? = 0
configure:21329: test -s conftest.o
configure:21332: $? = 0
configure:21357: checking dependency style of g++
configure:21442: result: gcc3
configure:21472: checking for a BSD-compatible install
configure:21527: result: /usr/bin/install -c
configure:21538: checking whether ln -s works
configure:21542: result: yes
configure:21549: checking whether byte ordering is bigendian
configure:21576: gcc -c -g -O2  conftest.c >&5
configure:21582: $? = 0
configure:21586: test -z 
			 || test ! -s conftest.err
configure:21589: $? = 0
configure:21592: test -s conftest.o
configure:21595: $? = 0
configure:21619: gcc -c -g -O2  conftest.c >&5
conftest.c: In function 'main':
conftest.c:33: error: 'not' undeclared (first use in this function)
conftest.c:33: error: (Each undeclared identifier is reported only once
conftest.c:33: error: for each function it appears in.)
conftest.c:33: error: expected ';' before 'big'
configure:21625: $? = 1
configure: failed program was:
| /* confdefs.h.  */
| 
| #define PACKAGE_NAME "mjpegtools"
| #define PACKAGE_TARNAME "mjpegtools"
| #define PACKAGE_VERSION "1.6.3-rc1"
| #define PACKAGE_STRING "mjpegtools 1.6.3-rc1"
| #define PACKAGE_BUGREPORT "mjpeg-developer@lists.sourceforge.net"
| #define PACKAGE "mjpegtools"
| #define VERSION "1.6.3-rc1"
| #define _GNU_SOURCE 1
| #define STDC_HEADERS 1
| #define HAVE_SYS_TYPES_H 1
| #define HAVE_SYS_STAT_H 1
| #define HAVE_STDLIB_H 1
| #define HAVE_STRING_H 1
| #define HAVE_MEMORY_H 1
| #define HAVE_STRINGS_H 1
| #define HAVE_INTTYPES_H 1
| #define HAVE_STDINT_H 1
| #define HAVE_UNISTD_H 1
| #define HAVE_DLFCN_H 1
| #ifdef __cplusplus
| extern "C" void std::exit (int) throw (); using std::exit;
| #endif
| /* end confdefs.h.  */
| #include <sys/types.h>
| #include <sys/param.h>
| 
| int
| main ()
| {
| #if BYTE_ORDER != BIG_ENDIAN
|  not big endian
| #endif
| 
|   ;
|   return 0;
| }
configure:21760: result: no
configure:21779: checking for an ANSI C-conforming const
configure:21846: gcc -c -g -O2  conftest.c >&5
configure:21852: $? = 0
configure:21856: test -z 
			 || test ! -s conftest.err
configure:21859: $? = 0
configure:21862: test -s conftest.o
configure:21865: $? = 0
configure:21876: result: yes
configure:21886: checking for inline
configure:21907: gcc -c -g -O2  conftest.c >&5
configure:21913: $? = 0
configure:21917: test -z 
			 || test ! -s conftest.err
configure:21920: $? = 0
configure:21923: test -s conftest.o
configure:21926: $? = 0
configure:21938: result: inline
configure:21964: checking for special C compiler options needed for large files
configure:22063: result: no
configure:22069: checking for _FILE_OFFSET_BITS value needed for large files
configure:22100: gcc -c -g -O2  conftest.c >&5
configure:22106: $? = 0
configure:22110: test -z 
			 || test ! -s conftest.err
configure:22113: $? = 0
configure:22116: test -s conftest.o
configure:22119: $? = 0
configure:22184: result: no
configure:22194: checking for _LARGE_FILES value needed for large files
configure:22225: gcc -c -g -O2  conftest.c >&5
configure:22231: $? = 0
configure:22235: test -z 
			 || test ! -s conftest.err
configure:22238: $? = 0
configure:22241: test -s conftest.o
configure:22244: $? = 0
configure:22309: result: no
configure:22356: checking fenv.h usability
configure:22368: gcc -c -g -O2  conftest.c >&5
configure:22374: $? = 0
configure:22378: test -z 
			 || test ! -s conftest.err
configure:22381: $? = 0
configure:22384: test -s conftest.o
configure:22387: $? = 0
configure:22397: result: yes
configure:22401: checking fenv.h presence
configure:22411: gcc -E  conftest.c
configure:22417: $? = 0
configure:22437: result: yes
configure:22472: checking for fenv.h
configure:22479: result: yes
configure:22347: checking for stdint.h
configure:22352: result: yes
configure:22347: checking for inttypes.h
configure:22352: result: yes
configure:22347: checking for sys/types.h
configure:22352: result: yes
configure:22356: checking getopt.h usability
configure:22368: gcc -c -g -O2  conftest.c >&5
configure:22374: $? = 0
configure:22378: test -z 
			 || test ! -s conftest.err
configure:22381: $? = 0
configure:22384: test -s conftest.o
configure:22387: $? = 0
configure:22397: result: yes
configure:22401: checking getopt.h presence
configure:22411: gcc -E  conftest.c
configure:22417: $? = 0
configure:22437: result: yes
configure:22472: checking for getopt.h
configure:22479: result: yes
configure:22356: checking alloca.h usability
configure:22368: gcc -c -g -O2  conftest.c >&5
configure:22374: $? = 0
configure:22378: test -z 
			 || test ! -s conftest.err
configure:22381: $? = 0
configure:22384: test -s conftest.o
configure:22387: $? = 0
configure:22397: result: yes
configure:22401: checking alloca.h presence
configure:22411: gcc -E  conftest.c
configure:22417: $? = 0
configure:22437: result: yes
configure:22472: checking for alloca.h
configure:22479: result: yes
configure:22356: checking sys/soundcard.h usability
configure:22368: gcc -c -g -O2  conftest.c >&5
configure:22374: $? = 0
configure:22378: test -z 
			 || test ! -s conftest.err
configure:22381: $? = 0
configure:22384: test -s conftest.o
configure:22387: $? = 0
configure:22397: result: yes
configure:22401: checking sys/soundcard.h presence
configure:22411: gcc -E  conftest.c
configure:22417: $? = 0
configure:22437: result: yes
configure:22472: checking for sys/soundcard.h
configure:22479: result: yes
configure:22356: checking malloc.h usability
configure:22368: gcc -c -g -O2  conftest.c >&5
configure:22374: $? = 0
configure:22378: test -z 
			 || test ! -s conftest.err
configure:22381: $? = 0
configure:22384: test -s conftest.o
configure:22387: $? = 0
configure:22397: result: yes
configure:22401: checking malloc.h presence
configure:22411: gcc -E  conftest.c
configure:22417: $? = 0
configure:22437: result: yes
configure:22472: checking for malloc.h
configure:22479: result: yes
configure:22499: checking for sin in -lm
configure:22529: gcc -o conftest -g -O2   conftest.c -lm   >&5
conftest.c:41: warning: conflicting types for built-in function 'sin'
configure:22535: $? = 0
configure:22539: test -z 
			 || test ! -s conftest.err
configure:22542: $? = 0
configure:22545: test -s conftest
configure:22548: $? = 0
configure:22561: result: yes
configure:22579: checking for posix_memalign
configure:22636: gcc -o conftest -g -O2   conftest.c -lm  >&5
configure:22642: $? = 0
configure:22646: test -z 
			 || test ! -s conftest.err
configure:22649: $? = 0
configure:22652: test -s conftest
configure:22655: $? = 0
configure:22667: result: yes
configure:22579: checking for memalign
configure:22636: gcc -o conftest -g -O2   conftest.c -lm  >&5
configure:22642: $? = 0
configure:22646: test -z 
			 || test ! -s conftest.err
configure:22649: $? = 0
configure:22652: test -s conftest
configure:22655: $? = 0
configure:22667: result: yes
configure:22579: checking for fmax
configure:22636: gcc -o conftest -g -O2   conftest.c -lm  >&5
conftest.c:61: warning: conflicting types for built-in function 'fmax'
configure:22642: $? = 0
configure:22646: test -z 
			 || test ! -s conftest.err
configure:22649: $? = 0
configure:22652: test -s conftest
configure:22655: $? = 0
configure:22667: result: yes
configure:22579: checking for lround
configure:22636: gcc -o conftest -g -O2   conftest.c -lm  >&5
conftest.c:62: warning: conflicting types for built-in function 'lround'
configure:22642: $? = 0
configure:22646: test -z 
			 || test ! -s conftest.err
configure:22649: $? = 0
configure:22652: test -s conftest
configure:22655: $? = 0
configure:22667: result: yes
configure:22679: checking for getopt_long
configure:22736: gcc -o conftest -g -O2   conftest.c -lm  >&5
configure:22742: $? = 0
configure:22746: test -z 
			 || test ! -s conftest.err
configure:22749: $? = 0
configure:22752: test -s conftest
configure:22755: $? = 0
configure:22767: result: yes
configure:22855: checking return type of signal handlers
configure:22886: gcc -c -g -O2  conftest.c >&5
configure:22892: $? = 0
configure:22896: test -z 
			 || test ! -s conftest.err
configure:22899: $? = 0
configure:22902: test -s conftest.o
configure:22905: $? = 0
configure:22916: result: void
configure:22925: The host is x86_64-unknown-linux-gnu  x86_64  unknown  linux-gnu .
configure:22930: checking for alpha architecture
configure:23007: result: no
configure:23035: checking linux/videodev.h usability
configure:23047: gcc -c -g -O2  conftest.c >&5
configure:23053: $? = 0
configure:23057: test -z 
			 || test ! -s conftest.err
configure:23060: $? = 0
configure:23063: test -s conftest.o
configure:23066: $? = 0
configure:23076: result: yes
configure:23080: checking linux/videodev.h presence
configure:23090: gcc -E  conftest.c
configure:23096: $? = 0
configure:23116: result: yes
configure:23151: checking for linux/videodev.h
configure:23158: result: yes
configure:23386: checking for the pthreads library -lpthreads
configure:23424: gcc -o conftest -g -O2    conftest.c -lpthreads -lm  >&5
/usr/bin/ld: cannot find -lpthreads
collect2: ld returned 1 exit status
configure:23430: $? = 1
configure: failed program was:
| /* confdefs.h.  */
| 
| #define PACKAGE_NAME "mjpegtools"
| #define PACKAGE_TARNAME "mjpegtools"
| #define PACKAGE_VERSION "1.6.3-rc1"
| #define PACKAGE_STRING "mjpegtools 1.6.3-rc1"
| #define PACKAGE_BUGREPORT "mjpeg-developer@lists.sourceforge.net"
| #define PACKAGE "mjpegtools"
| #define VERSION "1.6.3-rc1"
| #define _GNU_SOURCE 1
| #define STDC_HEADERS 1
| #define HAVE_SYS_TYPES_H 1
| #define HAVE_SYS_STAT_H 1
| #define HAVE_STDLIB_H 1
| #define HAVE_STRING_H 1
| #define HAVE_MEMORY_H 1
| #define HAVE_STRINGS_H 1
| #define HAVE_INTTYPES_H 1
| #define HAVE_STDINT_H 1
| #define HAVE_UNISTD_H 1
| #define HAVE_DLFCN_H 1
| #ifdef __cplusplus
| extern "C" void std::exit (int) throw (); using std::exit;
| #endif
| #define HAVE_FENV_H 1
| #define HAVE_STDINT_H 1
| #define HAVE_INTTYPES_H 1
| #define HAVE_SYS_TYPES_H 1
| #define HAVE_GETOPT_H 1
| #define HAVE_ALLOCA_H 1
| #define HAVE_SYS_SOUNDCARD_H 1
| #define HAVE_MALLOC_H 1
| #define HAVE_LIBM 1
| #define HAVE_POSIX_MEMALIGN 1
| #define HAVE_MEMALIGN 1
| #define HAVE_FMAX 1
| #define HAVE_LROUND 1
| #define HAVE_GETOPT_LONG 1
| #define RETSIGTYPE void
| #define HAVE_V4L 1
| /* end confdefs.h.  */
| #include <pthread.h>
| int
| main ()
| {
| pthread_t th; pthread_join(th, 0);
|                      pthread_attr_init(0); pthread_cleanup_push(0, 0);
|                      pthread_create(0,0,0,0); pthread_cleanup_pop(0);
|   ;
|   return 0;
| }
configure:23457: result: no
configure:23333: checking whether pthreads work without any flags
configure:23424: gcc -o conftest -g -O2    conftest.c  -lm  >&5
/tmp/ccwZ0oxT.o: In function `main':/root/hvirtual/mjpegtools-1.6.3-rc1/conftest.c:46: undefined reference to `pthread_join'
:/root/hvirtual/mjpegtools-1.6.3-rc1/conftest.c:47: undefined reference to `__pthread_register_cancel'
:/root/hvirtual/mjpegtools-1.6.3-rc1/conftest.c:48: undefined reference to `pthread_create'
:/root/hvirtual/mjpegtools-1.6.3-rc1/conftest.c:48: undefined reference to `__pthread_unregister_cancel'
collect2: ld returned 1 exit status
configure:23430: $? = 1
configure: failed program was:
| /* confdefs.h.  */
| 
| #define PACKAGE_NAME "mjpegtools"
| #define PACKAGE_TARNAME "mjpegtools"
| #define PACKAGE_VERSION "1.6.3-rc1"
| #define PACKAGE_STRING "mjpegtools 1.6.3-rc1"
| #define PACKAGE_BUGREPORT "mjpeg-developer@lists.sourceforge.net"
| #define PACKAGE "mjpegtools"
| #define VERSION "1.6.3-rc1"
| #define _GNU_SOURCE 1
| #define STDC_HEADERS 1
| #define HAVE_SYS_TYPES_H 1
| #define HAVE_SYS_STAT_H 1
| #define HAVE_STDLIB_H 1
| #define HAVE_STRING_H 1
| #define HAVE_MEMORY_H 1
| #define HAVE_STRINGS_H 1
| #define HAVE_INTTYPES_H 1
| #define HAVE_STDINT_H 1
| #define HAVE_UNISTD_H 1
| #define HAVE_DLFCN_H 1
| #ifdef __cplusplus
| extern "C" void std::exit (int) throw (); using std::exit;
| #endif
| #define HAVE_FENV_H 1
| #define HAVE_STDINT_H 1
| #define HAVE_INTTYPES_H 1
| #define HAVE_SYS_TYPES_H 1
| #define HAVE_GETOPT_H 1
| #define HAVE_ALLOCA_H 1
| #define HAVE_SYS_SOUNDCARD_H 1
| #define HAVE_MALLOC_H 1
| #define HAVE_LIBM 1
| #define HAVE_POSIX_MEMALIGN 1
| #define HAVE_MEMALIGN 1
| #define HAVE_FMAX 1
| #define HAVE_LROUND 1
| #define HAVE_GETOPT_LONG 1
| #define RETSIGTYPE void
| #define HAVE_V4L 1
| /* end confdefs.h.  */
| #include <pthread.h>
| int
| main ()
| {
| pthread_t th; pthread_join(th, 0);
|                      pthread_attr_init(0); pthread_cleanup_push(0, 0);
|                      pthread_create(0,0,0,0); pthread_cleanup_pop(0);
|   ;
|   return 0;
| }
configure:23457: result: no
configure:23338: checking whether pthreads work with -Kthread
configure:23424: gcc -o conftest -g -O2 -Kthread   conftest.c  -lm  >&5
gcc: unrecognized option '-Kthread'
/tmp/ccgMSPE6.o: In function `main':/root/hvirtual/mjpegtools-1.6.3-rc1/conftest.c:46: undefined reference to `pthread_join'
:/root/hvirtual/mjpegtools-1.6.3-rc1/conftest.c:47: undefined reference to `__pthread_register_cancel'
:/root/hvirtual/mjpegtools-1.6.3-rc1/conftest.c:48: undefined reference to `pthread_create'
:/root/hvirtual/mjpegtools-1.6.3-rc1/conftest.c:48: undefined reference to `__pthread_unregister_cancel'
collect2: ld returned 1 exit status
configure:23430: $? = 1
configure: failed program was:
| /* confdefs.h.  */
| 
| #define PACKAGE_NAME "mjpegtools"
| #define PACKAGE_TARNAME "mjpegtools"
| #define PACKAGE_VERSION "1.6.3-rc1"
| #define PACKAGE_STRING "mjpegtools 1.6.3-rc1"
| #define PACKAGE_BUGREPORT "mjpeg-developer@lists.sourceforge.net"
| #define PACKAGE "mjpegtools"
| #define VERSION "1.6.3-rc1"
| #define _GNU_SOURCE 1
| #define STDC_HEADERS 1
| #define HAVE_SYS_TYPES_H 1
| #define HAVE_SYS_STAT_H 1
| #define HAVE_STDLIB_H 1
| #define HAVE_STRING_H 1
| #define HAVE_MEMORY_H 1
| #define HAVE_STRINGS_H 1
| #define HAVE_INTTYPES_H 1
| #define HAVE_STDINT_H 1
| #define HAVE_UNISTD_H 1
| #define HAVE_DLFCN_H 1
| #ifdef __cplusplus
| extern "C" void std::exit (int) throw (); using std::exit;
| #endif
| #define HAVE_FENV_H 1
| #define HAVE_STDINT_H 1
| #define HAVE_INTTYPES_H 1
| #define HAVE_SYS_TYPES_H 1
| #define HAVE_GETOPT_H 1
| #define HAVE_ALLOCA_H 1
| #define HAVE_SYS_SOUNDCARD_H 1
| #define HAVE_MALLOC_H 1
| #define HAVE_LIBM 1
| #define HAVE_POSIX_MEMALIGN 1
| #define HAVE_MEMALIGN 1
| #define HAVE_FMAX 1
| #define HAVE_LROUND 1
| #define HAVE_GETOPT_LONG 1
| #define RETSIGTYPE void
| #define HAVE_V4L 1
| /* end confdefs.h.  */
| #include <pthread.h>
| int
| main ()
| {
| pthread_t th; pthread_join(th, 0);
|                      pthread_attr_init(0); pthread_cleanup_push(0, 0);
|                      pthread_create(0,0,0,0); pthread_cleanup_pop(0);
|   ;
|   return 0;
| }
configure:23457: result: no
configure:23338: checking whether pthreads work with -kthread
configure:23424: gcc -o conftest -g -O2 -kthread   conftest.c  -lm  >&5
gcc: unrecognized option '-kthread'
/tmp/ccEVdGen.o: In function `main':/root/hvirtual/mjpegtools-1.6.3-rc1/conftest.c:46: undefined reference to `pthread_join'
:/root/hvirtual/mjpegtools-1.6.3-rc1/conftest.c:47: undefined reference to `__pthread_register_cancel'
:/root/hvirtual/mjpegtools-1.6.3-rc1/conftest.c:48: undefined reference to `pthread_create'
:/root/hvirtual/mjpegtools-1.6.3-rc1/conftest.c:48: undefined reference to `__pthread_unregister_cancel'
collect2: ld returned 1 exit status
configure:23430: $? = 1
configure: failed program was:
| /* confdefs.h.  */
| 
| #define PACKAGE_NAME "mjpegtools"
| #define PACKAGE_TARNAME "mjpegtools"
| #define PACKAGE_VERSION "1.6.3-rc1"
| #define PACKAGE_STRING "mjpegtools 1.6.3-rc1"
| #define PACKAGE_BUGREPORT "mjpeg-developer@lists.sourceforge.net"
| #define PACKAGE "mjpegtools"
| #define VERSION "1.6.3-rc1"
| #define _GNU_SOURCE 1
| #define STDC_HEADERS 1
| #define HAVE_SYS_TYPES_H 1
| #define HAVE_SYS_STAT_H 1
| #define HAVE_STDLIB_H 1
| #define HAVE_STRING_H 1
| #define HAVE_MEMORY_H 1
| #define HAVE_STRINGS_H 1
| #define HAVE_INTTYPES_H 1
| #define HAVE_STDINT_H 1
| #define HAVE_UNISTD_H 1
| #define HAVE_DLFCN_H 1
| #ifdef __cplusplus
| extern "C" void std::exit (int) throw (); using std::exit;
| #endif
| #define HAVE_FENV_H 1
| #define HAVE_STDINT_H 1
| #define HAVE_INTTYPES_H 1
| #define HAVE_SYS_TYPES_H 1
| #define HAVE_GETOPT_H 1
| #define HAVE_ALLOCA_H 1
| #define HAVE_SYS_SOUNDCARD_H 1
| #define HAVE_MALLOC_H 1
| #define HAVE_LIBM 1
| #define HAVE_POSIX_MEMALIGN 1
| #define HAVE_MEMALIGN 1
| #define HAVE_FMAX 1
| #define HAVE_LROUND 1
| #define HAVE_GETOPT_LONG 1
| #define RETSIGTYPE void
| #define HAVE_V4L 1
| /* end confdefs.h.  */
| #include <pthread.h>
| int
| main ()
| {
| pthread_t th; pthread_join(th, 0);
|                      pthread_attr_init(0); pthread_cleanup_push(0, 0);
|                      pthread_create(0,0,0,0); pthread_cleanup_pop(0);
|   ;
|   return 0;
| }
configure:23457: result: no
configure:23386: checking for the pthreads library -llthread
configure:23424: gcc -o conftest -g -O2    conftest.c -llthread -lm  >&5
/usr/bin/ld: cannot find -llthread
collect2: ld returned 1 exit status
configure:23430: $? = 1
configure: failed program was:
| /* confdefs.h.  */
| 
| #define PACKAGE_NAME "mjpegtools"
| #define PACKAGE_TARNAME "mjpegtools"
| #define PACKAGE_VERSION "1.6.3-rc1"
| #define PACKAGE_STRING "mjpegtools 1.6.3-rc1"
| #define PACKAGE_BUGREPORT "mjpeg-developer@lists.sourceforge.net"
| #define PACKAGE "mjpegtools"
| #define VERSION "1.6.3-rc1"
| #define _GNU_SOURCE 1
| #define STDC_HEADERS 1
| #define HAVE_SYS_TYPES_H 1
| #define HAVE_SYS_STAT_H 1
| #define HAVE_STDLIB_H 1
| #define HAVE_STRING_H 1
| #define HAVE_MEMORY_H 1
| #define HAVE_STRINGS_H 1
| #define HAVE_INTTYPES_H 1
| #define HAVE_STDINT_H 1
| #define HAVE_UNISTD_H 1
| #define HAVE_DLFCN_H 1
| #ifdef __cplusplus
| extern "C" void std::exit (int) throw (); using std::exit;
| #endif
| #define HAVE_FENV_H 1
| #define HAVE_STDINT_H 1
| #define HAVE_INTTYPES_H 1
| #define HAVE_SYS_TYPES_H 1
| #define HAVE_GETOPT_H 1
| #define HAVE_ALLOCA_H 1
| #define HAVE_SYS_SOUNDCARD_H 1
| #define HAVE_MALLOC_H 1
| #define HAVE_LIBM 1
| #define HAVE_POSIX_MEMALIGN 1
| #define HAVE_MEMALIGN 1
| #define HAVE_FMAX 1
| #define HAVE_LROUND 1
| #define HAVE_GETOPT_LONG 1
| #define RETSIGTYPE void
| #define HAVE_V4L 1
| /* end confdefs.h.  */
| #include <pthread.h>
| int
| main ()
| {
| pthread_t th; pthread_join(th, 0);
|                      pthread_attr_init(0); pthread_cleanup_push(0, 0);
|                      pthread_create(0,0,0,0); pthread_cleanup_pop(0);
|   ;
|   return 0;
| }
configure:23457: result: no
configure:23338: checking whether pthreads work with -pthread
configure:23424: gcc -o conftest -g -O2 -pthread   conftest.c  -lm  >&5
configure:23430: $? = 0
configure:23434: test -z 
			 || test ! -s conftest.err
configure:23437: $? = 0
configure:23440: test -s conftest
configure:23443: $? = 0
configure:23457: result: yes
configure:23477: checking for joinable pthread attribute
configure:23495: gcc -o conftest -g -O2 -pthread   conftest.c  -lm  >&5
configure:23501: $? = 0
configure:23505: test -z 
			 || test ! -s conftest.err
configure:23508: $? = 0
configure:23511: test -s conftest
configure:23514: $? = 0
configure:23580: result: PTHREAD_CREATE_JOINABLE
configure:23587: checking if more special flags are required for pthreads
configure:23594: result: no
configure:23606: checking for cc_r
configure:23633: result: gcc
configure:23673: checking for pthread_attr_getstacksize
configure:23730: gcc -o conftest -g -O2 -pthread   conftest.c -lm   >&5
configure:23736: $? = 0
configure:23740: test -z 
			 || test ! -s conftest.err
configure:23743: $? = 0
configure:23746: test -s conftest
configure:23749: $? = 0
configure:23761: result: yes
configure:23796: checking for jpeg_start_compress in -ljpeg-mmx
configure:23826: gcc -o conftest -g -O2 -pthread -I/usr/local/src/jpeg-mmx   conftest.c -ljpeg-mmx  -lm  -L/usr/local/src/jpeg-mmx >&5
/usr/bin/ld: cannot find -ljpeg-mmx
collect2: ld returned 1 exit status
configure:23832: $? = 1
configure: failed program was:
| /* confdefs.h.  */
| 
| #define PACKAGE_NAME "mjpegtools"
| #define PACKAGE_TARNAME "mjpegtools"
| #define PACKAGE_VERSION "1.6.3-rc1"
| #define PACKAGE_STRING "mjpegtools 1.6.3-rc1"
| #define PACKAGE_BUGREPORT "mjpeg-developer@lists.sourceforge.net"
| #define PACKAGE "mjpegtools"
| #define VERSION "1.6.3-rc1"
| #define _GNU_SOURCE 1
| #define STDC_HEADERS 1
| #define HAVE_SYS_TYPES_H 1
| #define HAVE_SYS_STAT_H 1
| #define HAVE_STDLIB_H 1
| #define HAVE_STRING_H 1
| #define HAVE_MEMORY_H 1
| #define HAVE_STRINGS_H 1
| #define HAVE_INTTYPES_H 1
| #define HAVE_STDINT_H 1
| #define HAVE_UNISTD_H 1
| #define HAVE_DLFCN_H 1
| #ifdef __cplusplus
| extern "C" void std::exit (int) throw (); using std::exit;
| #endif
| #define HAVE_FENV_H 1
| #define HAVE_STDINT_H 1
| #define HAVE_INTTYPES_H 1
| #define HAVE_SYS_TYPES_H 1
| #define HAVE_GETOPT_H 1
| #define HAVE_ALLOCA_H 1
| #define HAVE_SYS_SOUNDCARD_H 1
| #define HAVE_MALLOC_H 1
| #define HAVE_LIBM 1
| #define HAVE_POSIX_MEMALIGN 1
| #define HAVE_MEMALIGN 1
| #define HAVE_FMAX 1
| #define HAVE_LROUND 1
| #define HAVE_GETOPT_LONG 1
| #define RETSIGTYPE void
| #define HAVE_V4L 1
| #define HAVE_PTHREAD 1
| #define HAVE_PTHREADSTACKSIZE 1
| /* end confdefs.h.  */
| 
| /* Override any gcc2 internal prototype to avoid an error.  */
| #ifdef __cplusplus
| extern "C"
| #endif
| /* We use char because int might match the return type of a gcc2
|    builtin and then its argument prototype would still apply.  */
| char jpeg_start_compress ();
| int
| main ()
| {
| jpeg_start_compress ();
|   ;
|   return 0;
| }
configure:23858: result: no
configure:23880: checking jpeglib.h usability
configure:23892: gcc -c -g -O2 -pthread  conftest.c >&5
configure:23898: $? = 0
configure:23902: test -z 
			 || test ! -s conftest.err
configure:23905: $? = 0
configure:23908: test -s conftest.o
configure:23911: $? = 0
configure:23921: result: yes
configure:23925: checking jpeglib.h presence
configure:23935: gcc -E  conftest.c
configure:23941: $? = 0
configure:23961: result: yes
configure:23996: checking for jpeglib.h
configure:24003: result: yes
configure:24016: checking for jpeg_start_compress in -ljpeg
configure:24046: gcc -o conftest -g -O2 -pthread   conftest.c -ljpeg  -lm  >&5
configure:24052: $? = 0
configure:24056: test -z 
			 || test ! -s conftest.err
configure:24059: $? = 0
configure:24062: test -s conftest
configure:24065: $? = 0
configure:24078: result: yes
configure:24096: checking for pkg-config
configure:24114: found /usr/bin/pkg-config
configure:24127: result: /usr/bin/pkg-config
configure:24144: checking for libquicktime >= 0.9.4
configure:24249: checking for libpng
configure:24253: result: yes
configure:24257: checking LIBPNG_CFLAGS
configure:24260: result: -I/usr/include/libpng12  
configure:24263: checking LIBPNG_LIBS
configure:24266: result: -lpng12  
configure:24359: checking for libdv >= 0.9
configure:24408: checking for X
configure:24513: gcc -E  conftest.c
configure:24519: $? = 0
configure:24569: gcc -o conftest -g -O2 -pthread   conftest.c -lXt -lm  >&5
configure:24575: $? = 0
configure:24579: test -z 
			 || test ! -s conftest.err
configure:24582: $? = 0
configure:24585: test -s conftest
configure:24588: $? = 0
configure:24638: result: libraries , headers 
configure:24810: gcc -o conftest -g -O2 -pthread   conftest.c -lm   -lX11 >&5
configure:24816: $? = 0
configure:24820: test -z 
			 || test ! -s conftest.err
configure:24823: $? = 0
configure:24826: test -s conftest
configure:24829: $? = 0
configure:24987: checking for gethostbyname
configure:25044: gcc -o conftest -g -O2 -pthread   conftest.c -lm  >&5
configure:25050: $? = 0
configure:25054: test -z 
			 || test ! -s conftest.err
configure:25057: $? = 0
configure:25060: test -s conftest
configure:25063: $? = 0
configure:25075: result: yes
configure:25226: checking for connect
configure:25283: gcc -o conftest -g -O2 -pthread   conftest.c -lm  >&5
configure:25289: $? = 0
configure:25293: test -z 
			 || test ! -s conftest.err
configure:25296: $? = 0
configure:25299: test -s conftest
configure:25302: $? = 0
configure:25314: result: yes
configure:25389: checking for remove
configure:25446: gcc -o conftest -g -O2 -pthread   conftest.c -lm  >&5
configure:25452: $? = 0
configure:25456: test -z 
			 || test ! -s conftest.err
configure:25459: $? = 0
configure:25462: test -s conftest
configure:25465: $? = 0
configure:25477: result: yes
configure:25552: checking for shmat
configure:25609: gcc -o conftest -g -O2 -pthread   conftest.c -lm  >&5
configure:25615: $? = 0
configure:25619: test -z 
			 || test ! -s conftest.err
configure:25622: $? = 0
configure:25625: test -s conftest
configure:25628: $? = 0
configure:25640: result: yes
configure:25724: checking for IceConnectionNumber in -lICE
configure:25754: gcc -o conftest -g -O2 -pthread   conftest.c -lICE  -lm  >&5
configure:25760: $? = 0
configure:25764: test -z 
			 || test ! -s conftest.err
configure:25767: $? = 0
configure:25770: test -s conftest
configure:25773: $? = 0
configure:25786: result: yes
configure:25808: checking for __progname
configure:25830: gcc -o conftest -g -O2 -pthread   conftest.c -lm  >&5
configure:25836: $? = 0
configure:25840: test -z 
			 || test ! -s conftest.err
configure:25843: $? = 0
configure:25846: test -s conftest
configure:25849: $? = 0
configure:25861: result: yes
configure:25872: checking for XF86DGAQueryExtension in -lXxf86dga
configure:25902: gcc -o conftest -g -O2 -pthread   conftest.c -lXxf86dga   -lSM -lICE -lXext -lX11  -lm  >&5
configure:25908: $? = 0
configure:25912: test -z 
			 || test ! -s conftest.err
configure:25915: $? = 0
configure:25918: test -s conftest
configure:25921: $? = 0
configure:25934: result: yes
configure:26000: checking for gtk+-2.0 >= 2.4.0
configure:26004: result: yes
configure:26008: checking GTK_CFLAGS
configure:26011: result: -I/usr/include/gtk-2.0 -I/usr/lib64/gtk-2.0/include -I/usr/include/atk-1.0 -I/usr/include/cairo -I/usr/include/pango-1.0 -I/usr/include/glib-2.0 -I/usr/lib64/glib-2.0/include  
configure:26014: checking GTK_LIBS
configure:26017: result: -lgtk-x11-2.0 -lgdk-x11-2.0 -latk-1.0 -lgdk_pixbuf-2.0 -lm -lpangocairo-1.0 -lpango-1.0 -lcairo -lgobject-2.0 -lgmodule-2.0 -ldl -lglib-2.0  
configure:26094: checking for sdl-config
configure:26112: found /usr/bin/sdl-config
configure:26125: result: /usr/bin/sdl-config
configure:26133: checking for SDL - version >= 1.1.3
configure:26225: gcc -o conftest -g -O2 -pthread -I/usr/include/SDL -D_REENTRANT   conftest.c -lm  -L/usr/lib64 -lSDL -lpthread >&5
configure:26228: $? = 0
configure:26230: ./conftest
configure:26233: $? = 0
configure:26252: result: yes
configure:26369: checking Architecture
configure:26384: result: x86_64
configure:26427: checking if C compiler accepts inline MMX assembly
configure:26445: gcc -c -g -O2 -pthread  conftest.c >&5
configure:26451: $? = 0
configure:26455: test -z 
			 || test ! -s conftest.err
configure:26458: $? = 0
configure:26461: test -s conftest.o
configure:26464: $? = 0
configure:26475: result: yes
configure:26559: checking sub-architecture settings
configure:26568: result: -march=k8 -mtune=k8
configure:26656: checking what warning flags to pass to the C compiler
configure:26676: result: -Wall -Wunused
configure:26678: result: 
configure:26936: creating ./config.status

## ---------------------- ##
## Running config.status. ##
## ---------------------- ##

This file was extended by mjpegtools config.status 1.6.3-rc1, which was
generated by GNU Autoconf 2.59.  Invocation command line was

  CONFIG_FILES    = 
  CONFIG_HEADERS  = 
  CONFIG_LINKS    = 
  CONFIG_COMMANDS = 
  $ ./config.status 

on heroine

config.status:792: creating Makefile
config.status:792: creating debian/Makefile
config.status:792: creating debian/control
config.status:792: creating docs/Makefile
config.status:792: creating lavtools/Makefile
config.status:792: creating yuvdenoise/Makefile
config.status:792: creating yuvdeinterlace/Makefile
config.status:792: creating y4munsharp/Makefile
config.status:792: creating yuvfilters/Makefile
config.status:792: creating mpeg2enc/Makefile
config.status:792: creating aenc/Makefile
config.status:792: creating mplex/Makefile
config.status:792: creating scripts/Makefile
config.status:792: creating utils/Makefile
config.status:792: creating utils/altivec/Makefile
config.status:792: creating utils/mmxsse/Makefile
config.status:792: creating y4mdenoise/Makefile
config.status:792: creating mjpegtools.pc
config.status:792: creating mjpegtools.spec
config.status:896: creating config.h
config.status:1072: config.h is unchanged
config.status:1252: executing depfiles commands
configure:28331: 
configure:28333:  MJPEG tools 1.6.3-rc1 build configuration :
configure:28335: 
configure:28338:   - X86 Optimizations:
configure:28340:     - MMX/3DNow!/SSE enabled      : true
configure:28350:   - arch/cpu compiler flags       : -march=k8 -mtune=k8
configure:28353:   - video4linux recording/playback: true
configure:28355:   - software MJPEG playback       : true
configure:28357:   - MPEG Z/Alpha                  : false
configure:28359:   - Quicktime playback/recording  : false
configure:28361:   - PNG input support             : true
configure:28363:   - AVI MJPEG playback/recording  : true (always)
configure:28365:   - libDV (digital video) support : false 
configure:28367:   - Gtk+ support for glav         : true
configure:28369: 

## ---------------- ##
## Cache variables. ##
## ---------------- ##

ac_cv_build=x86_64-unknown-linux-gnu
ac_cv_build_alias=x86_64-unknown-linux-gnu
ac_cv_c_bigendian=no
ac_cv_c_compiler_gnu=yes
ac_cv_c_const=yes
ac_cv_c_inline=inline
ac_cv_cxx_compiler_gnu=yes
ac_cv_env_CCASFLAGS_set=
ac_cv_env_CCASFLAGS_value=
ac_cv_env_CCAS_set=
ac_cv_env_CCAS_value=
ac_cv_env_CC_set=
ac_cv_env_CC_value=
ac_cv_env_CFLAGS_set=
ac_cv_env_CFLAGS_value=
ac_cv_env_CPPFLAGS_set=
ac_cv_env_CPPFLAGS_value=
ac_cv_env_CPP_set=
ac_cv_env_CPP_value=
ac_cv_env_CXXCPP_set=
ac_cv_env_CXXCPP_value=
ac_cv_env_CXXFLAGS_set=
ac_cv_env_CXXFLAGS_value=
ac_cv_env_CXX_set=
ac_cv_env_CXX_value=
ac_cv_env_F77_set=
ac_cv_env_F77_value=
ac_cv_env_FFLAGS_set=
ac_cv_env_FFLAGS_value=
ac_cv_env_LDFLAGS_set=
ac_cv_env_LDFLAGS_value=
ac_cv_env_build_alias_set=
ac_cv_env_build_alias_value=
ac_cv_env_host_alias_set=
ac_cv_env_host_alias_value=
ac_cv_env_target_alias_set=
ac_cv_env_target_alias_value=
ac_cv_exeext=
ac_cv_f77_compiler_gnu=yes
ac_cv_func_connect=yes
ac_cv_func_fmax=yes
ac_cv_func_gethostbyname=yes
ac_cv_func_getopt_long=yes
ac_cv_func_lround=yes
ac_cv_func_memalign=yes
ac_cv_func_posix_memalign=yes
ac_cv_func_pthread_attr_getstacksize=yes
ac_cv_func_remove=yes
ac_cv_func_shmat=yes
ac_cv_have_x='have_x=yes 		ac_x_includes= ac_x_libraries='
ac_cv_header_alloca_h=yes
ac_cv_header_dlfcn_h=yes
ac_cv_header_fenv_h=yes
ac_cv_header_getopt_h=yes
ac_cv_header_inttypes_h=yes
ac_cv_header_jpeglib_h=yes
ac_cv_header_linux_videodev_h=yes
ac_cv_header_malloc_h=yes
ac_cv_header_memory_h=yes
ac_cv_header_stdc=yes
ac_cv_header_stdint_h=yes
ac_cv_header_stdlib_h=yes
ac_cv_header_string_h=yes
ac_cv_header_strings_h=yes
ac_cv_header_sys_soundcard_h=yes
ac_cv_header_sys_stat_h=yes
ac_cv_header_sys_types_h=yes
ac_cv_header_unistd_h=yes
ac_cv_host=x86_64-unknown-linux-gnu
ac_cv_host_alias=x86_64-unknown-linux-gnu
ac_cv_lib_ICE_IceConnectionNumber=yes
ac_cv_lib_Xxf86dga_XF86DGAQueryExtension=yes
ac_cv_lib_jpeg_jpeg_start_compress=yes
ac_cv_lib_jpeg_mmx_jpeg_start_compress=no
ac_cv_lib_m_sin=yes
ac_cv_objext=o
ac_cv_path_PKG_CONFIG=/usr/bin/pkg-config
ac_cv_path_SDL_CONFIG=/usr/bin/sdl-config
ac_cv_path_install='/usr/bin/install -c'
ac_cv_prog_AWK=gawk
ac_cv_prog_CPP='gcc -E'
ac_cv_prog_CXXCPP='g++ -E'
ac_cv_prog_PTHREAD_CC=gcc
ac_cv_prog_ac_ct_AR=ar
ac_cv_prog_ac_ct_CC=gcc
ac_cv_prog_ac_ct_CXX=g++
ac_cv_prog_ac_ct_F77=g77
ac_cv_prog_ac_ct_RANLIB=ranlib
ac_cv_prog_ac_ct_STRIP=strip
ac_cv_prog_cc_g=yes
ac_cv_prog_cc_stdc=
ac_cv_prog_cxx_g=yes
ac_cv_prog_egrep='grep -E'
ac_cv_prog_f77_g=yes
ac_cv_prog_make_make_set=yes
ac_cv_sys_file_offset_bits=no
ac_cv_sys_large_files=no
ac_cv_sys_largefile_CC=no
ac_cv_target=x86_64-unknown-linux-gnu
ac_cv_target_alias=x86_64-unknown-linux-gnu
ac_cv_type_signal=void
am_cv_CC_dependencies_compiler_type=gcc3
am_cv_CXX_dependencies_compiler_type=gcc3
am_cv_prog_cc_stdc=
lt_cv_deplibs_check_method=pass_all
lt_cv_file_magic_cmd='$MAGIC_CMD'
lt_cv_file_magic_test_file='/lib/libc.so.6 /lib/libc-2.3.5.so /lib/libc-2.4.so'
lt_cv_ld_reload_flag=-r
lt_cv_objdir=.libs
lt_cv_path_LD=/usr/bin/ld
lt_cv_path_LDCXX='/usr/bin/ld -m elf_x86_64'
lt_cv_path_NM='/usr/bin/nm -B'
lt_cv_path_SED=/bin/sed
lt_cv_prog_compiler_c_o=yes
lt_cv_prog_compiler_c_o_CXX=yes
lt_cv_prog_compiler_c_o_F77=yes
lt_cv_prog_compiler_rtti_exceptions=no
lt_cv_prog_gnu_ld=yes
lt_cv_prog_gnu_ldcxx=yes
lt_cv_sys_global_symbol_pipe='sed -n -e '\''s/^.*[ 	]\([ABCDGIRSTW][ABCDGIRSTW]*\)[ 	][ 	]*\(\)\([_A-Za-z][_A-Za-z0-9]*\)$/\1 \2\3 \3/p'\'''
lt_cv_sys_global_symbol_to_c_name_address='sed -n -e '\''s/^: \([^ ]*\) $/  {\"\1\", (lt_ptr) 0},/p'\'' -e '\''s/^[BCDEGRST] \([^ ]*\) \([^ ]*\)$/  {"\2", (lt_ptr) \&\2},/p'\'''
lt_cv_sys_global_symbol_to_cdecl='sed -n -e '\''s/^. .* \(.*\)$/extern int \1;/p'\'''
lt_cv_sys_max_cmd_len=32768
lt_lt_cv_prog_compiler_c_o='"yes"'
lt_lt_cv_prog_compiler_c_o_CXX='"yes"'
lt_lt_cv_prog_compiler_c_o_F77='"yes"'
lt_lt_cv_sys_global_symbol_pipe='"sed -n -e '\''s/^.*[ 	]\\([ABCDGIRSTW][ABCDGIRSTW]*\\)[ 	][ 	]*\\(\\)\\([_A-Za-z][_A-Za-z0-9]*\\)\$/\\1 \\2\\3 \\3/p'\''"'
lt_lt_cv_sys_global_symbol_to_c_name_address='"sed -n -e '\''s/^: \\([^ ]*\\) \$/  {\\\"\\1\\\", (lt_ptr) 0},/p'\'' -e '\''s/^[BCDEGRST] \\([^ ]*\\) \\([^ ]*\\)\$/  {\"\\2\", (lt_ptr) \\&\\2},/p'\''"'
lt_lt_cv_sys_global_symbol_to_cdecl='"sed -n -e '\''s/^. .* \\(.*\\)\$/extern int \\1;/p'\''"'
mjt_cv_extern___progname=yes

## ----------------- ##
## Output variables. ##
## ----------------- ##

ACLOCAL='${SHELL} /root/hvirtual/mjpegtools-1.6.3-rc1/missing --run aclocal-1.8'
ALTIVEC_CFLAGS=''
AMDEPBACKSLASH='\'
AMDEP_FALSE='#'
AMDEP_TRUE=''
AMTAR='${SHELL} /root/hvirtual/mjpegtools-1.6.3-rc1/missing --run tar'
AR='ar'
AUTOCONF='${SHELL} /root/hvirtual/mjpegtools-1.6.3-rc1/missing --run autoconf'
AUTOHEADER='${SHELL} /root/hvirtual/mjpegtools-1.6.3-rc1/missing --run autoheader'
AUTOMAKE='${SHELL} /root/hvirtual/mjpegtools-1.6.3-rc1/missing --run automake-1.8'
AWK='gawk'
CC='gcc'
CCAS='gcc'
CCASFLAGS='-g -O2'
CCDEPMODE='depmode=gcc3'
CFLAGS='-march=k8 -mtune=k8 -g -O2 -pthread -Wall -Wunused'
CPP='gcc -E'
CPPFLAGS=''
CXX='g++'
CXXCPP='g++ -E'
CXXDEPMODE='depmode=gcc3'
CXXFLAGS='-march=k8 -mtune=k8 -g -O2 -pthread '
CYGPATH_W='echo'
DEFS='-DHAVE_CONFIG_H'
DEPDIR='.deps'
ECHO='echo'
ECHO_C=''
ECHO_N='-n'
ECHO_T=''
EGREP='grep -E'
EXEEXT=''
F77='g77'
FFLAGS='-g -O2'
GTK_CFLAGS='-I/usr/include/gtk-2.0 -I/usr/lib64/gtk-2.0/include -I/usr/include/atk-1.0 -I/usr/include/cairo -I/usr/include/pango-1.0 -I/usr/include/glib-2.0 -I/usr/lib64/glib-2.0/include  '
GTK_LIBS='-lgtk-x11-2.0 -lgdk-x11-2.0 -latk-1.0 -lgdk_pixbuf-2.0 -lm -lpangocairo-1.0 -lpango-1.0 -lcairo -lgobject-2.0 -lgmodule-2.0 -ldl -lglib-2.0  '
HAVE_ALTIVEC_FALSE=''
HAVE_ALTIVEC_TRUE='#'
HAVE_ASM_MMX_FALSE='#'
HAVE_ASM_MMX_TRUE=''
HAVE_GTK_FALSE='#'
HAVE_GTK_TRUE=''
HAVE_LIBPNG_FALSE='#'
HAVE_LIBPNG_TRUE=''
HAVE_PPCCPU_FALSE=''
HAVE_PPCCPU_TRUE='#'
HAVE_SDL_FALSE='#'
HAVE_SDL_TRUE=''
HAVE_V4L_FALSE='#'
HAVE_V4L_OR_SDL_FALSE='#'
HAVE_V4L_OR_SDL_TRUE=''
HAVE_V4L_TRUE=''
HAVE_X86CPU_FALSE='#'
HAVE_X86CPU_TRUE=''
HAVE_X_FALSE='#'
HAVE_X_TRUE=''
HAVE_ZALPHA_FALSE=''
HAVE_ZALPHA_TRUE='#'
INSTALL_DATA='${INSTALL} -m 644'
INSTALL_PROGRAM='${INSTALL}'
INSTALL_SCRIPT='${INSTALL}'
INSTALL_STRIP_PROGRAM='${SHELL} $(install_sh) -c -s'
JPEG_CFLAGS=''
JPEG_LIBS='-ljpeg'
LDFLAGS=''
LIBDV_CFLAGS=''
LIBDV_LIBS=''
LIBGETOPT_LIB=''
LIBM_LIBS='-lm '
LIBOBJS=''
LIBPNG_CFLAGS='-I/usr/include/libpng12  '
LIBPNG_LIBS='-lpng12  '
LIBQUICKTIME_CFLAGS=''
LIBQUICKTIME_LIBS=''
LIBS='-lm '
LIBTOOL='$(SHELL) $(top_builddir)/libtool'
LN_S='ln -s'
LTLIBOBJS=''
LT_AGE='3'
LT_CURRENT='3'
LT_RELEASE='1.6'
LT_REVISION='3'
MAINT='#'
MAINTAINER_MODE_FALSE=''
MAINTAINER_MODE_TRUE='#'
MAKEINFO='${SHELL} /root/hvirtual/mjpegtools-1.6.3-rc1/missing --run makeinfo'
OBJEXT='o'
PACKAGE='mjpegtools'
PACKAGE_BUGREPORT='mjpeg-developer@lists.sourceforge.net'
PACKAGE_NAME='mjpegtools'
PACKAGE_STRING='mjpegtools 1.6.3-rc1'
PACKAGE_TARNAME='mjpegtools'
PACKAGE_VERSION='1.6.3-rc1'
PATH_SEPARATOR=':'
PKG_CONFIG='/usr/bin/pkg-config'
PROGRAM_NOPIC='-fno-PIC'
PTHREAD_CC='gcc'
PTHREAD_CFLAGS='-pthread'
PTHREAD_LIBS=''
RANLIB='ranlib'
SDL_CFLAGS='-I/usr/include/SDL -D_REENTRANT'
SDL_CONFIG='/usr/bin/sdl-config'
SDL_LIBS='-L/usr/lib64 -lSDL -lpthread'
SET_MAKE=''
SHELL='/bin/sh'
STRIP='strip'
V4LCONF_LIBS=' -lXxf86dga'
VERSION='1.6.3-rc1'
X_CFLAGS=''
X_EXTRA_LIBS=''
X_LIBS=''
X_PRE_LIBS=' -lSM -lICE'
ac_ct_AR='ar'
ac_ct_CC='gcc'
ac_ct_CXX='g++'
ac_ct_F77='g77'
ac_ct_RANLIB='ranlib'
ac_ct_STRIP='strip'
acx_pthread_config=''
am__fastdepCC_FALSE='#'
am__fastdepCC_TRUE=''
am__fastdepCXX_FALSE='#'
am__fastdepCXX_TRUE=''
am__include='include'
am__leading_dot='.'
am__quote=''
bindir='${exec_prefix}/bin'
build='x86_64-unknown-linux-gnu'
build_alias=''
build_cpu='x86_64'
build_os='linux-gnu'
build_vendor='unknown'
datadir='${prefix}/share'
exec_prefix='${prefix}'
host='x86_64-unknown-linux-gnu'
host_alias=''
host_cpu='x86_64'
host_os='linux-gnu'
host_vendor='unknown'
includedir='${prefix}/include'
infodir='${prefix}/info'
install_sh='/root/hvirtual/mjpegtools-1.6.3-rc1/install-sh'
libdir='${exec_prefix}/lib'
libexecdir='${exec_prefix}/libexec'
localstatedir='${prefix}/var'
mandir='${prefix}/man'
mkdir_p='mkdir -p -- .'
oldincludedir='/usr/include'
prefix='/usr/local'
program_transform_name='s,x,x,'
sbindir='${exec_prefix}/sbin'
sharedstatedir='${prefix}/com'
sysconfdir='${prefix}/etc'
target='x86_64-unknown-linux-gnu'
target_alias=''
target_cpu='x86_64'
target_os='linux-gnu'
target_vendor='unknown'

## ----------- ##
## confdefs.h. ##
## ----------- ##

#define HAVE_ALLOCA_H 1
#define HAVE_ASM_MMX 1
#define HAVE_DLFCN_H 1
#define HAVE_FENV_H 1
#define HAVE_FMAX 1
#define HAVE_GETOPT_H 1
#define HAVE_GETOPT_LONG 1
#define HAVE_INTTYPES_H 1
#define HAVE_INTTYPES_H 1
#define HAVE_LIBM 1
#define HAVE_LIBXXF86DGA 1
#define HAVE_LROUND 1
#define HAVE_MALLOC_H 1
#define HAVE_MEMALIGN 1
#define HAVE_MEMORY_H 1
#define HAVE_POSIX_MEMALIGN 1
#define HAVE_PTHREAD 1
#define HAVE_PTHREADSTACKSIZE 1
#define HAVE_SDL 1
#define HAVE_STDINT_H 1
#define HAVE_STDINT_H 1
#define HAVE_STDLIB_H 1
#define HAVE_STRINGS_H 1
#define HAVE_STRING_H 1
#define HAVE_SYS_SOUNDCARD_H 1
#define HAVE_SYS_STAT_H 1
#define HAVE_SYS_TYPES_H 1
#define HAVE_SYS_TYPES_H 1
#define HAVE_UNISTD_H 1
#define HAVE_V4L 1
#define HAVE_X86CPU 1
#define HAVE___PROGNAME 1
#define MJPEGTOOLS 1
#define PACKAGE "mjpegtools"
#define PACKAGE_BUGREPORT "mjpeg-developer@lists.sourceforge.net"
#define PACKAGE_NAME "mjpegtools"
#define PACKAGE_STRING "mjpegtools 1.6.3-rc1"
#define PACKAGE_TARNAME "mjpegtools"
#define PACKAGE_VERSION "1.6.3-rc1"
#define RETSIGTYPE void
#define STDC_HEADERS 1
#define VERSION "1.6.3-rc1"
#define _GNU_SOURCE 1
#endif
#ifdef __cplusplus
extern "C" void std::exit (int) throw (); using std::exit;

configure: exit 0
