This file contains any messages produced by compilers while
running configure, to aid debugging if configure makes a mistake.

configure:567: checking for a BSD compatible install
configure:620: checking whether build environment is sane
configure:677: checking whether make -j 4 sets ${MAKE}
configure:723: checking for working aclocal
configure:736: checking for working autoconf
configure:749: checking for working automake
configure:762: checking for working autoheader
configure:775: checking for working makeinfo
configure:795: checking for gcc
configure:908: checking whether the C compiler (gcc -O3 -march=i686 -fmessage-length=0 -funroll-all-loops -fomit-frame-pointer -malign-loops=2 -malign-jumps=2 -malign-functions=2 -I/usr/local/include ) works
configure:924: gcc -o conftest -O3 -march=i686 -fmessage-length=0 -funroll-all-loops -fomit-frame-pointer -malign-loops=2 -malign-jumps=2 -malign-functions=2 -I/usr/local/include   conftest.c  1>&5
configure:950: checking whether the C compiler (gcc -O3 -march=i686 -fmessage-length=0 -funroll-all-loops -fomit-frame-pointer -malign-loops=2 -malign-jumps=2 -malign-functions=2 -I/usr/local/include ) is a cross-compiler
configure:955: checking whether we are using GNU C
configure:983: checking whether gcc accepts -g
configure:1090: checking host system type
configure:1111: checking build system type
configure:1131: checking for ranlib
configure:1170: checking for ld used by GCC
configure:1232: checking if the linker (/usr/bin/ld) is GNU ld
configure:1248: checking for BSD-compatible nm
configure:1284: checking whether ln -s works
ltconfig:603: checking for object suffix
ltconfig:604: gcc -c -O3 -march=i686 -fmessage-length=0 -funroll-all-loops -fomit-frame-pointer -malign-loops=2 -malign-jumps=2 -malign-functions=2 -I/usr/local/include  conftest.c 1>&5
ltconfig:776: checking if gcc PIC flag -fPIC works
ltconfig:777: gcc -c -O3 -march=i686 -fmessage-length=0 -funroll-all-loops -fomit-frame-pointer -malign-loops=2 -malign-jumps=2 -malign-functions=2 -I/usr/local/include -fPIC -DPIC  conftest.c 1>&5
ltconfig:829: checking if gcc supports -c -o file.o
ltconfig:830: gcc -c -O3 -march=i686 -fmessage-length=0 -funroll-all-loops -fomit-frame-pointer -malign-loops=2 -malign-jumps=2 -malign-functions=2 -I/usr/local/include -o out/conftest2.o  conftest.c 1>&5
ltconfig:862: checking if gcc supports -c -o file.lo
ltconfig:863: gcc -c -O3 -march=i686 -fmessage-length=0 -funroll-all-loops -fomit-frame-pointer -malign-loops=2 -malign-jumps=2 -malign-functions=2 -I/usr/local/include -c -o conftest.lo  conftest.c 1>&5
ltconfig:914: checking if gcc supports -fno-rtti -fno-exceptions
ltconfig:915: gcc -c -O3 -march=i686 -fmessage-length=0 -funroll-all-loops -fomit-frame-pointer -malign-loops=2 -malign-jumps=2 -malign-functions=2 -I/usr/local/include -fno-rtti -fno-exceptions -c conftest.c  conftest.c 1>&5
ltconfig:958: checking if gcc static flag -static works
ltconfig:959: gcc -o conftest -O3 -march=i686 -fmessage-length=0 -funroll-all-loops -fomit-frame-pointer -malign-loops=2 -malign-jumps=2 -malign-functions=2 -I/usr/local/include   -static conftest.c  1>&5
GNU ld version 2.11.90.0.8 (with BFD 2.11.90.0.8)
ltconfig:1653: checking if global_symbol_pipe works
ltconfig:1654: gcc -c -O3 -march=i686 -fmessage-length=0 -funroll-all-loops -fomit-frame-pointer -malign-loops=2 -malign-jumps=2 -malign-functions=2 -I/usr/local/include  conftest.c 1>&5
ltconfig:1657: eval "/usr/bin/nm -B conftest.o | sed -n -e 's/^.*[ 	]\([ABCDGISTW]\)[ 	][ 	]*\(\)\([_A-Za-z][_A-Za-z0-9]*\)$/\1 \2\3 \3/p' > conftest.nm"
ltconfig:1709: gcc -o conftest -O3 -march=i686 -fmessage-length=0 -funroll-all-loops -fomit-frame-pointer -malign-loops=2 -malign-jumps=2 -malign-functions=2 -I/usr/local/include -fno-builtin -fno-rtti -fno-exceptions   conftest.c conftstm.o 1>&5
ltconfig:603: checking for object suffix
ltconfig:604: gcc -c -O3 -march=i686 -fmessage-length=0 -funroll-all-loops -fomit-frame-pointer -malign-loops=2 -malign-jumps=2 -malign-functions=2 -I/usr/local/include  conftest.c 1>&5
ltconfig:776: checking if gcc PIC flag -fPIC works
ltconfig:777: gcc -c -O3 -march=i686 -fmessage-length=0 -funroll-all-loops -fomit-frame-pointer -malign-loops=2 -malign-jumps=2 -malign-functions=2 -I/usr/local/include -fPIC -DPIC  conftest.c 1>&5
ltconfig:829: checking if gcc supports -c -o file.o
ltconfig:830: gcc -c -O3 -march=i686 -fmessage-length=0 -funroll-all-loops -fomit-frame-pointer -malign-loops=2 -malign-jumps=2 -malign-functions=2 -I/usr/local/include -o out/conftest2.o  conftest.c 1>&5
ltconfig:862: checking if gcc supports -c -o file.lo
ltconfig:863: gcc -c -O3 -march=i686 -fmessage-length=0 -funroll-all-loops -fomit-frame-pointer -malign-loops=2 -malign-jumps=2 -malign-functions=2 -I/usr/local/include -c -o conftest.lo  conftest.c 1>&5
ltconfig:914: checking if gcc supports -fno-rtti -fno-exceptions
ltconfig:915: gcc -c -O3 -march=i686 -fmessage-length=0 -funroll-all-loops -fomit-frame-pointer -malign-loops=2 -malign-jumps=2 -malign-functions=2 -I/usr/local/include -fno-rtti -fno-exceptions -c conftest.c  conftest.c 1>&5
ltconfig:958: checking if gcc static flag -static works
ltconfig:959: gcc -o conftest -O3 -march=i686 -fmessage-length=0 -funroll-all-loops -fomit-frame-pointer -malign-loops=2 -malign-jumps=2 -malign-functions=2 -I/usr/local/include   -static conftest.c  1>&5
GNU ld version 2.11.90.0.8 (with BFD 2.11.90.0.8)
ltconfig:1653: checking if global_symbol_pipe works
ltconfig:1654: gcc -c -O3 -march=i686 -fmessage-length=0 -funroll-all-loops -fomit-frame-pointer -malign-loops=2 -malign-jumps=2 -malign-functions=2 -I/usr/local/include  conftest.c 1>&5
ltconfig:1657: eval "/usr/bin/nm -B conftest.o | sed -n -e 's/^.*[ 	]\([ABCDGISTW]\)[ 	][ 	]*\(\)\([_A-Za-z][_A-Za-z0-9]*\)$/\1 \2\3 \3/p' > conftest.nm"
ltconfig:1709: gcc -o conftest -O3 -march=i686 -fmessage-length=0 -funroll-all-loops -fomit-frame-pointer -malign-loops=2 -malign-jumps=2 -malign-functions=2 -I/usr/local/include -fno-builtin -fno-rtti -fno-exceptions   conftest.c conftstm.o 1>&5
configure:1550: checking for raw1394_get_errcode in -lraw1394
configure:1569: gcc -o conftest -O3 -march=i686 -fmessage-length=0 -funroll-all-loops -fomit-frame-pointer -malign-loops=2 -malign-jumps=2 -malign-functions=2 -I/usr/local/include   conftest.c -lraw1394   1>&5
configure:1638: checking how to run the C preprocessor
configure:1659: gcc -E  conftest.c >/dev/null 2>conftest.out
configure:1718: checking for ANSI C header files
configure:1731: gcc -E  conftest.c >/dev/null 2>conftest.out
configure:1798: gcc -o conftest -O3 -march=i686 -fmessage-length=0 -funroll-all-loops -fomit-frame-pointer -malign-loops=2 -malign-jumps=2 -malign-functions=2 -I/usr/local/include   conftest.c  1>&5
configure:1825: checking for sys/time.h
configure:1835: gcc -E  conftest.c >/dev/null 2>conftest.out
configure:1825: checking for sys/types.h
configure:1835: gcc -E  conftest.c >/dev/null 2>conftest.out
configure:1825: checking for unistd.h
configure:1835: gcc -E  conftest.c >/dev/null 2>conftest.out
configure:1825: checking for string.h
configure:1835: gcc -E  conftest.c >/dev/null 2>conftest.out
configure:1825: checking for netinet/in.h
configure:1835: gcc -E  conftest.c >/dev/null 2>conftest.out
configure:1825: checking for stdio.h
configure:1835: gcc -E  conftest.c >/dev/null 2>conftest.out
