This file contains any messages produced by compilers while
running configure, to aid debugging if configure makes a mistake.

It was created by configure, which was
generated by GNU Autoconf 2.57a.  Invocation command line was

  $ ./configure 

## --------- ##
## Platform. ##
## --------- ##

hostname = heroine
uname -m = i686
uname -r = 2.4.22-1.2115.nptlsmp
uname -s = Linux
uname -v = #12 SMP Tue Dec 30 23:02:25 PST 2003

/usr/bin/uname -p = unknown
/bin/uname -X     = unknown

/bin/arch              = i686
/usr/bin/arch -k       = unknown
/usr/convex/getsysinfo = unknown
hostinfo               = unknown
/bin/machine           = unknown
/usr/bin/oslevel       = unknown
/bin/universe          = unknown

PATH: /usr/local/sbin
PATH: /usr/sbin
PATH: /sbin
PATH: .
PATH: .
PATH: /usr/local/sbin
PATH: /usr/sbin
PATH: /sbin
PATH: .
PATH: /usr/local/sbin
PATH: /usr/local/bin
PATH: /sbin
PATH: /bin
PATH: /usr/sbin
PATH: /usr/bin
PATH: /usr/X11R6/bin
PATH: /root/bin
PATH: /root/bin


## ----------- ##
## Core tests. ##
## ----------- ##

configure:1472: checking build system type
configure:1490: result: i686-pc-linux-gnu
configure:1498: checking host system type
configure:1512: result: i686-pc-linux-gnu
configure:1520: checking target system type
configure:1534: result: i686-pc-linux-gnu
configure:1562: checking for a BSD-compatible install
configure:1617: result: /usr/bin/install -c
configure:1628: checking whether build environment is sane
configure:1671: result: yes
configure:1704: checking for gawk
configure:1720: found /bin/gawk
configure:1730: result: gawk
configure:1740: checking whether make -j 2 sets $(MAKE)
configure:1760: result: yes
configure:2001: checking for gcc
configure:2017: found /usr/bin/gcc
configure:2027: result: gcc
configure:2271: checking for C compiler version
configure:2274: gcc --version </dev/null >&5
gcc (GCC) 3.3.2 20031022 (Red Hat Linux 3.3.2-1)
Copyright (C) 2003 Free Software Foundation, Inc.
This is free software; see the source for copying conditions.  There is NO
warranty; not even for MERCHANTABILITY or FITNESS FOR A PARTICULAR PURPOSE.

configure:2277: $? = 0
configure:2279: gcc -v </dev/null >&5
Reading specs from /usr/lib/gcc-lib/i386-redhat-linux/3.3.2/specs
Configured with: ../configure --prefix=/usr --mandir=/usr/share/man --infodir=/usr/share/info --enable-shared --enable-threads=posix --disable-checking --with-system-zlib --enable-__cxa_atexit --host=i386-redhat-linux
Thread model: posix
gcc version 3.3.2 20031022 (Red Hat Linux 3.3.2-1)
configure:2282: $? = 0
configure:2284: gcc -V </dev/null >&5
gcc: `-V' option must have argument
configure:2287: $? = 1
configure:2310: checking for C compiler default output file name
configure:2313: gcc -O3 -march=athlon -fmessage-length=0 -funroll-all-loops -fomit-frame-pointer -falign-loops=2 -falign-jumps=2 -falign-functions=2   conftest.c  >&5
configure:2316: $? = 0
configure:2362: result: a.out
configure:2367: checking whether the C compiler works
configure:2373: ./a.out
configure:2376: $? = 0
configure:2393: result: yes
configure:2400: checking whether we are cross compiling
configure:2402: result: no
configure:2405: checking for suffix of executables
configure:2407: gcc -o conftest -O3 -march=athlon -fmessage-length=0 -funroll-all-loops -fomit-frame-pointer -falign-loops=2 -falign-jumps=2 -falign-functions=2   conftest.c  >&5
configure:2410: $? = 0
configure:2435: result: 
configure:2441: checking for suffix of object files
configure:2462: gcc -c -O3 -march=athlon -fmessage-length=0 -funroll-all-loops -fomit-frame-pointer -falign-loops=2 -falign-jumps=2 -falign-functions=2  conftest.c >&5
configure:2465: $? = 0
configure:2487: result: o
configure:2491: checking whether we are using the GNU C compiler
configure:2515: gcc -c -O3 -march=athlon -fmessage-length=0 -funroll-all-loops -fomit-frame-pointer -falign-loops=2 -falign-jumps=2 -falign-functions=2  conftest.c >&5
configure:2518: $? = 0
configure:2521: test -s conftest.o
configure:2524: $? = 0
configure:2537: result: yes
configure:2543: checking whether gcc accepts -g
configure:2564: gcc -c -g  conftest.c >&5
configure:2567: $? = 0
configure:2570: test -s conftest.o
configure:2573: $? = 0
configure:2584: result: yes
configure:2601: checking for gcc option to accept ANSI C
configure:2661: gcc  -c -O3 -march=athlon -fmessage-length=0 -funroll-all-loops -fomit-frame-pointer -falign-loops=2 -falign-jumps=2 -falign-functions=2  conftest.c >&5
configure:2664: $? = 0
configure:2667: test -s conftest.o
configure:2670: $? = 0
configure:2688: result: none needed
configure:2706: gcc -c -O3 -march=athlon -fmessage-length=0 -funroll-all-loops -fomit-frame-pointer -falign-loops=2 -falign-jumps=2 -falign-functions=2  conftest.c >&5
conftest.c:2: error: syntax error before "me"
configure:2709: $? = 1
configure: failed program was:
| #ifndef __cplusplus
|   choke me
| #endif
configure:2826: checking for style of include used by make -j 2
configure:2854: result: GNU
configure:2882: checking dependency style of gcc
configure:2965: result: gcc3
configure:2995: checking for a BSD-compatible install
configure:3050: result: /usr/bin/install -c
configure:3061: checking whether ln -s works
configure:3065: result: yes
configure:3161: checking for ld used by GCC
configure:3224: result: /usr/bin/ld
configure:3233: checking if the linker (/usr/bin/ld) is GNU ld
GNU ld version 2.13.90.0.18 20030206
configure:3245: result: yes
configure:3250: checking for /usr/bin/ld option to reload object files
configure:3257: result: -r
configure:3262: checking for BSD-compatible nm
configure:3298: result: /usr/bin/nm -B
configure:3301: checking how to recognise dependant libraries
configure:3479: result: pass_all
configure:3492: checking command to parse /usr/bin/nm -B output
configure:3573: gcc -c -O3 -march=athlon -fmessage-length=0 -funroll-all-loops -fomit-frame-pointer -falign-loops=2 -falign-jumps=2 -falign-functions=2  conftest.c >&5
configure:3576: $? = 0
configure:3580: /usr/bin/nm -B conftest.o \| sed -n -e 's/^.*[ 	]\([ABCDGISTW][ABCDGISTW]*\)[ 	][ 	]*\(\)\([_A-Za-z][_A-Za-z0-9]*\)$/\1 \2\3 \3/p' \> conftest.nm
configure:3583: $? = 0
configure:3635: gcc -o conftest -O3 -march=athlon -fmessage-length=0 -funroll-all-loops -fomit-frame-pointer -falign-loops=2 -falign-jumps=2 -falign-functions=2   conftest.c conftstm.o >&5
configure:3638: $? = 0
configure:3682: result: ok
configure:3691: checking how to run the C preprocessor
configure:3726: gcc -E  conftest.c
configure:3732: $? = 0
configure:3763: gcc -E  conftest.c
conftest.c:11:28: ac_nonexistent.h: No such file or directory
configure:3769: $? = 1
configure: failed program was:
| /* confdefs.h.  */
| 
| #define PACKAGE_NAME ""
| #define PACKAGE_TARNAME ""
| #define PACKAGE_VERSION ""
| #define PACKAGE_STRING ""
| #define PACKAGE_BUGREPORT ""
| #define PACKAGE "alsa-lib"
| #define VERSION "1.0.2"
| /* end confdefs.h.  */
| #include <ac_nonexistent.h>
configure:3807: result: gcc -E
configure:3831: gcc -E  conftest.c
configure:3837: $? = 0
configure:3868: gcc -E  conftest.c
conftest.c:11:28: ac_nonexistent.h: No such file or directory
configure:3874: $? = 1
configure: failed program was:
| /* confdefs.h.  */
| 
| #define PACKAGE_NAME ""
| #define PACKAGE_TARNAME ""
| #define PACKAGE_VERSION ""
| #define PACKAGE_STRING ""
| #define PACKAGE_BUGREPORT ""
| #define PACKAGE "alsa-lib"
| #define VERSION "1.0.2"
| /* end confdefs.h.  */
| #include <ac_nonexistent.h>
configure:3917: checking for egrep
configure:3927: result: grep -E
configure:3932: checking for ANSI C header files
configure:3957: gcc -c -O3 -march=athlon -fmessage-length=0 -funroll-all-loops -fomit-frame-pointer -falign-loops=2 -falign-jumps=2 -falign-functions=2  conftest.c >&5
configure:3960: $? = 0
configure:3963: test -s conftest.o
configure:3966: $? = 0
configure:4052: gcc -o conftest -O3 -march=athlon -fmessage-length=0 -funroll-all-loops -fomit-frame-pointer -falign-loops=2 -falign-jumps=2 -falign-functions=2   conftest.c  >&5
configure:4055: $? = 0
configure:4057: ./conftest
configure:4060: $? = 0
configure:4075: result: yes
configure:4099: checking for sys/types.h
configure:4115: gcc -c -O3 -march=athlon -fmessage-length=0 -funroll-all-loops -fomit-frame-pointer -falign-loops=2 -falign-jumps=2 -falign-functions=2  conftest.c >&5
configure:4118: $? = 0
configure:4121: test -s conftest.o
configure:4124: $? = 0
configure:4135: result: yes
configure:4099: checking for sys/stat.h
configure:4115: gcc -c -O3 -march=athlon -fmessage-length=0 -funroll-all-loops -fomit-frame-pointer -falign-loops=2 -falign-jumps=2 -falign-functions=2  conftest.c >&5
configure:4118: $? = 0
configure:4121: test -s conftest.o
configure:4124: $? = 0
configure:4135: result: yes
configure:4099: checking for stdlib.h
configure:4115: gcc -c -O3 -march=athlon -fmessage-length=0 -funroll-all-loops -fomit-frame-pointer -falign-loops=2 -falign-jumps=2 -falign-functions=2  conftest.c >&5
configure:4118: $? = 0
configure:4121: test -s conftest.o
configure:4124: $? = 0
configure:4135: result: yes
configure:4099: checking for string.h
configure:4115: gcc -c -O3 -march=athlon -fmessage-length=0 -funroll-all-loops -fomit-frame-pointer -falign-loops=2 -falign-jumps=2 -falign-functions=2  conftest.c >&5
configure:4118: $? = 0
configure:4121: test -s conftest.o
configure:4124: $? = 0
configure:4135: result: yes
configure:4099: checking for memory.h
configure:4115: gcc -c -O3 -march=athlon -fmessage-length=0 -funroll-all-loops -fomit-frame-pointer -falign-loops=2 -falign-jumps=2 -falign-functions=2  conftest.c >&5
configure:4118: $? = 0
configure:4121: test -s conftest.o
configure:4124: $? = 0
configure:4135: result: yes
configure:4099: checking for strings.h
configure:4115: gcc -c -O3 -march=athlon -fmessage-length=0 -funroll-all-loops -fomit-frame-pointer -falign-loops=2 -falign-jumps=2 -falign-functions=2  conftest.c >&5
configure:4118: $? = 0
configure:4121: test -s conftest.o
configure:4124: $? = 0
configure:4135: result: yes
configure:4099: checking for inttypes.h
configure:4115: gcc -c -O3 -march=athlon -fmessage-length=0 -funroll-all-loops -fomit-frame-pointer -falign-loops=2 -falign-jumps=2 -falign-functions=2  conftest.c >&5
configure:4118: $? = 0
configure:4121: test -s conftest.o
configure:4124: $? = 0
configure:4135: result: yes
configure:4099: checking for stdint.h
configure:4115: gcc -c -O3 -march=athlon -fmessage-length=0 -funroll-all-loops -fomit-frame-pointer -falign-loops=2 -falign-jumps=2 -falign-functions=2  conftest.c >&5
configure:4118: $? = 0
configure:4121: test -s conftest.o
configure:4124: $? = 0
configure:4135: result: yes
configure:4099: checking for unistd.h
configure:4115: gcc -c -O3 -march=athlon -fmessage-length=0 -funroll-all-loops -fomit-frame-pointer -falign-loops=2 -falign-jumps=2 -falign-functions=2  conftest.c >&5
configure:4118: $? = 0
configure:4121: test -s conftest.o
configure:4124: $? = 0
configure:4135: result: yes
configure:4161: checking dlfcn.h usability
configure:4173: gcc -c -O3 -march=athlon -fmessage-length=0 -funroll-all-loops -fomit-frame-pointer -falign-loops=2 -falign-jumps=2 -falign-functions=2  conftest.c >&5
configure:4176: $? = 0
configure:4179: test -s conftest.o
configure:4182: $? = 0
configure:4192: result: yes
configure:4196: checking dlfcn.h presence
configure:4206: gcc -E  conftest.c
configure:4212: $? = 0
configure:4231: result: yes
configure:4266: checking for dlfcn.h
configure:4273: result: yes
configure:4470: checking for ranlib
configure:4486: found /usr/bin/ranlib
configure:4497: result: ranlib
configure:4550: checking for strip
configure:4566: found /usr/bin/strip
configure:4577: result: strip
configure:4780: checking for objdir
configure:4791: result: .libs
configure:4808: checking for gcc option to produce PIC
configure:4958: result: -fPIC
configure:4962: checking if gcc PIC flag -fPIC works
configure:4985: gcc -c -O3 -march=athlon -fmessage-length=0 -funroll-all-loops -fomit-frame-pointer -falign-loops=2 -falign-jumps=2 -falign-functions=2 -fPIC -DPIC  conftest.c >&5
configure:4988: $? = 0
configure:4991: test -s conftest.o
configure:4994: $? = 0
configure:5032: result: yes
configure:5048: checking if gcc static flag -static works
configure:5072: gcc -o conftest -O3 -march=athlon -fmessage-length=0 -funroll-all-loops -fomit-frame-pointer -falign-loops=2 -falign-jumps=2 -falign-functions=2   -static conftest.c  >&5
configure:5075: $? = 0
configure:5078: test -s conftest
configure:5081: $? = 0
configure:5097: result: yes
configure:5109: checking if gcc supports -c -o file.o
configure:5132: gcc -c -O3 -march=athlon -fmessage-length=0 -funroll-all-loops -fomit-frame-pointer -falign-loops=2 -falign-jumps=2 -falign-functions=2 -o out/conftest2.o  conftest.c >&5
configure:5153: result: yes
configure:5158: checking if gcc supports -c -o file.lo
configure:5185: gcc -c -O3 -march=athlon -fmessage-length=0 -funroll-all-loops -fomit-frame-pointer -falign-loops=2 -falign-jumps=2 -falign-functions=2 -c -o conftest.lo  conftest.c >&5
configure:5188: $? = 0
configure:5191: test -s conftest.lo
configure:5194: $? = 0
configure:5216: result: yes
configure:5247: checking if gcc supports -fno-rtti -fno-exceptions
configure:5269: gcc -c -O3 -march=athlon -fmessage-length=0 -funroll-all-loops -fomit-frame-pointer -falign-loops=2 -falign-jumps=2 -falign-functions=2 -fno-rtti -fno-exceptions -c conftest.c  conftest.c >&5
cc1: warning: "-fno-rtti" is valid for C++ but not for C/ObjC
cc1: warning: "-fno-rtti" is valid for C++ but not for C/ObjC
configure:5272: $? = 0
configure:5275: test -s conftest.o
configure:5278: $? = 0
configure:5295: result: yes
configure:5306: checking whether the linker (/usr/bin/ld) supports shared libraries
configure:5986: result: yes
configure:5991: checking how to hardcode library paths into programs
configure:6015: result: immediate
configure:6020: checking whether stripping libraries is possible
configure:6025: result: yes
configure:6036: checking dynamic linker characteristics
configure:6429: result: GNU/Linux ld.so
configure:6434: checking if libtool supports shared libraries
configure:6436: result: yes
configure:6439: checking whether to build shared libraries
configure:6460: result: yes
configure:6463: checking whether to build static libraries
configure:6467: result: no
configure:7151: checking whether -lc should be explicitly linked in
configure:7159: gcc -c -O3 -march=athlon -fmessage-length=0 -funroll-all-loops -fomit-frame-pointer -falign-loops=2 -falign-jumps=2 -falign-functions=2  conftest.c >&5
configure:7162: $? = 0
configure:7176: gcc -shared conftest.o  -v -Wl,-soname -Wl,conftest -o conftest 2\>\&1 \| grep  -lc  \>/dev/null 2\>\&1
configure:7179: $? = 0
configure:7192: result: no
configure:7763: checking for ANSI C header files
configure:7906: result: yes
configure:7920: checking for an ANSI C-conforming const
configure:7987: gcc -c -O3 -march=athlon -fmessage-length=0 -funroll-all-loops -fomit-frame-pointer -falign-loops=2 -falign-jumps=2 -falign-functions=2  conftest.c >&5
configure:7990: $? = 0
configure:7993: test -s conftest.o
configure:7996: $? = 0
configure:8007: result: yes
configure:8017: checking for inline
configure:8038: gcc -c -O3 -march=athlon -fmessage-length=0 -funroll-all-loops -fomit-frame-pointer -falign-loops=2 -falign-jumps=2 -falign-functions=2  conftest.c >&5
configure:8041: $? = 0
configure:8044: test -s conftest.o
configure:8047: $? = 0
configure:8059: result: inline
configure:8074: checking whether time.h and sys/time.h may both be included
configure:8099: gcc -c -O3 -march=athlon -fmessage-length=0 -funroll-all-loops -fomit-frame-pointer -falign-loops=2 -falign-jumps=2 -falign-functions=2  conftest.c >&5
configure:8102: $? = 0
configure:8105: test -s conftest.o
configure:8108: $? = 0
configure:8119: result: yes
configure:8131: checking whether gcc needs -traditional
configure:8173: result: no
configure:8180: checking for hsearch_r
configure:8237: gcc -o conftest -O3 -march=athlon -fmessage-length=0 -funroll-all-loops -fomit-frame-pointer -falign-loops=2 -falign-jumps=2 -falign-functions=2   conftest.c  >&5
configure:8240: $? = 0
configure:8243: test -s conftest
configure:8246: $? = 0
configure:8257: result: yes
configure:8275: checking for library version
configure:8300: result: major 1 minor 0 subminor 2 extrastr  extraver 1000000
configure:8332: checking for versioned symbols
configure:8361: result: yes
configure:8382: checking for debug
configure:8393: result: yes
configure:8405: checking for softfloat
configure:8422: result: no
configure:8426: checking for architecture
configure:8430: result: x86
configure:8605: creating ./config.status

## ---------------------- ##
## Running config.status. ##
## ---------------------- ##

This file was extended by config.status, which was
generated by GNU Autoconf 2.57a.  Invocation command line was

  CONFIG_FILES    = 
  CONFIG_HEADERS  = 
  CONFIG_LINKS    = 
  CONFIG_COMMANDS = 
  $ ./config.status 

on heroine

config.status:708: creating Makefile
config.status:708: creating doc/Makefile
config.status:708: creating doc/pictures/Makefile
config.status:708: creating include/Makefile
config.status:708: creating include/sound/Makefile
config.status:708: creating src/Makefile
config.status:708: creating src/control/Makefile
config.status:708: creating src/mixer/Makefile
config.status:708: creating src/ordinary_mixer/Makefile
config.status:708: creating src/pcm/Makefile
config.status:708: creating src/pcm/ext/Makefile
config.status:708: creating src/pcm/scopes/Makefile
config.status:708: creating src/ordinary_pcm/Makefile
config.status:708: creating src/rawmidi/Makefile
config.status:708: creating src/timer/Makefile
config.status:708: creating src/hwdep/Makefile
config.status:708: creating src/seq/Makefile
config.status:708: creating src/instr/Makefile
config.status:708: creating src/compat/Makefile
config.status:708: creating src/alisp/Makefile
config.status:708: creating src/conf/Makefile
config.status:708: creating src/conf/cards/Makefile
config.status:708: creating src/conf/pcm/Makefile
config.status:708: creating alsalisp/Makefile
config.status:708: creating aserver/Makefile
config.status:708: creating test/Makefile
config.status:708: creating utils/Makefile
config.status:708: creating utils/alsa-lib.spec
config.status:708: creating utils/alsa.pc
config.status:812: creating include/config.h
config.status:1054: executing depfiles commands

## ---------------- ##
## Cache variables. ##
## ---------------- ##

ac_cv_build=i686-pc-linux-gnu
ac_cv_build_alias=i686-pc-linux-gnu
ac_cv_c_compiler_gnu=yes
ac_cv_c_const=yes
ac_cv_c_inline=inline
ac_cv_env_CC_set=
ac_cv_env_CC_value=
ac_cv_env_CFLAGS_set=set
ac_cv_env_CFLAGS_value='-O3 -march=athlon -fmessage-length=0 -funroll-all-loops -fomit-frame-pointer -falign-loops=2 -falign-jumps=2 -falign-functions=2'
ac_cv_env_CPPFLAGS_set=
ac_cv_env_CPPFLAGS_value=
ac_cv_env_CPP_set=
ac_cv_env_CPP_value=
ac_cv_env_LDFLAGS_set=
ac_cv_env_LDFLAGS_value=
ac_cv_env_build_alias_set=
ac_cv_env_build_alias_value=
ac_cv_env_host_alias_set=
ac_cv_env_host_alias_value=
ac_cv_env_target_alias_set=
ac_cv_env_target_alias_value=
ac_cv_exeext=
ac_cv_func_hsearch_r=yes
ac_cv_header_dlfcn_h=yes
ac_cv_header_inttypes_h=yes
ac_cv_header_memory_h=yes
ac_cv_header_stdc=yes
ac_cv_header_stdint_h=yes
ac_cv_header_stdlib_h=yes
ac_cv_header_string_h=yes
ac_cv_header_strings_h=yes
ac_cv_header_sys_stat_h=yes
ac_cv_header_sys_types_h=yes
ac_cv_header_time=yes
ac_cv_header_unistd_h=yes
ac_cv_host=i686-pc-linux-gnu
ac_cv_host_alias=i686-pc-linux-gnu
ac_cv_objext=o
ac_cv_path_install='/usr/bin/install -c'
ac_cv_prog_AWK=gawk
ac_cv_prog_CPP='gcc -E'
ac_cv_prog_ac_ct_CC=gcc
ac_cv_prog_ac_ct_RANLIB=ranlib
ac_cv_prog_ac_ct_STRIP=strip
ac_cv_prog_cc_g=yes
ac_cv_prog_cc_stdc=
ac_cv_prog_egrep='grep -E'
ac_cv_prog_gcc_traditional=no
ac_cv_prog_make_make_set=yes
ac_cv_target=i686-pc-linux-gnu
ac_cv_target_alias=i686-pc-linux-gnu
am_cv_CC_dependencies_compiler_type=gcc3
lt_cv_archive_cmds_need_lc=no
lt_cv_compiler_c_o=yes
lt_cv_compiler_o_lo=yes
lt_cv_deplibs_check_method=pass_all
lt_cv_file_magic_cmd='$MAGIC_CMD'
lt_cv_file_magic_test_file='/lib/libc.so.6 /lib/libc-2.3.2.so'
lt_cv_global_symbol_to_c_name_address='sed -n -e '\''s/^: \([^ ]*\) $/  {\"\1\", (lt_ptr) 0},/p'\'' -e '\''s/^[BCDEGRST] \([^ ]*\) \([^ ]*\)$/  {"\2", (lt_ptr) \&\2},/p'\'''
lt_cv_global_symbol_to_cdecl='sed -n -e '\''s/^. .* \(.*\)$/extern char \1;/p'\'''
lt_cv_ld_reload_flag=-r
lt_cv_path_LD=/usr/bin/ld
lt_cv_path_NM='/usr/bin/nm -B'
lt_cv_prog_cc_can_build_shared=yes
lt_cv_prog_cc_no_builtin=
lt_cv_prog_cc_pic=' -fPIC'
lt_cv_prog_cc_pic_works=yes
lt_cv_prog_cc_shlib=
lt_cv_prog_cc_static=-static
lt_cv_prog_cc_static_works=yes
lt_cv_prog_cc_wl=-Wl,
lt_cv_prog_gnu_ld=yes
lt_cv_sys_global_symbol_pipe='sed -n -e '\''s/^.*[ 	]\([ABCDGISTW][ABCDGISTW]*\)[ 	][ 	]*\(\)\([_A-Za-z][_A-Za-z0-9]*\)$/\1 \2\3 \3/p'\'''

## ----------------- ##
## Output variables. ##
## ----------------- ##

ACLOCAL='${SHELL} /root/hvirtual/alsa-lib-1.0.2/missing --run aclocal-1.7'
ALSA_HSEARCH_R_FALSE=''
ALSA_HSEARCH_R_TRUE='#'
AMDEPBACKSLASH='\'
AMDEP_FALSE='#'
AMDEP_TRUE=''
AMTAR='${SHELL} /root/hvirtual/alsa-lib-1.0.2/missing --run tar'
AUTOCONF='${SHELL} /root/hvirtual/alsa-lib-1.0.2/missing --run autoconf'
AUTOHEADER='${SHELL} /root/hvirtual/alsa-lib-1.0.2/missing --run autoheader'
AUTOMAKE='${SHELL} /root/hvirtual/alsa-lib-1.0.2/missing --run automake-1.7'
AWK='gawk'
CC='gcc'
CCDEPMODE='depmode=gcc3'
CFLAGS='-O3 -march=athlon -fmessage-length=0 -funroll-all-loops -fomit-frame-pointer -falign-loops=2 -falign-jumps=2 -falign-functions=2'
CPP='gcc -E'
CPPFLAGS=''
CYGPATH_W='echo'
DEFS='-DHAVE_CONFIG_H'
DEPDIR='.deps'
ECHO='echo'
ECHO_C=''
ECHO_N='-n'
ECHO_T=''
EGREP='grep -E'
EXEEXT=''
INSTALL_DATA='${INSTALL} -m 644'
INSTALL_M4_FALSE='#'
INSTALL_M4_TRUE=''
INSTALL_PROGRAM='${INSTALL}'
INSTALL_SCRIPT='${INSTALL}'
INSTALL_STRIP_PROGRAM='${SHELL} $(install_sh) -c -s'
LDFLAGS=''
LIBOBJS=''
LIBS=''
LIBTOOL='$(SHELL) $(top_builddir)/libtool'
LIBTOOL_VERSION_INFO='2:0:0'
LN_S='ln -s'
LTLIBOBJS=''
MAKEINFO='${SHELL} /root/hvirtual/alsa-lib-1.0.2/missing --run makeinfo'
OBJEXT='o'
PACKAGE='alsa-lib'
PACKAGE_BUGREPORT=''
PACKAGE_NAME=''
PACKAGE_STRING=''
PACKAGE_TARNAME=''
PACKAGE_VERSION=''
PATH_SEPARATOR=':'
RANLIB='ranlib'
SET_MAKE=''
SHELL='/bin/sh'
SND_LIB_EXTRAVER='1000000'
SND_LIB_MAJOR='1'
SND_LIB_MINOR='0'
SND_LIB_SUBMINOR='2'
SND_LIB_VERSION='1.0.2'
STRIP='strip'
VERSION='1.0.2'
VERSIONED_SYMBOLS_FALSE='#'
VERSIONED_SYMBOLS_TRUE=''
ac_ct_CC='gcc'
ac_ct_RANLIB='ranlib'
ac_ct_STRIP='strip'
am__fastdepCC_FALSE='#'
am__fastdepCC_TRUE=''
am__include='include'
am__leading_dot='.'
am__quote=''
bindir='${exec_prefix}/bin'
build='i686-pc-linux-gnu'
build_alias=''
build_cpu='i686'
build_os='linux-gnu'
build_vendor='pc'
datadir='${prefix}/share'
exec_prefix='/usr'
host='i686-pc-linux-gnu'
host_alias=''
host_cpu='i686'
host_os='linux-gnu'
host_vendor='pc'
includedir='${prefix}/include'
infodir='${prefix}/info'
install_sh='/root/hvirtual/alsa-lib-1.0.2/install-sh'
libdir='${exec_prefix}/lib'
libexecdir='${exec_prefix}/libexec'
localstatedir='${prefix}/var'
mandir='${prefix}/man'
oldincludedir='/usr/include'
prefix='/usr'
program_transform_name='s,x,x,'
sbindir='${exec_prefix}/sbin'
sharedstatedir='${prefix}/com'
sysconfdir='${prefix}/etc'
target='i686-pc-linux-gnu'
target_alias=''
target_cpu='i686'
target_os='linux-gnu'
target_vendor='pc'

## ----------- ##
## confdefs.h. ##
## ----------- ##

#define DATADIR "/usr/share"
#define HAVE_DLFCN_H 1
#define HAVE_INTTYPES_H 1
#define HAVE_MEMORY_H 1
#define HAVE_STDINT_H 1
#define HAVE_STDLIB_H 1
#define HAVE_STRINGS_H 1
#define HAVE_STRING_H 1
#define HAVE_SYS_STAT_H 1
#define HAVE_SYS_TYPES_H 1
#define HAVE_UNISTD_H 1
#define PACKAGE "alsa-lib"
#define PACKAGE_BUGREPORT ""
#define PACKAGE_NAME ""
#define PACKAGE_STRING ""
#define PACKAGE_TARNAME ""
#define PACKAGE_VERSION ""
#define PKGLIBDIR "/usr/lib/alsa-lib"
#define STDC_HEADERS 1
#define STDC_HEADERS 1
#define TIME_WITH_SYS_TIME 1
#define VERSION "1.0.2"
#define VERSION "1.0.2"
#define VERSIONED_SYMBOLS

configure: exit 0
