This file contains any messages produced by compilers while
running configure, to aid debugging if configure makes a mistake.

configure:566: checking for a BSD compatible install
configure:619: checking whether build environment is sane
configure:676: checking whether make -j 3 sets ${MAKE}
configure:722: checking for working aclocal
configure:735: checking for working autoconf
configure:748: checking for working automake
configure:761: checking for working autoheader
configure:774: checking for working makeinfo
configure:794: checking for gcc
configure:907: checking whether the C compiler (gcc -O3 -march=i686 -fmessage-length=0 -funroll-all-loops -fomit-frame-pointer -malign-loops=2 -malign-jumps=2 -malign-functions=2 -I/usr/local/include ) works
configure:923: gcc -o conftest -O3 -march=i686 -fmessage-length=0 -funroll-all-loops -fomit-frame-pointer -malign-loops=2 -malign-jumps=2 -malign-functions=2 -I/usr/local/include   conftest.c  1>&5
configure:949: checking whether the C compiler (gcc -O3 -march=i686 -fmessage-length=0 -funroll-all-loops -fomit-frame-pointer -malign-loops=2 -malign-jumps=2 -malign-functions=2 -I/usr/local/include ) is a cross-compiler
configure:954: checking whether we are using GNU C
configure:963: gcc -E conftest.c
configure:982: checking whether gcc accepts -g
configure:1089: checking host system type
configure:1110: checking build system type
configure:1130: checking for ranlib
configure:1169: checking for ld used by GCC
configure:1232: checking if the linker (/usr/bin/ld) is GNU ld
GNU ld version 2.10.91 (with BFD 2.10.0.26)
configure:1248: checking for BSD-compatible nm
configure:1285: checking whether ln -s works
ltconfig:603: checking for object suffix
ltconfig:604: gcc -c -O3 -march=i686 -fmessage-length=0 -funroll-all-loops -fomit-frame-pointer -malign-loops=2 -malign-jumps=2 -malign-functions=2 -I/usr/local/include  conftest.c 1>&5
ltconfig:629: checking for executable suffix
ltconfig:630: gcc -o conftest -O3 -march=i686 -fmessage-length=0 -funroll-all-loops -fomit-frame-pointer -malign-loops=2 -malign-jumps=2 -malign-functions=2 -I/usr/local/include   conftest.c  1>&5
ltconfig:776: checking if gcc PIC flag -fPIC works
ltconfig:777: gcc -c -O3 -march=i686 -fmessage-length=0 -funroll-all-loops -fomit-frame-pointer -malign-loops=2 -malign-jumps=2 -malign-functions=2 -I/usr/local/include -fPIC -DPIC  conftest.c 1>&5
ltconfig:829: checking if gcc supports -c -o file.o
ltconfig:830: gcc -c -O3 -march=i686 -fmessage-length=0 -funroll-all-loops -fomit-frame-pointer -malign-loops=2 -malign-jumps=2 -malign-functions=2 -I/usr/local/include -o out/conftest2.o  conftest.c 1>&5
ltconfig:862: checking if gcc supports -c -o file.lo
ltconfig:863: gcc -c -O3 -march=i686 -fmessage-length=0 -funroll-all-loops -fomit-frame-pointer -malign-loops=2 -malign-jumps=2 -malign-functions=2 -I/usr/local/include -c -o conftest.lo  conftest.c 1>&5
ltconfig:914: checking if gcc supports -fno-rtti -fno-exceptions
ltconfig:915: gcc -c -O3 -march=i686 -fmessage-length=0 -funroll-all-loops -fomit-frame-pointer -malign-loops=2 -malign-jumps=2 -malign-functions=2 -I/usr/local/include -fno-rtti -fno-exceptions -c conftest.c  conftest.c 1>&5
ltconfig:958: checking if gcc static flag -static works
ltconfig:959: gcc -o conftest -O3 -march=i686 -fmessage-length=0 -funroll-all-loops -fomit-frame-pointer -malign-loops=2 -malign-jumps=2 -malign-functions=2 -I/usr/local/include   -static conftest.c  1>&5
GNU ld version 2.10.91 (with BFD 2.10.0.26)
ltconfig:1592: checking if global_symbol_pipe works
ltconfig:1593: gcc -c -O3 -march=i686 -fmessage-length=0 -funroll-all-loops -fomit-frame-pointer -malign-loops=2 -malign-jumps=2 -malign-functions=2 -I/usr/local/include  conftest.c 1>&5
ltconfig:1596: eval "/usr/bin/nm -B conftest.o | sed -n -e 's/^.*[ 	]\([ABCDGISTW]\)[ 	][ 	]*\(\)\([_A-Za-z][_A-Za-z0-9]*\)$/\1 \2\3 \3/p' > conftest.nm"
ltconfig:1648: gcc -o conftest -O3 -march=i686 -fmessage-length=0 -funroll-all-loops -fomit-frame-pointer -malign-loops=2 -malign-jumps=2 -malign-functions=2 -I/usr/local/include -fno-builtin -fno-rtti -fno-exceptions   conftest.c conftstm.o 1>&5
configure:1491: checking for a BSD compatible install
configure:1545: checking size of void *
configure:1564: gcc -o conftest -O3 -march=i686 -fmessage-length=0 -funroll-all-loops -fomit-frame-pointer -malign-loops=2 -malign-jumps=2 -malign-functions=2 -I/usr/local/include   conftest.c  1>&5
configure:1584: checking for working const
configure:1638: gcc -c -O3 -march=i686 -fmessage-length=0 -funroll-all-loops -fomit-frame-pointer -malign-loops=2 -malign-jumps=2 -malign-functions=2 -I/usr/local/include  conftest.c 1>&5
configure:1659: checking whether byte ordering is bigendian
configure:1677: gcc -c -O3 -march=i686 -fmessage-length=0 -funroll-all-loops -fomit-frame-pointer -malign-loops=2 -malign-jumps=2 -malign-functions=2 -I/usr/local/include  conftest.c 1>&5
configure:1692: gcc -c -O3 -march=i686 -fmessage-length=0 -funroll-all-loops -fomit-frame-pointer -malign-loops=2 -malign-jumps=2 -malign-functions=2 -I/usr/local/include  conftest.c 1>&5
configure: In function `main':
configure:1687: `not' undeclared (first use in this function)
configure:1687: (Each undeclared identifier is reported only once
configure:1687: for each function it appears in.)
configure:1687: parse error before "big"
configure: failed program was:
#line 1681 "configure"
#include "confdefs.h"
#include <sys/types.h>
#include <sys/param.h>
int main() {

#if BYTE_ORDER != BIG_ENDIAN
 not big endian
#endif
; return 0; }
